Thu Nov 28 23:14:48 2024       
+-----------------------------------------------------------------------------------------+
| NVIDIA-SMI 560.35.03              Driver Version: 560.35.03      CUDA Version: 12.6     |
|-----------------------------------------+------------------------+----------------------+
| GPU  Name                 Persistence-M | Bus-Id          Disp.A | Volatile Uncorr. ECC |
| Fan  Temp   Perf          Pwr:Usage/Cap |           Memory-Usage | GPU-Util  Compute M. |
|                                         |                        |               MIG M. |
|=========================================+========================+======================|
|   0  NVIDIA H100 80GB HBM3          Off |   00000000:1B:00.0 Off |                    0 |
| N/A   33C    P0             71W /  700W |       1MiB /  81559MiB |      0%      Default |
|                                         |                        |             Disabled |
+-----------------------------------------+------------------------+----------------------+
                                                                                         
+-----------------------------------------------------------------------------------------+
| Processes:                                                                              |
|  GPU   GI   CI        PID   Type   Process name                              GPU Memory |
|        ID   ID                                                               Usage      |
|=========================================================================================|
|  No running processes found                                                             |
+-----------------------------------------------------------------------------------------+
gpu
Got gin bindings:
[]
Sanitized gin bindings to:
[]
Found devices [StreamExecutorGpuDevice(id=0, process_index=0, slice_index=0)]

Steps executed: 230 Num episodes: 1 Episode length: 230 Return: 200.0 Normalized Return: -0.001

Steps executed: 420 Num episodes: 2 Episode length: 190 Return: 0.0 Normalized Return: -0.025

Steps executed: 645 Num episodes: 3 Episode length: 225 Return: 400.0 Normalized Return: 0.023

Steps executed: 929 Num episodes: 4 Episode length: 284 Return: 250.0 Normalized Return: 0.005

Steps executed: 1145 Num episodes: 5 Episode length: 216 Return: 200.0 Normalized Return: -0.001

Steps executed: 1423 Num episodes: 6 Episode length: 278 Return: 200.0 Normalized Return: -0.001

Steps executed: 1690 Num episodes: 7 Episode length: 267 Return: 300.0 Normalized Return: 0.011

Steps executed: 1891 Num episodes: 8 Episode length: 201 Return: 200.0 Normalized Return: -0.001

Steps executed: 2092 Num episodes: 9 Episode length: 201 Return: 100.0 Normalized Return: -0.013

Steps executed: 2326 Num episodes: 10 Episode length: 234 Return: 100.0 Normalized Return: -0.013

Steps executed: 2639 Num episodes: 11 Episode length: 313 Return: 400.0 Normalized Return: 0.023

Steps executed: 2853 Num episodes: 12 Episode length: 214 Return: 200.0 Normalized Return: -0.001

Steps executed: 3061 Num episodes: 13 Episode length: 208 Return: 100.0 Normalized Return: -0.013

Steps executed: 3243 Num episodes: 14 Episode length: 182 Return: 50.0 Normalized Return: -0.019

Steps executed: 3470 Num episodes: 15 Episode length: 227 Return: 250.0 Normalized Return: 0.005

Steps executed: 3731 Num episodes: 16 Episode length: 261 Return: 350.0 Normalized Return: 0.017

Steps executed: 4041 Num episodes: 17 Episode length: 310 Return: 250.0 Normalized Return: 0.005

Steps executed: 4222 Num episodes: 18 Episode length: 181 Return: 0.0 Normalized Return: -0.025

Steps executed: 4636 Num episodes: 19 Episode length: 414 Return: 550.0 Normalized Return: 0.041

Steps executed: 4977 Num episodes: 20 Episode length: 341 Return: 200.0 Normalized Return: -0.001

Steps executed: 5265 Num episodes: 21 Episode length: 288 Return: 200.0 Normalized Return: -0.001

Steps executed: 5500 Num episodes: 22 Episode length: 235 Return: 100.0 Normalized Return: -0.013

Steps executed: 5875 Num episodes: 23 Episode length: 375 Return: 350.0 Normalized Return: 0.017

Steps executed: 6283 Num episodes: 24 Episode length: 408 Return: 450.0 Normalized Return: 0.029

Steps executed: 6836 Num episodes: 25 Episode length: 553 Return: 550.0 Normalized Return: 0.041

Steps executed: 7132 Num episodes: 26 Episode length: 296 Return: 350.0 Normalized Return: 0.017

Steps executed: 7537 Num episodes: 27 Episode length: 405 Return: 300.0 Normalized Return: 0.011

Steps executed: 7788 Num episodes: 28 Episode length: 251 Return: 150.0 Normalized Return: -0.007

Steps executed: 8099 Num episodes: 29 Episode length: 311 Return: 250.0 Normalized Return: 0.005

Steps executed: 8413 Num episodes: 30 Episode length: 314 Return: 400.0 Normalized Return: 0.023

Steps executed: 8853 Num episodes: 31 Episode length: 440 Return: 550.0 Normalized Return: 0.041

Steps executed: 9057 Num episodes: 32 Episode length: 204 Return: 150.0 Normalized Return: -0.007

Steps executed: 9394 Num episodes: 33 Episode length: 337 Return: 400.0 Normalized Return: 0.023

Steps executed: 9741 Num episodes: 34 Episode length: 347 Return: 350.0 Normalized Return: 0.017

Steps executed: 10030 Num episodes: 35 Episode length: 289 Return: 300.0 Normalized Return: 0.011

Steps executed: 10396 Num episodes: 36 Episode length: 366 Return: 350.0 Normalized Return: 0.017

Steps executed: 10884 Num episodes: 37 Episode length: 488 Return: 550.0 Normalized Return: 0.041

Steps executed: 11240 Num episodes: 38 Episode length: 356 Return: 400.0 Normalized Return: 0.023

Steps executed: 11543 Num episodes: 39 Episode length: 303 Return: 350.0 Normalized Return: 0.017

Steps executed: 11986 Num episodes: 40 Episode length: 443 Return: 700.0 Normalized Return: 0.059

Steps executed: 12196 Num episodes: 41 Episode length: 210 Return: 250.0 Normalized Return: 0.005

Steps executed: 12448 Num episodes: 42 Episode length: 252 Return: 150.0 Normalized Return: -0.007

Steps executed: 13015 Num episodes: 43 Episode length: 567 Return: 550.0 Normalized Return: 0.041

Steps executed: 13220 Num episodes: 44 Episode length: 205 Return: 100.0 Normalized Return: -0.013

Steps executed: 13550 Num episodes: 45 Episode length: 330 Return: 200.0 Normalized Return: -0.001

Steps executed: 13757 Num episodes: 46 Episode length: 207 Return: 300.0 Normalized Return: 0.011

Steps executed: 14076 Num episodes: 47 Episode length: 319 Return: 300.0 Normalized Return: 0.011

Steps executed: 14525 Num episodes: 48 Episode length: 449 Return: 450.0 Normalized Return: 0.029

Steps executed: 14947 Num episodes: 49 Episode length: 422 Return: 300.0 Normalized Return: 0.011

Steps executed: 15647 Num episodes: 50 Episode length: 700 Return: 600.0 Normalized Return: 0.047

Steps executed: 15945 Num episodes: 51 Episode length: 298 Return: 250.0 Normalized Return: 0.005

Steps executed: 16994 Num episodes: 52 Episode length: 1049 Return: 950.0 Normalized Return: 0.089

Steps executed: 17543 Num episodes: 53 Episode length: 549 Return: 400.0 Normalized Return: 0.023

Steps executed: 17961 Num episodes: 54 Episode length: 418 Return: 350.0 Normalized Return: 0.017

Steps executed: 18228 Num episodes: 55 Episode length: 267 Return: 250.0 Normalized Return: 0.005

Steps executed: 18735 Num episodes: 56 Episode length: 507 Return: 550.0 Normalized Return: 0.041

Steps executed: 19217 Num episodes: 57 Episode length: 482 Return: 550.0 Normalized Return: 0.041

Steps executed: 20153 Num episodes: 58 Episode length: 936 Return: 850.0 Normalized Return: 0.077

Steps executed: 20556 Num episodes: 59 Episode length: 403 Return: 150.0 Normalized Return: -0.007

Steps executed: 20801 Num episodes: 60 Episode length: 245 Return: 200.0 Normalized Return: -0.001

Steps executed: 21042 Num episodes: 61 Episode length: 241 Return: 150.0 Normalized Return: -0.007

Steps executed: 21261 Num episodes: 62 Episode length: 219 Return: 50.0 Normalized Return: -0.019

Steps executed: 21686 Num episodes: 63 Episode length: 425 Return: 450.0 Normalized Return: 0.029

Steps executed: 21924 Num episodes: 64 Episode length: 238 Return: 150.0 Normalized Return: -0.007

Steps executed: 22237 Num episodes: 65 Episode length: 313 Return: 450.0 Normalized Return: 0.029

Steps executed: 22677 Num episodes: 66 Episode length: 440 Return: 950.0 Normalized Return: 0.089

Steps executed: 23056 Num episodes: 67 Episode length: 379 Return: 400.0 Normalized Return: 0.023

Steps executed: 23435 Num episodes: 68 Episode length: 379 Return: 350.0 Normalized Return: 0.017

Steps executed: 23727 Num episodes: 69 Episode length: 292 Return: 500.0 Normalized Return: 0.035

Steps executed: 24124 Num episodes: 70 Episode length: 397 Return: 500.0 Normalized Return: 0.035

Steps executed: 24773 Num episodes: 71 Episode length: 649 Return: 1050.0 Normalized Return: 0.101

Steps executed: 25212 Num episodes: 72 Episode length: 439 Return: 550.0 Normalized Return: 0.041

Steps executed: 25410 Num episodes: 73 Episode length: 198 Return: 0.0 Normalized Return: -0.025

Steps executed: 26325 Num episodes: 74 Episode length: 915 Return: 850.0 Normalized Return: 0.077

Steps executed: 26798 Num episodes: 75 Episode length: 473 Return: 500.0 Normalized Return: 0.035

Steps executed: 27085 Num episodes: 76 Episode length: 287 Return: 400.0 Normalized Return: 0.023

Steps executed: 27450 Num episodes: 77 Episode length: 365 Return: 200.0 Normalized Return: -0.001

Steps executed: 27754 Num episodes: 78 Episode length: 304 Return: 150.0 Normalized Return: -0.007

Steps executed: 28493 Num episodes: 79 Episode length: 739 Return: 1050.0 Normalized Return: 0.101

Steps executed: 29016 Num episodes: 80 Episode length: 523 Return: 750.0 Normalized Return: 0.065

Steps executed: 30001 Num episodes: 81 Episode length: 985 Return: 1100.0 Normalized Return: 0.107

Steps executed: 30674 Num episodes: 82 Episode length: 673 Return: 850.0 Normalized Return: 0.077

Steps executed: 31272 Num episodes: 83 Episode length: 598 Return: 500.0 Normalized Return: 0.035

Steps executed: 32143 Num episodes: 84 Episode length: 871 Return: 1350.0 Normalized Return: 0.137

Steps executed: 32622 Num episodes: 85 Episode length: 479 Return: 550.0 Normalized Return: 0.041

Steps executed: 33239 Num episodes: 86 Episode length: 617 Return: 700.0 Normalized Return: 0.059

Steps executed: 34272 Num episodes: 87 Episode length: 1033 Return: 1400.0 Normalized Return: 0.143

Steps executed: 34922 Num episodes: 88 Episode length: 650 Return: 700.0 Normalized Return: 0.059

Steps executed: 35683 Num episodes: 89 Episode length: 761 Return: 1000.0 Normalized Return: 0.095

Steps executed: 36474 Num episodes: 90 Episode length: 791 Return: 1200.0 Normalized Return: 0.119

Steps executed: 37097 Num episodes: 91 Episode length: 623 Return: 750.0 Normalized Return: 0.065

Steps executed: 38013 Num episodes: 92 Episode length: 916 Return: 1350.0 Normalized Return: 0.137

Steps executed: 38512 Num episodes: 93 Episode length: 499 Return: 700.0 Normalized Return: 0.059

Steps executed: 39335 Num episodes: 94 Episode length: 823 Return: 1150.0 Normalized Return: 0.113

Steps executed: 39727 Num episodes: 95 Episode length: 392 Return: 450.0 Normalized Return: 0.029

Steps executed: 40202 Num episodes: 96 Episode length: 475 Return: 600.0 Normalized Return: 0.047

Steps executed: 40503 Num episodes: 97 Episode length: 301 Return: 200.0 Normalized Return: -0.001

Steps executed: 40697 Num episodes: 98 Episode length: 194 Return: 100.0 Normalized Return: -0.013

Steps executed: 40957 Num episodes: 99 Episode length: 260 Return: 150.0 Normalized Return: -0.007

Steps executed: 41251 Num episodes: 100 Episode length: 294 Return: 400.0 Normalized Return: 0.023

Steps executed: 41448 Num episodes: 101 Episode length: 197 Return: 50.0 Normalized Return: -0.019

Steps executed: 41818 Num episodes: 102 Episode length: 370 Return: 350.0 Normalized Return: 0.017

Steps executed: 42487 Num episodes: 103 Episode length: 669 Return: 900.0 Normalized Return: 0.083

Steps executed: 43184 Num episodes: 104 Episode length: 697 Return: 1500.0 Normalized Return: 0.156

Steps executed: 43643 Num episodes: 105 Episode length: 459 Return: 750.0 Normalized Return: 0.065

Steps executed: 44648 Num episodes: 106 Episode length: 1005 Return: 1700.0 Normalized Return: 0.18

Steps executed: 45267 Num episodes: 107 Episode length: 619 Return: 1000.0 Normalized Return: 0.095

Steps executed: 45658 Num episodes: 108 Episode length: 391 Return: 750.0 Normalized Return: 0.065

Steps executed: 46325 Num episodes: 109 Episode length: 667 Return: 1000.0 Normalized Return: 0.095

Steps executed: 46553 Num episodes: 110 Episode length: 228 Return: 150.0 Normalized Return: -0.007

Steps executed: 47311 Num episodes: 111 Episode length: 758 Return: 1300.0 Normalized Return: 0.131

Steps executed: 47866 Num episodes: 112 Episode length: 555 Return: 900.0 Normalized Return: 0.083

Steps executed: 48513 Num episodes: 113 Episode length: 647 Return: 1250.0 Normalized Return: 0.125

Steps executed: 49610 Num episodes: 114 Episode length: 1097 Return: 1650.0 Normalized Return: 0.174

Steps executed: 51456 Num episodes: 115 Episode length: 1846 Return: 2450.0 Normalized Return: 0.27

Steps executed: 52631 Num episodes: 116 Episode length: 1175 Return: 2200.0 Normalized Return: 0.24

Steps executed: 53662 Num episodes: 117 Episode length: 1031 Return: 2000.0 Normalized Return: 0.216

Steps executed: 54180 Num episodes: 118 Episode length: 518 Return: 750.0 Normalized Return: 0.065

Steps executed: 55109 Num episodes: 119 Episode length: 929 Return: 1500.0 Normalized Return: 0.156

Steps executed: 56366 Num episodes: 120 Episode length: 1257 Return: 1850.0 Normalized Return: 0.198

Steps executed: 56975 Num episodes: 121 Episode length: 609 Return: 850.0 Normalized Return: 0.077

Steps executed: 57876 Num episodes: 122 Episode length: 901 Return: 1850.0 Normalized Return: 0.198

Steps executed: 58413 Num episodes: 123 Episode length: 537 Return: 1100.0 Normalized Return: 0.107

Steps executed: 59298 Num episodes: 124 Episode length: 885 Return: 2000.0 Normalized Return: 0.216

Steps executed: 59950 Num episodes: 125 Episode length: 652 Return: 1100.0 Normalized Return: 0.107

Steps executed: 60386 Num episodes: 126 Episode length: 436 Return: 300.0 Normalized Return: 0.011

Steps executed: 60654 Num episodes: 127 Episode length: 268 Return: 100.0 Normalized Return: -0.013

Steps executed: 60835 Num episodes: 128 Episode length: 181 Return: 0.0 Normalized Return: -0.025

Steps executed: 61096 Num episodes: 129 Episode length: 261 Return: 400.0 Normalized Return: 0.023

Steps executed: 61339 Num episodes: 130 Episode length: 243 Return: 350.0 Normalized Return: 0.017

Steps executed: 62069 Num episodes: 131 Episode length: 730 Return: 1250.0 Normalized Return: 0.125

Steps executed: 62494 Num episodes: 132 Episode length: 425 Return: 650.0 Normalized Return: 0.053

Steps executed: 62928 Num episodes: 133 Episode length: 434 Return: 550.0 Normalized Return: 0.041

Steps executed: 63459 Num episodes: 134 Episode length: 531 Return: 600.0 Normalized Return: 0.047

Steps executed: 64409 Num episodes: 135 Episode length: 950 Return: 2050.0 Normalized Return: 0.222

Steps executed: 64967 Num episodes: 136 Episode length: 558 Return: 700.0 Normalized Return: 0.059

Steps executed: 65437 Num episodes: 137 Episode length: 470 Return: 600.0 Normalized Return: 0.047

Steps executed: 65967 Num episodes: 138 Episode length: 530 Return: 1000.0 Normalized Return: 0.095

Steps executed: 66364 Num episodes: 139 Episode length: 397 Return: 550.0 Normalized Return: 0.041

Steps executed: 67096 Num episodes: 140 Episode length: 732 Return: 1300.0 Normalized Return: 0.131

Steps executed: 68311 Num episodes: 141 Episode length: 1215 Return: 2200.0 Normalized Return: 0.24

Steps executed: 69041 Num episodes: 142 Episode length: 730 Return: 1250.0 Normalized Return: 0.125

Steps executed: 69411 Num episodes: 143 Episode length: 370 Return: 750.0 Normalized Return: 0.065

Steps executed: 71334 Num episodes: 144 Episode length: 1923 Return: 2950.0 Normalized Return: 0.33

Steps executed: 72798 Num episodes: 145 Episode length: 1464 Return: 2350.0 Normalized Return: 0.258

Steps executed: 74835 Num episodes: 146 Episode length: 2037 Return: 3400.0 Normalized Return: 0.385

Steps executed: 75332 Num episodes: 147 Episode length: 497 Return: 1350.0 Normalized Return: 0.137

Steps executed: 76636 Num episodes: 148 Episode length: 1304 Return: 2650.0 Normalized Return: 0.294

Steps executed: 77963 Num episodes: 149 Episode length: 1327 Return: 2900.0 Normalized Return: 0.324

Steps executed: 79741 Num episodes: 150 Episode length: 1778 Return: 3200.0 Normalized Return: 0.361

Steps executed: 81316 Num episodes: 151 Episode length: 1575 Return: 2450.0 Normalized Return: 0.27

Steps executed: 82975 Num episodes: 152 Episode length: 1659 Return: 3350.0 Normalized Return: 0.379

Steps executed: 84673 Num episodes: 153 Episode length: 1698 Return: 3550.0 Normalized Return: 0.403

Steps executed: 85470 Num episodes: 154 Episode length: 797 Return: 1650.0 Normalized Return: 0.174

Steps executed: 88029 Num episodes: 155 Episode length: 2559 Return: 4400.0 Normalized Return: 0.505

Steps executed: 88795 Num episodes: 156 Episode length: 766 Return: 1650.0 Normalized Return: 0.174

Steps executed: 90187 Num episodes: 157 Episode length: 1392 Return: 3100.0 Normalized Return: 0.348

Steps executed: 92109 Num episodes: 158 Episode length: 1922 Return: 3700.0 Normalized Return: 0.421

Steps executed: 94248 Num episodes: 159 Episode length: 2139 Return: 4000.0 Normalized Return: 0.457

Steps executed: 95187 Num episodes: 160 Episode length: 939 Return: 1700.0 Normalized Return: 0.18

Steps executed: 96184 Num episodes: 161 Episode length: 997 Return: 2050.0 Normalized Return: 0.222

Steps executed: 97475 Num episodes: 162 Episode length: 1291 Return: 2450.0 Normalized Return: 0.27

Steps executed: 97992 Num episodes: 163 Episode length: 517 Return: 1150.0 Normalized Return: 0.113

Steps executed: 43700 Num episodes: 1 Episode length: 437 Return: 1150.0 Normalized Return: 0.113

Steps executed: 49244 Num episodes: 2 Episode length: 493 Return: 1200.0 Normalized Return: 0.119

Steps executed: 49342 Num episodes: 3 Episode length: 494 Return: 1200.0 Normalized Return: 0.119

Steps executed: 49342 Num episodes: 4 Episode length: 494 Return: 1200.0 Normalized Return: 0.119

Steps executed: 49342 Num episodes: 5 Episode length: 494 Return: 1200.0 Normalized Return: 0.119

Steps executed: 61502 Num episodes: 6 Episode length: 622 Return: 1250.0 Normalized Return: 0.125

Steps executed: 61502 Num episodes: 7 Episode length: 622 Return: 1250.0 Normalized Return: 0.125

Steps executed: 69872 Num episodes: 8 Episode length: 712 Return: 1900.0 Normalized Return: 0.204

Steps executed: 72264 Num episodes: 9 Episode length: 738 Return: 1600.0 Normalized Return: 0.168

Steps executed: 72264 Num episodes: 10 Episode length: 738 Return: 1600.0 Normalized Return: 0.168

Steps executed: 72264 Num episodes: 11 Episode length: 738 Return: 1600.0 Normalized Return: 0.168

Steps executed: 72264 Num episodes: 12 Episode length: 738 Return: 1600.0 Normalized Return: 0.168

Steps executed: 72264 Num episodes: 13 Episode length: 738 Return: 1600.0 Normalized Return: 0.168

Steps executed: 77397 Num episodes: 14 Episode length: 797 Return: 1700.0 Normalized Return: 0.18

Steps executed: 78257 Num episodes: 15 Episode length: 807 Return: 1350.0 Normalized Return: 0.137

Steps executed: 78257 Num episodes: 16 Episode length: 807 Return: 1350.0 Normalized Return: 0.137

Steps executed: 78257 Num episodes: 17 Episode length: 807 Return: 1350.0 Normalized Return: 0.137

Steps executed: 78257 Num episodes: 18 Episode length: 807 Return: 1350.0 Normalized Return: 0.137

Steps executed: 84407 Num episodes: 19 Episode length: 882 Return: 1550.0 Normalized Return: 0.162

Steps executed: 84407 Num episodes: 20 Episode length: 882 Return: 1550.0 Normalized Return: 0.162

Steps executed: 84407 Num episodes: 21 Episode length: 882 Return: 1550.0 Normalized Return: 0.162

Steps executed: 84407 Num episodes: 22 Episode length: 882 Return: 1550.0 Normalized Return: 0.162

Steps executed: 84641 Num episodes: 23 Episode length: 885 Return: 1650.0 Normalized Return: 0.174

Steps executed: 85411 Num episodes: 24 Episode length: 895 Return: 1650.0 Normalized Return: 0.174

Steps executed: 85411 Num episodes: 25 Episode length: 895 Return: 1650.0 Normalized Return: 0.174

Steps executed: 85486 Num episodes: 26 Episode length: 896 Return: 2300.0 Normalized Return: 0.252

Steps executed: 85486 Num episodes: 27 Episode length: 896 Return: 2300.0 Normalized Return: 0.252

Steps executed: 87311 Num episodes: 28 Episode length: 921 Return: 1750.0 Normalized Return: 0.186

Steps executed: 87311 Num episodes: 29 Episode length: 921 Return: 1750.0 Normalized Return: 0.186

Steps executed: 93772 Num episodes: 30 Episode length: 1012 Return: 2300.0 Normalized Return: 0.252

Steps executed: 98462 Num episodes: 31 Episode length: 1079 Return: 2650.0 Normalized Return: 0.294

Steps executed: 98531 Num episodes: 32 Episode length: 1080 Return: 2650.0 Normalized Return: 0.294

Steps executed: 98531 Num episodes: 33 Episode length: 1080 Return: 2350.0 Normalized Return: 0.258

Steps executed: 98531 Num episodes: 34 Episode length: 1080 Return: 2350.0 Normalized Return: 0.258

Steps executed: 98531 Num episodes: 35 Episode length: 1080 Return: 2350.0 Normalized Return: 0.258

Steps executed: 98856 Num episodes: 36 Episode length: 1085 Return: 2250.0 Normalized Return: 0.246

Steps executed: 98856 Num episodes: 37 Episode length: 1085 Return: 2250.0 Normalized Return: 0.246

Steps executed: 98856 Num episodes: 38 Episode length: 1085 Return: 2250.0 Normalized Return: 0.246

Steps executed: 98856 Num episodes: 39 Episode length: 1085 Return: 2250.0 Normalized Return: 0.246

Steps executed: 99832 Num episodes: 40 Episode length: 1101 Return: 2700.0 Normalized Return: 0.3

Steps executed: 99832 Num episodes: 41 Episode length: 1101 Return: 2700.0 Normalized Return: 0.3

Steps executed: 99832 Num episodes: 42 Episode length: 1101 Return: 2700.0 Normalized Return: 0.3

Steps executed: 99832 Num episodes: 43 Episode length: 1101 Return: 2700.0 Normalized Return: 0.3

Steps executed: 102739 Num episodes: 44 Episode length: 1152 Return: 2600.0 Normalized Return: 0.288

Steps executed: 106435 Num episodes: 45 Episode length: 1218 Return: 2550.0 Normalized Return: 0.282

Steps executed: 106435 Num episodes: 46 Episode length: 1218 Return: 2550.0 Normalized Return: 0.282

Steps executed: 109459 Num episodes: 47 Episode length: 1274 Return: 2900.0 Normalized Return: 0.324

Steps executed: 109512 Num episodes: 48 Episode length: 1275 Return: 2750.0 Normalized Return: 0.306

Steps executed: 110604 Num episodes: 49 Episode length: 1296 Return: 2800.0 Normalized Return: 0.312

Steps executed: 110706 Num episodes: 50 Episode length: 1298 Return: 2500.0 Normalized Return: 0.276

Steps executed: 110706 Num episodes: 51 Episode length: 1298 Return: 2500.0 Normalized Return: 0.276

Steps executed: 112176 Num episodes: 52 Episode length: 1328 Return: 3150.0 Normalized Return: 0.355

Steps executed: 113040 Num episodes: 53 Episode length: 1346 Return: 2750.0 Normalized Return: 0.306

Steps executed: 113040 Num episodes: 54 Episode length: 1346 Return: 2750.0 Normalized Return: 0.306

Steps executed: 113040 Num episodes: 55 Episode length: 1346 Return: 2750.0 Normalized Return: 0.306

Steps executed: 113715 Num episodes: 56 Episode length: 1361 Return: 2750.0 Normalized Return: 0.306

Steps executed: 114639 Num episodes: 57 Episode length: 1382 Return: 3100.0 Normalized Return: 0.348

Steps executed: 120057 Num episodes: 58 Episode length: 1508 Return: 3250.0 Normalized Return: 0.367

Steps executed: 120057 Num episodes: 59 Episode length: 1508 Return: 3250.0 Normalized Return: 0.367

Steps executed: 120180 Num episodes: 60 Episode length: 1511 Return: 3250.0 Normalized Return: 0.367

Steps executed: 120180 Num episodes: 61 Episode length: 1511 Return: 3250.0 Normalized Return: 0.367

Steps executed: 120180 Num episodes: 62 Episode length: 1511 Return: 3250.0 Normalized Return: 0.367

Steps executed: 120180 Num episodes: 63 Episode length: 1511 Return: 3250.0 Normalized Return: 0.367

Steps executed: 120587 Num episodes: 64 Episode length: 1522 Return: 3000.0 Normalized Return: 0.336

Steps executed: 120695 Num episodes: 65 Episode length: 1525 Return: 3300.0 Normalized Return: 0.373

Steps executed: 120695 Num episodes: 66 Episode length: 1525 Return: 3300.0 Normalized Return: 0.373

Steps executed: 120695 Num episodes: 67 Episode length: 1525 Return: 3300.0 Normalized Return: 0.373

Steps executed: 120695 Num episodes: 68 Episode length: 1525 Return: 3300.0 Normalized Return: 0.373

Steps executed: 120695 Num episodes: 69 Episode length: 1525 Return: 3300.0 Normalized Return: 0.373

Steps executed: 121997 Num episodes: 70 Episode length: 1567 Return: 3250.0 Normalized Return: 0.367

Steps executed: 122117 Num episodes: 71 Episode length: 1571 Return: 3300.0 Normalized Return: 0.373

Steps executed: 122117 Num episodes: 72 Episode length: 1571 Return: 3300.0 Normalized Return: 0.373

Steps executed: 122117 Num episodes: 73 Episode length: 1571 Return: 3300.0 Normalized Return: 0.373

Steps executed: 122117 Num episodes: 74 Episode length: 1571 Return: 3300.0 Normalized Return: 0.373

Steps executed: 122117 Num episodes: 75 Episode length: 1571 Return: 3300.0 Normalized Return: 0.373

Steps executed: 122567 Num episodes: 76 Episode length: 1589 Return: 3500.0 Normalized Return: 0.397

Steps executed: 122567 Num episodes: 77 Episode length: 1589 Return: 2750.0 Normalized Return: 0.306

Steps executed: 122636 Num episodes: 78 Episode length: 1592 Return: 3550.0 Normalized Return: 0.403

Steps executed: 122636 Num episodes: 79 Episode length: 1592 Return: 3550.0 Normalized Return: 0.403

Steps executed: 123203 Num episodes: 80 Episode length: 1619 Return: 3500.0 Normalized Return: 0.397

Steps executed: 124063 Num episodes: 81 Episode length: 1662 Return: 3300.0 Normalized Return: 0.373

Steps executed: 124633 Num episodes: 82 Episode length: 1692 Return: 3400.0 Normalized Return: 0.385

Steps executed: 125119 Num episodes: 83 Episode length: 1719 Return: 3500.0 Normalized Return: 0.397

Steps executed: 125527 Num episodes: 84 Episode length: 1743 Return: 3250.0 Normalized Return: 0.367

Steps executed: 126023 Num episodes: 85 Episode length: 1774 Return: 3400.0 Normalized Return: 0.385

Steps executed: 126653 Num episodes: 86 Episode length: 1816 Return: 3200.0 Normalized Return: 0.361

Steps executed: 127745 Num episodes: 87 Episode length: 1894 Return: 3800.0 Normalized Return: 0.433

Steps executed: 128395 Num episodes: 88 Episode length: 1944 Return: 3750.0 Normalized Return: 0.427

Steps executed: 129751 Num episodes: 89 Episode length: 2057 Return: 4100.0 Normalized Return: 0.469

Steps executed: 129751 Num episodes: 90 Episode length: 2057 Return: 4100.0 Normalized Return: 0.469

Steps executed: 129751 Num episodes: 91 Episode length: 2057 Return: 4100.0 Normalized Return: 0.469

Steps executed: 129751 Num episodes: 92 Episode length: 2057 Return: 4100.0 Normalized Return: 0.469

Steps executed: 129767 Num episodes: 93 Episode length: 2059 Return: 3200.0 Normalized Return: 0.361

Steps executed: 129984 Num episodes: 94 Episode length: 2090 Return: 4050.0 Normalized Return: 0.463

Steps executed: 130140 Num episodes: 95 Episode length: 2116 Return: 4700.0 Normalized Return: 0.541

Steps executed: 130185 Num episodes: 96 Episode length: 2125 Return: 3050.0 Normalized Return: 0.342

Steps executed: 130185 Num episodes: 97 Episode length: 2125 Return: 3050.0 Normalized Return: 0.342

Steps executed: 130956 Num episodes: 98 Episode length: 2382 Return: 4600.0 Normalized Return: 0.529

Steps executed: 132464 Num episodes: 99 Episode length: 3136 Return: 6350.0 Normalized Return: 0.74

Steps executed: 132673 Num episodes: 100 Episode length: 3345 Return: 6150.0 Normalized Return: 0.716
