2024-11-28 23:17:39.653394: I tensorflow/core/platform/cpu_feature_guard.cc:193] This TensorFlow binary is optimized with oneAPI Deep Neural Network Library (oneDNN) to use the following CPU instructions in performance-critical operations:  AVX2 AVX512F AVX512_VNNI AVX512_BF16 AVX_VNNI AMX_TILE AMX_INT8 AMX_BF16 FMA
To enable them in other operations, rebuild TensorFlow with the appropriate compiler flags.
2024-11-28 23:17:39.725631: I tensorflow/core/util/port.cc:104] oneDNN custom operations are on. You may see slightly different numerical results due to floating-point round-off errors from different computation orders. To turn them off, set the environment variable `TF_ENABLE_ONEDNN_OPTS=0`.
2024-11-28 23:17:41.330826: W tensorflow/compiler/xla/stream_executor/platform/default/dso_loader.cc:64] Could not load dynamic library 'libnvinfer.so.7'; dlerror: libnvinfer.so.7: cannot open shared object file: No such file or directory; LD_LIBRARY_PATH: /nfs/nhome/live/rcdavis/.local/miniforge/envs/bbf2/lib/python3.9/site-packages/cv2/../../lib64:/ceph/apps/ubuntu-20/packages/cuda/11.8.0_520.61.05/lib64
2024-11-28 23:17:41.330871: W tensorflow/compiler/xla/stream_executor/platform/default/dso_loader.cc:64] Could not load dynamic library 'libnvinfer_plugin.so.7'; dlerror: libnvinfer_plugin.so.7: cannot open shared object file: No such file or directory; LD_LIBRARY_PATH: /nfs/nhome/live/rcdavis/.local/miniforge/envs/bbf2/lib/python3.9/site-packages/cv2/../../lib64:/ceph/apps/ubuntu-20/packages/cuda/11.8.0_520.61.05/lib64
2024-11-28 23:17:41.330876: W tensorflow/compiler/tf2tensorrt/utils/py_utils.cc:38] TF-TRT Warning: Cannot dlopen some TensorRT libraries. If you would like to use Nvidia GPU with TensorRT, please make sure the missing libraries mentioned above are installed properly.
/nfs/nhome/live/rcdavis/.local/miniforge/envs/bbf2/lib/python3.9/site-packages/gin/tf/__init__.py:48: DeprecationWarning: distutils Version classes are deprecated. Use packaging.version instead.
  if (distutils.version.LooseVersion(tf.__version__) <
2024-11-28 23:17:47.170782: W tensorflow/core/common_runtime/gpu/gpu_device.cc:2027] TensorFlow was not built with CUDA kernel binaries compatible with compute capability 9.0. CUDA kernels will be jit-compiled from PTX, which could take 30 minutes or longer.
I1128 23:17:47.171123 127298822022976 train.py:172] Setting random seed: 1730869998
I1128 23:17:47.249485 127298822022976 train.py:231] Using MaxEpisodeEvalRunner for evaluation.
W1128 23:17:47.249649 127298822022976 run_experiment.py:267] DEPRECATION WARNING: Logger is being deprecated. Please switch to CollectorDispatcher!
A.L.E: Arcade Learning Environment (version 0.7.5+db37282)
[Powered by Stella]
/nfs/nhome/live/rcdavis/.local/miniforge/envs/bbf2/lib/python3.9/site-packages/gym/core.py:317: DeprecationWarning: [33mWARN: Initializing wrapper in old step API which returns one bool instead of two. It is recommended to set `new_step_api=True` to use new step API. This will be the default behaviour in future.[0m
  deprecation(
/nfs/nhome/live/rcdavis/.local/miniforge/envs/bbf2/lib/python3.9/site-packages/gym/wrappers/step_api_compatibility.py:39: DeprecationWarning: [33mWARN: Initializing environment in old step API which returns one bool instead of two. It is recommended to set `new_step_api=True` to use new step API. This will be the default behaviour in future.[0m
  deprecation(
I1128 23:17:47.355185 127298822022976 spr_agent.py:1123] Creating BBFAgent agent with the following parameters:
I1128 23:17:47.355675 127298822022976 spr_agent.py:1127] 	 double_dqn: True
I1128 23:17:47.355704 127298822022976 spr_agent.py:1128] 	 noisy_networks: False
I1128 23:17:47.355725 127298822022976 spr_agent.py:1129] 	 dueling_dqn: True
I1128 23:17:47.355743 127298822022976 spr_agent.py:1130] 	 distributional: True
I1128 23:17:47.355759 127298822022976 spr_agent.py:1131] 	 data_augmentation: True
I1128 23:17:47.355775 127298822022976 spr_agent.py:1132] 	 replay_scheme: prioritized
I1128 23:17:47.355791 127298822022976 spr_agent.py:1133] 	 num_updates_per_train_step: 1
I1128 23:17:47.357945 127298822022976 xla_bridge.py:355] Unable to initialize backend 'tpu_driver': NOT_FOUND: Unable to find driver in registry given worker: 
I1128 23:17:49.347775 127298822022976 xla_bridge.py:355] Unable to initialize backend 'rocm': NOT_FOUND: Could not find registered platform with name: "rocm". Available platform names are: Interpreter Host CUDA
I1128 23:17:49.348681 127298822022976 xla_bridge.py:355] Unable to initialize backend 'tpu': module 'jaxlib.xla_extension' has no attribute 'get_tpu_client'
I1128 23:17:49.348747 127298822022976 xla_bridge.py:355] Unable to initialize backend 'plugin': xla_extension has no attributes named get_plugin_device_client. Compile TensorFlow with //tensorflow/compiler/xla/python:enable_plugin_device set to true (defaults to false) to enable this.
I1128 23:17:50.225874 127298822022976 spr_agent.py:1218] 	 Found following local devices: [StreamExecutorGpuDevice(id=0, process_index=0, slice_index=0)]
I1128 23:17:50.226018 127298822022976 spr_agent.py:1233] 	 Running with dtype <class 'jax.numpy.float32'>
I1128 23:17:50.226115 127298822022976 dqn_agent.py:278] Creating BBFAgent agent with the following parameters:
I1128 23:17:50.226142 127298822022976 dqn_agent.py:280] 	 gamma: 0.997000
I1128 23:17:50.226164 127298822022976 dqn_agent.py:281] 	 update_horizon: 10.000000
I1128 23:17:50.226182 127298822022976 dqn_agent.py:282] 	 min_replay_history: 2000
I1128 23:17:50.226198 127298822022976 dqn_agent.py:283] 	 update_period: 1
I1128 23:17:50.226213 127298822022976 dqn_agent.py:284] 	 target_update_period: 1
I1128 23:17:50.226229 127298822022976 dqn_agent.py:285] 	 epsilon_train: 0.000000
I1128 23:17:50.226245 127298822022976 dqn_agent.py:286] 	 epsilon_eval: 0.001000
I1128 23:17:50.226260 127298822022976 dqn_agent.py:287] 	 epsilon_decay_period: 2001
I1128 23:17:50.226274 127298822022976 dqn_agent.py:288] 	 optimizer: adam
I1128 23:17:50.226288 127298822022976 dqn_agent.py:289] 	 seed: 1730869998
I1128 23:17:50.226303 127298822022976 dqn_agent.py:290] 	 loss_type: mse
I1128 23:17:50.226317 127298822022976 dqn_agent.py:291] 	 preprocess_fn: None
I1128 23:17:50.424560 127298822022976 subsequence_replay_buffer.py:159] Creating a PrioritizedJaxSubsequenceParallelEnvReplayBuffer replay memory with the following parameters:
I1128 23:17:50.424683 127298822022976 subsequence_replay_buffer.py:161] 	 observation_shape: (84, 84)
I1128 23:17:50.424711 127298822022976 subsequence_replay_buffer.py:162] 	 observation_dtype: <class 'jax.numpy.uint8'>
I1128 23:17:50.424733 127298822022976 subsequence_replay_buffer.py:163] 	 terminal_dtype: <class 'numpy.uint8'>
I1128 23:17:50.424752 127298822022976 subsequence_replay_buffer.py:164] 	 stack_size: 4
I1128 23:17:50.424768 127298822022976 subsequence_replay_buffer.py:165] 	 use_next_state: 1
I1128 23:17:50.424785 127298822022976 subsequence_replay_buffer.py:166] 	 replay_capacity: 200000
I1128 23:17:50.424800 127298822022976 subsequence_replay_buffer.py:167] 	 batch_size: 32
I1128 23:17:50.424815 127298822022976 subsequence_replay_buffer.py:168] 	 update_horizon: 10
I1128 23:17:50.424830 127298822022976 subsequence_replay_buffer.py:169] 	 gamma: 0.997000
I1128 23:17:53.315160 127298822022976 spr_networks.py:821] Spatial latent shape: (11, 11, 128)
I1128 23:17:53.326722 127298822022976 spr_networks.py:828] Flattened representation shape: (15488,)
I1128 23:17:54.761343 127298822022976 spr_networks.py:821] Spatial latent shape: (5, 11, 11, 128)
I1128 23:17:54.773568 127298822022976 spr_networks.py:828] Flattened representation shape: (5, 15488)
I1128 23:17:55.337544 127298822022976 spr_agent.py:933] Creating AdamW optimizer with settings lr=0.000100, beta1=0.900000, beta2=0.999000, eps=0.000150, wd=0.100000
I1128 23:17:55.337752 127298822022976 spr_agent.py:933] Creating AdamW optimizer with settings lr=0.000100, beta1=0.900000, beta2=0.999000, eps=0.000150, wd=0.100000
I1128 23:17:55.807667 127298822022976 spr_agent.py:1366] 	 Operating with 1 environments, batch size 32 and replay ratio 64
I1128 23:17:55.807787 127298822022976 spr_agent.py:1374] 	 Calculated 2 updates per update phase
I1128 23:17:55.807826 127298822022976 spr_agent.py:1378] 	 Calculated update frequency of 1 step
I1128 23:17:55.807847 127298822022976 spr_agent.py:1383] 	 Setting min_replay_history to 2000.0 from 2000
I1128 23:17:55.807867 127298822022976 spr_agent.py:1388] 	 Setting epsilon_decay_period to 2001.0 from 2001
I1128 23:17:55.807888 127298822022976 spr_agent.py:1401] 	 Running 1 groups of 2 batches per 1 env step
I1128 23:17:55.810864 127298822022976 eval_run_experiment.py:204] Num evaluation episodes: 100
/nfs/nhome/live/rcdavis/.local/miniforge/envs/bbf2/lib/python3.9/site-packages/gym/utils/passive_env_checker.py:227: DeprecationWarning: [33mWARN: Core environment is written in old step API which returns one bool instead of two. It is recommended to rewrite the environment with new step API. [0m
  logger.deprecation(
I1128 23:17:56.024123 127298822022976 eval_run_experiment.py:622] Beginning training...
I1128 23:17:56.024242 127298822022976 eval_run_experiment.py:553] Starting iteration 0
I1128 23:17:56.166708 127298822022976 spr_networks.py:821] Spatial latent shape: (11, 11, 128)
I1128 23:17:56.166949 127298822022976 spr_networks.py:828] Flattened representation shape: (15488,)
I1128 23:18:01.417567 127298822022976 spr_networks.py:821] Spatial latent shape: (11, 11, 128)
I1128 23:18:01.417918 127298822022976 spr_networks.py:828] Flattened representation shape: (15488,)
I1128 23:18:01.560730 127298822022976 spr_networks.py:821] Spatial latent shape: (11, 11, 128)
I1128 23:18:01.560971 127298822022976 spr_networks.py:828] Flattened representation shape: (15488,)
I1128 23:18:01.737781 127298822022976 spr_networks.py:821] Spatial latent shape: (11, 11, 128)
I1128 23:18:01.738093 127298822022976 spr_networks.py:828] Flattened representation shape: (15488,)
I1128 23:18:01.902227 127298822022976 spr_networks.py:821] Spatial latent shape: (11, 11, 128)
I1128 23:18:01.902555 127298822022976 spr_networks.py:828] Flattened representation shape: (15488,)
I1128 23:18:01.994106 127298822022976 spr_networks.py:821] Spatial latent shape: (5, 11, 11, 128)
I1128 23:18:01.994624 127298822022976 spr_networks.py:828] Flattened representation shape: (5, 15488)
I1128 23:18:15.739008 127298822022976 spr_networks.py:821] Spatial latent shape: (11, 11, 128)
I1128 23:18:15.739275 127298822022976 spr_networks.py:828] Flattened representation shape: (15488,)
I1128 23:32:15.828981 127298822022976 spr_agent.py:1473] 	 Resetting weights at step 20002.
I1128 23:32:15.935346 127298822022976 spr_networks.py:821] Spatial latent shape: (11, 11, 128)
I1128 23:32:15.935560 127298822022976 spr_networks.py:828] Flattened representation shape: (15488,)
I1128 23:32:15.988610 127298822022976 spr_networks.py:821] Spatial latent shape: (5, 11, 11, 128)
I1128 23:32:15.988842 127298822022976 spr_networks.py:828] Flattened representation shape: (5, 15488)
I1128 23:32:16.101247 127298822022976 spr_networks.py:821] Spatial latent shape: (11, 11, 128)
I1128 23:32:16.101460 127298822022976 spr_networks.py:828] Flattened representation shape: (15488,)
I1128 23:32:16.154200 127298822022976 spr_networks.py:821] Spatial latent shape: (5, 11, 11, 128)
I1128 23:32:16.154446 127298822022976 spr_networks.py:828] Flattened representation shape: (5, 15488)
I1128 23:32:17.632921 127298822022976 spr_agent.py:1537] Running 0 gradient steps after reset
I1128 23:47:53.140334 127298822022976 spr_agent.py:1473] 	 Resetting weights at step 40003.
I1128 23:47:53.146489 127298822022976 spr_agent.py:1537] Running 0 gradient steps after reset
I1129 00:03:30.565730 127298822022976 spr_agent.py:1473] 	 Resetting weights at step 60004.
I1129 00:03:30.571822 127298822022976 spr_agent.py:1537] Running 0 gradient steps after reset
I1129 00:19:07.768083 127298822022976 spr_agent.py:1466] 	 Not resetting at step 80005, as need at least 20000 before 100000 to recover.
I1129 00:34:43.081185 127298822022976 eval_run_experiment.py:493] Average undiscounted return per training episode: 150.91
I1129 00:34:43.082099 127298822022976 eval_run_experiment.py:496] Average normalized return per training episode: 0.08
I1129 00:34:43.082176 127298822022976 eval_run_experiment.py:499] Average training steps per second: 21.52
I1129 00:34:54.351669 127298822022976 spr_networks.py:821] Spatial latent shape: (11, 11, 128)
I1129 00:34:54.351956 127298822022976 spr_networks.py:828] Flattened representation shape: (15488,)
I1129 00:35:47.460180 127298822022976 spr_networks.py:821] Spatial latent shape: (11, 11, 128)
I1129 00:35:47.460567 127298822022976 spr_networks.py:828] Flattened representation shape: (15488,)
I1129 00:35:53.601752 127298822022976 spr_networks.py:821] Spatial latent shape: (11, 11, 128)
I1129 00:35:53.602021 127298822022976 spr_networks.py:828] Flattened representation shape: (15488,)
I1129 00:35:56.194461 127298822022976 spr_networks.py:821] Spatial latent shape: (11, 11, 128)
I1129 00:35:56.194764 127298822022976 spr_networks.py:828] Flattened representation shape: (15488,)
I1129 00:35:57.416400 127298822022976 spr_networks.py:821] Spatial latent shape: (11, 11, 128)
I1129 00:35:57.416665 127298822022976 spr_networks.py:828] Flattened representation shape: (15488,)
I1129 00:35:58.619525 127298822022976 spr_networks.py:821] Spatial latent shape: (11, 11, 128)
I1129 00:35:58.619797 127298822022976 spr_networks.py:828] Flattened representation shape: (15488,)
I1129 00:35:59.816577 127298822022976 spr_networks.py:821] Spatial latent shape: (11, 11, 128)
I1129 00:35:59.816854 127298822022976 spr_networks.py:828] Flattened representation shape: (15488,)
I1129 00:36:01.002021 127298822022976 spr_networks.py:821] Spatial latent shape: (11, 11, 128)
I1129 00:36:01.002289 127298822022976 spr_networks.py:828] Flattened representation shape: (15488,)
I1129 00:36:02.202516 127298822022976 spr_networks.py:821] Spatial latent shape: (11, 11, 128)
I1129 00:36:02.202778 127298822022976 spr_networks.py:828] Flattened representation shape: (15488,)
I1129 00:36:03.359984 127298822022976 spr_networks.py:821] Spatial latent shape: (11, 11, 128)
I1129 00:36:03.360252 127298822022976 spr_networks.py:828] Flattened representation shape: (15488,)
I1129 00:36:04.516240 127298822022976 spr_networks.py:821] Spatial latent shape: (11, 11, 128)
I1129 00:36:04.516511 127298822022976 spr_networks.py:828] Flattened representation shape: (15488,)
I1129 00:36:05.663476 127298822022976 spr_networks.py:821] Spatial latent shape: (11, 11, 128)
I1129 00:36:05.663747 127298822022976 spr_networks.py:828] Flattened representation shape: (15488,)
I1129 00:36:06.803564 127298822022976 spr_networks.py:821] Spatial latent shape: (11, 11, 128)
I1129 00:36:06.803825 127298822022976 spr_networks.py:828] Flattened representation shape: (15488,)
I1129 00:36:07.940659 127298822022976 spr_networks.py:821] Spatial latent shape: (11, 11, 128)
I1129 00:36:07.940921 127298822022976 spr_networks.py:828] Flattened representation shape: (15488,)
I1129 00:36:09.062742 127298822022976 spr_networks.py:821] Spatial latent shape: (11, 11, 128)
I1129 00:36:09.063009 127298822022976 spr_networks.py:828] Flattened representation shape: (15488,)
I1129 00:36:10.283409 127298822022976 spr_networks.py:821] Spatial latent shape: (11, 11, 128)
I1129 00:36:10.283680 127298822022976 spr_networks.py:828] Flattened representation shape: (15488,)
I1129 00:36:11.383651 127298822022976 spr_networks.py:821] Spatial latent shape: (11, 11, 128)
I1129 00:36:11.383929 127298822022976 spr_networks.py:828] Flattened representation shape: (15488,)
I1129 00:36:12.483458 127298822022976 spr_networks.py:821] Spatial latent shape: (11, 11, 128)
I1129 00:36:12.483714 127298822022976 spr_networks.py:828] Flattened representation shape: (15488,)
I1129 00:36:13.580946 127298822022976 spr_networks.py:821] Spatial latent shape: (11, 11, 128)
I1129 00:36:13.581216 127298822022976 spr_networks.py:828] Flattened representation shape: (15488,)
I1129 00:36:14.656497 127298822022976 spr_networks.py:821] Spatial latent shape: (11, 11, 128)
I1129 00:36:14.656759 127298822022976 spr_networks.py:828] Flattened representation shape: (15488,)
I1129 00:36:15.713659 127298822022976 spr_networks.py:821] Spatial latent shape: (11, 11, 128)
I1129 00:36:15.713936 127298822022976 spr_networks.py:828] Flattened representation shape: (15488,)
I1129 00:36:16.758657 127298822022976 spr_networks.py:821] Spatial latent shape: (11, 11, 128)
I1129 00:36:16.758928 127298822022976 spr_networks.py:828] Flattened representation shape: (15488,)
I1129 00:36:17.799250 127298822022976 spr_networks.py:821] Spatial latent shape: (11, 11, 128)
I1129 00:36:17.799618 127298822022976 spr_networks.py:828] Flattened representation shape: (15488,)
I1129 00:36:18.833384 127298822022976 spr_networks.py:821] Spatial latent shape: (11, 11, 128)
I1129 00:36:18.833649 127298822022976 spr_networks.py:828] Flattened representation shape: (15488,)
I1129 00:36:19.859861 127298822022976 spr_networks.py:821] Spatial latent shape: (11, 11, 128)
I1129 00:36:19.860130 127298822022976 spr_networks.py:828] Flattened representation shape: (15488,)
I1129 00:36:20.871313 127298822022976 spr_networks.py:821] Spatial latent shape: (11, 11, 128)
I1129 00:36:20.871582 127298822022976 spr_networks.py:828] Flattened representation shape: (15488,)
I1129 00:36:21.850178 127298822022976 spr_networks.py:821] Spatial latent shape: (11, 11, 128)
I1129 00:36:21.850456 127298822022976 spr_networks.py:828] Flattened representation shape: (15488,)
I1129 00:36:22.824390 127298822022976 spr_networks.py:821] Spatial latent shape: (11, 11, 128)
I1129 00:36:22.824667 127298822022976 spr_networks.py:828] Flattened representation shape: (15488,)
I1129 00:36:23.773165 127298822022976 spr_networks.py:821] Spatial latent shape: (11, 11, 128)
I1129 00:36:23.773448 127298822022976 spr_networks.py:828] Flattened representation shape: (15488,)
I1129 00:36:24.708946 127298822022976 spr_networks.py:821] Spatial latent shape: (11, 11, 128)
I1129 00:36:24.709209 127298822022976 spr_networks.py:828] Flattened representation shape: (15488,)
I1129 00:36:25.769547 127298822022976 spr_networks.py:821] Spatial latent shape: (11, 11, 128)
I1129 00:36:25.769814 127298822022976 spr_networks.py:828] Flattened representation shape: (15488,)
I1129 00:36:26.683444 127298822022976 spr_networks.py:821] Spatial latent shape: (11, 11, 128)
I1129 00:36:26.683744 127298822022976 spr_networks.py:828] Flattened representation shape: (15488,)
I1129 00:36:27.957751 127298822022976 spr_networks.py:821] Spatial latent shape: (11, 11, 128)
I1129 00:36:27.958021 127298822022976 spr_networks.py:828] Flattened representation shape: (15488,)
I1129 00:36:29.248615 127298822022976 spr_networks.py:821] Spatial latent shape: (11, 11, 128)
I1129 00:36:29.248877 127298822022976 spr_networks.py:828] Flattened representation shape: (15488,)
I1129 00:36:31.238871 127298822022976 spr_networks.py:821] Spatial latent shape: (11, 11, 128)
I1129 00:36:31.239139 127298822022976 spr_networks.py:828] Flattened representation shape: (15488,)
I1129 00:36:32.791340 127298822022976 spr_networks.py:821] Spatial latent shape: (11, 11, 128)
I1129 00:36:32.791616 127298822022976 spr_networks.py:828] Flattened representation shape: (15488,)
I1129 00:36:34.055515 127298822022976 spr_networks.py:821] Spatial latent shape: (11, 11, 128)
I1129 00:36:34.055782 127298822022976 spr_networks.py:828] Flattened representation shape: (15488,)
I1129 00:36:35.230085 127298822022976 spr_networks.py:821] Spatial latent shape: (11, 11, 128)
I1129 00:36:35.230356 127298822022976 spr_networks.py:828] Flattened representation shape: (15488,)
I1129 00:36:36.422342 127298822022976 spr_networks.py:821] Spatial latent shape: (11, 11, 128)
I1129 00:36:36.422614 127298822022976 spr_networks.py:828] Flattened representation shape: (15488,)
I1129 00:36:37.527306 127298822022976 spr_networks.py:821] Spatial latent shape: (11, 11, 128)
I1129 00:36:37.527577 127298822022976 spr_networks.py:828] Flattened representation shape: (15488,)
I1129 00:36:39.022404 127298822022976 spr_networks.py:821] Spatial latent shape: (11, 11, 128)
I1129 00:36:39.022665 127298822022976 spr_networks.py:828] Flattened representation shape: (15488,)
I1129 00:36:40.249212 127298822022976 spr_networks.py:821] Spatial latent shape: (11, 11, 128)
I1129 00:36:40.249490 127298822022976 spr_networks.py:828] Flattened representation shape: (15488,)
I1129 00:36:41.453574 127298822022976 spr_networks.py:821] Spatial latent shape: (11, 11, 128)
I1129 00:36:41.453845 127298822022976 spr_networks.py:828] Flattened representation shape: (15488,)
I1129 00:36:42.416157 127298822022976 eval_run_experiment.py:537] Average undiscounted return per evaluation episode: 162.00
I1129 00:36:42.416303 127298822022976 eval_run_experiment.py:544] Average normalized return per evaluation episode: 0.09
/nfs/nhome/live/rcdavis/bbf_UPER/bbf/replay_memory/subsequence_replay_buffer.py:781: FutureWarning: GzipFile was opened for writing, but this will change in future Python releases.  Specify the mode argument for opening it for writing.
  with gzip.GzipFile(fileobj=f) as outfile:
