Fri Nov 29 01:00:37 2024       
+-----------------------------------------------------------------------------------------+
| NVIDIA-SMI 560.35.03              Driver Version: 560.35.03      CUDA Version: 12.6     |
|-----------------------------------------+------------------------+----------------------+
| GPU  Name                 Persistence-M | Bus-Id          Disp.A | Volatile Uncorr. ECC |
| Fan  Temp   Perf          Pwr:Usage/Cap |           Memory-Usage | GPU-Util  Compute M. |
|                                         |                        |               MIG M. |
|=========================================+========================+======================|
|   0  NVIDIA H100 80GB HBM3          Off |   00000001:45:00.0 Off |                    0 |
| N/A   30C    P0            124W /  700W |       1MiB /  81559MiB |      0%      Default |
|                                         |                        |             Disabled |
+-----------------------------------------+------------------------+----------------------+
                                                                                         
+-----------------------------------------------------------------------------------------+
| Processes:                                                                              |
|  GPU   GI   CI        PID   Type   Process name                              GPU Memory |
|        ID   ID                                                               Usage      |
|=========================================================================================|
|  No running processes found                                                             |
+-----------------------------------------------------------------------------------------+
gpu
Got gin bindings:
[]
Sanitized gin bindings to:
[]
Found devices [StreamExecutorGpuDevice(id=0, process_index=0, slice_index=0)]

Steps executed: 978 Num episodes: 1 Episode length: 978 Return: 800.0 Normalized Return: -0.002

Steps executed: 2473 Num episodes: 2 Episode length: 1495 Return: 1500.0 Normalized Return: 0.105

Steps executed: 3022 Num episodes: 3 Episode length: 549 Return: 500.0 Normalized Return: -0.047

Steps executed: 3305 Num episodes: 4 Episode length: 283 Return: 300.0 Normalized Return: -0.078

Steps executed: 3573 Num episodes: 5 Episode length: 268 Return: 300.0 Normalized Return: -0.078

Steps executed: 3789 Num episodes: 6 Episode length: 216 Return: 600.0 Normalized Return: -0.032

Steps executed: 4122 Num episodes: 7 Episode length: 333 Return: 400.0 Normalized Return: -0.062

Steps executed: 4580 Num episodes: 8 Episode length: 458 Return: 700.0 Normalized Return: -0.017

Steps executed: 5137 Num episodes: 9 Episode length: 557 Return: 700.0 Normalized Return: -0.017

Steps executed: 5545 Num episodes: 10 Episode length: 408 Return: 400.0 Normalized Return: -0.062

Steps executed: 6595 Num episodes: 11 Episode length: 1050 Return: 700.0 Normalized Return: -0.017

Steps executed: 6950 Num episodes: 12 Episode length: 355 Return: 800.0 Normalized Return: -0.002

Steps executed: 7525 Num episodes: 13 Episode length: 575 Return: 700.0 Normalized Return: -0.017

Steps executed: 8050 Num episodes: 14 Episode length: 525 Return: 700.0 Normalized Return: -0.017

Steps executed: 10232 Num episodes: 15 Episode length: 2182 Return: 1000.0 Normalized Return: 0.029

Steps executed: 11094 Num episodes: 16 Episode length: 862 Return: 700.0 Normalized Return: -0.017

Steps executed: 12625 Num episodes: 17 Episode length: 1531 Return: 1100.0 Normalized Return: 0.044

Steps executed: 15739 Num episodes: 18 Episode length: 3114 Return: 1100.0 Normalized Return: 0.044

Steps executed: 16567 Num episodes: 19 Episode length: 828 Return: 1000.0 Normalized Return: 0.029

Steps executed: 17128 Num episodes: 20 Episode length: 561 Return: 500.0 Normalized Return: -0.047

Steps executed: 19766 Num episodes: 21 Episode length: 2638 Return: 1500.0 Normalized Return: 0.105

Steps executed: 20220 Num episodes: 22 Episode length: 454 Return: 600.0 Normalized Return: -0.032

Steps executed: 20403 Num episodes: 23 Episode length: 183 Return: 200.0 Normalized Return: -0.093

Steps executed: 20596 Num episodes: 24 Episode length: 193 Return: 200.0 Normalized Return: -0.093

Steps executed: 20859 Num episodes: 25 Episode length: 263 Return: 200.0 Normalized Return: -0.093

Steps executed: 21388 Num episodes: 26 Episode length: 529 Return: 900.0 Normalized Return: 0.014

Steps executed: 21758 Num episodes: 27 Episode length: 370 Return: 700.0 Normalized Return: -0.017

Steps executed: 22607 Num episodes: 28 Episode length: 849 Return: 1200.0 Normalized Return: 0.059

Steps executed: 23123 Num episodes: 29 Episode length: 516 Return: 1100.0 Normalized Return: 0.044

Steps executed: 23422 Num episodes: 30 Episode length: 299 Return: 900.0 Normalized Return: 0.014

Steps executed: 23962 Num episodes: 31 Episode length: 540 Return: 1100.0 Normalized Return: 0.044

Steps executed: 24642 Num episodes: 32 Episode length: 680 Return: 1100.0 Normalized Return: 0.044

Steps executed: 25019 Num episodes: 33 Episode length: 377 Return: 800.0 Normalized Return: -0.002

Steps executed: 25736 Num episodes: 34 Episode length: 717 Return: 1600.0 Normalized Return: 0.12

Steps executed: 26845 Num episodes: 35 Episode length: 1109 Return: 1500.0 Normalized Return: 0.105

Steps executed: 27573 Num episodes: 36 Episode length: 728 Return: 1400.0 Normalized Return: 0.09

Steps executed: 28042 Num episodes: 37 Episode length: 469 Return: 1000.0 Normalized Return: 0.029

Steps executed: 29736 Num episodes: 38 Episode length: 1694 Return: 1300.0 Normalized Return: 0.074

Steps executed: 29984 Num episodes: 39 Episode length: 248 Return: 400.0 Normalized Return: -0.062

Steps executed: 30361 Num episodes: 40 Episode length: 377 Return: 800.0 Normalized Return: -0.002

Steps executed: 30605 Num episodes: 41 Episode length: 244 Return: 400.0 Normalized Return: -0.062

Steps executed: 30979 Num episodes: 42 Episode length: 374 Return: 1000.0 Normalized Return: 0.029

Steps executed: 31342 Num episodes: 43 Episode length: 363 Return: 900.0 Normalized Return: 0.014

Steps executed: 31629 Num episodes: 44 Episode length: 287 Return: 600.0 Normalized Return: -0.032

Steps executed: 31879 Num episodes: 45 Episode length: 250 Return: 700.0 Normalized Return: -0.017

Steps executed: 32110 Num episodes: 46 Episode length: 231 Return: 600.0 Normalized Return: -0.032

Steps executed: 32614 Num episodes: 47 Episode length: 504 Return: 1000.0 Normalized Return: 0.029

Steps executed: 33131 Num episodes: 48 Episode length: 517 Return: 900.0 Normalized Return: 0.014

Steps executed: 33730 Num episodes: 49 Episode length: 599 Return: 900.0 Normalized Return: 0.014

Steps executed: 35448 Num episodes: 50 Episode length: 1718 Return: 2000.0 Normalized Return: 0.181

Steps executed: 37382 Num episodes: 51 Episode length: 1934 Return: 1400.0 Normalized Return: 0.09

Steps executed: 38440 Num episodes: 52 Episode length: 1058 Return: 1400.0 Normalized Return: 0.09

Steps executed: 38827 Num episodes: 53 Episode length: 387 Return: 600.0 Normalized Return: -0.032

Steps executed: 39238 Num episodes: 54 Episode length: 411 Return: 1100.0 Normalized Return: 0.044

Steps executed: 39690 Num episodes: 55 Episode length: 452 Return: 500.0 Normalized Return: -0.047

Steps executed: 40266 Num episodes: 56 Episode length: 576 Return: 800.0 Normalized Return: -0.002

Steps executed: 40444 Num episodes: 57 Episode length: 178 Return: 200.0 Normalized Return: -0.093

Steps executed: 40625 Num episodes: 58 Episode length: 181 Return: 200.0 Normalized Return: -0.093

Steps executed: 40977 Num episodes: 59 Episode length: 352 Return: 700.0 Normalized Return: -0.017

Steps executed: 41853 Num episodes: 60 Episode length: 876 Return: 1200.0 Normalized Return: 0.059

Steps executed: 42335 Num episodes: 61 Episode length: 482 Return: 1000.0 Normalized Return: 0.029

Steps executed: 42566 Num episodes: 62 Episode length: 231 Return: 500.0 Normalized Return: -0.047

Steps executed: 43790 Num episodes: 63 Episode length: 1224 Return: 1100.0 Normalized Return: 0.044

Steps executed: 44357 Num episodes: 64 Episode length: 567 Return: 1000.0 Normalized Return: 0.029

Steps executed: 46383 Num episodes: 65 Episode length: 2026 Return: 1200.0 Normalized Return: 0.059

Steps executed: 47096 Num episodes: 66 Episode length: 713 Return: 1300.0 Normalized Return: 0.074

Steps executed: 47976 Num episodes: 67 Episode length: 880 Return: 1000.0 Normalized Return: 0.029

Steps executed: 48547 Num episodes: 68 Episode length: 571 Return: 800.0 Normalized Return: -0.002

Steps executed: 49139 Num episodes: 69 Episode length: 592 Return: 1300.0 Normalized Return: 0.074

Steps executed: 50072 Num episodes: 70 Episode length: 933 Return: 1300.0 Normalized Return: 0.074

Steps executed: 52442 Num episodes: 71 Episode length: 2370 Return: 1300.0 Normalized Return: 0.074

Steps executed: 54152 Num episodes: 72 Episode length: 1710 Return: 1400.0 Normalized Return: 0.09

Steps executed: 54588 Num episodes: 73 Episode length: 436 Return: 1100.0 Normalized Return: 0.044

Steps executed: 58284 Num episodes: 74 Episode length: 3696 Return: 1200.0 Normalized Return: 0.059

Steps executed: 59991 Num episodes: 75 Episode length: 1707 Return: 2400.0 Normalized Return: 0.242

Steps executed: 60278 Num episodes: 76 Episode length: 287 Return: 100.0 Normalized Return: -0.108

Steps executed: 60469 Num episodes: 77 Episode length: 191 Return: 500.0 Normalized Return: -0.047

Steps executed: 60959 Num episodes: 78 Episode length: 490 Return: 1100.0 Normalized Return: 0.044

Steps executed: 61493 Num episodes: 79 Episode length: 534 Return: 2300.0 Normalized Return: 0.226

Steps executed: 62753 Num episodes: 80 Episode length: 1260 Return: 1100.0 Normalized Return: 0.044

Steps executed: 63600 Num episodes: 81 Episode length: 847 Return: 1500.0 Normalized Return: 0.105

Steps executed: 64340 Num episodes: 82 Episode length: 740 Return: 1600.0 Normalized Return: 0.12

Steps executed: 64806 Num episodes: 83 Episode length: 466 Return: 1000.0 Normalized Return: 0.029

Steps executed: 65099 Num episodes: 84 Episode length: 293 Return: 800.0 Normalized Return: -0.002

Steps executed: 65425 Num episodes: 85 Episode length: 326 Return: 800.0 Normalized Return: -0.002

Steps executed: 66413 Num episodes: 86 Episode length: 988 Return: 2600.0 Normalized Return: 0.272

Steps executed: 67310 Num episodes: 87 Episode length: 897 Return: 2900.0 Normalized Return: 0.318

Steps executed: 68022 Num episodes: 88 Episode length: 712 Return: 1800.0 Normalized Return: 0.15

Steps executed: 69013 Num episodes: 89 Episode length: 991 Return: 4300.0 Normalized Return: 0.531

Steps executed: 69927 Num episodes: 90 Episode length: 914 Return: 1400.0 Normalized Return: 0.09

Steps executed: 70483 Num episodes: 91 Episode length: 556 Return: 1000.0 Normalized Return: 0.029

Steps executed: 71515 Num episodes: 92 Episode length: 1032 Return: 2400.0 Normalized Return: 0.242

Steps executed: 73150 Num episodes: 93 Episode length: 1635 Return: 2600.0 Normalized Return: 0.272

Steps executed: 73838 Num episodes: 94 Episode length: 688 Return: 1100.0 Normalized Return: 0.044

Steps executed: 75819 Num episodes: 95 Episode length: 1981 Return: 3900.0 Normalized Return: 0.47

Steps executed: 77828 Num episodes: 96 Episode length: 2009 Return: 2600.0 Normalized Return: 0.272

Steps executed: 79283 Num episodes: 97 Episode length: 1455 Return: 3100.0 Normalized Return: 0.348

Steps executed: 82636 Num episodes: 98 Episode length: 3353 Return: 3200.0 Normalized Return: 0.363

Steps executed: 83591 Num episodes: 99 Episode length: 955 Return: 2600.0 Normalized Return: 0.272

Steps executed: 84997 Num episodes: 100 Episode length: 1406 Return: 3500.0 Normalized Return: 0.409

Steps executed: 87089 Num episodes: 101 Episode length: 2092 Return: 4400.0 Normalized Return: 0.546

Steps executed: 88179 Num episodes: 102 Episode length: 1090 Return: 3800.0 Normalized Return: 0.454

Steps executed: 89740 Num episodes: 103 Episode length: 1561 Return: 1600.0 Normalized Return: 0.12

Steps executed: 91134 Num episodes: 104 Episode length: 1394 Return: 2700.0 Normalized Return: 0.287

Steps executed: 92047 Num episodes: 105 Episode length: 913 Return: 1500.0 Normalized Return: 0.105

Steps executed: 94000 Num episodes: 106 Episode length: 1953 Return: 2400.0 Normalized Return: 0.242

Steps executed: 95269 Num episodes: 107 Episode length: 1269 Return: 3100.0 Normalized Return: 0.348

Steps executed: 99118 Num episodes: 108 Episode length: 3849 Return: 1600.0 Normalized Return: 0.12

Steps executed: 41900 Num episodes: 1 Episode length: 419 Return: 900.0 Normalized Return: 0.014

Steps executed: 49226 Num episodes: 2 Episode length: 493 Return: 900.0 Normalized Return: 0.014

Steps executed: 50304 Num episodes: 3 Episode length: 504 Return: 900.0 Normalized Return: 0.014

Steps executed: 51274 Num episodes: 4 Episode length: 514 Return: 1300.0 Normalized Return: 0.074

Steps executed: 51274 Num episodes: 5 Episode length: 514 Return: 1300.0 Normalized Return: 0.074

Steps executed: 51369 Num episodes: 6 Episode length: 515 Return: 1300.0 Normalized Return: 0.074

Steps executed: 51369 Num episodes: 7 Episode length: 515 Return: 1300.0 Normalized Return: 0.074

Steps executed: 51369 Num episodes: 8 Episode length: 515 Return: 1300.0 Normalized Return: 0.074

Steps executed: 51369 Num episodes: 9 Episode length: 515 Return: 1300.0 Normalized Return: 0.074

Steps executed: 54463 Num episodes: 10 Episode length: 549 Return: 1400.0 Normalized Return: 0.09

Steps executed: 55633 Num episodes: 11 Episode length: 562 Return: 1300.0 Normalized Return: 0.074

Steps executed: 56612 Num episodes: 12 Episode length: 573 Return: 1500.0 Normalized Return: 0.105

Steps executed: 56612 Num episodes: 13 Episode length: 573 Return: 1500.0 Normalized Return: 0.105

Steps executed: 56612 Num episodes: 14 Episode length: 573 Return: 1500.0 Normalized Return: 0.105

Steps executed: 56612 Num episodes: 15 Episode length: 573 Return: 1500.0 Normalized Return: 0.105

Steps executed: 62052 Num episodes: 16 Episode length: 637 Return: 1300.0 Normalized Return: 0.074

Steps executed: 62220 Num episodes: 17 Episode length: 639 Return: 1200.0 Normalized Return: 0.059

Steps executed: 78488 Num episodes: 18 Episode length: 835 Return: 1100.0 Normalized Return: 0.044

Steps executed: 78898 Num episodes: 19 Episode length: 840 Return: 2300.0 Normalized Return: 0.226

Steps executed: 79303 Num episodes: 20 Episode length: 845 Return: 2300.0 Normalized Return: 0.226

Steps executed: 82583 Num episodes: 21 Episode length: 886 Return: 2700.0 Normalized Return: 0.287

Steps executed: 83057 Num episodes: 22 Episode length: 892 Return: 2900.0 Normalized Return: 0.318

Steps executed: 83213 Num episodes: 23 Episode length: 894 Return: 2800.0 Normalized Return: 0.302

Steps executed: 84522 Num episodes: 24 Episode length: 911 Return: 2500.0 Normalized Return: 0.257

Steps executed: 84674 Num episodes: 25 Episode length: 913 Return: 2500.0 Normalized Return: 0.257

Steps executed: 84674 Num episodes: 26 Episode length: 913 Return: 2500.0 Normalized Return: 0.257

Steps executed: 84748 Num episodes: 27 Episode length: 914 Return: 2500.0 Normalized Return: 0.257

Steps executed: 84748 Num episodes: 28 Episode length: 914 Return: 2500.0 Normalized Return: 0.257

Steps executed: 84748 Num episodes: 29 Episode length: 914 Return: 2500.0 Normalized Return: 0.257

Steps executed: 84748 Num episodes: 30 Episode length: 914 Return: 2500.0 Normalized Return: 0.257

Steps executed: 84748 Num episodes: 31 Episode length: 914 Return: 2500.0 Normalized Return: 0.257

Steps executed: 84817 Num episodes: 32 Episode length: 915 Return: 2500.0 Normalized Return: 0.257

Steps executed: 84817 Num episodes: 33 Episode length: 915 Return: 2500.0 Normalized Return: 0.257

Steps executed: 84817 Num episodes: 34 Episode length: 915 Return: 2500.0 Normalized Return: 0.257

Steps executed: 84817 Num episodes: 35 Episode length: 915 Return: 2500.0 Normalized Return: 0.257

Steps executed: 84817 Num episodes: 36 Episode length: 915 Return: 2500.0 Normalized Return: 0.257

Steps executed: 84881 Num episodes: 37 Episode length: 916 Return: 2500.0 Normalized Return: 0.257

Steps executed: 84944 Num episodes: 38 Episode length: 917 Return: 2500.0 Normalized Return: 0.257

Steps executed: 84944 Num episodes: 39 Episode length: 917 Return: 2500.0 Normalized Return: 0.257

Steps executed: 85066 Num episodes: 40 Episode length: 919 Return: 2500.0 Normalized Return: 0.257

Steps executed: 85126 Num episodes: 41 Episode length: 920 Return: 2500.0 Normalized Return: 0.257

Steps executed: 85185 Num episodes: 42 Episode length: 921 Return: 2500.0 Normalized Return: 0.257

Steps executed: 85185 Num episodes: 43 Episode length: 921 Return: 2500.0 Normalized Return: 0.257

Steps executed: 85185 Num episodes: 44 Episode length: 921 Return: 2500.0 Normalized Return: 0.257

Steps executed: 85185 Num episodes: 45 Episode length: 921 Return: 2500.0 Normalized Return: 0.257

Steps executed: 85240 Num episodes: 46 Episode length: 922 Return: 2500.0 Normalized Return: 0.257

Steps executed: 85240 Num episodes: 47 Episode length: 922 Return: 2500.0 Normalized Return: 0.257

Steps executed: 85293 Num episodes: 48 Episode length: 923 Return: 2500.0 Normalized Return: 0.257

Steps executed: 85345 Num episodes: 49 Episode length: 924 Return: 2500.0 Normalized Return: 0.257

Steps executed: 85345 Num episodes: 50 Episode length: 924 Return: 2500.0 Normalized Return: 0.257

Steps executed: 85345 Num episodes: 51 Episode length: 924 Return: 2500.0 Normalized Return: 0.257

Steps executed: 85345 Num episodes: 52 Episode length: 924 Return: 2500.0 Normalized Return: 0.257

Steps executed: 85345 Num episodes: 53 Episode length: 924 Return: 2500.0 Normalized Return: 0.257

Steps executed: 85392 Num episodes: 54 Episode length: 925 Return: 2500.0 Normalized Return: 0.257

Steps executed: 85392 Num episodes: 55 Episode length: 925 Return: 2500.0 Normalized Return: 0.257

Steps executed: 85392 Num episodes: 56 Episode length: 925 Return: 2500.0 Normalized Return: 0.257

Steps executed: 85392 Num episodes: 57 Episode length: 925 Return: 2500.0 Normalized Return: 0.257

Steps executed: 85435 Num episodes: 58 Episode length: 926 Return: 2500.0 Normalized Return: 0.257

Steps executed: 85435 Num episodes: 59 Episode length: 926 Return: 2500.0 Normalized Return: 0.257

Steps executed: 85435 Num episodes: 60 Episode length: 926 Return: 2500.0 Normalized Return: 0.257

Steps executed: 85435 Num episodes: 61 Episode length: 926 Return: 2500.0 Normalized Return: 0.257

Steps executed: 85435 Num episodes: 62 Episode length: 926 Return: 2500.0 Normalized Return: 0.257

Steps executed: 85473 Num episodes: 63 Episode length: 927 Return: 2500.0 Normalized Return: 0.257

Steps executed: 85547 Num episodes: 64 Episode length: 929 Return: 2500.0 Normalized Return: 0.257

Steps executed: 85547 Num episodes: 65 Episode length: 929 Return: 2500.0 Normalized Return: 0.257

Steps executed: 85547 Num episodes: 66 Episode length: 929 Return: 2500.0 Normalized Return: 0.257

Steps executed: 85581 Num episodes: 67 Episode length: 930 Return: 2500.0 Normalized Return: 0.257

Steps executed: 85779 Num episodes: 68 Episode length: 936 Return: 2800.0 Normalized Return: 0.302

Steps executed: 86419 Num episodes: 69 Episode length: 956 Return: 2900.0 Normalized Return: 0.318

Steps executed: 87008 Num episodes: 70 Episode length: 975 Return: 3100.0 Normalized Return: 0.348

Steps executed: 87248 Num episodes: 71 Episode length: 983 Return: 3000.0 Normalized Return: 0.333

Steps executed: 89336 Num episodes: 72 Episode length: 1055 Return: 3100.0 Normalized Return: 0.348

Steps executed: 89532 Num episodes: 73 Episode length: 1062 Return: 3300.0 Normalized Return: 0.378

Steps executed: 89559 Num episodes: 74 Episode length: 1063 Return: 2500.0 Normalized Return: 0.257

Steps executed: 89637 Num episodes: 75 Episode length: 1066 Return: 1100.0 Normalized Return: 0.044

Steps executed: 89812 Num episodes: 76 Episode length: 1073 Return: 2100.0 Normalized Return: 0.196

Steps executed: 89812 Num episodes: 77 Episode length: 1073 Return: 2100.0 Normalized Return: 0.196

Steps executed: 89812 Num episodes: 78 Episode length: 1073 Return: 2100.0 Normalized Return: 0.196

Steps executed: 89812 Num episodes: 79 Episode length: 1073 Return: 2100.0 Normalized Return: 0.196

Steps executed: 89812 Num episodes: 80 Episode length: 1073 Return: 2100.0 Normalized Return: 0.196

Steps executed: 89912 Num episodes: 81 Episode length: 1078 Return: 3100.0 Normalized Return: 0.348

Steps executed: 90748 Num episodes: 82 Episode length: 1122 Return: 3300.0 Normalized Return: 0.378

Steps executed: 91954 Num episodes: 83 Episode length: 1189 Return: 3000.0 Normalized Return: 0.333

Steps executed: 92107 Num episodes: 84 Episode length: 1198 Return: 2800.0 Normalized Return: 0.302

Steps executed: 95019 Num episodes: 85 Episode length: 1380 Return: 5800.0 Normalized Return: 0.759

Steps executed: 96324 Num episodes: 86 Episode length: 1467 Return: 5300.0 Normalized Return: 0.683

Steps executed: 97066 Num episodes: 87 Episode length: 1520 Return: 2500.0 Normalized Return: 0.257

Steps executed: 97690 Num episodes: 88 Episode length: 1568 Return: 2400.0 Normalized Return: 0.242

Steps executed: 97810 Num episodes: 89 Episode length: 1578 Return: 5900.0 Normalized Return: 0.774

Steps executed: 98371 Num episodes: 90 Episode length: 1629 Return: 2400.0 Normalized Return: 0.242

Steps executed: 99181 Num episodes: 91 Episode length: 1710 Return: 2600.0 Normalized Return: 0.272

Steps executed: 99253 Num episodes: 92 Episode length: 1718 Return: 7100.0 Normalized Return: 0.956

Steps executed: 99533 Num episodes: 93 Episode length: 1753 Return: 5800.0 Normalized Return: 0.759

Steps executed: 100072 Num episodes: 94 Episode length: 1830 Return: 6500.0 Normalized Return: 0.865

Steps executed: 100882 Num episodes: 95 Episode length: 1965 Return: 1500.0 Normalized Return: 0.105

Steps executed: 101042 Num episodes: 96 Episode length: 1997 Return: 5300.0 Normalized Return: 0.683

Steps executed: 106670 Num episodes: 97 Episode length: 3404 Return: 6200.0 Normalized Return: 0.819

Steps executed: 177458 Num episodes: 98 Episode length: 27000 Return: 1400.0 Normalized Return: 0.09

Steps executed: 177458 Num episodes: 99 Episode length: 27000 Return: 1400.0 Normalized Return: 0.09

Steps executed: 177458 Num episodes: 100 Episode length: 27000 Return: 1400.0 Normalized Return: 0.09
