2024-11-28 23:17:39.641278: I tensorflow/core/platform/cpu_feature_guard.cc:193] This TensorFlow binary is optimized with oneAPI Deep Neural Network Library (oneDNN) to use the following CPU instructions in performance-critical operations:  AVX2 AVX512F AVX512_VNNI AVX512_BF16 AVX_VNNI AMX_TILE AMX_INT8 AMX_BF16 FMA
To enable them in other operations, rebuild TensorFlow with the appropriate compiler flags.
2024-11-28 23:17:39.718135: I tensorflow/core/util/port.cc:104] oneDNN custom operations are on. You may see slightly different numerical results due to floating-point round-off errors from different computation orders. To turn them off, set the environment variable `TF_ENABLE_ONEDNN_OPTS=0`.
2024-11-28 23:17:41.330841: W tensorflow/compiler/xla/stream_executor/platform/default/dso_loader.cc:64] Could not load dynamic library 'libnvinfer.so.7'; dlerror: libnvinfer.so.7: cannot open shared object file: No such file or directory; LD_LIBRARY_PATH: /nfs/nhome/live/rcdavis/.local/miniforge/envs/bbf2/lib/python3.9/site-packages/cv2/../../lib64:/ceph/apps/ubuntu-20/packages/cuda/11.8.0_520.61.05/lib64
2024-11-28 23:17:41.330887: W tensorflow/compiler/xla/stream_executor/platform/default/dso_loader.cc:64] Could not load dynamic library 'libnvinfer_plugin.so.7'; dlerror: libnvinfer_plugin.so.7: cannot open shared object file: No such file or directory; LD_LIBRARY_PATH: /nfs/nhome/live/rcdavis/.local/miniforge/envs/bbf2/lib/python3.9/site-packages/cv2/../../lib64:/ceph/apps/ubuntu-20/packages/cuda/11.8.0_520.61.05/lib64
2024-11-28 23:17:41.330892: W tensorflow/compiler/tf2tensorrt/utils/py_utils.cc:38] TF-TRT Warning: Cannot dlopen some TensorRT libraries. If you would like to use Nvidia GPU with TensorRT, please make sure the missing libraries mentioned above are installed properly.
/nfs/nhome/live/rcdavis/.local/miniforge/envs/bbf2/lib/python3.9/site-packages/gin/tf/__init__.py:48: DeprecationWarning: distutils Version classes are deprecated. Use packaging.version instead.
  if (distutils.version.LooseVersion(tf.__version__) <
2024-11-28 23:17:48.264108: W tensorflow/core/common_runtime/gpu/gpu_device.cc:2027] TensorFlow was not built with CUDA kernel binaries compatible with compute capability 9.0. CUDA kernels will be jit-compiled from PTX, which could take 30 minutes or longer.
I1128 23:17:48.264855 131457591400256 train.py:172] Setting random seed: 1741807286
I1128 23:17:48.352977 131457591400256 train.py:231] Using MaxEpisodeEvalRunner for evaluation.
W1128 23:17:48.353246 131457591400256 run_experiment.py:267] DEPRECATION WARNING: Logger is being deprecated. Please switch to CollectorDispatcher!
A.L.E: Arcade Learning Environment (version 0.7.5+db37282)
[Powered by Stella]
/nfs/nhome/live/rcdavis/.local/miniforge/envs/bbf2/lib/python3.9/site-packages/gym/core.py:317: DeprecationWarning: [33mWARN: Initializing wrapper in old step API which returns one bool instead of two. It is recommended to set `new_step_api=True` to use new step API. This will be the default behaviour in future.[0m
  deprecation(
/nfs/nhome/live/rcdavis/.local/miniforge/envs/bbf2/lib/python3.9/site-packages/gym/wrappers/step_api_compatibility.py:39: DeprecationWarning: [33mWARN: Initializing environment in old step API which returns one bool instead of two. It is recommended to set `new_step_api=True` to use new step API. This will be the default behaviour in future.[0m
  deprecation(
I1128 23:17:48.455185 131457591400256 spr_agent.py:1123] Creating BBFAgent agent with the following parameters:
I1128 23:17:48.455428 131457591400256 spr_agent.py:1127] 	 double_dqn: True
I1128 23:17:48.455457 131457591400256 spr_agent.py:1128] 	 noisy_networks: False
I1128 23:17:48.455479 131457591400256 spr_agent.py:1129] 	 dueling_dqn: True
I1128 23:17:48.455496 131457591400256 spr_agent.py:1130] 	 distributional: True
I1128 23:17:48.455513 131457591400256 spr_agent.py:1131] 	 data_augmentation: True
I1128 23:17:48.455529 131457591400256 spr_agent.py:1132] 	 replay_scheme: prioritized
I1128 23:17:48.455545 131457591400256 spr_agent.py:1133] 	 num_updates_per_train_step: 1
I1128 23:17:48.457670 131457591400256 xla_bridge.py:355] Unable to initialize backend 'tpu_driver': NOT_FOUND: Unable to find driver in registry given worker: 
I1128 23:17:49.347775 131457591400256 xla_bridge.py:355] Unable to initialize backend 'rocm': NOT_FOUND: Could not find registered platform with name: "rocm". Available platform names are: Interpreter Host CUDA
I1128 23:17:49.348096 131457591400256 xla_bridge.py:355] Unable to initialize backend 'tpu': module 'jaxlib.xla_extension' has no attribute 'get_tpu_client'
I1128 23:17:49.348154 131457591400256 xla_bridge.py:355] Unable to initialize backend 'plugin': xla_extension has no attributes named get_plugin_device_client. Compile TensorFlow with //tensorflow/compiler/xla/python:enable_plugin_device set to true (defaults to false) to enable this.
I1128 23:17:50.225311 131457591400256 spr_agent.py:1218] 	 Found following local devices: [StreamExecutorGpuDevice(id=0, process_index=0, slice_index=0)]
I1128 23:17:50.225472 131457591400256 spr_agent.py:1233] 	 Running with dtype <class 'jax.numpy.float32'>
I1128 23:17:50.225572 131457591400256 dqn_agent.py:278] Creating BBFAgent agent with the following parameters:
I1128 23:17:50.225600 131457591400256 dqn_agent.py:280] 	 gamma: 0.997000
I1128 23:17:50.225623 131457591400256 dqn_agent.py:281] 	 update_horizon: 10.000000
I1128 23:17:50.225642 131457591400256 dqn_agent.py:282] 	 min_replay_history: 2000
I1128 23:17:50.225658 131457591400256 dqn_agent.py:283] 	 update_period: 1
I1128 23:17:50.225674 131457591400256 dqn_agent.py:284] 	 target_update_period: 1
I1128 23:17:50.225689 131457591400256 dqn_agent.py:285] 	 epsilon_train: 0.000000
I1128 23:17:50.225704 131457591400256 dqn_agent.py:286] 	 epsilon_eval: 0.001000
I1128 23:17:50.225720 131457591400256 dqn_agent.py:287] 	 epsilon_decay_period: 2001
I1128 23:17:50.225734 131457591400256 dqn_agent.py:288] 	 optimizer: adam
I1128 23:17:50.225748 131457591400256 dqn_agent.py:289] 	 seed: 1741807286
I1128 23:17:50.225763 131457591400256 dqn_agent.py:290] 	 loss_type: mse
I1128 23:17:50.225777 131457591400256 dqn_agent.py:291] 	 preprocess_fn: None
I1128 23:17:50.424313 131457591400256 subsequence_replay_buffer.py:159] Creating a PrioritizedJaxSubsequenceParallelEnvReplayBuffer replay memory with the following parameters:
I1128 23:17:50.424448 131457591400256 subsequence_replay_buffer.py:161] 	 observation_shape: (84, 84)
I1128 23:17:50.424478 131457591400256 subsequence_replay_buffer.py:162] 	 observation_dtype: <class 'jax.numpy.uint8'>
I1128 23:17:50.424501 131457591400256 subsequence_replay_buffer.py:163] 	 terminal_dtype: <class 'numpy.uint8'>
I1128 23:17:50.424519 131457591400256 subsequence_replay_buffer.py:164] 	 stack_size: 4
I1128 23:17:50.424537 131457591400256 subsequence_replay_buffer.py:165] 	 use_next_state: 1
I1128 23:17:50.424553 131457591400256 subsequence_replay_buffer.py:166] 	 replay_capacity: 200000
I1128 23:17:50.424569 131457591400256 subsequence_replay_buffer.py:167] 	 batch_size: 32
I1128 23:17:50.424583 131457591400256 subsequence_replay_buffer.py:168] 	 update_horizon: 10
I1128 23:17:50.424598 131457591400256 subsequence_replay_buffer.py:169] 	 gamma: 0.997000
I1128 23:17:53.315059 131457591400256 spr_networks.py:821] Spatial latent shape: (11, 11, 128)
I1128 23:17:53.326659 131457591400256 spr_networks.py:828] Flattened representation shape: (15488,)
I1128 23:17:54.735317 131457591400256 spr_networks.py:821] Spatial latent shape: (5, 11, 11, 128)
I1128 23:17:54.748084 131457591400256 spr_networks.py:828] Flattened representation shape: (5, 15488)
I1128 23:17:55.299039 131457591400256 spr_agent.py:933] Creating AdamW optimizer with settings lr=0.000100, beta1=0.900000, beta2=0.999000, eps=0.000150, wd=0.100000
I1128 23:17:55.299247 131457591400256 spr_agent.py:933] Creating AdamW optimizer with settings lr=0.000100, beta1=0.900000, beta2=0.999000, eps=0.000150, wd=0.100000
I1128 23:17:55.737886 131457591400256 spr_agent.py:1366] 	 Operating with 1 environments, batch size 32 and replay ratio 64
I1128 23:17:55.738009 131457591400256 spr_agent.py:1374] 	 Calculated 2 updates per update phase
I1128 23:17:55.738044 131457591400256 spr_agent.py:1378] 	 Calculated update frequency of 1 step
I1128 23:17:55.738066 131457591400256 spr_agent.py:1383] 	 Setting min_replay_history to 2000.0 from 2000
I1128 23:17:55.738086 131457591400256 spr_agent.py:1388] 	 Setting epsilon_decay_period to 2001.0 from 2001
I1128 23:17:55.738110 131457591400256 spr_agent.py:1401] 	 Running 1 groups of 2 batches per 1 env step
I1128 23:17:55.741679 131457591400256 eval_run_experiment.py:204] Num evaluation episodes: 100
/nfs/nhome/live/rcdavis/.local/miniforge/envs/bbf2/lib/python3.9/site-packages/gym/utils/passive_env_checker.py:227: DeprecationWarning: [33mWARN: Core environment is written in old step API which returns one bool instead of two. It is recommended to rewrite the environment with new step API. [0m
  logger.deprecation(
I1128 23:17:55.948744 131457591400256 eval_run_experiment.py:622] Beginning training...
I1128 23:17:55.948873 131457591400256 eval_run_experiment.py:553] Starting iteration 0
I1128 23:17:56.082423 131457591400256 spr_networks.py:821] Spatial latent shape: (11, 11, 128)
I1128 23:17:56.082678 131457591400256 spr_networks.py:828] Flattened representation shape: (15488,)
I1128 23:18:00.977487 131457591400256 spr_networks.py:821] Spatial latent shape: (11, 11, 128)
I1128 23:18:00.977859 131457591400256 spr_networks.py:828] Flattened representation shape: (15488,)
I1128 23:18:01.123382 131457591400256 spr_networks.py:821] Spatial latent shape: (11, 11, 128)
I1128 23:18:01.123636 131457591400256 spr_networks.py:828] Flattened representation shape: (15488,)
I1128 23:18:01.303533 131457591400256 spr_networks.py:821] Spatial latent shape: (11, 11, 128)
I1128 23:18:01.303856 131457591400256 spr_networks.py:828] Flattened representation shape: (15488,)
I1128 23:18:01.469881 131457591400256 spr_networks.py:821] Spatial latent shape: (11, 11, 128)
I1128 23:18:01.470188 131457591400256 spr_networks.py:828] Flattened representation shape: (15488,)
I1128 23:18:01.561702 131457591400256 spr_networks.py:821] Spatial latent shape: (5, 11, 11, 128)
I1128 23:18:01.562200 131457591400256 spr_networks.py:828] Flattened representation shape: (5, 15488)
I1128 23:18:15.296118 131457591400256 spr_networks.py:821] Spatial latent shape: (11, 11, 128)
I1128 23:18:15.296387 131457591400256 spr_networks.py:828] Flattened representation shape: (15488,)
I1128 23:32:10.192349 131457591400256 spr_agent.py:1473] 	 Resetting weights at step 20002.
I1128 23:32:10.300517 131457591400256 spr_networks.py:821] Spatial latent shape: (11, 11, 128)
I1128 23:32:10.300723 131457591400256 spr_networks.py:828] Flattened representation shape: (15488,)
I1128 23:32:10.354221 131457591400256 spr_networks.py:821] Spatial latent shape: (5, 11, 11, 128)
I1128 23:32:10.354458 131457591400256 spr_networks.py:828] Flattened representation shape: (5, 15488)
I1128 23:32:10.467325 131457591400256 spr_networks.py:821] Spatial latent shape: (11, 11, 128)
I1128 23:32:10.467531 131457591400256 spr_networks.py:828] Flattened representation shape: (15488,)
I1128 23:32:10.520774 131457591400256 spr_networks.py:821] Spatial latent shape: (5, 11, 11, 128)
I1128 23:32:10.521009 131457591400256 spr_networks.py:828] Flattened representation shape: (5, 15488)
I1128 23:32:11.993725 131457591400256 spr_agent.py:1537] Running 0 gradient steps after reset
I1128 23:47:40.497442 131457591400256 spr_agent.py:1473] 	 Resetting weights at step 40003.
I1128 23:47:40.503577 131457591400256 spr_agent.py:1537] Running 0 gradient steps after reset
I1129 00:03:09.916926 131457591400256 spr_agent.py:1473] 	 Resetting weights at step 60004.
I1129 00:03:09.923023 131457591400256 spr_agent.py:1537] Running 0 gradient steps after reset
I1129 00:18:39.865135 131457591400256 spr_agent.py:1466] 	 Not resetting at step 80005, as need at least 20000 before 100000 to recover.
I1129 00:34:08.229694 131457591400256 eval_run_experiment.py:493] Average undiscounted return per training episode: 3000.50
I1129 00:34:08.229936 131457591400256 eval_run_experiment.py:496] Average normalized return per training episode: 0.35
I1129 00:34:08.229971 131457591400256 eval_run_experiment.py:499] Average training steps per second: 19.94
I1129 00:34:19.201418 131457591400256 spr_networks.py:821] Spatial latent shape: (11, 11, 128)
I1129 00:34:19.201713 131457591400256 spr_networks.py:828] Flattened representation shape: (15488,)
I1129 00:35:20.714443 131457591400256 spr_networks.py:821] Spatial latent shape: (11, 11, 128)
I1129 00:35:20.715456 131457591400256 spr_networks.py:828] Flattened representation shape: (15488,)
I1129 00:36:12.759913 131457591400256 spr_networks.py:821] Spatial latent shape: (11, 11, 128)
I1129 00:36:12.760313 131457591400256 spr_networks.py:828] Flattened representation shape: (15488,)
I1129 00:38:18.047782 131457591400256 spr_networks.py:821] Spatial latent shape: (11, 11, 128)
I1129 00:38:18.048068 131457591400256 spr_networks.py:828] Flattened representation shape: (15488,)
I1129 00:38:58.741802 131457591400256 spr_networks.py:821] Spatial latent shape: (11, 11, 128)
I1129 00:38:58.742190 131457591400256 spr_networks.py:828] Flattened representation shape: (15488,)
I1129 00:39:40.419983 131457591400256 spr_networks.py:821] Spatial latent shape: (11, 11, 128)
I1129 00:39:40.420373 131457591400256 spr_networks.py:828] Flattened representation shape: (15488,)
I1129 00:42:13.199298 131457591400256 spr_networks.py:821] Spatial latent shape: (11, 11, 128)
I1129 00:42:13.199696 131457591400256 spr_networks.py:828] Flattened representation shape: (15488,)
I1129 00:49:23.933093 131457591400256 spr_networks.py:821] Spatial latent shape: (11, 11, 128)
I1129 00:49:23.934265 131457591400256 spr_networks.py:828] Flattened representation shape: (15488,)
I1129 00:58:56.998305 131457591400256 spr_networks.py:821] Spatial latent shape: (11, 11, 128)
I1129 00:58:56.999206 131457591400256 spr_networks.py:828] Flattened representation shape: (15488,)
I1129 01:00:16.598450 131457591400256 eval_run_experiment.py:537] Average undiscounted return per evaluation episode: 5684.30
I1129 01:00:16.599411 131457591400256 eval_run_experiment.py:544] Average normalized return per evaluation episode: 0.76
/nfs/nhome/live/rcdavis/bbf_UPER/bbf/replay_memory/subsequence_replay_buffer.py:781: FutureWarning: GzipFile was opened for writing, but this will change in future Python releases.  Specify the mode argument for opening it for writing.
  with gzip.GzipFile(fileobj=f) as outfile:
