Fri Nov 29 01:57:34 2024       
+-----------------------------------------------------------------------------------------+
| NVIDIA-SMI 560.35.03              Driver Version: 560.35.03      CUDA Version: 12.6     |
|-----------------------------------------+------------------------+----------------------+
| GPU  Name                 Persistence-M | Bus-Id          Disp.A | Volatile Uncorr. ECC |
| Fan  Temp   Perf          Pwr:Usage/Cap |           Memory-Usage | GPU-Util  Compute M. |
|                                         |                        |               MIG M. |
|=========================================+========================+======================|
|   0  NVIDIA H100 80GB HBM3          Off |   00000001:4E:00.0 Off |                    0 |
| N/A   39C    P0            131W /  700W |       1MiB /  81559MiB |     20%      Default |
|                                         |                        |             Disabled |
+-----------------------------------------+------------------------+----------------------+
                                                                                         
+-----------------------------------------------------------------------------------------+
| Processes:                                                                              |
|  GPU   GI   CI        PID   Type   Process name                              GPU Memory |
|        ID   ID                                                               Usage      |
|=========================================================================================|
|  No running processes found                                                             |
+-----------------------------------------------------------------------------------------+
gpu
Got gin bindings:
[]
Sanitized gin bindings to:
[]
Found devices [StreamExecutorGpuDevice(id=0, process_index=0, slice_index=0)]

Steps executed: 1794 Num episodes: 1 Episode length: 1794 Return: 616.0 Normalized Return: 0.015

Steps executed: 3297 Num episodes: 2 Episode length: 1503 Return: 308.0 Normalized Return: -0.003

Steps executed: 6247 Num episodes: 3 Episode length: 2950 Return: 660.0 Normalized Return: 0.018

Steps executed: 7519 Num episodes: 4 Episode length: 1272 Return: 616.0 Normalized Return: 0.015

Steps executed: 8579 Num episodes: 5 Episode length: 1060 Return: 132.0 Normalized Return: -0.014

Steps executed: 9631 Num episodes: 6 Episode length: 1052 Return: 484.0 Normalized Return: 0.007

Steps executed: 12892 Num episodes: 7 Episode length: 3261 Return: 708.0 Normalized Return: 0.021

Steps executed: 14311 Num episodes: 8 Episode length: 1419 Return: 616.0 Normalized Return: 0.015

Steps executed: 16342 Num episodes: 9 Episode length: 2031 Return: 660.0 Normalized Return: 0.018

Steps executed: 18033 Num episodes: 10 Episode length: 1691 Return: 660.0 Normalized Return: 0.018

Steps executed: 21147 Num episodes: 11 Episode length: 3114 Return: 948.0 Normalized Return: 0.035

Steps executed: 23141 Num episodes: 12 Episode length: 1994 Return: 1848.0 Normalized Return: 0.09

Steps executed: 25244 Num episodes: 13 Episode length: 2103 Return: 804.0 Normalized Return: 0.027

Steps executed: 26707 Num episodes: 14 Episode length: 1463 Return: 660.0 Normalized Return: 0.018

Steps executed: 28929 Num episodes: 15 Episode length: 2222 Return: 1332.0 Normalized Return: 0.058

Steps executed: 33318 Num episodes: 16 Episode length: 4389 Return: 3252.0 Normalized Return: 0.174

Steps executed: 34798 Num episodes: 17 Episode length: 1480 Return: 1092.0 Normalized Return: 0.044

Steps executed: 40178 Num episodes: 18 Episode length: 5380 Return: 4290.0 Normalized Return: 0.237

Steps executed: 41858 Num episodes: 19 Episode length: 1680 Return: 572.0 Normalized Return: 0.013

Steps executed: 43595 Num episodes: 20 Episode length: 1737 Return: 1140.0 Normalized Return: 0.047

Steps executed: 45847 Num episodes: 21 Episode length: 2252 Return: 1796.0 Normalized Return: 0.086

Steps executed: 49304 Num episodes: 22 Episode length: 3457 Return: 3900.0 Normalized Return: 0.213

Steps executed: 53877 Num episodes: 23 Episode length: 4573 Return: 6656.0 Normalized Return: 0.38

Steps executed: 58927 Num episodes: 24 Episode length: 5050 Return: 5698.0 Normalized Return: 0.322

Steps executed: 60963 Num episodes: 25 Episode length: 2036 Return: 1332.0 Normalized Return: 0.058

Steps executed: 62827 Num episodes: 26 Episode length: 1864 Return: 1332.0 Normalized Return: 0.058

Steps executed: 64849 Num episodes: 27 Episode length: 2022 Return: 2004.0 Normalized Return: 0.099

Steps executed: 68864 Num episodes: 28 Episode length: 4015 Return: 4770.0 Normalized Return: 0.266

Steps executed: 73207 Num episodes: 29 Episode length: 4343 Return: 4028.0 Normalized Return: 0.221

Steps executed: 76361 Num episodes: 30 Episode length: 3154 Return: 2384.0 Normalized Return: 0.122

Steps executed: 81425 Num episodes: 31 Episode length: 5064 Return: 6648.0 Normalized Return: 0.379

Steps executed: 89661 Num episodes: 32 Episode length: 8236 Return: 11070.0 Normalized Return: 0.646

Steps executed: 96130 Num episodes: 33 Episode length: 6469 Return: 8754.0 Normalized Return: 0.507

Steps executed: 393600 Num episodes: 1 Episode length: 3936 Return: 5702.0 Normalized Return: 0.322

Steps executed: 407955 Num episodes: 2 Episode length: 4081 Return: 6794.0 Normalized Return: 0.388

Steps executed: 408151 Num episodes: 3 Episode length: 4083 Return: 6794.0 Normalized Return: 0.388

Steps executed: 408539 Num episodes: 4 Episode length: 4087 Return: 6794.0 Normalized Return: 0.388

Steps executed: 410555 Num episodes: 5 Episode length: 4108 Return: 5702.0 Normalized Return: 0.322

Steps executed: 410745 Num episodes: 6 Episode length: 4110 Return: 5830.0 Normalized Return: 0.33

Steps executed: 411215 Num episodes: 7 Episode length: 4115 Return: 5830.0 Normalized Return: 0.33

Steps executed: 442556 Num episodes: 8 Episode length: 4452 Return: 5662.0 Normalized Return: 0.32

Steps executed: 443936 Num episodes: 9 Episode length: 4467 Return: 6286.0 Normalized Return: 0.358

Steps executed: 444755 Num episodes: 10 Episode length: 4476 Return: 6596.0 Normalized Return: 0.376

Steps executed: 467705 Num episodes: 11 Episode length: 4731 Return: 5718.0 Normalized Return: 0.323

Steps executed: 475626 Num episodes: 12 Episode length: 4820 Return: 7064.0 Normalized Return: 0.405

Steps executed: 477122 Num episodes: 13 Episode length: 4837 Return: 6118.0 Normalized Return: 0.347

Steps executed: 492086 Num episodes: 14 Episode length: 5009 Return: 8632.0 Normalized Return: 0.499

Steps executed: 492516 Num episodes: 15 Episode length: 5014 Return: 7086.0 Normalized Return: 0.406

Steps executed: 496086 Num episodes: 16 Episode length: 5056 Return: 8092.0 Normalized Return: 0.467

Steps executed: 497094 Num episodes: 17 Episode length: 5068 Return: 7008.0 Normalized Return: 0.401

Steps executed: 516848 Num episodes: 18 Episode length: 5306 Return: 6546.0 Normalized Return: 0.373

Steps executed: 520456 Num episodes: 19 Episode length: 5350 Return: 8334.0 Normalized Return: 0.481

Steps executed: 520456 Num episodes: 20 Episode length: 5350 Return: 8334.0 Normalized Return: 0.481

Steps executed: 520456 Num episodes: 21 Episode length: 5350 Return: 8334.0 Normalized Return: 0.481

Steps executed: 520535 Num episodes: 22 Episode length: 5351 Return: 8334.0 Normalized Return: 0.481

Steps executed: 520535 Num episodes: 23 Episode length: 5351 Return: 8334.0 Normalized Return: 0.481

Steps executed: 520612 Num episodes: 24 Episode length: 5352 Return: 8334.0 Normalized Return: 0.481

Steps executed: 520688 Num episodes: 25 Episode length: 5353 Return: 8334.0 Normalized Return: 0.481

Steps executed: 520688 Num episodes: 26 Episode length: 5353 Return: 8334.0 Normalized Return: 0.481

Steps executed: 520762 Num episodes: 27 Episode length: 5354 Return: 8334.0 Normalized Return: 0.481

Steps executed: 520835 Num episodes: 28 Episode length: 5355 Return: 8334.0 Normalized Return: 0.481

Steps executed: 520835 Num episodes: 29 Episode length: 5355 Return: 8334.0 Normalized Return: 0.481

Steps executed: 520906 Num episodes: 30 Episode length: 5356 Return: 8334.0 Normalized Return: 0.481

Steps executed: 520976 Num episodes: 31 Episode length: 5357 Return: 8334.0 Normalized Return: 0.481

Steps executed: 520976 Num episodes: 32 Episode length: 5357 Return: 8334.0 Normalized Return: 0.481

Steps executed: 520976 Num episodes: 33 Episode length: 5357 Return: 8334.0 Normalized Return: 0.481

Steps executed: 521110 Num episodes: 34 Episode length: 5359 Return: 8334.0 Normalized Return: 0.481

Steps executed: 521110 Num episodes: 35 Episode length: 5359 Return: 8334.0 Normalized Return: 0.481

Steps executed: 521175 Num episodes: 36 Episode length: 5360 Return: 8334.0 Normalized Return: 0.481

Steps executed: 521239 Num episodes: 37 Episode length: 5361 Return: 8334.0 Normalized Return: 0.481

Steps executed: 521239 Num episodes: 38 Episode length: 5361 Return: 8334.0 Normalized Return: 0.481

Steps executed: 521239 Num episodes: 39 Episode length: 5361 Return: 8334.0 Normalized Return: 0.481

Steps executed: 521361 Num episodes: 40 Episode length: 5363 Return: 8334.0 Normalized Return: 0.481

Steps executed: 521421 Num episodes: 41 Episode length: 5364 Return: 8334.0 Normalized Return: 0.481

Steps executed: 521421 Num episodes: 42 Episode length: 5364 Return: 8334.0 Normalized Return: 0.481

Steps executed: 521479 Num episodes: 43 Episode length: 5365 Return: 8334.0 Normalized Return: 0.481

Steps executed: 521479 Num episodes: 44 Episode length: 5365 Return: 8334.0 Normalized Return: 0.481

Steps executed: 521479 Num episodes: 45 Episode length: 5365 Return: 8334.0 Normalized Return: 0.481

Steps executed: 521534 Num episodes: 46 Episode length: 5366 Return: 8334.0 Normalized Return: 0.481

Steps executed: 521534 Num episodes: 47 Episode length: 5366 Return: 8334.0 Normalized Return: 0.481

Steps executed: 521534 Num episodes: 48 Episode length: 5366 Return: 8334.0 Normalized Return: 0.481

Steps executed: 521638 Num episodes: 49 Episode length: 5368 Return: 8334.0 Normalized Return: 0.481

Steps executed: 521638 Num episodes: 50 Episode length: 5368 Return: 8334.0 Normalized Return: 0.481

Steps executed: 521688 Num episodes: 51 Episode length: 5369 Return: 8334.0 Normalized Return: 0.481

Steps executed: 521688 Num episodes: 52 Episode length: 5369 Return: 8334.0 Normalized Return: 0.481

Steps executed: 521736 Num episodes: 53 Episode length: 5370 Return: 8334.0 Normalized Return: 0.481

Steps executed: 521783 Num episodes: 54 Episode length: 5371 Return: 8334.0 Normalized Return: 0.481

Steps executed: 521783 Num episodes: 55 Episode length: 5371 Return: 8334.0 Normalized Return: 0.481

Steps executed: 521783 Num episodes: 56 Episode length: 5371 Return: 8334.0 Normalized Return: 0.481

Steps executed: 521827 Num episodes: 57 Episode length: 5372 Return: 8334.0 Normalized Return: 0.481

Steps executed: 521827 Num episodes: 58 Episode length: 5372 Return: 8334.0 Normalized Return: 0.481

Steps executed: 521827 Num episodes: 59 Episode length: 5372 Return: 8334.0 Normalized Return: 0.481

Steps executed: 521909 Num episodes: 60 Episode length: 5374 Return: 7290.0 Normalized Return: 0.418

Steps executed: 521949 Num episodes: 61 Episode length: 5375 Return: 8334.0 Normalized Return: 0.481

Steps executed: 521988 Num episodes: 62 Episode length: 5376 Return: 8334.0 Normalized Return: 0.481

Steps executed: 522026 Num episodes: 63 Episode length: 5377 Return: 8334.0 Normalized Return: 0.481

Steps executed: 522026 Num episodes: 64 Episode length: 5377 Return: 8334.0 Normalized Return: 0.481

Steps executed: 522026 Num episodes: 65 Episode length: 5377 Return: 8334.0 Normalized Return: 0.481

Steps executed: 522061 Num episodes: 66 Episode length: 5378 Return: 8334.0 Normalized Return: 0.481

Steps executed: 522503 Num episodes: 67 Episode length: 5391 Return: 8334.0 Normalized Return: 0.481

Steps executed: 523394 Num episodes: 68 Episode length: 5418 Return: 7612.0 Normalized Return: 0.438

Steps executed: 526274 Num episodes: 69 Episode length: 5508 Return: 8730.0 Normalized Return: 0.505

Steps executed: 529343 Num episodes: 70 Episode length: 5607 Return: 8418.0 Normalized Return: 0.486

Steps executed: 530123 Num episodes: 71 Episode length: 5633 Return: 8414.0 Normalized Return: 0.486

Steps executed: 533893 Num episodes: 72 Episode length: 5763 Return: 8040.0 Normalized Return: 0.463

Steps executed: 534845 Num episodes: 73 Episode length: 5797 Return: 8172.0 Normalized Return: 0.471

Steps executed: 534926 Num episodes: 74 Episode length: 5800 Return: 8286.0 Normalized Return: 0.478

Steps executed: 536226 Num episodes: 75 Episode length: 5850 Return: 8790.0 Normalized Return: 0.509

Steps executed: 536226 Num episodes: 76 Episode length: 5850 Return: 9054.0 Normalized Return: 0.525

Steps executed: 536586 Num episodes: 77 Episode length: 5865 Return: 7950.0 Normalized Return: 0.458

Steps executed: 542152 Num episodes: 78 Episode length: 6107 Return: 8896.0 Normalized Return: 0.515

Steps executed: 542284 Num episodes: 79 Episode length: 6113 Return: 8082.0 Normalized Return: 0.466

Steps executed: 548857 Num episodes: 80 Episode length: 6426 Return: 8988.0 Normalized Return: 0.521

Steps executed: 549237 Num episodes: 81 Episode length: 6445 Return: 9990.0 Normalized Return: 0.581

Steps executed: 551631 Num episodes: 82 Episode length: 6571 Return: 8432.0 Normalized Return: 0.487

Steps executed: 551937 Num episodes: 83 Episode length: 6588 Return: 11864.0 Normalized Return: 0.694

Steps executed: 557649 Num episodes: 84 Episode length: 6924 Return: 10550.0 Normalized Return: 0.615

Steps executed: 557857 Num episodes: 85 Episode length: 6937 Return: 10220.0 Normalized Return: 0.595

Steps executed: 559642 Num episodes: 86 Episode length: 7056 Return: 11790.0 Normalized Return: 0.69

Steps executed: 559712 Num episodes: 87 Episode length: 7061 Return: 12630.0 Normalized Return: 0.741

Steps executed: 560284 Num episodes: 88 Episode length: 7105 Return: 12790.0 Normalized Return: 0.75

Steps executed: 560428 Num episodes: 89 Episode length: 7117 Return: 12790.0 Normalized Return: 0.75

Steps executed: 560923 Num episodes: 90 Episode length: 7162 Return: 11270.0 Normalized Return: 0.658

Steps executed: 561193 Num episodes: 91 Episode length: 7189 Return: 12690.0 Normalized Return: 0.744

Steps executed: 561706 Num episodes: 92 Episode length: 7246 Return: 13870.0 Normalized Return: 0.815

Steps executed: 562722 Num episodes: 93 Episode length: 7373 Return: 11290.0 Normalized Return: 0.66

Steps executed: 562988 Num episodes: 94 Episode length: 7411 Return: 11924.0 Normalized Return: 0.698

Steps executed: 563204 Num episodes: 95 Episode length: 7447 Return: 11920.0 Normalized Return: 0.698

Steps executed: 563229 Num episodes: 96 Episode length: 7452 Return: 11190.0 Normalized Return: 0.654

Steps executed: 563537 Num episodes: 97 Episode length: 7529 Return: 12350.0 Normalized Return: 0.724

Steps executed: 563711 Num episodes: 98 Episode length: 7587 Return: 11960.0 Normalized Return: 0.7

Steps executed: 563813 Num episodes: 99 Episode length: 7638 Return: 13570.0 Normalized Return: 0.797

Steps executed: 564253 Num episodes: 100 Episode length: 8078 Return: 14052.0 Normalized Return: 0.826
