2024-11-29 01:57:15.992331: I tensorflow/core/platform/cpu_feature_guard.cc:193] This TensorFlow binary is optimized with oneAPI Deep Neural Network Library (oneDNN) to use the following CPU instructions in performance-critical operations:  AVX2 AVX512F AVX512_VNNI AVX512_BF16 AVX_VNNI AMX_TILE AMX_INT8 AMX_BF16 FMA
To enable them in other operations, rebuild TensorFlow with the appropriate compiler flags.
2024-11-29 01:57:16.135755: I tensorflow/core/util/port.cc:104] oneDNN custom operations are on. You may see slightly different numerical results due to floating-point round-off errors from different computation orders. To turn them off, set the environment variable `TF_ENABLE_ONEDNN_OPTS=0`.
2024-11-29 01:57:17.234403: W tensorflow/compiler/xla/stream_executor/platform/default/dso_loader.cc:64] Could not load dynamic library 'libnvinfer.so.7'; dlerror: libnvinfer.so.7: cannot open shared object file: No such file or directory; LD_LIBRARY_PATH: /nfs/nhome/live/rcdavis/.local/miniforge/envs/bbf2/lib/python3.9/site-packages/cv2/../../lib64:/ceph/apps/ubuntu-20/packages/cuda/11.8.0_520.61.05/lib64
2024-11-29 01:57:17.234468: W tensorflow/compiler/xla/stream_executor/platform/default/dso_loader.cc:64] Could not load dynamic library 'libnvinfer_plugin.so.7'; dlerror: libnvinfer_plugin.so.7: cannot open shared object file: No such file or directory; LD_LIBRARY_PATH: /nfs/nhome/live/rcdavis/.local/miniforge/envs/bbf2/lib/python3.9/site-packages/cv2/../../lib64:/ceph/apps/ubuntu-20/packages/cuda/11.8.0_520.61.05/lib64
2024-11-29 01:57:17.234474: W tensorflow/compiler/tf2tensorrt/utils/py_utils.cc:38] TF-TRT Warning: Cannot dlopen some TensorRT libraries. If you would like to use Nvidia GPU with TensorRT, please make sure the missing libraries mentioned above are installed properly.
/nfs/nhome/live/rcdavis/.local/miniforge/envs/bbf2/lib/python3.9/site-packages/gin/tf/__init__.py:48: DeprecationWarning: distutils Version classes are deprecated. Use packaging.version instead.
  if (distutils.version.LooseVersion(tf.__version__) <
2024-11-29 01:57:21.469692: W tensorflow/core/common_runtime/gpu/gpu_device.cc:2027] TensorFlow was not built with CUDA kernel binaries compatible with compute capability 9.0. CUDA kernels will be jit-compiled from PTX, which could take 30 minutes or longer.
I1129 01:57:21.471208 133033675261760 train.py:172] Setting random seed: 837106420
I1129 01:57:21.588539 133033675261760 train.py:231] Using MaxEpisodeEvalRunner for evaluation.
W1129 01:57:21.588724 133033675261760 run_experiment.py:267] DEPRECATION WARNING: Logger is being deprecated. Please switch to CollectorDispatcher!
A.L.E: Arcade Learning Environment (version 0.7.5+db37282)
[Powered by Stella]
/nfs/nhome/live/rcdavis/.local/miniforge/envs/bbf2/lib/python3.9/site-packages/gym/core.py:317: DeprecationWarning: [33mWARN: Initializing wrapper in old step API which returns one bool instead of two. It is recommended to set `new_step_api=True` to use new step API. This will be the default behaviour in future.[0m
  deprecation(
/nfs/nhome/live/rcdavis/.local/miniforge/envs/bbf2/lib/python3.9/site-packages/gym/wrappers/step_api_compatibility.py:39: DeprecationWarning: [33mWARN: Initializing environment in old step API which returns one bool instead of two. It is recommended to set `new_step_api=True` to use new step API. This will be the default behaviour in future.[0m
  deprecation(
I1129 01:57:21.692110 133033675261760 spr_agent.py:1123] Creating BBFAgent agent with the following parameters:
I1129 01:57:21.692367 133033675261760 spr_agent.py:1127] 	 double_dqn: True
I1129 01:57:21.692400 133033675261760 spr_agent.py:1128] 	 noisy_networks: False
I1129 01:57:21.692421 133033675261760 spr_agent.py:1129] 	 dueling_dqn: True
I1129 01:57:21.692440 133033675261760 spr_agent.py:1130] 	 distributional: True
I1129 01:57:21.692456 133033675261760 spr_agent.py:1131] 	 data_augmentation: True
I1129 01:57:21.692472 133033675261760 spr_agent.py:1132] 	 replay_scheme: prioritized
I1129 01:57:21.692487 133033675261760 spr_agent.py:1133] 	 num_updates_per_train_step: 1
I1129 01:57:21.694264 133033675261760 xla_bridge.py:355] Unable to initialize backend 'tpu_driver': NOT_FOUND: Unable to find driver in registry given worker: 
I1129 01:57:21.846557 133033675261760 xla_bridge.py:355] Unable to initialize backend 'rocm': NOT_FOUND: Could not find registered platform with name: "rocm". Available platform names are: CUDA Host Interpreter
I1129 01:57:21.846848 133033675261760 xla_bridge.py:355] Unable to initialize backend 'tpu': module 'jaxlib.xla_extension' has no attribute 'get_tpu_client'
I1129 01:57:21.846906 133033675261760 xla_bridge.py:355] Unable to initialize backend 'plugin': xla_extension has no attributes named get_plugin_device_client. Compile TensorFlow with //tensorflow/compiler/xla/python:enable_plugin_device set to true (defaults to false) to enable this.
I1129 01:57:22.737360 133033675261760 spr_agent.py:1218] 	 Found following local devices: [StreamExecutorGpuDevice(id=0, process_index=0, slice_index=0)]
I1129 01:57:22.737524 133033675261760 spr_agent.py:1233] 	 Running with dtype <class 'jax.numpy.float32'>
I1129 01:57:22.737614 133033675261760 dqn_agent.py:278] Creating BBFAgent agent with the following parameters:
I1129 01:57:22.737642 133033675261760 dqn_agent.py:280] 	 gamma: 0.997000
I1129 01:57:22.737664 133033675261760 dqn_agent.py:281] 	 update_horizon: 10.000000
I1129 01:57:22.737684 133033675261760 dqn_agent.py:282] 	 min_replay_history: 2000
I1129 01:57:22.737701 133033675261760 dqn_agent.py:283] 	 update_period: 1
I1129 01:57:22.737718 133033675261760 dqn_agent.py:284] 	 target_update_period: 1
I1129 01:57:22.737733 133033675261760 dqn_agent.py:285] 	 epsilon_train: 0.000000
I1129 01:57:22.737748 133033675261760 dqn_agent.py:286] 	 epsilon_eval: 0.001000
I1129 01:57:22.737763 133033675261760 dqn_agent.py:287] 	 epsilon_decay_period: 2001
I1129 01:57:22.737778 133033675261760 dqn_agent.py:288] 	 optimizer: adam
I1129 01:57:22.737792 133033675261760 dqn_agent.py:289] 	 seed: 837106420
I1129 01:57:22.737806 133033675261760 dqn_agent.py:290] 	 loss_type: mse
I1129 01:57:22.737820 133033675261760 dqn_agent.py:291] 	 preprocess_fn: None
I1129 01:57:22.948269 133033675261760 subsequence_replay_buffer.py:159] Creating a PrioritizedJaxSubsequenceParallelEnvReplayBuffer replay memory with the following parameters:
I1129 01:57:22.948410 133033675261760 subsequence_replay_buffer.py:161] 	 observation_shape: (84, 84)
I1129 01:57:22.948441 133033675261760 subsequence_replay_buffer.py:162] 	 observation_dtype: <class 'jax.numpy.uint8'>
I1129 01:57:22.948464 133033675261760 subsequence_replay_buffer.py:163] 	 terminal_dtype: <class 'numpy.uint8'>
I1129 01:57:22.948482 133033675261760 subsequence_replay_buffer.py:164] 	 stack_size: 4
I1129 01:57:22.948500 133033675261760 subsequence_replay_buffer.py:165] 	 use_next_state: 1
I1129 01:57:22.948518 133033675261760 subsequence_replay_buffer.py:166] 	 replay_capacity: 200000
I1129 01:57:22.948534 133033675261760 subsequence_replay_buffer.py:167] 	 batch_size: 32
I1129 01:57:22.948550 133033675261760 subsequence_replay_buffer.py:168] 	 update_horizon: 10
I1129 01:57:22.948565 133033675261760 subsequence_replay_buffer.py:169] 	 gamma: 0.997000
I1129 01:57:25.905673 133033675261760 spr_networks.py:821] Spatial latent shape: (11, 11, 128)
I1129 01:57:25.918301 133033675261760 spr_networks.py:828] Flattened representation shape: (15488,)
I1129 01:57:27.375519 133033675261760 spr_networks.py:821] Spatial latent shape: (5, 11, 11, 128)
I1129 01:57:27.389471 133033675261760 spr_networks.py:828] Flattened representation shape: (5, 15488)
I1129 01:57:27.981653 133033675261760 spr_agent.py:933] Creating AdamW optimizer with settings lr=0.000100, beta1=0.900000, beta2=0.999000, eps=0.000150, wd=0.100000
I1129 01:57:27.981902 133033675261760 spr_agent.py:933] Creating AdamW optimizer with settings lr=0.000100, beta1=0.900000, beta2=0.999000, eps=0.000150, wd=0.100000
I1129 01:57:28.495986 133033675261760 spr_agent.py:1366] 	 Operating with 1 environments, batch size 32 and replay ratio 64
I1129 01:57:28.496119 133033675261760 spr_agent.py:1374] 	 Calculated 2 updates per update phase
I1129 01:57:28.496156 133033675261760 spr_agent.py:1378] 	 Calculated update frequency of 1 step
I1129 01:57:28.496179 133033675261760 spr_agent.py:1383] 	 Setting min_replay_history to 2000.0 from 2000
I1129 01:57:28.496199 133033675261760 spr_agent.py:1388] 	 Setting epsilon_decay_period to 2001.0 from 2001
I1129 01:57:28.496223 133033675261760 spr_agent.py:1401] 	 Running 1 groups of 2 batches per 1 env step
I1129 01:57:28.499027 133033675261760 eval_run_experiment.py:204] Num evaluation episodes: 100
/nfs/nhome/live/rcdavis/.local/miniforge/envs/bbf2/lib/python3.9/site-packages/gym/utils/passive_env_checker.py:227: DeprecationWarning: [33mWARN: Core environment is written in old step API which returns one bool instead of two. It is recommended to rewrite the environment with new step API. [0m
  logger.deprecation(
I1129 01:57:28.714540 133033675261760 eval_run_experiment.py:622] Beginning training...
I1129 01:57:28.714674 133033675261760 eval_run_experiment.py:553] Starting iteration 0
I1129 01:57:28.853605 133033675261760 spr_networks.py:821] Spatial latent shape: (11, 11, 128)
I1129 01:57:28.853884 133033675261760 spr_networks.py:828] Flattened representation shape: (15488,)
I1129 01:57:34.048090 133033675261760 spr_networks.py:821] Spatial latent shape: (11, 11, 128)
I1129 01:57:34.048421 133033675261760 spr_networks.py:828] Flattened representation shape: (15488,)
I1129 01:57:34.195719 133033675261760 spr_networks.py:821] Spatial latent shape: (11, 11, 128)
I1129 01:57:34.195987 133033675261760 spr_networks.py:828] Flattened representation shape: (15488,)
I1129 01:57:34.377853 133033675261760 spr_networks.py:821] Spatial latent shape: (11, 11, 128)
I1129 01:57:34.378175 133033675261760 spr_networks.py:828] Flattened representation shape: (15488,)
I1129 01:57:34.547469 133033675261760 spr_networks.py:821] Spatial latent shape: (11, 11, 128)
I1129 01:57:34.547797 133033675261760 spr_networks.py:828] Flattened representation shape: (15488,)
I1129 01:57:34.641185 133033675261760 spr_networks.py:821] Spatial latent shape: (5, 11, 11, 128)
I1129 01:57:34.641727 133033675261760 spr_networks.py:828] Flattened representation shape: (5, 15488)
I1129 01:57:48.515664 133033675261760 spr_networks.py:821] Spatial latent shape: (11, 11, 128)
I1129 01:57:48.516551 133033675261760 spr_networks.py:828] Flattened representation shape: (15488,)
I1129 02:11:32.405915 133033675261760 spr_agent.py:1473] 	 Resetting weights at step 20002.
I1129 02:11:32.512713 133033675261760 spr_networks.py:821] Spatial latent shape: (11, 11, 128)
I1129 02:11:32.512928 133033675261760 spr_networks.py:828] Flattened representation shape: (15488,)
I1129 02:11:32.565984 133033675261760 spr_networks.py:821] Spatial latent shape: (5, 11, 11, 128)
I1129 02:11:32.566219 133033675261760 spr_networks.py:828] Flattened representation shape: (5, 15488)
I1129 02:11:32.679648 133033675261760 spr_networks.py:821] Spatial latent shape: (11, 11, 128)
I1129 02:11:32.679860 133033675261760 spr_networks.py:828] Flattened representation shape: (15488,)
I1129 02:11:32.732649 133033675261760 spr_networks.py:821] Spatial latent shape: (5, 11, 11, 128)
I1129 02:11:32.732879 133033675261760 spr_networks.py:828] Flattened representation shape: (5, 15488)
I1129 02:11:34.222168 133033675261760 spr_agent.py:1537] Running 0 gradient steps after reset
I1129 02:26:44.753699 133033675261760 spr_agent.py:1473] 	 Resetting weights at step 40003.
I1129 02:26:44.759653 133033675261760 spr_agent.py:1537] Running 0 gradient steps after reset
I1129 02:41:50.818033 133033675261760 spr_agent.py:1473] 	 Resetting weights at step 60004.
I1129 02:41:50.845292 133033675261760 spr_agent.py:1537] Running 0 gradient steps after reset
I1129 02:56:56.337424 133033675261760 spr_agent.py:1466] 	 Not resetting at step 80005, as need at least 20000 before 100000 to recover.
I1129 03:12:01.683039 133033675261760 eval_run_experiment.py:493] Average undiscounted return per training episode: 993.51
I1129 03:12:01.683885 133033675261760 eval_run_experiment.py:496] Average normalized return per training episode: 1.48
I1129 03:12:01.683959 133033675261760 eval_run_experiment.py:499] Average training steps per second: 22.11
I1129 03:12:12.600927 133033675261760 spr_networks.py:821] Spatial latent shape: (11, 11, 128)
I1129 03:12:12.601241 133033675261760 spr_networks.py:828] Flattened representation shape: (15488,)
I1129 03:13:07.136367 133033675261760 spr_networks.py:821] Spatial latent shape: (11, 11, 128)
I1129 03:13:07.136784 133033675261760 spr_networks.py:828] Flattened representation shape: (15488,)
I1129 03:13:16.618023 133033675261760 spr_networks.py:821] Spatial latent shape: (11, 11, 128)
I1129 03:13:16.618305 133033675261760 spr_networks.py:828] Flattened representation shape: (15488,)
I1129 03:13:18.168668 133033675261760 spr_networks.py:821] Spatial latent shape: (11, 11, 128)
I1129 03:13:18.168931 133033675261760 spr_networks.py:828] Flattened representation shape: (15488,)
I1129 03:13:20.132835 133033675261760 spr_networks.py:821] Spatial latent shape: (11, 11, 128)
I1129 03:13:20.133102 133033675261760 spr_networks.py:828] Flattened representation shape: (15488,)
I1129 03:13:23.528169 133033675261760 spr_networks.py:821] Spatial latent shape: (11, 11, 128)
I1129 03:13:23.528441 133033675261760 spr_networks.py:828] Flattened representation shape: (15488,)
I1129 03:13:26.318074 133033675261760 spr_networks.py:821] Spatial latent shape: (11, 11, 128)
I1129 03:13:26.318342 133033675261760 spr_networks.py:828] Flattened representation shape: (15488,)
I1129 03:13:29.085772 133033675261760 spr_networks.py:821] Spatial latent shape: (11, 11, 128)
I1129 03:13:29.086050 133033675261760 spr_networks.py:828] Flattened representation shape: (15488,)
I1129 03:13:30.655328 133033675261760 spr_networks.py:821] Spatial latent shape: (11, 11, 128)
I1129 03:13:30.655608 133033675261760 spr_networks.py:828] Flattened representation shape: (15488,)
I1129 03:13:34.360856 133033675261760 spr_networks.py:821] Spatial latent shape: (11, 11, 128)
I1129 03:13:34.361146 133033675261760 spr_networks.py:828] Flattened representation shape: (15488,)
I1129 03:13:36.187954 133033675261760 spr_networks.py:821] Spatial latent shape: (11, 11, 128)
I1129 03:13:36.188297 133033675261760 spr_networks.py:828] Flattened representation shape: (15488,)
I1129 03:13:38.863967 133033675261760 spr_networks.py:821] Spatial latent shape: (11, 11, 128)
I1129 03:13:38.864239 133033675261760 spr_networks.py:828] Flattened representation shape: (15488,)
I1129 03:13:41.662039 133033675261760 spr_networks.py:821] Spatial latent shape: (11, 11, 128)
I1129 03:13:41.662309 133033675261760 spr_networks.py:828] Flattened representation shape: (15488,)
I1129 03:13:43.849707 133033675261760 spr_networks.py:821] Spatial latent shape: (11, 11, 128)
I1129 03:13:43.850010 133033675261760 spr_networks.py:828] Flattened representation shape: (15488,)
I1129 03:13:49.069597 133033675261760 spr_networks.py:821] Spatial latent shape: (11, 11, 128)
I1129 03:13:49.069868 133033675261760 spr_networks.py:828] Flattened representation shape: (15488,)
I1129 03:13:52.760594 133033675261760 spr_networks.py:821] Spatial latent shape: (11, 11, 128)
I1129 03:13:52.760874 133033675261760 spr_networks.py:828] Flattened representation shape: (15488,)
I1129 03:13:54.216476 133033675261760 spr_networks.py:821] Spatial latent shape: (11, 11, 128)
I1129 03:13:54.216749 133033675261760 spr_networks.py:828] Flattened representation shape: (15488,)
I1129 03:13:56.993740 133033675261760 spr_networks.py:821] Spatial latent shape: (11, 11, 128)
I1129 03:13:56.994011 133033675261760 spr_networks.py:828] Flattened representation shape: (15488,)
I1129 03:13:58.573854 133033675261760 spr_networks.py:821] Spatial latent shape: (11, 11, 128)
I1129 03:13:58.574122 133033675261760 spr_networks.py:828] Flattened representation shape: (15488,)
I1129 03:13:59.829165 133033675261760 spr_networks.py:821] Spatial latent shape: (11, 11, 128)
I1129 03:13:59.829439 133033675261760 spr_networks.py:828] Flattened representation shape: (15488,)
I1129 03:14:01.221975 133033675261760 spr_networks.py:821] Spatial latent shape: (11, 11, 128)
I1129 03:14:01.222263 133033675261760 spr_networks.py:828] Flattened representation shape: (15488,)
I1129 03:14:02.815141 133033675261760 spr_networks.py:821] Spatial latent shape: (11, 11, 128)
I1129 03:14:02.815413 133033675261760 spr_networks.py:828] Flattened representation shape: (15488,)
I1129 03:14:05.174457 133033675261760 spr_networks.py:821] Spatial latent shape: (11, 11, 128)
I1129 03:14:05.174732 133033675261760 spr_networks.py:828] Flattened representation shape: (15488,)
I1129 03:14:07.985714 133033675261760 spr_networks.py:821] Spatial latent shape: (11, 11, 128)
I1129 03:14:07.985984 133033675261760 spr_networks.py:828] Flattened representation shape: (15488,)
I1129 03:14:09.655047 133033675261760 spr_networks.py:821] Spatial latent shape: (11, 11, 128)
I1129 03:14:09.655324 133033675261760 spr_networks.py:828] Flattened representation shape: (15488,)
I1129 03:14:11.315010 133033675261760 spr_networks.py:821] Spatial latent shape: (11, 11, 128)
I1129 03:14:11.315280 133033675261760 spr_networks.py:828] Flattened representation shape: (15488,)
I1129 03:14:12.808172 133033675261760 spr_networks.py:821] Spatial latent shape: (11, 11, 128)
I1129 03:14:12.808454 133033675261760 spr_networks.py:828] Flattened representation shape: (15488,)
I1129 03:14:14.583498 133033675261760 spr_networks.py:821] Spatial latent shape: (11, 11, 128)
I1129 03:14:14.583772 133033675261760 spr_networks.py:828] Flattened representation shape: (15488,)
I1129 03:14:15.898663 133033675261760 spr_networks.py:821] Spatial latent shape: (11, 11, 128)
I1129 03:14:15.898933 133033675261760 spr_networks.py:828] Flattened representation shape: (15488,)
I1129 03:14:17.770211 133033675261760 spr_networks.py:821] Spatial latent shape: (11, 11, 128)
I1129 03:14:17.770518 133033675261760 spr_networks.py:828] Flattened representation shape: (15488,)
I1129 03:14:19.398772 133033675261760 spr_networks.py:821] Spatial latent shape: (11, 11, 128)
I1129 03:14:19.399043 133033675261760 spr_networks.py:828] Flattened representation shape: (15488,)
I1129 03:14:20.475818 133033675261760 spr_networks.py:821] Spatial latent shape: (11, 11, 128)
I1129 03:14:20.476091 133033675261760 spr_networks.py:828] Flattened representation shape: (15488,)
I1129 03:14:21.729206 133033675261760 spr_networks.py:821] Spatial latent shape: (11, 11, 128)
I1129 03:14:21.729482 133033675261760 spr_networks.py:828] Flattened representation shape: (15488,)
I1129 03:14:22.828990 133033675261760 spr_networks.py:821] Spatial latent shape: (11, 11, 128)
I1129 03:14:22.829257 133033675261760 spr_networks.py:828] Flattened representation shape: (15488,)
I1129 03:14:24.343416 133033675261760 spr_networks.py:821] Spatial latent shape: (11, 11, 128)
I1129 03:14:24.343677 133033675261760 spr_networks.py:828] Flattened representation shape: (15488,)
I1129 03:14:26.054335 133033675261760 spr_networks.py:821] Spatial latent shape: (11, 11, 128)
I1129 03:14:26.054624 133033675261760 spr_networks.py:828] Flattened representation shape: (15488,)
I1129 03:14:28.844792 133033675261760 spr_networks.py:821] Spatial latent shape: (11, 11, 128)
I1129 03:14:28.845070 133033675261760 spr_networks.py:828] Flattened representation shape: (15488,)
I1129 03:14:29.950773 133033675261760 spr_networks.py:821] Spatial latent shape: (11, 11, 128)
I1129 03:14:29.951040 133033675261760 spr_networks.py:828] Flattened representation shape: (15488,)
I1129 03:14:32.448091 133033675261760 spr_networks.py:821] Spatial latent shape: (11, 11, 128)
I1129 03:14:32.448370 133033675261760 spr_networks.py:828] Flattened representation shape: (15488,)
I1129 03:14:33.803342 133033675261760 spr_networks.py:821] Spatial latent shape: (11, 11, 128)
I1129 03:14:33.803623 133033675261760 spr_networks.py:828] Flattened representation shape: (15488,)
I1129 03:14:35.168409 133033675261760 spr_networks.py:821] Spatial latent shape: (11, 11, 128)
I1129 03:14:35.168679 133033675261760 spr_networks.py:828] Flattened representation shape: (15488,)
I1129 03:14:36.684574 133033675261760 spr_networks.py:821] Spatial latent shape: (11, 11, 128)
I1129 03:14:36.684854 133033675261760 spr_networks.py:828] Flattened representation shape: (15488,)
I1129 03:14:38.044206 133033675261760 spr_networks.py:821] Spatial latent shape: (11, 11, 128)
I1129 03:14:38.044491 133033675261760 spr_networks.py:828] Flattened representation shape: (15488,)
I1129 03:14:39.080173 133033675261760 spr_networks.py:821] Spatial latent shape: (11, 11, 128)
I1129 03:14:39.080465 133033675261760 spr_networks.py:828] Flattened representation shape: (15488,)
I1129 03:14:40.173671 133033675261760 spr_networks.py:821] Spatial latent shape: (11, 11, 128)
I1129 03:14:40.173942 133033675261760 spr_networks.py:828] Flattened representation shape: (15488,)
I1129 03:14:41.701081 133033675261760 spr_networks.py:821] Spatial latent shape: (11, 11, 128)
I1129 03:14:41.701354 133033675261760 spr_networks.py:828] Flattened representation shape: (15488,)
I1129 03:14:42.896551 133033675261760 spr_networks.py:821] Spatial latent shape: (11, 11, 128)
I1129 03:14:42.896822 133033675261760 spr_networks.py:828] Flattened representation shape: (15488,)
I1129 03:14:44.527705 133033675261760 spr_networks.py:821] Spatial latent shape: (11, 11, 128)
I1129 03:14:44.527981 133033675261760 spr_networks.py:828] Flattened representation shape: (15488,)
I1129 03:14:45.886737 133033675261760 spr_networks.py:821] Spatial latent shape: (11, 11, 128)
I1129 03:14:45.887010 133033675261760 spr_networks.py:828] Flattened representation shape: (15488,)
I1129 03:14:47.156709 133033675261760 spr_networks.py:821] Spatial latent shape: (11, 11, 128)
I1129 03:14:47.156980 133033675261760 spr_networks.py:828] Flattened representation shape: (15488,)
I1129 03:14:48.952565 133033675261760 spr_networks.py:821] Spatial latent shape: (11, 11, 128)
I1129 03:14:48.952844 133033675261760 spr_networks.py:828] Flattened representation shape: (15488,)
I1129 03:14:50.116520 133033675261760 spr_networks.py:821] Spatial latent shape: (11, 11, 128)
I1129 03:14:50.116784 133033675261760 spr_networks.py:828] Flattened representation shape: (15488,)
I1129 03:14:51.707869 133033675261760 spr_networks.py:821] Spatial latent shape: (11, 11, 128)
I1129 03:14:51.708136 133033675261760 spr_networks.py:828] Flattened representation shape: (15488,)
I1129 03:14:52.670509 133033675261760 spr_networks.py:821] Spatial latent shape: (11, 11, 128)
I1129 03:14:52.670780 133033675261760 spr_networks.py:828] Flattened representation shape: (15488,)
I1129 03:14:53.837157 133033675261760 spr_networks.py:821] Spatial latent shape: (11, 11, 128)
I1129 03:14:53.837438 133033675261760 spr_networks.py:828] Flattened representation shape: (15488,)
I1129 03:14:55.389122 133033675261760 spr_networks.py:821] Spatial latent shape: (11, 11, 128)
I1129 03:14:55.389410 133033675261760 spr_networks.py:828] Flattened representation shape: (15488,)
I1129 03:14:57.123195 133033675261760 spr_networks.py:821] Spatial latent shape: (11, 11, 128)
I1129 03:14:57.123483 133033675261760 spr_networks.py:828] Flattened representation shape: (15488,)
I1129 03:14:59.304841 133033675261760 spr_networks.py:821] Spatial latent shape: (11, 11, 128)
I1129 03:14:59.305113 133033675261760 spr_networks.py:828] Flattened representation shape: (15488,)
I1129 03:15:00.972117 133033675261760 spr_networks.py:821] Spatial latent shape: (11, 11, 128)
I1129 03:15:00.972397 133033675261760 spr_networks.py:828] Flattened representation shape: (15488,)
I1129 03:15:02.322309 133033675261760 spr_networks.py:821] Spatial latent shape: (11, 11, 128)
I1129 03:15:02.322590 133033675261760 spr_networks.py:828] Flattened representation shape: (15488,)
I1129 03:15:04.548416 133033675261760 spr_networks.py:821] Spatial latent shape: (11, 11, 128)
I1129 03:15:04.548702 133033675261760 spr_networks.py:828] Flattened representation shape: (15488,)
I1129 03:15:06.266561 133033675261760 spr_networks.py:821] Spatial latent shape: (11, 11, 128)
I1129 03:15:06.266841 133033675261760 spr_networks.py:828] Flattened representation shape: (15488,)
I1129 03:15:09.072940 133033675261760 spr_networks.py:821] Spatial latent shape: (11, 11, 128)
I1129 03:15:09.073218 133033675261760 spr_networks.py:828] Flattened representation shape: (15488,)
I1129 03:15:10.131002 133033675261760 spr_networks.py:821] Spatial latent shape: (11, 11, 128)
I1129 03:15:10.131274 133033675261760 spr_networks.py:828] Flattened representation shape: (15488,)
I1129 03:15:11.750102 133033675261760 spr_networks.py:821] Spatial latent shape: (11, 11, 128)
I1129 03:15:11.750380 133033675261760 spr_networks.py:828] Flattened representation shape: (15488,)
I1129 03:15:12.679684 133033675261760 spr_networks.py:821] Spatial latent shape: (11, 11, 128)
I1129 03:15:12.679960 133033675261760 spr_networks.py:828] Flattened representation shape: (15488,)
I1129 03:15:13.974756 133033675261760 spr_networks.py:821] Spatial latent shape: (11, 11, 128)
I1129 03:15:13.975032 133033675261760 spr_networks.py:828] Flattened representation shape: (15488,)
I1129 03:15:14.978463 133033675261760 spr_networks.py:821] Spatial latent shape: (11, 11, 128)
I1129 03:15:14.978734 133033675261760 spr_networks.py:828] Flattened representation shape: (15488,)
I1129 03:15:15.894782 133033675261760 spr_networks.py:821] Spatial latent shape: (11, 11, 128)
I1129 03:15:15.895054 133033675261760 spr_networks.py:828] Flattened representation shape: (15488,)
I1129 03:15:16.799930 133033675261760 spr_networks.py:821] Spatial latent shape: (11, 11, 128)
I1129 03:15:16.800197 133033675261760 spr_networks.py:828] Flattened representation shape: (15488,)
I1129 03:15:17.699840 133033675261760 spr_networks.py:821] Spatial latent shape: (11, 11, 128)
I1129 03:15:17.700118 133033675261760 spr_networks.py:828] Flattened representation shape: (15488,)
I1129 03:15:19.169110 133033675261760 spr_networks.py:821] Spatial latent shape: (11, 11, 128)
I1129 03:15:19.169390 133033675261760 spr_networks.py:828] Flattened representation shape: (15488,)
I1129 03:15:20.778724 133033675261760 spr_networks.py:821] Spatial latent shape: (11, 11, 128)
I1129 03:15:20.779000 133033675261760 spr_networks.py:828] Flattened representation shape: (15488,)
I1129 03:15:22.101369 133033675261760 spr_networks.py:821] Spatial latent shape: (11, 11, 128)
I1129 03:15:22.101654 133033675261760 spr_networks.py:828] Flattened representation shape: (15488,)
I1129 03:15:24.394413 133033675261760 spr_networks.py:821] Spatial latent shape: (11, 11, 128)
I1129 03:15:24.394687 133033675261760 spr_networks.py:828] Flattened representation shape: (15488,)
I1129 03:15:25.647209 133033675261760 spr_networks.py:821] Spatial latent shape: (11, 11, 128)
I1129 03:15:25.647489 133033675261760 spr_networks.py:828] Flattened representation shape: (15488,)
I1129 03:15:26.939909 133033675261760 spr_networks.py:821] Spatial latent shape: (11, 11, 128)
I1129 03:15:26.940181 133033675261760 spr_networks.py:828] Flattened representation shape: (15488,)
I1129 03:15:28.067326 133033675261760 spr_networks.py:821] Spatial latent shape: (11, 11, 128)
I1129 03:15:28.067604 133033675261760 spr_networks.py:828] Flattened representation shape: (15488,)
I1129 03:15:29.440654 133033675261760 spr_networks.py:821] Spatial latent shape: (11, 11, 128)
I1129 03:15:29.440924 133033675261760 spr_networks.py:828] Flattened representation shape: (15488,)
I1129 03:15:30.706324 133033675261760 spr_networks.py:821] Spatial latent shape: (11, 11, 128)
I1129 03:15:30.706599 133033675261760 spr_networks.py:828] Flattened representation shape: (15488,)
I1129 03:15:31.872745 133033675261760 spr_networks.py:821] Spatial latent shape: (11, 11, 128)
I1129 03:15:31.873020 133033675261760 spr_networks.py:828] Flattened representation shape: (15488,)
I1129 03:15:33.246395 133033675261760 spr_networks.py:821] Spatial latent shape: (11, 11, 128)
I1129 03:15:33.246665 133033675261760 spr_networks.py:828] Flattened representation shape: (15488,)
I1129 03:15:34.777251 133033675261760 spr_networks.py:821] Spatial latent shape: (11, 11, 128)
I1129 03:15:34.777519 133033675261760 spr_networks.py:828] Flattened representation shape: (15488,)
I1129 03:15:35.676056 133033675261760 eval_run_experiment.py:537] Average undiscounted return per evaluation episode: 1973.82
I1129 03:15:35.676189 133033675261760 eval_run_experiment.py:544] Average normalized return per evaluation episode: 3.37
/nfs/nhome/live/rcdavis/bbf_UPER/bbf/replay_memory/subsequence_replay_buffer.py:781: FutureWarning: GzipFile was opened for writing, but this will change in future Python releases.  Specify the mode argument for opening it for writing.
  with gzip.GzipFile(fileobj=f) as outfile:
