2024-11-29 00:38:11.280587: I tensorflow/core/platform/cpu_feature_guard.cc:193] This TensorFlow binary is optimized with oneAPI Deep Neural Network Library (oneDNN) to use the following CPU instructions in performance-critical operations:  AVX2 AVX512F AVX512_VNNI AVX512_BF16 AVX_VNNI AMX_TILE AMX_INT8 AMX_BF16 FMA
To enable them in other operations, rebuild TensorFlow with the appropriate compiler flags.
2024-11-29 00:38:11.362757: I tensorflow/core/util/port.cc:104] oneDNN custom operations are on. You may see slightly different numerical results due to floating-point round-off errors from different computation orders. To turn them off, set the environment variable `TF_ENABLE_ONEDNN_OPTS=0`.
2024-11-29 00:38:12.417942: W tensorflow/compiler/xla/stream_executor/platform/default/dso_loader.cc:64] Could not load dynamic library 'libnvinfer.so.7'; dlerror: libnvinfer.so.7: cannot open shared object file: No such file or directory; LD_LIBRARY_PATH: /nfs/nhome/live/rcdavis/.local/miniforge/envs/bbf2/lib/python3.9/site-packages/cv2/../../lib64:/ceph/apps/ubuntu-20/packages/cuda/11.8.0_520.61.05/lib64
2024-11-29 00:38:12.418189: W tensorflow/compiler/xla/stream_executor/platform/default/dso_loader.cc:64] Could not load dynamic library 'libnvinfer_plugin.so.7'; dlerror: libnvinfer_plugin.so.7: cannot open shared object file: No such file or directory; LD_LIBRARY_PATH: /nfs/nhome/live/rcdavis/.local/miniforge/envs/bbf2/lib/python3.9/site-packages/cv2/../../lib64:/ceph/apps/ubuntu-20/packages/cuda/11.8.0_520.61.05/lib64
2024-11-29 00:38:12.418196: W tensorflow/compiler/tf2tensorrt/utils/py_utils.cc:38] TF-TRT Warning: Cannot dlopen some TensorRT libraries. If you would like to use Nvidia GPU with TensorRT, please make sure the missing libraries mentioned above are installed properly.
/nfs/nhome/live/rcdavis/.local/miniforge/envs/bbf2/lib/python3.9/site-packages/gin/tf/__init__.py:48: DeprecationWarning: distutils Version classes are deprecated. Use packaging.version instead.
  if (distutils.version.LooseVersion(tf.__version__) <
2024-11-29 00:38:16.126466: W tensorflow/core/common_runtime/gpu/gpu_device.cc:2027] TensorFlow was not built with CUDA kernel binaries compatible with compute capability 9.0. CUDA kernels will be jit-compiled from PTX, which could take 30 minutes or longer.
I1129 00:38:16.126820 136903537973056 train.py:172] Setting random seed: 628303056
I1129 00:38:16.249818 136903537973056 train.py:231] Using MaxEpisodeEvalRunner for evaluation.
W1129 00:38:16.250061 136903537973056 run_experiment.py:267] DEPRECATION WARNING: Logger is being deprecated. Please switch to CollectorDispatcher!
A.L.E: Arcade Learning Environment (version 0.7.5+db37282)
[Powered by Stella]
/nfs/nhome/live/rcdavis/.local/miniforge/envs/bbf2/lib/python3.9/site-packages/gym/core.py:317: DeprecationWarning: [33mWARN: Initializing wrapper in old step API which returns one bool instead of two. It is recommended to set `new_step_api=True` to use new step API. This will be the default behaviour in future.[0m
  deprecation(
/nfs/nhome/live/rcdavis/.local/miniforge/envs/bbf2/lib/python3.9/site-packages/gym/wrappers/step_api_compatibility.py:39: DeprecationWarning: [33mWARN: Initializing environment in old step API which returns one bool instead of two. It is recommended to set `new_step_api=True` to use new step API. This will be the default behaviour in future.[0m
  deprecation(
I1129 00:38:16.356889 136903537973056 spr_agent.py:1123] Creating BBFAgent agent with the following parameters:
I1129 00:38:16.357149 136903537973056 spr_agent.py:1127] 	 double_dqn: True
I1129 00:38:16.357178 136903537973056 spr_agent.py:1128] 	 noisy_networks: False
I1129 00:38:16.357199 136903537973056 spr_agent.py:1129] 	 dueling_dqn: True
I1129 00:38:16.357216 136903537973056 spr_agent.py:1130] 	 distributional: True
I1129 00:38:16.357232 136903537973056 spr_agent.py:1131] 	 data_augmentation: True
I1129 00:38:16.357248 136903537973056 spr_agent.py:1132] 	 replay_scheme: prioritized
I1129 00:38:16.357263 136903537973056 spr_agent.py:1133] 	 num_updates_per_train_step: 1
I1129 00:38:16.359279 136903537973056 xla_bridge.py:355] Unable to initialize backend 'tpu_driver': NOT_FOUND: Unable to find driver in registry given worker: 
I1129 00:38:16.511455 136903537973056 xla_bridge.py:355] Unable to initialize backend 'rocm': NOT_FOUND: Could not find registered platform with name: "rocm". Available platform names are: Interpreter Host CUDA
I1129 00:38:16.511770 136903537973056 xla_bridge.py:355] Unable to initialize backend 'tpu': module 'jaxlib.xla_extension' has no attribute 'get_tpu_client'
I1129 00:38:16.511834 136903537973056 xla_bridge.py:355] Unable to initialize backend 'plugin': xla_extension has no attributes named get_plugin_device_client. Compile TensorFlow with //tensorflow/compiler/xla/python:enable_plugin_device set to true (defaults to false) to enable this.
I1129 00:38:17.378849 136903537973056 spr_agent.py:1218] 	 Found following local devices: [StreamExecutorGpuDevice(id=0, process_index=0, slice_index=0)]
I1129 00:38:17.378998 136903537973056 spr_agent.py:1233] 	 Running with dtype <class 'jax.numpy.float32'>
I1129 00:38:17.379090 136903537973056 dqn_agent.py:278] Creating BBFAgent agent with the following parameters:
I1129 00:38:17.379117 136903537973056 dqn_agent.py:280] 	 gamma: 0.997000
I1129 00:38:17.379140 136903537973056 dqn_agent.py:281] 	 update_horizon: 10.000000
I1129 00:38:17.379159 136903537973056 dqn_agent.py:282] 	 min_replay_history: 2000
I1129 00:38:17.379176 136903537973056 dqn_agent.py:283] 	 update_period: 1
I1129 00:38:17.379191 136903537973056 dqn_agent.py:284] 	 target_update_period: 1
I1129 00:38:17.379207 136903537973056 dqn_agent.py:285] 	 epsilon_train: 0.000000
I1129 00:38:17.379222 136903537973056 dqn_agent.py:286] 	 epsilon_eval: 0.001000
I1129 00:38:17.379238 136903537973056 dqn_agent.py:287] 	 epsilon_decay_period: 2001
I1129 00:38:17.379253 136903537973056 dqn_agent.py:288] 	 optimizer: adam
I1129 00:38:17.379268 136903537973056 dqn_agent.py:289] 	 seed: 628303056
I1129 00:38:17.379283 136903537973056 dqn_agent.py:290] 	 loss_type: mse
I1129 00:38:17.379297 136903537973056 dqn_agent.py:291] 	 preprocess_fn: None
I1129 00:38:17.590666 136903537973056 subsequence_replay_buffer.py:159] Creating a PrioritizedJaxSubsequenceParallelEnvReplayBuffer replay memory with the following parameters:
I1129 00:38:17.590803 136903537973056 subsequence_replay_buffer.py:161] 	 observation_shape: (84, 84)
I1129 00:38:17.590836 136903537973056 subsequence_replay_buffer.py:162] 	 observation_dtype: <class 'jax.numpy.uint8'>
I1129 00:38:17.590860 136903537973056 subsequence_replay_buffer.py:163] 	 terminal_dtype: <class 'numpy.uint8'>
I1129 00:38:17.590879 136903537973056 subsequence_replay_buffer.py:164] 	 stack_size: 4
I1129 00:38:17.590897 136903537973056 subsequence_replay_buffer.py:165] 	 use_next_state: 1
I1129 00:38:17.590914 136903537973056 subsequence_replay_buffer.py:166] 	 replay_capacity: 200000
I1129 00:38:17.590930 136903537973056 subsequence_replay_buffer.py:167] 	 batch_size: 32
I1129 00:38:17.590945 136903537973056 subsequence_replay_buffer.py:168] 	 update_horizon: 10
I1129 00:38:17.590960 136903537973056 subsequence_replay_buffer.py:169] 	 gamma: 0.997000
I1129 00:38:20.526300 136903537973056 spr_networks.py:821] Spatial latent shape: (11, 11, 128)
I1129 00:38:20.539178 136903537973056 spr_networks.py:828] Flattened representation shape: (15488,)
I1129 00:38:21.993989 136903537973056 spr_networks.py:821] Spatial latent shape: (5, 11, 11, 128)
I1129 00:38:22.007556 136903537973056 spr_networks.py:828] Flattened representation shape: (5, 15488)
I1129 00:38:22.598390 136903537973056 spr_agent.py:933] Creating AdamW optimizer with settings lr=0.000100, beta1=0.900000, beta2=0.999000, eps=0.000150, wd=0.100000
I1129 00:38:22.598616 136903537973056 spr_agent.py:933] Creating AdamW optimizer with settings lr=0.000100, beta1=0.900000, beta2=0.999000, eps=0.000150, wd=0.100000
I1129 00:38:23.110268 136903537973056 spr_agent.py:1366] 	 Operating with 1 environments, batch size 32 and replay ratio 64
I1129 00:38:23.110413 136903537973056 spr_agent.py:1374] 	 Calculated 2 updates per update phase
I1129 00:38:23.110450 136903537973056 spr_agent.py:1378] 	 Calculated update frequency of 1 step
I1129 00:38:23.110471 136903537973056 spr_agent.py:1383] 	 Setting min_replay_history to 2000.0 from 2000
I1129 00:38:23.110491 136903537973056 spr_agent.py:1388] 	 Setting epsilon_decay_period to 2001.0 from 2001
I1129 00:38:23.110515 136903537973056 spr_agent.py:1401] 	 Running 1 groups of 2 batches per 1 env step
I1129 00:38:23.113281 136903537973056 eval_run_experiment.py:204] Num evaluation episodes: 100
/nfs/nhome/live/rcdavis/.local/miniforge/envs/bbf2/lib/python3.9/site-packages/gym/utils/passive_env_checker.py:227: DeprecationWarning: [33mWARN: Core environment is written in old step API which returns one bool instead of two. It is recommended to rewrite the environment with new step API. [0m
  logger.deprecation(
I1129 00:38:23.339279 136903537973056 eval_run_experiment.py:622] Beginning training...
I1129 00:38:23.339426 136903537973056 eval_run_experiment.py:553] Starting iteration 0
I1129 00:38:23.477838 136903537973056 spr_networks.py:821] Spatial latent shape: (11, 11, 128)
I1129 00:38:23.478109 136903537973056 spr_networks.py:828] Flattened representation shape: (15488,)
I1129 00:38:28.782190 136903537973056 spr_networks.py:821] Spatial latent shape: (11, 11, 128)
I1129 00:38:28.782565 136903537973056 spr_networks.py:828] Flattened representation shape: (15488,)
I1129 00:38:28.929014 136903537973056 spr_networks.py:821] Spatial latent shape: (11, 11, 128)
I1129 00:38:28.929281 136903537973056 spr_networks.py:828] Flattened representation shape: (15488,)
I1129 00:38:29.107950 136903537973056 spr_networks.py:821] Spatial latent shape: (11, 11, 128)
I1129 00:38:29.108278 136903537973056 spr_networks.py:828] Flattened representation shape: (15488,)
I1129 00:38:29.275793 136903537973056 spr_networks.py:821] Spatial latent shape: (11, 11, 128)
I1129 00:38:29.276131 136903537973056 spr_networks.py:828] Flattened representation shape: (15488,)
I1129 00:38:29.369623 136903537973056 spr_networks.py:821] Spatial latent shape: (5, 11, 11, 128)
I1129 00:38:29.370157 136903537973056 spr_networks.py:828] Flattened representation shape: (5, 15488)
I1129 00:38:43.335440 136903537973056 spr_networks.py:821] Spatial latent shape: (11, 11, 128)
I1129 00:38:43.336373 136903537973056 spr_networks.py:828] Flattened representation shape: (15488,)
I1129 00:52:39.959409 136903537973056 spr_agent.py:1473] 	 Resetting weights at step 20002.
I1129 00:52:40.066344 136903537973056 spr_networks.py:821] Spatial latent shape: (11, 11, 128)
I1129 00:52:40.066560 136903537973056 spr_networks.py:828] Flattened representation shape: (15488,)
I1129 00:52:40.120279 136903537973056 spr_networks.py:821] Spatial latent shape: (5, 11, 11, 128)
I1129 00:52:40.120531 136903537973056 spr_networks.py:828] Flattened representation shape: (5, 15488)
I1129 00:52:40.233622 136903537973056 spr_networks.py:821] Spatial latent shape: (11, 11, 128)
I1129 00:52:40.233831 136903537973056 spr_networks.py:828] Flattened representation shape: (15488,)
I1129 00:52:40.286771 136903537973056 spr_networks.py:821] Spatial latent shape: (5, 11, 11, 128)
I1129 00:52:40.287006 136903537973056 spr_networks.py:828] Flattened representation shape: (5, 15488)
I1129 00:52:41.775503 136903537973056 spr_agent.py:1537] Running 0 gradient steps after reset
I1129 01:08:13.508012 136903537973056 spr_agent.py:1473] 	 Resetting weights at step 40003.
I1129 01:08:13.514440 136903537973056 spr_agent.py:1537] Running 0 gradient steps after reset
I1129 01:23:44.441751 136903537973056 spr_agent.py:1473] 	 Resetting weights at step 60004.
I1129 01:23:44.448132 136903537973056 spr_agent.py:1537] Running 0 gradient steps after reset
I1129 01:39:36.219964 136903537973056 spr_agent.py:1466] 	 Not resetting at step 80005, as need at least 20000 before 100000 to recover.
I1129 01:55:56.624105 136903537973056 eval_run_experiment.py:493] Average undiscounted return per training episode: 133.34
I1129 01:55:56.625595 136903537973056 eval_run_experiment.py:496] Average normalized return per training episode: 0.07
I1129 01:55:56.625761 136903537973056 eval_run_experiment.py:499] Average training steps per second: 21.36
I1129 01:56:09.088654 136903537973056 spr_networks.py:821] Spatial latent shape: (11, 11, 128)
I1129 01:56:09.088999 136903537973056 spr_networks.py:828] Flattened representation shape: (15488,)
I1129 01:57:17.858890 136903537973056 spr_networks.py:821] Spatial latent shape: (11, 11, 128)
I1129 01:57:17.859291 136903537973056 spr_networks.py:828] Flattened representation shape: (15488,)
I1129 01:57:19.736094 136903537973056 spr_networks.py:821] Spatial latent shape: (11, 11, 128)
I1129 01:57:19.736367 136903537973056 spr_networks.py:828] Flattened representation shape: (15488,)
I1129 01:57:21.445502 136903537973056 spr_networks.py:821] Spatial latent shape: (11, 11, 128)
I1129 01:57:21.445834 136903537973056 spr_networks.py:828] Flattened representation shape: (15488,)
I1129 01:57:23.009326 136903537973056 spr_networks.py:821] Spatial latent shape: (11, 11, 128)
I1129 01:57:23.009597 136903537973056 spr_networks.py:828] Flattened representation shape: (15488,)
I1129 01:57:24.350561 136903537973056 spr_networks.py:821] Spatial latent shape: (11, 11, 128)
I1129 01:57:24.350833 136903537973056 spr_networks.py:828] Flattened representation shape: (15488,)
I1129 01:57:29.612345 136903537973056 spr_networks.py:821] Spatial latent shape: (11, 11, 128)
I1129 01:57:29.612652 136903537973056 spr_networks.py:828] Flattened representation shape: (15488,)
I1129 01:57:31.347520 136903537973056 spr_networks.py:821] Spatial latent shape: (11, 11, 128)
I1129 01:57:31.347784 136903537973056 spr_networks.py:828] Flattened representation shape: (15488,)
I1129 01:57:32.731027 136903537973056 spr_networks.py:821] Spatial latent shape: (11, 11, 128)
I1129 01:57:32.731285 136903537973056 spr_networks.py:828] Flattened representation shape: (15488,)
I1129 01:57:34.117300 136903537973056 spr_networks.py:821] Spatial latent shape: (11, 11, 128)
I1129 01:57:34.117570 136903537973056 spr_networks.py:828] Flattened representation shape: (15488,)
I1129 01:57:37.552389 136903537973056 spr_networks.py:821] Spatial latent shape: (11, 11, 128)
I1129 01:57:37.552649 136903537973056 spr_networks.py:828] Flattened representation shape: (15488,)
I1129 01:57:40.065277 136903537973056 spr_networks.py:821] Spatial latent shape: (11, 11, 128)
I1129 01:57:40.065550 136903537973056 spr_networks.py:828] Flattened representation shape: (15488,)
I1129 01:57:42.433464 136903537973056 spr_networks.py:821] Spatial latent shape: (11, 11, 128)
I1129 01:57:42.433735 136903537973056 spr_networks.py:828] Flattened representation shape: (15488,)
I1129 01:57:43.615280 136903537973056 spr_networks.py:821] Spatial latent shape: (11, 11, 128)
I1129 01:57:43.615555 136903537973056 spr_networks.py:828] Flattened representation shape: (15488,)
I1129 01:57:46.142150 136903537973056 spr_networks.py:821] Spatial latent shape: (11, 11, 128)
I1129 01:57:46.142418 136903537973056 spr_networks.py:828] Flattened representation shape: (15488,)
I1129 01:57:54.701392 136903537973056 spr_networks.py:821] Spatial latent shape: (11, 11, 128)
I1129 01:57:54.701675 136903537973056 spr_networks.py:828] Flattened representation shape: (15488,)
I1129 01:58:00.305319 136903537973056 spr_networks.py:821] Spatial latent shape: (11, 11, 128)
I1129 01:58:00.305616 136903537973056 spr_networks.py:828] Flattened representation shape: (15488,)
I1129 01:58:05.528175 136903537973056 spr_networks.py:821] Spatial latent shape: (11, 11, 128)
I1129 01:58:05.528452 136903537973056 spr_networks.py:828] Flattened representation shape: (15488,)
I1129 01:58:08.371733 136903537973056 spr_networks.py:821] Spatial latent shape: (11, 11, 128)
I1129 01:58:08.372008 136903537973056 spr_networks.py:828] Flattened representation shape: (15488,)
I1129 01:58:09.804324 136903537973056 spr_networks.py:821] Spatial latent shape: (11, 11, 128)
I1129 01:58:09.804615 136903537973056 spr_networks.py:828] Flattened representation shape: (15488,)
I1129 01:58:11.919820 136903537973056 spr_networks.py:821] Spatial latent shape: (11, 11, 128)
I1129 01:58:11.920094 136903537973056 spr_networks.py:828] Flattened representation shape: (15488,)
I1129 01:58:13.065939 136903537973056 spr_networks.py:821] Spatial latent shape: (11, 11, 128)
I1129 01:58:13.066210 136903537973056 spr_networks.py:828] Flattened representation shape: (15488,)
I1129 01:58:14.184938 136903537973056 spr_networks.py:821] Spatial latent shape: (11, 11, 128)
I1129 01:58:14.185215 136903537973056 spr_networks.py:828] Flattened representation shape: (15488,)
I1129 01:58:15.308935 136903537973056 spr_networks.py:821] Spatial latent shape: (11, 11, 128)
I1129 01:58:15.309205 136903537973056 spr_networks.py:828] Flattened representation shape: (15488,)
I1129 01:58:16.432270 136903537973056 spr_networks.py:821] Spatial latent shape: (11, 11, 128)
I1129 01:58:16.432570 136903537973056 spr_networks.py:828] Flattened representation shape: (15488,)
I1129 01:58:17.534169 136903537973056 spr_networks.py:821] Spatial latent shape: (11, 11, 128)
I1129 01:58:17.534479 136903537973056 spr_networks.py:828] Flattened representation shape: (15488,)
I1129 01:58:18.640505 136903537973056 spr_networks.py:821] Spatial latent shape: (11, 11, 128)
I1129 01:58:18.640778 136903537973056 spr_networks.py:828] Flattened representation shape: (15488,)
I1129 01:58:19.739466 136903537973056 spr_networks.py:821] Spatial latent shape: (11, 11, 128)
I1129 01:58:19.739744 136903537973056 spr_networks.py:828] Flattened representation shape: (15488,)
I1129 01:58:20.826370 136903537973056 spr_networks.py:821] Spatial latent shape: (11, 11, 128)
I1129 01:58:20.826644 136903537973056 spr_networks.py:828] Flattened representation shape: (15488,)
I1129 01:58:21.903134 136903537973056 spr_networks.py:821] Spatial latent shape: (11, 11, 128)
I1129 01:58:21.903412 136903537973056 spr_networks.py:828] Flattened representation shape: (15488,)
I1129 01:58:23.097720 136903537973056 spr_networks.py:821] Spatial latent shape: (11, 11, 128)
I1129 01:58:23.097990 136903537973056 spr_networks.py:828] Flattened representation shape: (15488,)
I1129 01:58:24.161685 136903537973056 spr_networks.py:821] Spatial latent shape: (11, 11, 128)
I1129 01:58:24.161982 136903537973056 spr_networks.py:828] Flattened representation shape: (15488,)
I1129 01:58:25.214266 136903537973056 spr_networks.py:821] Spatial latent shape: (11, 11, 128)
I1129 01:58:25.214558 136903537973056 spr_networks.py:828] Flattened representation shape: (15488,)
I1129 01:58:26.246772 136903537973056 spr_networks.py:821] Spatial latent shape: (11, 11, 128)
I1129 01:58:26.247084 136903537973056 spr_networks.py:828] Flattened representation shape: (15488,)
I1129 01:58:27.285953 136903537973056 spr_networks.py:821] Spatial latent shape: (11, 11, 128)
I1129 01:58:27.286225 136903537973056 spr_networks.py:828] Flattened representation shape: (15488,)
I1129 01:58:28.311289 136903537973056 spr_networks.py:821] Spatial latent shape: (11, 11, 128)
I1129 01:58:28.311563 136903537973056 spr_networks.py:828] Flattened representation shape: (15488,)
I1129 01:58:29.343661 136903537973056 spr_networks.py:821] Spatial latent shape: (11, 11, 128)
I1129 01:58:29.343936 136903537973056 spr_networks.py:828] Flattened representation shape: (15488,)
I1129 01:58:30.350244 136903537973056 spr_networks.py:821] Spatial latent shape: (11, 11, 128)
I1129 01:58:30.350520 136903537973056 spr_networks.py:828] Flattened representation shape: (15488,)
I1129 01:58:31.345947 136903537973056 spr_networks.py:821] Spatial latent shape: (11, 11, 128)
I1129 01:58:31.346246 136903537973056 spr_networks.py:828] Flattened representation shape: (15488,)
I1129 01:58:32.345234 136903537973056 spr_networks.py:821] Spatial latent shape: (11, 11, 128)
I1129 01:58:32.345520 136903537973056 spr_networks.py:828] Flattened representation shape: (15488,)
I1129 01:58:33.328321 136903537973056 spr_networks.py:821] Spatial latent shape: (11, 11, 128)
I1129 01:58:33.328598 136903537973056 spr_networks.py:828] Flattened representation shape: (15488,)
I1129 01:58:34.282546 136903537973056 spr_networks.py:821] Spatial latent shape: (11, 11, 128)
I1129 01:58:34.282822 136903537973056 spr_networks.py:828] Flattened representation shape: (15488,)
I1129 01:58:35.235202 136903537973056 spr_networks.py:821] Spatial latent shape: (11, 11, 128)
I1129 01:58:35.235478 136903537973056 spr_networks.py:828] Flattened representation shape: (15488,)
I1129 01:58:36.181549 136903537973056 spr_networks.py:821] Spatial latent shape: (11, 11, 128)
I1129 01:58:36.181820 136903537973056 spr_networks.py:828] Flattened representation shape: (15488,)
I1129 01:58:37.139526 136903537973056 spr_networks.py:821] Spatial latent shape: (11, 11, 128)
I1129 01:58:37.139797 136903537973056 spr_networks.py:828] Flattened representation shape: (15488,)
I1129 01:58:38.419501 136903537973056 spr_networks.py:821] Spatial latent shape: (11, 11, 128)
I1129 01:58:38.419770 136903537973056 spr_networks.py:828] Flattened representation shape: (15488,)
I1129 01:58:39.683617 136903537973056 spr_networks.py:821] Spatial latent shape: (11, 11, 128)
I1129 01:58:39.683887 136903537973056 spr_networks.py:828] Flattened representation shape: (15488,)
I1129 01:58:40.780302 136903537973056 spr_networks.py:821] Spatial latent shape: (11, 11, 128)
I1129 01:58:40.780592 136903537973056 spr_networks.py:828] Flattened representation shape: (15488,)
I1129 01:58:42.001757 136903537973056 spr_networks.py:821] Spatial latent shape: (11, 11, 128)
I1129 01:58:42.002034 136903537973056 spr_networks.py:828] Flattened representation shape: (15488,)
I1129 01:58:43.094002 136903537973056 spr_networks.py:821] Spatial latent shape: (11, 11, 128)
I1129 01:58:43.094278 136903537973056 spr_networks.py:828] Flattened representation shape: (15488,)
I1129 01:58:56.078045 136903537973056 eval_run_experiment.py:537] Average undiscounted return per evaluation episode: 314.08
I1129 01:58:56.078295 136903537973056 eval_run_experiment.py:544] Average normalized return per evaluation episode: 0.18
/nfs/nhome/live/rcdavis/bbf_UPER/bbf/replay_memory/subsequence_replay_buffer.py:781: FutureWarning: GzipFile was opened for writing, but this will change in future Python releases.  Specify the mode argument for opening it for writing.
  with gzip.GzipFile(fileobj=f) as outfile:
