2024-11-29 00:37:01.136034: I tensorflow/core/platform/cpu_feature_guard.cc:193] This TensorFlow binary is optimized with oneAPI Deep Neural Network Library (oneDNN) to use the following CPU instructions in performance-critical operations:  AVX2 AVX512F AVX512_VNNI AVX512_BF16 AVX_VNNI AMX_TILE AMX_INT8 AMX_BF16 FMA
To enable them in other operations, rebuild TensorFlow with the appropriate compiler flags.
2024-11-29 00:37:01.271836: I tensorflow/core/util/port.cc:104] oneDNN custom operations are on. You may see slightly different numerical results due to floating-point round-off errors from different computation orders. To turn them off, set the environment variable `TF_ENABLE_ONEDNN_OPTS=0`.
2024-11-29 00:37:02.121031: W tensorflow/compiler/xla/stream_executor/platform/default/dso_loader.cc:64] Could not load dynamic library 'libnvinfer.so.7'; dlerror: libnvinfer.so.7: cannot open shared object file: No such file or directory; LD_LIBRARY_PATH: /nfs/nhome/live/rcdavis/.local/miniforge/envs/bbf2/lib/python3.9/site-packages/cv2/../../lib64:/ceph/apps/ubuntu-20/packages/cuda/11.8.0_520.61.05/lib64
2024-11-29 00:37:02.121087: W tensorflow/compiler/xla/stream_executor/platform/default/dso_loader.cc:64] Could not load dynamic library 'libnvinfer_plugin.so.7'; dlerror: libnvinfer_plugin.so.7: cannot open shared object file: No such file or directory; LD_LIBRARY_PATH: /nfs/nhome/live/rcdavis/.local/miniforge/envs/bbf2/lib/python3.9/site-packages/cv2/../../lib64:/ceph/apps/ubuntu-20/packages/cuda/11.8.0_520.61.05/lib64
2024-11-29 00:37:02.121093: W tensorflow/compiler/tf2tensorrt/utils/py_utils.cc:38] TF-TRT Warning: Cannot dlopen some TensorRT libraries. If you would like to use Nvidia GPU with TensorRT, please make sure the missing libraries mentioned above are installed properly.
/nfs/nhome/live/rcdavis/.local/miniforge/envs/bbf2/lib/python3.9/site-packages/gin/tf/__init__.py:48: DeprecationWarning: distutils Version classes are deprecated. Use packaging.version instead.
  if (distutils.version.LooseVersion(tf.__version__) <
2024-11-29 00:37:05.199989: W tensorflow/core/common_runtime/gpu/gpu_device.cc:2027] TensorFlow was not built with CUDA kernel binaries compatible with compute capability 9.0. CUDA kernels will be jit-compiled from PTX, which could take 30 minutes or longer.
I1129 00:37:05.200341 124646674769728 train.py:172] Setting random seed: 2066521896
I1129 00:37:05.300857 124646674769728 train.py:231] Using MaxEpisodeEvalRunner for evaluation.
W1129 00:37:05.301029 124646674769728 run_experiment.py:267] DEPRECATION WARNING: Logger is being deprecated. Please switch to CollectorDispatcher!
A.L.E: Arcade Learning Environment (version 0.7.5+db37282)
[Powered by Stella]
/nfs/nhome/live/rcdavis/.local/miniforge/envs/bbf2/lib/python3.9/site-packages/gym/core.py:317: DeprecationWarning: [33mWARN: Initializing wrapper in old step API which returns one bool instead of two. It is recommended to set `new_step_api=True` to use new step API. This will be the default behaviour in future.[0m
  deprecation(
/nfs/nhome/live/rcdavis/.local/miniforge/envs/bbf2/lib/python3.9/site-packages/gym/wrappers/step_api_compatibility.py:39: DeprecationWarning: [33mWARN: Initializing environment in old step API which returns one bool instead of two. It is recommended to set `new_step_api=True` to use new step API. This will be the default behaviour in future.[0m
  deprecation(
I1129 00:37:05.409559 124646674769728 spr_agent.py:1123] Creating BBFAgent agent with the following parameters:
I1129 00:37:05.410096 124646674769728 spr_agent.py:1127] 	 double_dqn: True
I1129 00:37:05.410125 124646674769728 spr_agent.py:1128] 	 noisy_networks: False
I1129 00:37:05.410148 124646674769728 spr_agent.py:1129] 	 dueling_dqn: True
I1129 00:37:05.410166 124646674769728 spr_agent.py:1130] 	 distributional: True
I1129 00:37:05.410183 124646674769728 spr_agent.py:1131] 	 data_augmentation: True
I1129 00:37:05.410200 124646674769728 spr_agent.py:1132] 	 replay_scheme: prioritized
I1129 00:37:05.410215 124646674769728 spr_agent.py:1133] 	 num_updates_per_train_step: 1
I1129 00:37:05.412402 124646674769728 xla_bridge.py:355] Unable to initialize backend 'tpu_driver': NOT_FOUND: Unable to find driver in registry given worker: 
I1129 00:37:05.567183 124646674769728 xla_bridge.py:355] Unable to initialize backend 'rocm': NOT_FOUND: Could not find registered platform with name: "rocm". Available platform names are: Interpreter Host CUDA
I1129 00:37:05.567536 124646674769728 xla_bridge.py:355] Unable to initialize backend 'tpu': module 'jaxlib.xla_extension' has no attribute 'get_tpu_client'
I1129 00:37:05.567606 124646674769728 xla_bridge.py:355] Unable to initialize backend 'plugin': xla_extension has no attributes named get_plugin_device_client. Compile TensorFlow with //tensorflow/compiler/xla/python:enable_plugin_device set to true (defaults to false) to enable this.
I1129 00:37:06.435189 124646674769728 spr_agent.py:1218] 	 Found following local devices: [StreamExecutorGpuDevice(id=0, process_index=0, slice_index=0)]
I1129 00:37:06.435344 124646674769728 spr_agent.py:1233] 	 Running with dtype <class 'jax.numpy.float32'>
I1129 00:37:06.435450 124646674769728 dqn_agent.py:278] Creating BBFAgent agent with the following parameters:
I1129 00:37:06.435478 124646674769728 dqn_agent.py:280] 	 gamma: 0.997000
I1129 00:37:06.435501 124646674769728 dqn_agent.py:281] 	 update_horizon: 10.000000
I1129 00:37:06.435521 124646674769728 dqn_agent.py:282] 	 min_replay_history: 2000
I1129 00:37:06.435538 124646674769728 dqn_agent.py:283] 	 update_period: 1
I1129 00:37:06.435554 124646674769728 dqn_agent.py:284] 	 target_update_period: 1
I1129 00:37:06.435570 124646674769728 dqn_agent.py:285] 	 epsilon_train: 0.000000
I1129 00:37:06.435585 124646674769728 dqn_agent.py:286] 	 epsilon_eval: 0.001000
I1129 00:37:06.435600 124646674769728 dqn_agent.py:287] 	 epsilon_decay_period: 2001
I1129 00:37:06.435615 124646674769728 dqn_agent.py:288] 	 optimizer: adam
I1129 00:37:06.435630 124646674769728 dqn_agent.py:289] 	 seed: 2066521896
I1129 00:37:06.435644 124646674769728 dqn_agent.py:290] 	 loss_type: mse
I1129 00:37:06.435659 124646674769728 dqn_agent.py:291] 	 preprocess_fn: None
I1129 00:37:06.646710 124646674769728 subsequence_replay_buffer.py:159] Creating a PrioritizedJaxSubsequenceParallelEnvReplayBuffer replay memory with the following parameters:
I1129 00:37:06.646839 124646674769728 subsequence_replay_buffer.py:161] 	 observation_shape: (84, 84)
I1129 00:37:06.646871 124646674769728 subsequence_replay_buffer.py:162] 	 observation_dtype: <class 'jax.numpy.uint8'>
I1129 00:37:06.646895 124646674769728 subsequence_replay_buffer.py:163] 	 terminal_dtype: <class 'numpy.uint8'>
I1129 00:37:06.646914 124646674769728 subsequence_replay_buffer.py:164] 	 stack_size: 4
I1129 00:37:06.646931 124646674769728 subsequence_replay_buffer.py:165] 	 use_next_state: 1
I1129 00:37:06.646948 124646674769728 subsequence_replay_buffer.py:166] 	 replay_capacity: 200000
I1129 00:37:06.646965 124646674769728 subsequence_replay_buffer.py:167] 	 batch_size: 32
I1129 00:37:06.646980 124646674769728 subsequence_replay_buffer.py:168] 	 update_horizon: 10
I1129 00:37:06.646996 124646674769728 subsequence_replay_buffer.py:169] 	 gamma: 0.997000
I1129 00:37:09.562429 124646674769728 spr_networks.py:821] Spatial latent shape: (11, 11, 128)
I1129 00:37:09.575470 124646674769728 spr_networks.py:828] Flattened representation shape: (15488,)
I1129 00:37:11.019845 124646674769728 spr_networks.py:821] Spatial latent shape: (5, 11, 11, 128)
I1129 00:37:11.033519 124646674769728 spr_networks.py:828] Flattened representation shape: (5, 15488)
I1129 00:37:11.626473 124646674769728 spr_agent.py:933] Creating AdamW optimizer with settings lr=0.000100, beta1=0.900000, beta2=0.999000, eps=0.000150, wd=0.100000
I1129 00:37:11.626698 124646674769728 spr_agent.py:933] Creating AdamW optimizer with settings lr=0.000100, beta1=0.900000, beta2=0.999000, eps=0.000150, wd=0.100000
I1129 00:37:12.126160 124646674769728 spr_agent.py:1366] 	 Operating with 1 environments, batch size 32 and replay ratio 64
I1129 00:37:12.126298 124646674769728 spr_agent.py:1374] 	 Calculated 2 updates per update phase
I1129 00:37:12.126336 124646674769728 spr_agent.py:1378] 	 Calculated update frequency of 1 step
I1129 00:37:12.126358 124646674769728 spr_agent.py:1383] 	 Setting min_replay_history to 2000.0 from 2000
I1129 00:37:12.126388 124646674769728 spr_agent.py:1388] 	 Setting epsilon_decay_period to 2001.0 from 2001
I1129 00:37:12.126414 124646674769728 spr_agent.py:1401] 	 Running 1 groups of 2 batches per 1 env step
I1129 00:37:12.128915 124646674769728 eval_run_experiment.py:204] Num evaluation episodes: 100
/nfs/nhome/live/rcdavis/.local/miniforge/envs/bbf2/lib/python3.9/site-packages/gym/utils/passive_env_checker.py:227: DeprecationWarning: [33mWARN: Core environment is written in old step API which returns one bool instead of two. It is recommended to rewrite the environment with new step API. [0m
  logger.deprecation(
I1129 00:37:12.351886 124646674769728 eval_run_experiment.py:622] Beginning training...
I1129 00:37:12.352025 124646674769728 eval_run_experiment.py:553] Starting iteration 0
I1129 00:37:12.498237 124646674769728 spr_networks.py:821] Spatial latent shape: (11, 11, 128)
I1129 00:37:12.498504 124646674769728 spr_networks.py:828] Flattened representation shape: (15488,)
I1129 00:37:17.738442 124646674769728 spr_networks.py:821] Spatial latent shape: (11, 11, 128)
I1129 00:37:17.739424 124646674769728 spr_networks.py:828] Flattened representation shape: (15488,)
I1129 00:37:17.884387 124646674769728 spr_networks.py:821] Spatial latent shape: (11, 11, 128)
I1129 00:37:17.884653 124646674769728 spr_networks.py:828] Flattened representation shape: (15488,)
I1129 00:37:18.063965 124646674769728 spr_networks.py:821] Spatial latent shape: (11, 11, 128)
I1129 00:37:18.064278 124646674769728 spr_networks.py:828] Flattened representation shape: (15488,)
I1129 00:37:18.230642 124646674769728 spr_networks.py:821] Spatial latent shape: (11, 11, 128)
I1129 00:37:18.230970 124646674769728 spr_networks.py:828] Flattened representation shape: (15488,)
I1129 00:37:18.324203 124646674769728 spr_networks.py:821] Spatial latent shape: (5, 11, 11, 128)
I1129 00:37:18.324753 124646674769728 spr_networks.py:828] Flattened representation shape: (5, 15488)
I1129 00:37:32.340909 124646674769728 spr_networks.py:821] Spatial latent shape: (11, 11, 128)
I1129 00:37:32.342006 124646674769728 spr_networks.py:828] Flattened representation shape: (15488,)
I1129 00:51:30.049199 124646674769728 spr_agent.py:1473] 	 Resetting weights at step 20002.
I1129 00:51:30.156268 124646674769728 spr_networks.py:821] Spatial latent shape: (11, 11, 128)
I1129 00:51:30.156487 124646674769728 spr_networks.py:828] Flattened representation shape: (15488,)
I1129 00:51:30.209957 124646674769728 spr_networks.py:821] Spatial latent shape: (5, 11, 11, 128)
I1129 00:51:30.210192 124646674769728 spr_networks.py:828] Flattened representation shape: (5, 15488)
I1129 00:51:30.323593 124646674769728 spr_networks.py:821] Spatial latent shape: (11, 11, 128)
I1129 00:51:30.323808 124646674769728 spr_networks.py:828] Flattened representation shape: (15488,)
I1129 00:51:30.377190 124646674769728 spr_networks.py:821] Spatial latent shape: (5, 11, 11, 128)
I1129 00:51:30.377435 124646674769728 spr_networks.py:828] Flattened representation shape: (5, 15488)
I1129 00:51:31.857330 124646674769728 spr_agent.py:1537] Running 0 gradient steps after reset
I1129 01:07:02.233418 124646674769728 spr_agent.py:1473] 	 Resetting weights at step 40003.
I1129 01:07:02.239533 124646674769728 spr_agent.py:1537] Running 0 gradient steps after reset
I1129 01:22:34.139857 124646674769728 spr_agent.py:1473] 	 Resetting weights at step 60004.
I1129 01:22:34.145911 124646674769728 spr_agent.py:1537] Running 0 gradient steps after reset
I1129 01:38:25.493363 124646674769728 spr_agent.py:1466] 	 Not resetting at step 80005, as need at least 20000 before 100000 to recover.
I1129 01:54:56.049711 124646674769728 eval_run_experiment.py:493] Average undiscounted return per training episode: 3626.61
I1129 01:54:56.051122 124646674769728 eval_run_experiment.py:496] Average normalized return per training episode: 0.15
I1129 01:54:56.051289 124646674769728 eval_run_experiment.py:499] Average training steps per second: 21.24
I1129 01:55:08.539663 124646674769728 spr_networks.py:821] Spatial latent shape: (11, 11, 128)
I1129 01:55:08.540000 124646674769728 spr_networks.py:828] Flattened representation shape: (15488,)
I1129 01:55:40.358389 124646674769728 spr_networks.py:821] Spatial latent shape: (11, 11, 128)
I1129 01:55:40.358708 124646674769728 spr_networks.py:828] Flattened representation shape: (15488,)
I1129 01:55:42.165024 124646674769728 spr_networks.py:821] Spatial latent shape: (11, 11, 128)
I1129 01:55:42.165299 124646674769728 spr_networks.py:828] Flattened representation shape: (15488,)
I1129 01:55:43.568694 124646674769728 spr_networks.py:821] Spatial latent shape: (11, 11, 128)
I1129 01:55:43.568964 124646674769728 spr_networks.py:828] Flattened representation shape: (15488,)
I1129 01:55:44.764565 124646674769728 spr_networks.py:821] Spatial latent shape: (11, 11, 128)
I1129 01:55:44.764842 124646674769728 spr_networks.py:828] Flattened representation shape: (15488,)
I1129 01:55:45.938657 124646674769728 spr_networks.py:821] Spatial latent shape: (11, 11, 128)
I1129 01:55:45.938934 124646674769728 spr_networks.py:828] Flattened representation shape: (15488,)
I1129 01:55:47.162506 124646674769728 spr_networks.py:821] Spatial latent shape: (11, 11, 128)
I1129 01:55:47.162784 124646674769728 spr_networks.py:828] Flattened representation shape: (15488,)
I1129 01:55:49.870522 124646674769728 spr_networks.py:821] Spatial latent shape: (11, 11, 128)
I1129 01:55:49.870894 124646674769728 spr_networks.py:828] Flattened representation shape: (15488,)
I1129 01:55:52.368850 124646674769728 spr_networks.py:821] Spatial latent shape: (11, 11, 128)
I1129 01:55:52.369126 124646674769728 spr_networks.py:828] Flattened representation shape: (15488,)
I1129 01:55:55.283701 124646674769728 spr_networks.py:821] Spatial latent shape: (11, 11, 128)
I1129 01:55:55.283998 124646674769728 spr_networks.py:828] Flattened representation shape: (15488,)
I1129 01:55:57.317061 124646674769728 spr_networks.py:821] Spatial latent shape: (11, 11, 128)
I1129 01:55:57.317334 124646674769728 spr_networks.py:828] Flattened representation shape: (15488,)
I1129 01:55:58.735674 124646674769728 spr_networks.py:821] Spatial latent shape: (11, 11, 128)
I1129 01:55:58.735944 124646674769728 spr_networks.py:828] Flattened representation shape: (15488,)
I1129 01:56:02.347119 124646674769728 spr_networks.py:821] Spatial latent shape: (11, 11, 128)
I1129 01:56:02.347395 124646674769728 spr_networks.py:828] Flattened representation shape: (15488,)
I1129 01:56:03.591511 124646674769728 spr_networks.py:821] Spatial latent shape: (11, 11, 128)
I1129 01:56:03.591774 124646674769728 spr_networks.py:828] Flattened representation shape: (15488,)
I1129 01:56:05.033838 124646674769728 spr_networks.py:821] Spatial latent shape: (11, 11, 128)
I1129 01:56:05.034116 124646674769728 spr_networks.py:828] Flattened representation shape: (15488,)
I1129 01:56:06.922515 124646674769728 spr_networks.py:821] Spatial latent shape: (11, 11, 128)
I1129 01:56:06.922791 124646674769728 spr_networks.py:828] Flattened representation shape: (15488,)
I1129 01:56:08.226913 124646674769728 spr_networks.py:821] Spatial latent shape: (11, 11, 128)
I1129 01:56:08.227178 124646674769728 spr_networks.py:828] Flattened representation shape: (15488,)
I1129 01:56:10.325645 124646674769728 spr_networks.py:821] Spatial latent shape: (11, 11, 128)
I1129 01:56:10.325916 124646674769728 spr_networks.py:828] Flattened representation shape: (15488,)
I1129 01:56:11.683231 124646674769728 spr_networks.py:821] Spatial latent shape: (11, 11, 128)
I1129 01:56:11.683504 124646674769728 spr_networks.py:828] Flattened representation shape: (15488,)
I1129 01:56:12.848747 124646674769728 spr_networks.py:821] Spatial latent shape: (11, 11, 128)
I1129 01:56:12.849028 124646674769728 spr_networks.py:828] Flattened representation shape: (15488,)
I1129 01:56:14.315382 124646674769728 spr_networks.py:821] Spatial latent shape: (11, 11, 128)
I1129 01:56:14.315659 124646674769728 spr_networks.py:828] Flattened representation shape: (15488,)
I1129 01:56:15.685688 124646674769728 spr_networks.py:821] Spatial latent shape: (11, 11, 128)
I1129 01:56:15.685969 124646674769728 spr_networks.py:828] Flattened representation shape: (15488,)
I1129 01:56:17.696710 124646674769728 spr_networks.py:821] Spatial latent shape: (11, 11, 128)
I1129 01:56:17.696980 124646674769728 spr_networks.py:828] Flattened representation shape: (15488,)
I1129 01:56:18.832566 124646674769728 spr_networks.py:821] Spatial latent shape: (11, 11, 128)
I1129 01:56:18.832840 124646674769728 spr_networks.py:828] Flattened representation shape: (15488,)
I1129 01:56:20.545294 124646674769728 spr_networks.py:821] Spatial latent shape: (11, 11, 128)
I1129 01:56:20.545657 124646674769728 spr_networks.py:828] Flattened representation shape: (15488,)
I1129 01:56:21.929673 124646674769728 spr_networks.py:821] Spatial latent shape: (11, 11, 128)
I1129 01:56:21.929944 124646674769728 spr_networks.py:828] Flattened representation shape: (15488,)
I1129 01:56:23.039045 124646674769728 spr_networks.py:821] Spatial latent shape: (11, 11, 128)
I1129 01:56:23.039324 124646674769728 spr_networks.py:828] Flattened representation shape: (15488,)
I1129 01:56:24.240420 124646674769728 spr_networks.py:821] Spatial latent shape: (11, 11, 128)
I1129 01:56:24.240689 124646674769728 spr_networks.py:828] Flattened representation shape: (15488,)
I1129 01:56:25.335009 124646674769728 spr_networks.py:821] Spatial latent shape: (11, 11, 128)
I1129 01:56:25.335286 124646674769728 spr_networks.py:828] Flattened representation shape: (15488,)
I1129 01:56:26.491504 124646674769728 spr_networks.py:821] Spatial latent shape: (11, 11, 128)
I1129 01:56:26.491776 124646674769728 spr_networks.py:828] Flattened representation shape: (15488,)
I1129 01:56:27.586136 124646674769728 spr_networks.py:821] Spatial latent shape: (11, 11, 128)
I1129 01:56:27.586403 124646674769728 spr_networks.py:828] Flattened representation shape: (15488,)
I1129 01:56:29.292868 124646674769728 spr_networks.py:821] Spatial latent shape: (11, 11, 128)
I1129 01:56:29.293154 124646674769728 spr_networks.py:828] Flattened representation shape: (15488,)
I1129 01:56:30.456246 124646674769728 spr_networks.py:821] Spatial latent shape: (11, 11, 128)
I1129 01:56:30.456524 124646674769728 spr_networks.py:828] Flattened representation shape: (15488,)
I1129 01:56:31.831771 124646674769728 spr_networks.py:821] Spatial latent shape: (11, 11, 128)
I1129 01:56:31.832051 124646674769728 spr_networks.py:828] Flattened representation shape: (15488,)
I1129 01:56:33.806883 124646674769728 spr_networks.py:821] Spatial latent shape: (11, 11, 128)
I1129 01:56:33.807182 124646674769728 spr_networks.py:828] Flattened representation shape: (15488,)
I1129 01:56:34.876774 124646674769728 spr_networks.py:821] Spatial latent shape: (11, 11, 128)
I1129 01:56:34.877043 124646674769728 spr_networks.py:828] Flattened representation shape: (15488,)
I1129 01:56:36.505664 124646674769728 spr_networks.py:821] Spatial latent shape: (11, 11, 128)
I1129 01:56:36.505942 124646674769728 spr_networks.py:828] Flattened representation shape: (15488,)
I1129 01:56:37.856088 124646674769728 spr_networks.py:821] Spatial latent shape: (11, 11, 128)
I1129 01:56:37.856360 124646674769728 spr_networks.py:828] Flattened representation shape: (15488,)
I1129 01:56:39.148754 124646674769728 spr_networks.py:821] Spatial latent shape: (11, 11, 128)
I1129 01:56:39.149021 124646674769728 spr_networks.py:828] Flattened representation shape: (15488,)
I1129 01:56:40.629747 124646674769728 spr_networks.py:821] Spatial latent shape: (11, 11, 128)
I1129 01:56:40.630029 124646674769728 spr_networks.py:828] Flattened representation shape: (15488,)
I1129 01:56:41.831052 124646674769728 spr_networks.py:821] Spatial latent shape: (11, 11, 128)
I1129 01:56:41.831325 124646674769728 spr_networks.py:828] Flattened representation shape: (15488,)
I1129 01:56:42.864087 124646674769728 spr_networks.py:821] Spatial latent shape: (11, 11, 128)
I1129 01:56:42.864363 124646674769728 spr_networks.py:828] Flattened representation shape: (15488,)
I1129 01:56:44.091505 124646674769728 spr_networks.py:821] Spatial latent shape: (11, 11, 128)
I1129 01:56:44.091778 124646674769728 spr_networks.py:828] Flattened representation shape: (15488,)
I1129 01:56:45.324283 124646674769728 spr_networks.py:821] Spatial latent shape: (11, 11, 128)
I1129 01:56:45.324584 124646674769728 spr_networks.py:828] Flattened representation shape: (15488,)
I1129 01:56:47.033721 124646674769728 spr_networks.py:821] Spatial latent shape: (11, 11, 128)
I1129 01:56:47.033996 124646674769728 spr_networks.py:828] Flattened representation shape: (15488,)
I1129 01:56:48.212289 124646674769728 spr_networks.py:821] Spatial latent shape: (11, 11, 128)
I1129 01:56:48.212565 124646674769728 spr_networks.py:828] Flattened representation shape: (15488,)
I1129 01:56:49.378155 124646674769728 spr_networks.py:821] Spatial latent shape: (11, 11, 128)
I1129 01:56:49.378427 124646674769728 spr_networks.py:828] Flattened representation shape: (15488,)
I1129 01:56:51.613023 124646674769728 spr_networks.py:821] Spatial latent shape: (11, 11, 128)
I1129 01:56:51.613296 124646674769728 spr_networks.py:828] Flattened representation shape: (15488,)
I1129 01:56:53.199054 124646674769728 spr_networks.py:821] Spatial latent shape: (11, 11, 128)
I1129 01:56:53.199326 124646674769728 spr_networks.py:828] Flattened representation shape: (15488,)
I1129 01:56:54.500811 124646674769728 spr_networks.py:821] Spatial latent shape: (11, 11, 128)
I1129 01:56:54.501078 124646674769728 spr_networks.py:828] Flattened representation shape: (15488,)
I1129 01:56:55.720500 124646674769728 spr_networks.py:821] Spatial latent shape: (11, 11, 128)
I1129 01:56:55.720777 124646674769728 spr_networks.py:828] Flattened representation shape: (15488,)
I1129 01:56:56.847272 124646674769728 spr_networks.py:821] Spatial latent shape: (11, 11, 128)
I1129 01:56:56.847552 124646674769728 spr_networks.py:828] Flattened representation shape: (15488,)
I1129 01:56:58.169435 124646674769728 spr_networks.py:821] Spatial latent shape: (11, 11, 128)
I1129 01:56:58.169702 124646674769728 spr_networks.py:828] Flattened representation shape: (15488,)
I1129 01:56:59.776593 124646674769728 spr_networks.py:821] Spatial latent shape: (11, 11, 128)
I1129 01:56:59.776863 124646674769728 spr_networks.py:828] Flattened representation shape: (15488,)
I1129 01:57:00.966739 124646674769728 spr_networks.py:821] Spatial latent shape: (11, 11, 128)
I1129 01:57:00.967011 124646674769728 spr_networks.py:828] Flattened representation shape: (15488,)
I1129 01:57:02.090279 124646674769728 spr_networks.py:821] Spatial latent shape: (11, 11, 128)
I1129 01:57:02.090558 124646674769728 spr_networks.py:828] Flattened representation shape: (15488,)
I1129 01:57:04.308887 124646674769728 eval_run_experiment.py:537] Average undiscounted return per evaluation episode: 5084.96
I1129 01:57:04.309031 124646674769728 eval_run_experiment.py:544] Average normalized return per evaluation episode: 0.30
/nfs/nhome/live/rcdavis/bbf_UPER/bbf/replay_memory/subsequence_replay_buffer.py:781: FutureWarning: GzipFile was opened for writing, but this will change in future Python releases.  Specify the mode argument for opening it for writing.
  with gzip.GzipFile(fileobj=f) as outfile:
