Thu Nov 28 23:17:34 2024       
+-----------------------------------------------------------------------------------------+
| NVIDIA-SMI 560.35.03              Driver Version: 560.35.03      CUDA Version: 12.6     |
|-----------------------------------------+------------------------+----------------------+
| GPU  Name                 Persistence-M | Bus-Id          Disp.A | Volatile Uncorr. ECC |
| Fan  Temp   Perf          Pwr:Usage/Cap |           Memory-Usage | GPU-Util  Compute M. |
|                                         |                        |               MIG M. |
|=========================================+========================+======================|
|   0  NVIDIA H100 80GB HBM3          Off |   00000001:1B:00.0 Off |                    0 |
| N/A   33C    P0             69W /  700W |       1MiB /  81559MiB |      0%      Default |
|                                         |                        |             Disabled |
+-----------------------------------------+------------------------+----------------------+
                                                                                         
+-----------------------------------------------------------------------------------------+
| Processes:                                                                              |
|  GPU   GI   CI        PID   Type   Process name                              GPU Memory |
|        ID   ID                                                               Usage      |
|=========================================================================================|
|  No running processes found                                                             |
+-----------------------------------------------------------------------------------------+
gpu
Got gin bindings:
[]
Sanitized gin bindings to:
[]
Found devices [StreamExecutorGpuDevice(id=0, process_index=0, slice_index=0)]

Steps executed: 1448 Num episodes: 1 Episode length: 1448 Return: 484.0 Normalized Return: 0.007

Steps executed: 2428 Num episodes: 2 Episode length: 980 Return: 352.0 Normalized Return: -0.001

Steps executed: 4063 Num episodes: 3 Episode length: 1635 Return: 616.0 Normalized Return: 0.015

Steps executed: 5723 Num episodes: 4 Episode length: 1660 Return: 660.0 Normalized Return: 0.018

Steps executed: 7281 Num episodes: 5 Episode length: 1558 Return: 660.0 Normalized Return: 0.018

Steps executed: 8165 Num episodes: 6 Episode length: 884 Return: 308.0 Normalized Return: -0.003

Steps executed: 9304 Num episodes: 7 Episode length: 1139 Return: 440.0 Normalized Return: 0.005

Steps executed: 10283 Num episodes: 8 Episode length: 979 Return: 220.0 Normalized Return: -0.009

Steps executed: 11681 Num episodes: 9 Episode length: 1398 Return: 528.0 Normalized Return: 0.01

Steps executed: 13870 Num episodes: 10 Episode length: 2189 Return: 852.0 Normalized Return: 0.029

Steps executed: 14972 Num episodes: 11 Episode length: 1102 Return: 308.0 Normalized Return: -0.003

Steps executed: 18595 Num episodes: 12 Episode length: 3623 Return: 1536.0 Normalized Return: 0.071

Steps executed: 20699 Num episodes: 13 Episode length: 2104 Return: 708.0 Normalized Return: 0.021

Steps executed: 22466 Num episodes: 14 Episode length: 1767 Return: 900.0 Normalized Return: 0.032

Steps executed: 25470 Num episodes: 15 Episode length: 3004 Return: 2804.0 Normalized Return: 0.147

Steps executed: 28287 Num episodes: 16 Episode length: 2817 Return: 2056.0 Normalized Return: 0.102

Steps executed: 32557 Num episodes: 17 Episode length: 4270 Return: 3420.0 Normalized Return: 0.185

Steps executed: 34049 Num episodes: 18 Episode length: 1492 Return: 852.0 Normalized Return: 0.029

Steps executed: 39013 Num episodes: 19 Episode length: 4964 Return: 4230.0 Normalized Return: 0.233

Steps executed: 41204 Num episodes: 20 Episode length: 2191 Return: 852.0 Normalized Return: 0.029

Steps executed: 43962 Num episodes: 21 Episode length: 2758 Return: 2108.0 Normalized Return: 0.105

Steps executed: 46028 Num episodes: 22 Episode length: 2066 Return: 1380.0 Normalized Return: 0.061

Steps executed: 47577 Num episodes: 23 Episode length: 1549 Return: 1044.0 Normalized Return: 0.041

Steps executed: 53734 Num episodes: 24 Episode length: 6157 Return: 6502.0 Normalized Return: 0.371

Steps executed: 56142 Num episodes: 25 Episode length: 2408 Return: 1380.0 Normalized Return: 0.061

Steps executed: 60070 Num episodes: 26 Episode length: 3928 Return: 4050.0 Normalized Return: 0.223

Steps executed: 62323 Num episodes: 27 Episode length: 2253 Return: 996.0 Normalized Return: 0.038

Steps executed: 65041 Num episodes: 28 Episode length: 2718 Return: 2160.0 Normalized Return: 0.108

Steps executed: 69829 Num episodes: 29 Episode length: 4788 Return: 5538.0 Normalized Return: 0.312

Steps executed: 76423 Num episodes: 30 Episode length: 6594 Return: 8676.0 Normalized Return: 0.502

Steps executed: 80120 Num episodes: 31 Episode length: 3697 Return: 3900.0 Normalized Return: 0.213

Steps executed: 86063 Num episodes: 32 Episode length: 5943 Return: 7494.0 Normalized Return: 0.43

Steps executed: 90577 Num episodes: 33 Episode length: 4514 Return: 5446.0 Normalized Return: 0.307

Steps executed: 95131 Num episodes: 34 Episode length: 4554 Return: 6152.0 Normalized Return: 0.349

Steps executed: 99675 Num episodes: 35 Episode length: 4544 Return: 5410.0 Normalized Return: 0.305

Steps executed: 240000 Num episodes: 1 Episode length: 2400 Return: 1952.0 Normalized Return: 0.096

Steps executed: 267027 Num episodes: 2 Episode length: 2673 Return: 2056.0 Normalized Return: 0.102

Steps executed: 281237 Num episodes: 3 Episode length: 2818 Return: 2328.0 Normalized Return: 0.119

Steps executed: 283565 Num episodes: 4 Episode length: 2842 Return: 2328.0 Normalized Return: 0.119

Steps executed: 283853 Num episodes: 5 Episode length: 2845 Return: 2328.0 Normalized Return: 0.119

Steps executed: 285658 Num episodes: 6 Episode length: 2864 Return: 1952.0 Normalized Return: 0.096

Steps executed: 323916 Num episodes: 7 Episode length: 3271 Return: 3140.0 Normalized Return: 0.168

Steps executed: 331356 Num episodes: 8 Episode length: 3351 Return: 2272.0 Normalized Return: 0.115

Steps executed: 338072 Num episodes: 9 Episode length: 3424 Return: 3308.0 Normalized Return: 0.178

Steps executed: 338072 Num episodes: 10 Episode length: 3424 Return: 3308.0 Normalized Return: 0.178

Steps executed: 338162 Num episodes: 11 Episode length: 3425 Return: 3308.0 Normalized Return: 0.178

Steps executed: 338162 Num episodes: 12 Episode length: 3425 Return: 3308.0 Normalized Return: 0.178

Steps executed: 338250 Num episodes: 13 Episode length: 3426 Return: 3308.0 Normalized Return: 0.178

Steps executed: 338250 Num episodes: 14 Episode length: 3426 Return: 3308.0 Normalized Return: 0.178

Steps executed: 338422 Num episodes: 15 Episode length: 3428 Return: 3308.0 Normalized Return: 0.178

Steps executed: 338422 Num episodes: 16 Episode length: 3428 Return: 3308.0 Normalized Return: 0.178

Steps executed: 338422 Num episodes: 17 Episode length: 3428 Return: 3308.0 Normalized Return: 0.178

Steps executed: 338588 Num episodes: 18 Episode length: 3430 Return: 3308.0 Normalized Return: 0.178

Steps executed: 338588 Num episodes: 19 Episode length: 3430 Return: 3308.0 Normalized Return: 0.178

Steps executed: 338588 Num episodes: 20 Episode length: 3430 Return: 3308.0 Normalized Return: 0.178

Steps executed: 338668 Num episodes: 21 Episode length: 3431 Return: 3308.0 Normalized Return: 0.178

Steps executed: 338747 Num episodes: 22 Episode length: 3432 Return: 3308.0 Normalized Return: 0.178

Steps executed: 338747 Num episodes: 23 Episode length: 3432 Return: 3308.0 Normalized Return: 0.178

Steps executed: 338747 Num episodes: 24 Episode length: 3432 Return: 3308.0 Normalized Return: 0.178

Steps executed: 338747 Num episodes: 25 Episode length: 3432 Return: 3308.0 Normalized Return: 0.178

Steps executed: 338747 Num episodes: 26 Episode length: 3432 Return: 3308.0 Normalized Return: 0.178

Steps executed: 338895 Num episodes: 27 Episode length: 3434 Return: 3308.0 Normalized Return: 0.178

Steps executed: 338895 Num episodes: 28 Episode length: 3434 Return: 3308.0 Normalized Return: 0.178

Steps executed: 338967 Num episodes: 29 Episode length: 3435 Return: 3308.0 Normalized Return: 0.178

Steps executed: 338967 Num episodes: 30 Episode length: 3435 Return: 3308.0 Normalized Return: 0.178

Steps executed: 339037 Num episodes: 31 Episode length: 3436 Return: 3308.0 Normalized Return: 0.178

Steps executed: 339037 Num episodes: 32 Episode length: 3436 Return: 3308.0 Normalized Return: 0.178

Steps executed: 339037 Num episodes: 33 Episode length: 3436 Return: 3308.0 Normalized Return: 0.178

Steps executed: 339037 Num episodes: 34 Episode length: 3436 Return: 3308.0 Normalized Return: 0.178

Steps executed: 339103 Num episodes: 35 Episode length: 3437 Return: 3308.0 Normalized Return: 0.178

Steps executed: 339168 Num episodes: 36 Episode length: 3438 Return: 3308.0 Normalized Return: 0.178

Steps executed: 339232 Num episodes: 37 Episode length: 3439 Return: 3308.0 Normalized Return: 0.178

Steps executed: 339232 Num episodes: 38 Episode length: 3439 Return: 3308.0 Normalized Return: 0.178

Steps executed: 339232 Num episodes: 39 Episode length: 3439 Return: 3308.0 Normalized Return: 0.178

Steps executed: 339354 Num episodes: 40 Episode length: 3441 Return: 3308.0 Normalized Return: 0.178

Steps executed: 339354 Num episodes: 41 Episode length: 3441 Return: 3308.0 Normalized Return: 0.178

Steps executed: 339413 Num episodes: 42 Episode length: 3442 Return: 3308.0 Normalized Return: 0.178

Steps executed: 339413 Num episodes: 43 Episode length: 3442 Return: 3308.0 Normalized Return: 0.178

Steps executed: 339413 Num episodes: 44 Episode length: 3442 Return: 3308.0 Normalized Return: 0.178

Steps executed: 339469 Num episodes: 45 Episode length: 3443 Return: 3308.0 Normalized Return: 0.178

Steps executed: 339469 Num episodes: 46 Episode length: 3443 Return: 3308.0 Normalized Return: 0.178

Steps executed: 339523 Num episodes: 47 Episode length: 3444 Return: 3308.0 Normalized Return: 0.178

Steps executed: 339523 Num episodes: 48 Episode length: 3444 Return: 3308.0 Normalized Return: 0.178

Steps executed: 339523 Num episodes: 49 Episode length: 3444 Return: 3308.0 Normalized Return: 0.178

Steps executed: 339574 Num episodes: 50 Episode length: 3445 Return: 3308.0 Normalized Return: 0.178

Steps executed: 339624 Num episodes: 51 Episode length: 3446 Return: 3308.0 Normalized Return: 0.178

Steps executed: 339624 Num episodes: 52 Episode length: 3446 Return: 3308.0 Normalized Return: 0.178

Steps executed: 339624 Num episodes: 53 Episode length: 3446 Return: 3308.0 Normalized Return: 0.178

Steps executed: 339624 Num episodes: 54 Episode length: 3446 Return: 3308.0 Normalized Return: 0.178

Steps executed: 339670 Num episodes: 55 Episode length: 3447 Return: 3308.0 Normalized Return: 0.178

Steps executed: 339670 Num episodes: 56 Episode length: 3447 Return: 3308.0 Normalized Return: 0.178

Steps executed: 339670 Num episodes: 57 Episode length: 3447 Return: 3308.0 Normalized Return: 0.178

Steps executed: 339756 Num episodes: 58 Episode length: 3449 Return: 3308.0 Normalized Return: 0.178

Steps executed: 339756 Num episodes: 59 Episode length: 3449 Return: 3308.0 Normalized Return: 0.178

Steps executed: 339797 Num episodes: 60 Episode length: 3450 Return: 3308.0 Normalized Return: 0.178

Steps executed: 339797 Num episodes: 61 Episode length: 3450 Return: 3308.0 Normalized Return: 0.178

Steps executed: 339797 Num episodes: 62 Episode length: 3450 Return: 3308.0 Normalized Return: 0.178

Steps executed: 339797 Num episodes: 63 Episode length: 3450 Return: 3308.0 Normalized Return: 0.178

Steps executed: 339834 Num episodes: 64 Episode length: 3451 Return: 3308.0 Normalized Return: 0.178

Steps executed: 339870 Num episodes: 65 Episode length: 3452 Return: 3308.0 Normalized Return: 0.178

Steps executed: 339905 Num episodes: 66 Episode length: 3453 Return: 3308.0 Normalized Return: 0.178

Steps executed: 341741 Num episodes: 67 Episode length: 3507 Return: 3196.0 Normalized Return: 0.171

Steps executed: 342764 Num episodes: 68 Episode length: 3538 Return: 3784.0 Normalized Return: 0.206

Steps executed: 353708 Num episodes: 69 Episode length: 3880 Return: 4080.0 Normalized Return: 0.224

Steps executed: 358761 Num episodes: 70 Episode length: 4043 Return: 4028.0 Normalized Return: 0.221

Steps executed: 359121 Num episodes: 71 Episode length: 4055 Return: 4028.0 Normalized Return: 0.221

Steps executed: 361615 Num episodes: 72 Episode length: 4141 Return: 3900.0 Normalized Return: 0.213

Steps executed: 365339 Num episodes: 73 Episode length: 4274 Return: 4864.0 Normalized Return: 0.272

Steps executed: 368093 Num episodes: 74 Episode length: 4376 Return: 6630.0 Normalized Return: 0.378

Steps executed: 370407 Num episodes: 75 Episode length: 4465 Return: 4156.0 Normalized Return: 0.229

Steps executed: 374432 Num episodes: 76 Episode length: 4626 Return: 6218.0 Normalized Return: 0.353

Steps executed: 376160 Num episodes: 77 Episode length: 4698 Return: 4704.0 Normalized Return: 0.262

Steps executed: 376735 Num episodes: 78 Episode length: 4723 Return: 5416.0 Normalized Return: 0.305

Steps executed: 376911 Num episodes: 79 Episode length: 4731 Return: 4606.0 Normalized Return: 0.256

Steps executed: 377268 Num episodes: 80 Episode length: 4748 Return: 6344.0 Normalized Return: 0.361

Steps executed: 377748 Num episodes: 81 Episode length: 4772 Return: 6176.0 Normalized Return: 0.351

Steps executed: 378242 Num episodes: 82 Episode length: 4798 Return: 5924.0 Normalized Return: 0.336

Steps executed: 381500 Num episodes: 83 Episode length: 4979 Return: 5934.0 Normalized Return: 0.336

Steps executed: 382554 Num episodes: 84 Episode length: 5041 Return: 6402.0 Normalized Return: 0.365

Steps executed: 384666 Num episodes: 85 Episode length: 5173 Return: 6096.0 Normalized Return: 0.346

Steps executed: 385416 Num episodes: 86 Episode length: 5223 Return: 4926.0 Normalized Return: 0.275

Steps executed: 385906 Num episodes: 87 Episode length: 5258 Return: 6932.0 Normalized Return: 0.397

Steps executed: 385919 Num episodes: 88 Episode length: 5259 Return: 8122.0 Normalized Return: 0.468

Steps executed: 386795 Num episodes: 89 Episode length: 5332 Return: 6296.0 Normalized Return: 0.358

Steps executed: 388104 Num episodes: 90 Episode length: 5451 Return: 6630.0 Normalized Return: 0.378

Steps executed: 389464 Num episodes: 91 Episode length: 5587 Return: 7530.0 Normalized Return: 0.433

Steps executed: 389635 Num episodes: 92 Episode length: 5606 Return: 7404.0 Normalized Return: 0.425

Steps executed: 390019 Num episodes: 93 Episode length: 5654 Return: 5828.0 Normalized Return: 0.33

Steps executed: 390579 Num episodes: 94 Episode length: 5734 Return: 6852.0 Normalized Return: 0.392

Steps executed: 390921 Num episodes: 95 Episode length: 5791 Return: 7494.0 Normalized Return: 0.43

Steps executed: 391886 Num episodes: 96 Episode length: 5984 Return: 10014.0 Normalized Return: 0.583

Steps executed: 393490 Num episodes: 97 Episode length: 6385 Return: 9102.0 Normalized Return: 0.528

Steps executed: 394309 Num episodes: 98 Episode length: 6658 Return: 8482.0 Normalized Return: 0.49

Steps executed: 395379 Num episodes: 99 Episode length: 7193 Return: 8592.0 Normalized Return: 0.497

Steps executed: 395613 Num episodes: 100 Episode length: 7427 Return: 4768.0 Normalized Return: 0.266
