2024-11-29 00:39:43.827446: I tensorflow/core/platform/cpu_feature_guard.cc:193] This TensorFlow binary is optimized with oneAPI Deep Neural Network Library (oneDNN) to use the following CPU instructions in performance-critical operations:  AVX2 AVX512F AVX512_VNNI AVX512_BF16 AVX_VNNI AMX_TILE AMX_INT8 AMX_BF16 FMA
To enable them in other operations, rebuild TensorFlow with the appropriate compiler flags.
2024-11-29 00:39:43.912495: I tensorflow/core/util/port.cc:104] oneDNN custom operations are on. You may see slightly different numerical results due to floating-point round-off errors from different computation orders. To turn them off, set the environment variable `TF_ENABLE_ONEDNN_OPTS=0`.
2024-11-29 00:39:44.987201: W tensorflow/compiler/xla/stream_executor/platform/default/dso_loader.cc:64] Could not load dynamic library 'libnvinfer.so.7'; dlerror: libnvinfer.so.7: cannot open shared object file: No such file or directory; LD_LIBRARY_PATH: /nfs/nhome/live/rcdavis/.local/miniforge/envs/bbf2/lib/python3.9/site-packages/cv2/../../lib64:/ceph/apps/ubuntu-20/packages/cuda/11.8.0_520.61.05/lib64
2024-11-29 00:39:44.987440: W tensorflow/compiler/xla/stream_executor/platform/default/dso_loader.cc:64] Could not load dynamic library 'libnvinfer_plugin.so.7'; dlerror: libnvinfer_plugin.so.7: cannot open shared object file: No such file or directory; LD_LIBRARY_PATH: /nfs/nhome/live/rcdavis/.local/miniforge/envs/bbf2/lib/python3.9/site-packages/cv2/../../lib64:/ceph/apps/ubuntu-20/packages/cuda/11.8.0_520.61.05/lib64
2024-11-29 00:39:44.987446: W tensorflow/compiler/tf2tensorrt/utils/py_utils.cc:38] TF-TRT Warning: Cannot dlopen some TensorRT libraries. If you would like to use Nvidia GPU with TensorRT, please make sure the missing libraries mentioned above are installed properly.
/nfs/nhome/live/rcdavis/.local/miniforge/envs/bbf2/lib/python3.9/site-packages/gin/tf/__init__.py:48: DeprecationWarning: distutils Version classes are deprecated. Use packaging.version instead.
  if (distutils.version.LooseVersion(tf.__version__) <
2024-11-29 00:39:48.721103: W tensorflow/core/common_runtime/gpu/gpu_device.cc:2027] TensorFlow was not built with CUDA kernel binaries compatible with compute capability 9.0. CUDA kernels will be jit-compiled from PTX, which could take 30 minutes or longer.
I1129 00:39:48.721471 129659555227456 train.py:172] Setting random seed: 1554249542
I1129 00:39:48.854243 129659555227456 train.py:231] Using MaxEpisodeEvalRunner for evaluation.
W1129 00:39:48.854465 129659555227456 run_experiment.py:267] DEPRECATION WARNING: Logger is being deprecated. Please switch to CollectorDispatcher!
A.L.E: Arcade Learning Environment (version 0.7.5+db37282)
[Powered by Stella]
/nfs/nhome/live/rcdavis/.local/miniforge/envs/bbf2/lib/python3.9/site-packages/gym/core.py:317: DeprecationWarning: [33mWARN: Initializing wrapper in old step API which returns one bool instead of two. It is recommended to set `new_step_api=True` to use new step API. This will be the default behaviour in future.[0m
  deprecation(
/nfs/nhome/live/rcdavis/.local/miniforge/envs/bbf2/lib/python3.9/site-packages/gym/wrappers/step_api_compatibility.py:39: DeprecationWarning: [33mWARN: Initializing environment in old step API which returns one bool instead of two. It is recommended to set `new_step_api=True` to use new step API. This will be the default behaviour in future.[0m
  deprecation(
I1129 00:39:48.958539 129659555227456 spr_agent.py:1123] Creating BBFAgent agent with the following parameters:
I1129 00:39:48.958806 129659555227456 spr_agent.py:1127] 	 double_dqn: True
I1129 00:39:48.958834 129659555227456 spr_agent.py:1128] 	 noisy_networks: False
I1129 00:39:48.958855 129659555227456 spr_agent.py:1129] 	 dueling_dqn: True
I1129 00:39:48.958874 129659555227456 spr_agent.py:1130] 	 distributional: True
I1129 00:39:48.958890 129659555227456 spr_agent.py:1131] 	 data_augmentation: True
I1129 00:39:48.958906 129659555227456 spr_agent.py:1132] 	 replay_scheme: prioritized
I1129 00:39:48.958921 129659555227456 spr_agent.py:1133] 	 num_updates_per_train_step: 1
I1129 00:39:48.961009 129659555227456 xla_bridge.py:355] Unable to initialize backend 'tpu_driver': NOT_FOUND: Unable to find driver in registry given worker: 
I1129 00:39:49.114651 129659555227456 xla_bridge.py:355] Unable to initialize backend 'rocm': NOT_FOUND: Could not find registered platform with name: "rocm". Available platform names are: CUDA Host Interpreter
I1129 00:39:49.114966 129659555227456 xla_bridge.py:355] Unable to initialize backend 'tpu': module 'jaxlib.xla_extension' has no attribute 'get_tpu_client'
I1129 00:39:49.115025 129659555227456 xla_bridge.py:355] Unable to initialize backend 'plugin': xla_extension has no attributes named get_plugin_device_client. Compile TensorFlow with //tensorflow/compiler/xla/python:enable_plugin_device set to true (defaults to false) to enable this.
I1129 00:39:49.992012 129659555227456 spr_agent.py:1218] 	 Found following local devices: [StreamExecutorGpuDevice(id=0, process_index=0, slice_index=0)]
I1129 00:39:49.992164 129659555227456 spr_agent.py:1233] 	 Running with dtype <class 'jax.numpy.float32'>
I1129 00:39:49.992259 129659555227456 dqn_agent.py:278] Creating BBFAgent agent with the following parameters:
I1129 00:39:49.992288 129659555227456 dqn_agent.py:280] 	 gamma: 0.997000
I1129 00:39:49.992311 129659555227456 dqn_agent.py:281] 	 update_horizon: 10.000000
I1129 00:39:49.992331 129659555227456 dqn_agent.py:282] 	 min_replay_history: 2000
I1129 00:39:49.992348 129659555227456 dqn_agent.py:283] 	 update_period: 1
I1129 00:39:49.992365 129659555227456 dqn_agent.py:284] 	 target_update_period: 1
I1129 00:39:49.992389 129659555227456 dqn_agent.py:285] 	 epsilon_train: 0.000000
I1129 00:39:49.992406 129659555227456 dqn_agent.py:286] 	 epsilon_eval: 0.001000
I1129 00:39:49.992421 129659555227456 dqn_agent.py:287] 	 epsilon_decay_period: 2001
I1129 00:39:49.992436 129659555227456 dqn_agent.py:288] 	 optimizer: adam
I1129 00:39:49.992451 129659555227456 dqn_agent.py:289] 	 seed: 1554249542
I1129 00:39:49.992466 129659555227456 dqn_agent.py:290] 	 loss_type: mse
I1129 00:39:49.992481 129659555227456 dqn_agent.py:291] 	 preprocess_fn: None
I1129 00:39:50.203645 129659555227456 subsequence_replay_buffer.py:159] Creating a PrioritizedJaxSubsequenceParallelEnvReplayBuffer replay memory with the following parameters:
I1129 00:39:50.203778 129659555227456 subsequence_replay_buffer.py:161] 	 observation_shape: (84, 84)
I1129 00:39:50.203809 129659555227456 subsequence_replay_buffer.py:162] 	 observation_dtype: <class 'jax.numpy.uint8'>
I1129 00:39:50.203831 129659555227456 subsequence_replay_buffer.py:163] 	 terminal_dtype: <class 'numpy.uint8'>
I1129 00:39:50.203851 129659555227456 subsequence_replay_buffer.py:164] 	 stack_size: 4
I1129 00:39:50.203869 129659555227456 subsequence_replay_buffer.py:165] 	 use_next_state: 1
I1129 00:39:50.203886 129659555227456 subsequence_replay_buffer.py:166] 	 replay_capacity: 200000
I1129 00:39:50.203901 129659555227456 subsequence_replay_buffer.py:167] 	 batch_size: 32
I1129 00:39:50.203916 129659555227456 subsequence_replay_buffer.py:168] 	 update_horizon: 10
I1129 00:39:50.203931 129659555227456 subsequence_replay_buffer.py:169] 	 gamma: 0.997000
I1129 00:39:53.149158 129659555227456 spr_networks.py:821] Spatial latent shape: (11, 11, 128)
I1129 00:39:53.161594 129659555227456 spr_networks.py:828] Flattened representation shape: (15488,)
I1129 00:39:54.593226 129659555227456 spr_networks.py:821] Spatial latent shape: (5, 11, 11, 128)
I1129 00:39:54.606431 129659555227456 spr_networks.py:828] Flattened representation shape: (5, 15488)
I1129 00:39:55.196174 129659555227456 spr_agent.py:933] Creating AdamW optimizer with settings lr=0.000100, beta1=0.900000, beta2=0.999000, eps=0.000150, wd=0.100000
I1129 00:39:55.196420 129659555227456 spr_agent.py:933] Creating AdamW optimizer with settings lr=0.000100, beta1=0.900000, beta2=0.999000, eps=0.000150, wd=0.100000
I1129 00:39:55.678042 129659555227456 spr_agent.py:1366] 	 Operating with 1 environments, batch size 32 and replay ratio 64
I1129 00:39:55.678179 129659555227456 spr_agent.py:1374] 	 Calculated 2 updates per update phase
I1129 00:39:55.678216 129659555227456 spr_agent.py:1378] 	 Calculated update frequency of 1 step
I1129 00:39:55.678238 129659555227456 spr_agent.py:1383] 	 Setting min_replay_history to 2000.0 from 2000
I1129 00:39:55.678257 129659555227456 spr_agent.py:1388] 	 Setting epsilon_decay_period to 2001.0 from 2001
I1129 00:39:55.678280 129659555227456 spr_agent.py:1401] 	 Running 1 groups of 2 batches per 1 env step
I1129 00:39:55.681024 129659555227456 eval_run_experiment.py:204] Num evaluation episodes: 100
/nfs/nhome/live/rcdavis/.local/miniforge/envs/bbf2/lib/python3.9/site-packages/gym/utils/passive_env_checker.py:227: DeprecationWarning: [33mWARN: Core environment is written in old step API which returns one bool instead of two. It is recommended to rewrite the environment with new step API. [0m
  logger.deprecation(
I1129 00:39:55.896579 129659555227456 eval_run_experiment.py:622] Beginning training...
I1129 00:39:55.896716 129659555227456 eval_run_experiment.py:553] Starting iteration 0
I1129 00:39:56.035167 129659555227456 spr_networks.py:821] Spatial latent shape: (11, 11, 128)
I1129 00:39:56.035445 129659555227456 spr_networks.py:828] Flattened representation shape: (15488,)
I1129 00:40:00.998364 129659555227456 spr_networks.py:821] Spatial latent shape: (11, 11, 128)
I1129 00:40:00.998739 129659555227456 spr_networks.py:828] Flattened representation shape: (15488,)
I1129 00:40:01.145283 129659555227456 spr_networks.py:821] Spatial latent shape: (11, 11, 128)
I1129 00:40:01.145563 129659555227456 spr_networks.py:828] Flattened representation shape: (15488,)
I1129 00:40:01.328035 129659555227456 spr_networks.py:821] Spatial latent shape: (11, 11, 128)
I1129 00:40:01.328371 129659555227456 spr_networks.py:828] Flattened representation shape: (15488,)
I1129 00:40:01.507226 129659555227456 spr_networks.py:821] Spatial latent shape: (11, 11, 128)
I1129 00:40:01.507598 129659555227456 spr_networks.py:828] Flattened representation shape: (15488,)
I1129 00:40:01.603216 129659555227456 spr_networks.py:821] Spatial latent shape: (5, 11, 11, 128)
I1129 00:40:01.603778 129659555227456 spr_networks.py:828] Flattened representation shape: (5, 15488)
I1129 00:40:15.684175 129659555227456 spr_networks.py:821] Spatial latent shape: (11, 11, 128)
I1129 00:40:15.684465 129659555227456 spr_networks.py:828] Flattened representation shape: (15488,)
I1129 00:54:00.818423 129659555227456 spr_agent.py:1473] 	 Resetting weights at step 20002.
I1129 00:54:00.925288 129659555227456 spr_networks.py:821] Spatial latent shape: (11, 11, 128)
I1129 00:54:00.925511 129659555227456 spr_networks.py:828] Flattened representation shape: (15488,)
I1129 00:54:00.979399 129659555227456 spr_networks.py:821] Spatial latent shape: (5, 11, 11, 128)
I1129 00:54:00.979640 129659555227456 spr_networks.py:828] Flattened representation shape: (5, 15488)
I1129 00:54:01.092963 129659555227456 spr_networks.py:821] Spatial latent shape: (11, 11, 128)
I1129 00:54:01.093177 129659555227456 spr_networks.py:828] Flattened representation shape: (15488,)
I1129 00:54:01.146702 129659555227456 spr_networks.py:821] Spatial latent shape: (5, 11, 11, 128)
I1129 00:54:01.146938 129659555227456 spr_networks.py:828] Flattened representation shape: (5, 15488)
I1129 00:54:02.633136 129659555227456 spr_agent.py:1537] Running 0 gradient steps after reset
I1129 01:09:21.772012 129659555227456 spr_agent.py:1473] 	 Resetting weights at step 40003.
I1129 01:09:21.778232 129659555227456 spr_agent.py:1537] Running 0 gradient steps after reset
I1129 01:24:38.952435 129659555227456 spr_agent.py:1473] 	 Resetting weights at step 60004.
I1129 01:24:38.958594 129659555227456 spr_agent.py:1537] Running 0 gradient steps after reset
I1129 01:40:16.075285 129659555227456 spr_agent.py:1466] 	 Not resetting at step 80005, as need at least 20000 before 100000 to recover.
I1129 01:56:12.490133 129659555227456 eval_run_experiment.py:493] Average undiscounted return per training episode: 1628.15
I1129 01:56:12.491270 129659555227456 eval_run_experiment.py:496] Average normalized return per training episode: 0.13
I1129 01:56:12.491419 129659555227456 eval_run_experiment.py:499] Average training steps per second: 17.44
I1129 01:56:23.453274 129659555227456 spr_networks.py:821] Spatial latent shape: (11, 11, 128)
I1129 01:56:23.453631 129659555227456 spr_networks.py:828] Flattened representation shape: (15488,)
I1129 01:57:51.347466 129659555227456 spr_networks.py:821] Spatial latent shape: (11, 11, 128)
I1129 01:57:51.347871 129659555227456 spr_networks.py:828] Flattened representation shape: (15488,)
I1129 01:57:57.346798 129659555227456 spr_networks.py:821] Spatial latent shape: (11, 11, 128)
I1129 01:57:57.347098 129659555227456 spr_networks.py:828] Flattened representation shape: (15488,)
I1129 01:58:00.777931 129659555227456 spr_networks.py:821] Spatial latent shape: (11, 11, 128)
I1129 01:58:00.778237 129659555227456 spr_networks.py:828] Flattened representation shape: (15488,)
I1129 01:58:08.190075 129659555227456 spr_networks.py:821] Spatial latent shape: (11, 11, 128)
I1129 01:58:08.190348 129659555227456 spr_networks.py:828] Flattened representation shape: (15488,)
I1129 01:58:22.028742 129659555227456 spr_networks.py:821] Spatial latent shape: (11, 11, 128)
I1129 01:58:22.029119 129659555227456 spr_networks.py:828] Flattened representation shape: (15488,)
I1129 01:58:23.205430 129659555227456 spr_networks.py:821] Spatial latent shape: (11, 11, 128)
I1129 01:58:23.205705 129659555227456 spr_networks.py:828] Flattened representation shape: (15488,)
I1129 01:58:25.660867 129659555227456 spr_networks.py:821] Spatial latent shape: (11, 11, 128)
I1129 01:58:25.661139 129659555227456 spr_networks.py:828] Flattened representation shape: (15488,)
I1129 01:58:53.953506 129659555227456 spr_networks.py:821] Spatial latent shape: (11, 11, 128)
I1129 01:58:53.953838 129659555227456 spr_networks.py:828] Flattened representation shape: (15488,)
I1129 01:58:56.670457 129659555227456 spr_networks.py:821] Spatial latent shape: (11, 11, 128)
I1129 01:58:56.670729 129659555227456 spr_networks.py:828] Flattened representation shape: (15488,)
I1129 01:59:08.702425 129659555227456 spr_networks.py:821] Spatial latent shape: (11, 11, 128)
I1129 01:59:08.702710 129659555227456 spr_networks.py:828] Flattened representation shape: (15488,)
I1129 01:59:23.853006 129659555227456 spr_networks.py:821] Spatial latent shape: (11, 11, 128)
I1129 01:59:23.853290 129659555227456 spr_networks.py:828] Flattened representation shape: (15488,)
I1129 01:59:50.456923 129659555227456 spr_networks.py:821] Spatial latent shape: (11, 11, 128)
I1129 01:59:50.457194 129659555227456 spr_networks.py:828] Flattened representation shape: (15488,)
I1129 01:59:56.387418 129659555227456 spr_networks.py:821] Spatial latent shape: (11, 11, 128)
I1129 01:59:56.387691 129659555227456 spr_networks.py:828] Flattened representation shape: (15488,)
I1129 02:00:03.826845 129659555227456 spr_networks.py:821] Spatial latent shape: (11, 11, 128)
I1129 02:00:03.827125 129659555227456 spr_networks.py:828] Flattened representation shape: (15488,)
I1129 02:00:05.427125 129659555227456 spr_networks.py:821] Spatial latent shape: (11, 11, 128)
I1129 02:00:05.427415 129659555227456 spr_networks.py:828] Flattened representation shape: (15488,)
I1129 02:00:06.567210 129659555227456 spr_networks.py:821] Spatial latent shape: (11, 11, 128)
I1129 02:00:06.567494 129659555227456 spr_networks.py:828] Flattened representation shape: (15488,)
I1129 02:00:08.668241 129659555227456 spr_networks.py:821] Spatial latent shape: (11, 11, 128)
I1129 02:00:08.668586 129659555227456 spr_networks.py:828] Flattened representation shape: (15488,)
I1129 02:00:11.139570 129659555227456 spr_networks.py:821] Spatial latent shape: (11, 11, 128)
I1129 02:00:11.139853 129659555227456 spr_networks.py:828] Flattened representation shape: (15488,)
I1129 02:00:12.674873 129659555227456 spr_networks.py:821] Spatial latent shape: (11, 11, 128)
I1129 02:00:12.675153 129659555227456 spr_networks.py:828] Flattened representation shape: (15488,)
I1129 02:00:15.287040 129659555227456 spr_networks.py:821] Spatial latent shape: (11, 11, 128)
I1129 02:00:15.287322 129659555227456 spr_networks.py:828] Flattened representation shape: (15488,)
I1129 02:00:17.004148 129659555227456 spr_networks.py:821] Spatial latent shape: (11, 11, 128)
I1129 02:00:17.004435 129659555227456 spr_networks.py:828] Flattened representation shape: (15488,)
I1129 02:00:18.554862 129659555227456 spr_networks.py:821] Spatial latent shape: (11, 11, 128)
I1129 02:00:18.555135 129659555227456 spr_networks.py:828] Flattened representation shape: (15488,)
I1129 02:00:23.934433 129659555227456 spr_networks.py:821] Spatial latent shape: (11, 11, 128)
I1129 02:00:23.934713 129659555227456 spr_networks.py:828] Flattened representation shape: (15488,)
I1129 02:00:25.053943 129659555227456 spr_networks.py:821] Spatial latent shape: (11, 11, 128)
I1129 02:00:25.054222 129659555227456 spr_networks.py:828] Flattened representation shape: (15488,)
I1129 02:00:26.954279 129659555227456 spr_networks.py:821] Spatial latent shape: (11, 11, 128)
I1129 02:00:26.954588 129659555227456 spr_networks.py:828] Flattened representation shape: (15488,)
I1129 02:00:28.655519 129659555227456 spr_networks.py:821] Spatial latent shape: (11, 11, 128)
I1129 02:00:28.655794 129659555227456 spr_networks.py:828] Flattened representation shape: (15488,)
I1129 02:00:30.878001 129659555227456 spr_networks.py:821] Spatial latent shape: (11, 11, 128)
I1129 02:00:30.878287 129659555227456 spr_networks.py:828] Flattened representation shape: (15488,)
I1129 02:00:32.842188 129659555227456 spr_networks.py:821] Spatial latent shape: (11, 11, 128)
I1129 02:00:32.842472 129659555227456 spr_networks.py:828] Flattened representation shape: (15488,)
I1129 02:00:37.133671 129659555227456 spr_networks.py:821] Spatial latent shape: (11, 11, 128)
I1129 02:00:37.133949 129659555227456 spr_networks.py:828] Flattened representation shape: (15488,)
I1129 02:00:38.529692 129659555227456 spr_networks.py:821] Spatial latent shape: (11, 11, 128)
I1129 02:00:38.529971 129659555227456 spr_networks.py:828] Flattened representation shape: (15488,)
I1129 02:00:39.621227 129659555227456 spr_networks.py:821] Spatial latent shape: (11, 11, 128)
I1129 02:00:39.621506 129659555227456 spr_networks.py:828] Flattened representation shape: (15488,)
I1129 02:00:45.125916 129659555227456 spr_networks.py:821] Spatial latent shape: (11, 11, 128)
I1129 02:00:45.126191 129659555227456 spr_networks.py:828] Flattened representation shape: (15488,)
I1129 02:00:49.854936 129659555227456 spr_networks.py:821] Spatial latent shape: (11, 11, 128)
I1129 02:00:49.855232 129659555227456 spr_networks.py:828] Flattened representation shape: (15488,)
I1129 02:00:53.075458 129659555227456 spr_networks.py:821] Spatial latent shape: (11, 11, 128)
I1129 02:00:53.075816 129659555227456 spr_networks.py:828] Flattened representation shape: (15488,)
I1129 02:00:55.189515 129659555227456 spr_networks.py:821] Spatial latent shape: (11, 11, 128)
I1129 02:00:55.189794 129659555227456 spr_networks.py:828] Flattened representation shape: (15488,)
I1129 02:00:57.866154 129659555227456 spr_networks.py:821] Spatial latent shape: (11, 11, 128)
I1129 02:00:57.866429 129659555227456 spr_networks.py:828] Flattened representation shape: (15488,)
I1129 02:00:59.783105 129659555227456 spr_networks.py:821] Spatial latent shape: (11, 11, 128)
I1129 02:00:59.783404 129659555227456 spr_networks.py:828] Flattened representation shape: (15488,)
I1129 02:01:07.627619 129659555227456 spr_networks.py:821] Spatial latent shape: (11, 11, 128)
I1129 02:01:07.627907 129659555227456 spr_networks.py:828] Flattened representation shape: (15488,)
I1129 02:01:09.753727 129659555227456 spr_networks.py:821] Spatial latent shape: (11, 11, 128)
I1129 02:01:09.754006 129659555227456 spr_networks.py:828] Flattened representation shape: (15488,)
I1129 02:01:10.838518 129659555227456 spr_networks.py:821] Spatial latent shape: (11, 11, 128)
I1129 02:01:10.838804 129659555227456 spr_networks.py:828] Flattened representation shape: (15488,)
I1129 02:01:11.890992 129659555227456 spr_networks.py:821] Spatial latent shape: (11, 11, 128)
I1129 02:01:11.891266 129659555227456 spr_networks.py:828] Flattened representation shape: (15488,)
I1129 02:01:14.050985 129659555227456 spr_networks.py:821] Spatial latent shape: (11, 11, 128)
I1129 02:01:14.051272 129659555227456 spr_networks.py:828] Flattened representation shape: (15488,)
I1129 02:01:16.949397 129659555227456 spr_networks.py:821] Spatial latent shape: (11, 11, 128)
I1129 02:01:16.949675 129659555227456 spr_networks.py:828] Flattened representation shape: (15488,)
I1129 02:01:18.084306 129659555227456 spr_networks.py:821] Spatial latent shape: (11, 11, 128)
I1129 02:01:18.084587 129659555227456 spr_networks.py:828] Flattened representation shape: (15488,)
I1129 02:01:20.899949 129659555227456 spr_networks.py:821] Spatial latent shape: (11, 11, 128)
I1129 02:01:20.900220 129659555227456 spr_networks.py:828] Flattened representation shape: (15488,)
I1129 02:01:24.547921 129659555227456 spr_networks.py:821] Spatial latent shape: (11, 11, 128)
I1129 02:01:24.548202 129659555227456 spr_networks.py:828] Flattened representation shape: (15488,)
I1129 02:01:25.977979 129659555227456 spr_networks.py:821] Spatial latent shape: (11, 11, 128)
I1129 02:01:25.978261 129659555227456 spr_networks.py:828] Flattened representation shape: (15488,)
I1129 02:01:29.321711 129659555227456 spr_networks.py:821] Spatial latent shape: (11, 11, 128)
I1129 02:01:29.322057 129659555227456 spr_networks.py:828] Flattened representation shape: (15488,)
I1129 02:01:30.669713 129659555227456 spr_networks.py:821] Spatial latent shape: (11, 11, 128)
I1129 02:01:30.669994 129659555227456 spr_networks.py:828] Flattened representation shape: (15488,)
I1129 02:01:37.185794 129659555227456 spr_networks.py:821] Spatial latent shape: (11, 11, 128)
I1129 02:01:37.186100 129659555227456 spr_networks.py:828] Flattened representation shape: (15488,)
I1129 02:01:38.457863 129659555227456 spr_networks.py:821] Spatial latent shape: (11, 11, 128)
I1129 02:01:38.458143 129659555227456 spr_networks.py:828] Flattened representation shape: (15488,)
I1129 02:01:39.692770 129659555227456 spr_networks.py:821] Spatial latent shape: (11, 11, 128)
I1129 02:01:39.693045 129659555227456 spr_networks.py:828] Flattened representation shape: (15488,)
I1129 02:01:40.764119 129659555227456 spr_networks.py:821] Spatial latent shape: (11, 11, 128)
I1129 02:01:40.764417 129659555227456 spr_networks.py:828] Flattened representation shape: (15488,)
I1129 02:01:42.447099 129659555227456 spr_networks.py:821] Spatial latent shape: (11, 11, 128)
I1129 02:01:42.447371 129659555227456 spr_networks.py:828] Flattened representation shape: (15488,)
I1129 02:01:47.814261 129659555227456 spr_networks.py:821] Spatial latent shape: (11, 11, 128)
I1129 02:01:47.814536 129659555227456 spr_networks.py:828] Flattened representation shape: (15488,)
I1129 02:01:52.020414 129659555227456 spr_networks.py:821] Spatial latent shape: (11, 11, 128)
I1129 02:01:52.020689 129659555227456 spr_networks.py:828] Flattened representation shape: (15488,)
I1129 02:01:57.089181 129659555227456 spr_networks.py:821] Spatial latent shape: (11, 11, 128)
I1129 02:01:57.089621 129659555227456 spr_networks.py:828] Flattened representation shape: (15488,)
I1129 02:02:02.618921 129659555227456 spr_networks.py:821] Spatial latent shape: (11, 11, 128)
I1129 02:02:02.619208 129659555227456 spr_networks.py:828] Flattened representation shape: (15488,)
I1129 02:02:11.891807 129659555227456 spr_networks.py:821] Spatial latent shape: (11, 11, 128)
I1129 02:02:11.892082 129659555227456 spr_networks.py:828] Flattened representation shape: (15488,)
I1129 02:02:18.122170 129659555227456 spr_networks.py:821] Spatial latent shape: (11, 11, 128)
I1129 02:02:18.122467 129659555227456 spr_networks.py:828] Flattened representation shape: (15488,)
I1129 02:02:20.726611 129659555227456 spr_networks.py:821] Spatial latent shape: (11, 11, 128)
I1129 02:02:20.726951 129659555227456 spr_networks.py:828] Flattened representation shape: (15488,)
I1129 02:02:23.814860 129659555227456 spr_networks.py:821] Spatial latent shape: (11, 11, 128)
I1129 02:02:23.815141 129659555227456 spr_networks.py:828] Flattened representation shape: (15488,)
I1129 02:02:25.723825 129659555227456 spr_networks.py:821] Spatial latent shape: (11, 11, 128)
I1129 02:02:25.724100 129659555227456 spr_networks.py:828] Flattened representation shape: (15488,)
I1129 02:02:30.917950 129659555227456 spr_networks.py:821] Spatial latent shape: (11, 11, 128)
I1129 02:02:30.918231 129659555227456 spr_networks.py:828] Flattened representation shape: (15488,)
I1129 02:02:33.478322 129659555227456 spr_networks.py:821] Spatial latent shape: (11, 11, 128)
I1129 02:02:33.478606 129659555227456 spr_networks.py:828] Flattened representation shape: (15488,)
I1129 02:02:37.743483 129659555227456 spr_networks.py:821] Spatial latent shape: (11, 11, 128)
I1129 02:02:37.743795 129659555227456 spr_networks.py:828] Flattened representation shape: (15488,)
I1129 02:02:38.802102 129659555227456 spr_networks.py:821] Spatial latent shape: (11, 11, 128)
I1129 02:02:38.802382 129659555227456 spr_networks.py:828] Flattened representation shape: (15488,)
I1129 02:02:42.832582 129659555227456 spr_networks.py:821] Spatial latent shape: (11, 11, 128)
I1129 02:02:42.832868 129659555227456 spr_networks.py:828] Flattened representation shape: (15488,)
I1129 02:02:58.464092 129659555227456 spr_networks.py:821] Spatial latent shape: (11, 11, 128)
I1129 02:02:58.464392 129659555227456 spr_networks.py:828] Flattened representation shape: (15488,)
I1129 02:03:06.552827 129659555227456 spr_networks.py:821] Spatial latent shape: (11, 11, 128)
I1129 02:03:06.553147 129659555227456 spr_networks.py:828] Flattened representation shape: (15488,)
I1129 02:03:10.565630 129659555227456 spr_networks.py:821] Spatial latent shape: (11, 11, 128)
I1129 02:03:10.565906 129659555227456 spr_networks.py:828] Flattened representation shape: (15488,)
I1129 02:03:17.614091 129659555227456 spr_networks.py:821] Spatial latent shape: (11, 11, 128)
I1129 02:03:17.614367 129659555227456 spr_networks.py:828] Flattened representation shape: (15488,)
I1129 02:03:21.307036 129659555227456 spr_networks.py:821] Spatial latent shape: (11, 11, 128)
I1129 02:03:21.307313 129659555227456 spr_networks.py:828] Flattened representation shape: (15488,)
I1129 02:03:34.773841 129659555227456 spr_networks.py:821] Spatial latent shape: (11, 11, 128)
I1129 02:03:34.774120 129659555227456 spr_networks.py:828] Flattened representation shape: (15488,)
I1129 02:03:48.508764 129659555227456 spr_networks.py:821] Spatial latent shape: (11, 11, 128)
I1129 02:03:48.509044 129659555227456 spr_networks.py:828] Flattened representation shape: (15488,)
I1129 02:04:07.373262 129659555227456 spr_networks.py:821] Spatial latent shape: (11, 11, 128)
I1129 02:04:07.373564 129659555227456 spr_networks.py:828] Flattened representation shape: (15488,)
I1129 02:04:38.488313 129659555227456 spr_networks.py:821] Spatial latent shape: (11, 11, 128)
I1129 02:04:38.488600 129659555227456 spr_networks.py:828] Flattened representation shape: (15488,)
I1129 02:04:55.708105 129659555227456 spr_networks.py:821] Spatial latent shape: (11, 11, 128)
I1129 02:04:55.708413 129659555227456 spr_networks.py:828] Flattened representation shape: (15488,)
I1129 02:05:11.865965 129659555227456 spr_networks.py:821] Spatial latent shape: (11, 11, 128)
I1129 02:05:11.866313 129659555227456 spr_networks.py:828] Flattened representation shape: (15488,)
I1129 02:06:20.835821 129659555227456 spr_networks.py:821] Spatial latent shape: (11, 11, 128)
I1129 02:06:20.837038 129659555227456 spr_networks.py:828] Flattened representation shape: (15488,)
I1129 02:06:23.958598 129659555227456 spr_networks.py:821] Spatial latent shape: (11, 11, 128)
I1129 02:06:23.958941 129659555227456 spr_networks.py:828] Flattened representation shape: (15488,)
I1129 02:06:35.202559 129659555227456 eval_run_experiment.py:537] Average undiscounted return per evaluation episode: 10303.10
I1129 02:06:35.202746 129659555227456 eval_run_experiment.py:544] Average normalized return per evaluation episode: 1.47
/nfs/nhome/live/rcdavis/bbf_UPER/bbf/replay_memory/subsequence_replay_buffer.py:781: FutureWarning: GzipFile was opened for writing, but this will change in future Python releases.  Specify the mode argument for opening it for writing.
  with gzip.GzipFile(fileobj=f) as outfile:
