Fri Nov 29 02:01:47 2024       
+-----------------------------------------------------------------------------------------+
| NVIDIA-SMI 560.35.03              Driver Version: 560.35.03      CUDA Version: 12.6     |
|-----------------------------------------+------------------------+----------------------+
| GPU  Name                 Persistence-M | Bus-Id          Disp.A | Volatile Uncorr. ECC |
| Fan  Temp   Perf          Pwr:Usage/Cap |           Memory-Usage | GPU-Util  Compute M. |
|                                         |                        |               MIG M. |
|=========================================+========================+======================|
|   0  NVIDIA H100 80GB HBM3          Off |   00000001:24:00.0 Off |                    0 |
| N/A   31C    P0            128W /  700W |       1MiB /  81559MiB |      0%      Default |
|                                         |                        |             Disabled |
+-----------------------------------------+------------------------+----------------------+
                                                                                         
+-----------------------------------------------------------------------------------------+
| Processes:                                                                              |
|  GPU   GI   CI        PID   Type   Process name                              GPU Memory |
|        ID   ID                                                               Usage      |
|=========================================================================================|
|  No running processes found                                                             |
+-----------------------------------------------------------------------------------------+
gpu
Got gin bindings:
[]
Sanitized gin bindings to:
[]
Found devices [StreamExecutorGpuDevice(id=0, process_index=0, slice_index=0)]

Steps executed: 919 Num episodes: 1 Episode length: 919 Return: 1010.0 Normalized Return: 0.038

Steps executed: 1999 Num episodes: 2 Episode length: 1080 Return: 200.0 Normalized Return: -0.087

Steps executed: 3347 Num episodes: 3 Episode length: 1348 Return: 520.0 Normalized Return: -0.037

Steps executed: 4150 Num episodes: 4 Episode length: 803 Return: 260.0 Normalized Return: -0.077

Steps executed: 5044 Num episodes: 5 Episode length: 894 Return: 300.0 Normalized Return: -0.071

Steps executed: 6060 Num episodes: 6 Episode length: 1016 Return: 420.0 Normalized Return: -0.053

Steps executed: 6524 Num episodes: 7 Episode length: 464 Return: 160.0 Normalized Return: -0.093

Steps executed: 7602 Num episodes: 8 Episode length: 1078 Return: 1710.0 Normalized Return: 0.146

Steps executed: 8487 Num episodes: 9 Episode length: 885 Return: 340.0 Normalized Return: -0.065

Steps executed: 9484 Num episodes: 10 Episode length: 997 Return: 260.0 Normalized Return: -0.077

Steps executed: 10285 Num episodes: 11 Episode length: 801 Return: 140.0 Normalized Return: -0.096

Steps executed: 11341 Num episodes: 12 Episode length: 1056 Return: 620.0 Normalized Return: -0.022

Steps executed: 13105 Num episodes: 13 Episode length: 1764 Return: 500.0 Normalized Return: -0.04

Steps executed: 14010 Num episodes: 14 Episode length: 905 Return: 850.0 Normalized Return: 0.014

Steps executed: 15527 Num episodes: 15 Episode length: 1517 Return: 1010.0 Normalized Return: 0.038

Steps executed: 16700 Num episodes: 16 Episode length: 1173 Return: 1640.0 Normalized Return: 0.136

Steps executed: 17995 Num episodes: 17 Episode length: 1295 Return: 1670.0 Normalized Return: 0.14

Steps executed: 19454 Num episodes: 18 Episode length: 1459 Return: 400.0 Normalized Return: -0.056

Steps executed: 21111 Num episodes: 19 Episode length: 1657 Return: 140.0 Normalized Return: -0.096

Steps executed: 21702 Num episodes: 20 Episode length: 591 Return: 320.0 Normalized Return: -0.068

Steps executed: 22680 Num episodes: 21 Episode length: 978 Return: 2260.0 Normalized Return: 0.231

Steps executed: 23432 Num episodes: 22 Episode length: 752 Return: 740.0 Normalized Return: -0.003

Steps executed: 24239 Num episodes: 23 Episode length: 807 Return: 480.0 Normalized Return: -0.043

Steps executed: 25952 Num episodes: 24 Episode length: 1713 Return: 1920.0 Normalized Return: 0.179

Steps executed: 27600 Num episodes: 25 Episode length: 1648 Return: 2500.0 Normalized Return: 0.268

Steps executed: 29193 Num episodes: 26 Episode length: 1593 Return: 1510.0 Normalized Return: 0.116

Steps executed: 30576 Num episodes: 27 Episode length: 1383 Return: 2610.0 Normalized Return: 0.285

Steps executed: 32788 Num episodes: 28 Episode length: 2212 Return: 4720.0 Normalized Return: 0.611

Steps executed: 33884 Num episodes: 29 Episode length: 1096 Return: 970.0 Normalized Return: 0.032

Steps executed: 40784 Num episodes: 30 Episode length: 6900 Return: 4770.0 Normalized Return: 0.618

Steps executed: 41244 Num episodes: 31 Episode length: 460 Return: 40.0 Normalized Return: -0.111

Steps executed: 42111 Num episodes: 32 Episode length: 867 Return: 1170.0 Normalized Return: 0.063

Steps executed: 42994 Num episodes: 33 Episode length: 883 Return: 1610.0 Normalized Return: 0.131

Steps executed: 44274 Num episodes: 34 Episode length: 1280 Return: 2280.0 Normalized Return: 0.234

Steps executed: 45427 Num episodes: 35 Episode length: 1153 Return: 3160.0 Normalized Return: 0.37

Steps executed: 46708 Num episodes: 36 Episode length: 1281 Return: 2810.0 Normalized Return: 0.316

Steps executed: 48242 Num episodes: 37 Episode length: 1534 Return: 1820.0 Normalized Return: 0.163

Steps executed: 60368 Num episodes: 38 Episode length: 12126 Return: 5060.0 Normalized Return: 0.663

Steps executed: 60733 Num episodes: 39 Episode length: 365 Return: 20.0 Normalized Return: -0.114

Steps executed: 61463 Num episodes: 40 Episode length: 730 Return: 400.0 Normalized Return: -0.056

Steps executed: 61877 Num episodes: 41 Episode length: 414 Return: 160.0 Normalized Return: -0.093

Steps executed: 63112 Num episodes: 42 Episode length: 1235 Return: 2380.0 Normalized Return: 0.25

Steps executed: 90112 Num episodes: 43 Episode length: 27000 Return: 5050.0 Normalized Return: 0.662

Steps executed: 166800 Num episodes: 1 Episode length: 1668 Return: 4630.0 Normalized Return: 0.597

Steps executed: 1797627 Num episodes: 2 Episode length: 18141 Return: 4350.0 Normalized Return: 0.554

Steps executed: 2665809 Num episodes: 3 Episode length: 27000 Return: 5260.0 Normalized Return: 0.694

Steps executed: 2665809 Num episodes: 4 Episode length: 27000 Return: 4890.0 Normalized Return: 0.637

Steps executed: 2665809 Num episodes: 5 Episode length: 27000 Return: 4520.0 Normalized Return: 0.58

Steps executed: 2665809 Num episodes: 6 Episode length: 27000 Return: 4770.0 Normalized Return: 0.618

Steps executed: 2665809 Num episodes: 7 Episode length: 27000 Return: 4910.0 Normalized Return: 0.64

Steps executed: 2665809 Num episodes: 8 Episode length: 27000 Return: 4980.0 Normalized Return: 0.651

Steps executed: 2665809 Num episodes: 9 Episode length: 27000 Return: 5360.0 Normalized Return: 0.71

Steps executed: 2665809 Num episodes: 10 Episode length: 27000 Return: 4910.0 Normalized Return: 0.64

Steps executed: 2665809 Num episodes: 11 Episode length: 27000 Return: 5520.0 Normalized Return: 0.734

Steps executed: 2665809 Num episodes: 12 Episode length: 27000 Return: 5440.0 Normalized Return: 0.722

Steps executed: 2665809 Num episodes: 13 Episode length: 27000 Return: 5150.0 Normalized Return: 0.677

Steps executed: 2665809 Num episodes: 14 Episode length: 27000 Return: 4950.0 Normalized Return: 0.646

Steps executed: 2665809 Num episodes: 15 Episode length: 27000 Return: 4860.0 Normalized Return: 0.632

Steps executed: 2665809 Num episodes: 16 Episode length: 27000 Return: 4570.0 Normalized Return: 0.588

Steps executed: 2665809 Num episodes: 17 Episode length: 27000 Return: 4910.0 Normalized Return: 0.64

Steps executed: 2665809 Num episodes: 18 Episode length: 27000 Return: 5630.0 Normalized Return: 0.751

Steps executed: 2665809 Num episodes: 19 Episode length: 27000 Return: 5200.0 Normalized Return: 0.685

Steps executed: 2665809 Num episodes: 20 Episode length: 27000 Return: 5260.0 Normalized Return: 0.694

Steps executed: 2665809 Num episodes: 21 Episode length: 27000 Return: 4910.0 Normalized Return: 0.64

Steps executed: 2665809 Num episodes: 22 Episode length: 27000 Return: 4580.0 Normalized Return: 0.589

Steps executed: 2665809 Num episodes: 23 Episode length: 27000 Return: 4960.0 Normalized Return: 0.648

Steps executed: 2665809 Num episodes: 24 Episode length: 27000 Return: 4910.0 Normalized Return: 0.64

Steps executed: 2665809 Num episodes: 25 Episode length: 27000 Return: 4980.0 Normalized Return: 0.651

Steps executed: 2665809 Num episodes: 26 Episode length: 27000 Return: 5230.0 Normalized Return: 0.689

Steps executed: 2665809 Num episodes: 27 Episode length: 27000 Return: 4980.0 Normalized Return: 0.651

Steps executed: 2665809 Num episodes: 28 Episode length: 27000 Return: 5170.0 Normalized Return: 0.68

Steps executed: 2665809 Num episodes: 29 Episode length: 27000 Return: 4880.0 Normalized Return: 0.635

Steps executed: 2665809 Num episodes: 30 Episode length: 27000 Return: 5210.0 Normalized Return: 0.686

Steps executed: 2665809 Num episodes: 31 Episode length: 27000 Return: 5040.0 Normalized Return: 0.66

Steps executed: 2665809 Num episodes: 32 Episode length: 27000 Return: 4910.0 Normalized Return: 0.64

Steps executed: 2665809 Num episodes: 33 Episode length: 27000 Return: 5230.0 Normalized Return: 0.689

Steps executed: 2665809 Num episodes: 34 Episode length: 27000 Return: 4980.0 Normalized Return: 0.651

Steps executed: 2665809 Num episodes: 35 Episode length: 27000 Return: 5120.0 Normalized Return: 0.672

Steps executed: 2665809 Num episodes: 36 Episode length: 27000 Return: 4760.0 Normalized Return: 0.617

Steps executed: 2665809 Num episodes: 37 Episode length: 27000 Return: 5160.0 Normalized Return: 0.679

Steps executed: 2665809 Num episodes: 38 Episode length: 27000 Return: 5080.0 Normalized Return: 0.666

Steps executed: 2665809 Num episodes: 39 Episode length: 27000 Return: 5120.0 Normalized Return: 0.672

Steps executed: 2665809 Num episodes: 40 Episode length: 27000 Return: 4850.0 Normalized Return: 0.631

Steps executed: 2665809 Num episodes: 41 Episode length: 27000 Return: 5030.0 Normalized Return: 0.659

Steps executed: 2665809 Num episodes: 42 Episode length: 27000 Return: 4910.0 Normalized Return: 0.64

Steps executed: 2665809 Num episodes: 43 Episode length: 27000 Return: 4760.0 Normalized Return: 0.617

Steps executed: 2665809 Num episodes: 44 Episode length: 27000 Return: 5120.0 Normalized Return: 0.672

Steps executed: 2665809 Num episodes: 45 Episode length: 27000 Return: 5020.0 Normalized Return: 0.657

Steps executed: 2665809 Num episodes: 46 Episode length: 27000 Return: 5040.0 Normalized Return: 0.66

Steps executed: 2665809 Num episodes: 47 Episode length: 27000 Return: 4910.0 Normalized Return: 0.64

Steps executed: 2665809 Num episodes: 48 Episode length: 27000 Return: 4470.0 Normalized Return: 0.572

Steps executed: 2665809 Num episodes: 49 Episode length: 27000 Return: 4980.0 Normalized Return: 0.651

Steps executed: 2665809 Num episodes: 50 Episode length: 27000 Return: 5310.0 Normalized Return: 0.702

Steps executed: 2665809 Num episodes: 51 Episode length: 27000 Return: 5540.0 Normalized Return: 0.737

Steps executed: 2665809 Num episodes: 52 Episode length: 27000 Return: 5100.0 Normalized Return: 0.669

Steps executed: 2665809 Num episodes: 53 Episode length: 27000 Return: 4910.0 Normalized Return: 0.64

Steps executed: 2665809 Num episodes: 54 Episode length: 27000 Return: 4730.0 Normalized Return: 0.612

Steps executed: 2665809 Num episodes: 55 Episode length: 27000 Return: 5430.0 Normalized Return: 0.72

Steps executed: 2665809 Num episodes: 56 Episode length: 27000 Return: 4730.0 Normalized Return: 0.612

Steps executed: 2665809 Num episodes: 57 Episode length: 27000 Return: 4910.0 Normalized Return: 0.64

Steps executed: 2665809 Num episodes: 58 Episode length: 27000 Return: 4570.0 Normalized Return: 0.588

Steps executed: 2665809 Num episodes: 59 Episode length: 27000 Return: 4880.0 Normalized Return: 0.635

Steps executed: 2665809 Num episodes: 60 Episode length: 27000 Return: 4960.0 Normalized Return: 0.648

Steps executed: 2665809 Num episodes: 61 Episode length: 27000 Return: 4880.0 Normalized Return: 0.635

Steps executed: 2665809 Num episodes: 62 Episode length: 27000 Return: 5070.0 Normalized Return: 0.665

Steps executed: 2665809 Num episodes: 63 Episode length: 27000 Return: 4880.0 Normalized Return: 0.635

Steps executed: 2665809 Num episodes: 64 Episode length: 27000 Return: 4480.0 Normalized Return: 0.574

Steps executed: 2665809 Num episodes: 65 Episode length: 27000 Return: 4770.0 Normalized Return: 0.618

Steps executed: 2665809 Num episodes: 66 Episode length: 27000 Return: 5300.0 Normalized Return: 0.7

Steps executed: 2665809 Num episodes: 67 Episode length: 27000 Return: 3960.0 Normalized Return: 0.494

Steps executed: 2665809 Num episodes: 68 Episode length: 27000 Return: 5720.0 Normalized Return: 0.765

Steps executed: 2665809 Num episodes: 69 Episode length: 27000 Return: 5400.0 Normalized Return: 0.716

Steps executed: 2665809 Num episodes: 70 Episode length: 27000 Return: 4570.0 Normalized Return: 0.588

Steps executed: 2665809 Num episodes: 71 Episode length: 27000 Return: 5170.0 Normalized Return: 0.68

Steps executed: 2665809 Num episodes: 72 Episode length: 27000 Return: 5120.0 Normalized Return: 0.672

Steps executed: 2665809 Num episodes: 73 Episode length: 27000 Return: 4740.0 Normalized Return: 0.614

Steps executed: 2665809 Num episodes: 74 Episode length: 27000 Return: 4880.0 Normalized Return: 0.635

Steps executed: 2665809 Num episodes: 75 Episode length: 27000 Return: 4760.0 Normalized Return: 0.617

Steps executed: 2665809 Num episodes: 76 Episode length: 27000 Return: 4960.0 Normalized Return: 0.648

Steps executed: 2665809 Num episodes: 77 Episode length: 27000 Return: 4850.0 Normalized Return: 0.631

Steps executed: 2665809 Num episodes: 78 Episode length: 27000 Return: 4880.0 Normalized Return: 0.635

Steps executed: 2665809 Num episodes: 79 Episode length: 27000 Return: 4310.0 Normalized Return: 0.548

Steps executed: 2665809 Num episodes: 80 Episode length: 27000 Return: 4880.0 Normalized Return: 0.635

Steps executed: 2665809 Num episodes: 81 Episode length: 27000 Return: 5090.0 Normalized Return: 0.668

Steps executed: 2665809 Num episodes: 82 Episode length: 27000 Return: 4980.0 Normalized Return: 0.651

Steps executed: 2665809 Num episodes: 83 Episode length: 27000 Return: 4880.0 Normalized Return: 0.635

Steps executed: 2665809 Num episodes: 84 Episode length: 27000 Return: 4830.0 Normalized Return: 0.628

Steps executed: 2665809 Num episodes: 85 Episode length: 27000 Return: 4710.0 Normalized Return: 0.609

Steps executed: 2665809 Num episodes: 86 Episode length: 27000 Return: 4260.0 Normalized Return: 0.54

Steps executed: 2665809 Num episodes: 87 Episode length: 27000 Return: 5050.0 Normalized Return: 0.662

Steps executed: 2665809 Num episodes: 88 Episode length: 27000 Return: 5010.0 Normalized Return: 0.656

Steps executed: 2665809 Num episodes: 89 Episode length: 27000 Return: 5230.0 Normalized Return: 0.689

Steps executed: 2665809 Num episodes: 90 Episode length: 27000 Return: 5040.0 Normalized Return: 0.66

Steps executed: 2665809 Num episodes: 91 Episode length: 27000 Return: 4930.0 Normalized Return: 0.643

Steps executed: 2665809 Num episodes: 92 Episode length: 27000 Return: 4940.0 Normalized Return: 0.645

Steps executed: 2665809 Num episodes: 93 Episode length: 27000 Return: 4730.0 Normalized Return: 0.612

Steps executed: 2665809 Num episodes: 94 Episode length: 27000 Return: 4570.0 Normalized Return: 0.588

Steps executed: 2665809 Num episodes: 95 Episode length: 27000 Return: 4470.0 Normalized Return: 0.572

Steps executed: 2665809 Num episodes: 96 Episode length: 27000 Return: 5040.0 Normalized Return: 0.66

Steps executed: 2665809 Num episodes: 97 Episode length: 27000 Return: 4750.0 Normalized Return: 0.615

Steps executed: 2665809 Num episodes: 98 Episode length: 27000 Return: 5400.0 Normalized Return: 0.716

Steps executed: 2665809 Num episodes: 99 Episode length: 27000 Return: 4830.0 Normalized Return: 0.628

Steps executed: 2665809 Num episodes: 100 Episode length: 27000 Return: 4910.0 Normalized Return: 0.64
