2024-11-29 02:01:49.342452: I tensorflow/core/platform/cpu_feature_guard.cc:193] This TensorFlow binary is optimized with oneAPI Deep Neural Network Library (oneDNN) to use the following CPU instructions in performance-critical operations:  AVX2 AVX512F AVX512_VNNI AVX512_BF16 AVX_VNNI AMX_TILE AMX_INT8 AMX_BF16 FMA
To enable them in other operations, rebuild TensorFlow with the appropriate compiler flags.
2024-11-29 02:01:49.484334: I tensorflow/core/util/port.cc:104] oneDNN custom operations are on. You may see slightly different numerical results due to floating-point round-off errors from different computation orders. To turn them off, set the environment variable `TF_ENABLE_ONEDNN_OPTS=0`.
2024-11-29 02:01:50.585187: W tensorflow/compiler/xla/stream_executor/platform/default/dso_loader.cc:64] Could not load dynamic library 'libnvinfer.so.7'; dlerror: libnvinfer.so.7: cannot open shared object file: No such file or directory; LD_LIBRARY_PATH: /nfs/nhome/live/rcdavis/.local/miniforge/envs/bbf2/lib/python3.9/site-packages/cv2/../../lib64:/ceph/apps/ubuntu-20/packages/cuda/11.8.0_520.61.05/lib64
2024-11-29 02:01:50.585428: W tensorflow/compiler/xla/stream_executor/platform/default/dso_loader.cc:64] Could not load dynamic library 'libnvinfer_plugin.so.7'; dlerror: libnvinfer_plugin.so.7: cannot open shared object file: No such file or directory; LD_LIBRARY_PATH: /nfs/nhome/live/rcdavis/.local/miniforge/envs/bbf2/lib/python3.9/site-packages/cv2/../../lib64:/ceph/apps/ubuntu-20/packages/cuda/11.8.0_520.61.05/lib64
2024-11-29 02:01:50.585434: W tensorflow/compiler/tf2tensorrt/utils/py_utils.cc:38] TF-TRT Warning: Cannot dlopen some TensorRT libraries. If you would like to use Nvidia GPU with TensorRT, please make sure the missing libraries mentioned above are installed properly.
/nfs/nhome/live/rcdavis/.local/miniforge/envs/bbf2/lib/python3.9/site-packages/gin/tf/__init__.py:48: DeprecationWarning: distutils Version classes are deprecated. Use packaging.version instead.
  if (distutils.version.LooseVersion(tf.__version__) <
2024-11-29 02:01:54.401068: W tensorflow/core/common_runtime/gpu/gpu_device.cc:2027] TensorFlow was not built with CUDA kernel binaries compatible with compute capability 9.0. CUDA kernels will be jit-compiled from PTX, which could take 30 minutes or longer.
I1129 02:01:54.401438 132722047940416 train.py:172] Setting random seed: 1418925316
I1129 02:01:54.538930 132722047940416 train.py:231] Using MaxEpisodeEvalRunner for evaluation.
W1129 02:01:54.539134 132722047940416 run_experiment.py:267] DEPRECATION WARNING: Logger is being deprecated. Please switch to CollectorDispatcher!
A.L.E: Arcade Learning Environment (version 0.7.5+db37282)
[Powered by Stella]
/nfs/nhome/live/rcdavis/.local/miniforge/envs/bbf2/lib/python3.9/site-packages/gym/core.py:317: DeprecationWarning: [33mWARN: Initializing wrapper in old step API which returns one bool instead of two. It is recommended to set `new_step_api=True` to use new step API. This will be the default behaviour in future.[0m
  deprecation(
/nfs/nhome/live/rcdavis/.local/miniforge/envs/bbf2/lib/python3.9/site-packages/gym/wrappers/step_api_compatibility.py:39: DeprecationWarning: [33mWARN: Initializing environment in old step API which returns one bool instead of two. It is recommended to set `new_step_api=True` to use new step API. This will be the default behaviour in future.[0m
  deprecation(
I1129 02:01:54.642828 132722047940416 spr_agent.py:1123] Creating BBFAgent agent with the following parameters:
I1129 02:01:54.643088 132722047940416 spr_agent.py:1127] 	 double_dqn: True
I1129 02:01:54.643115 132722047940416 spr_agent.py:1128] 	 noisy_networks: False
I1129 02:01:54.643137 132722047940416 spr_agent.py:1129] 	 dueling_dqn: True
I1129 02:01:54.643156 132722047940416 spr_agent.py:1130] 	 distributional: True
I1129 02:01:54.643172 132722047940416 spr_agent.py:1131] 	 data_augmentation: True
I1129 02:01:54.643188 132722047940416 spr_agent.py:1132] 	 replay_scheme: prioritized
I1129 02:01:54.643204 132722047940416 spr_agent.py:1133] 	 num_updates_per_train_step: 1
I1129 02:01:54.645105 132722047940416 xla_bridge.py:355] Unable to initialize backend 'tpu_driver': NOT_FOUND: Unable to find driver in registry given worker: 
I1129 02:01:54.795943 132722047940416 xla_bridge.py:355] Unable to initialize backend 'rocm': NOT_FOUND: Could not find registered platform with name: "rocm". Available platform names are: Interpreter CUDA Host
I1129 02:01:54.796224 132722047940416 xla_bridge.py:355] Unable to initialize backend 'tpu': module 'jaxlib.xla_extension' has no attribute 'get_tpu_client'
I1129 02:01:54.796266 132722047940416 xla_bridge.py:355] Unable to initialize backend 'plugin': xla_extension has no attributes named get_plugin_device_client. Compile TensorFlow with //tensorflow/compiler/xla/python:enable_plugin_device set to true (defaults to false) to enable this.
I1129 02:01:55.660896 132722047940416 spr_agent.py:1218] 	 Found following local devices: [StreamExecutorGpuDevice(id=0, process_index=0, slice_index=0)]
I1129 02:01:55.661039 132722047940416 spr_agent.py:1233] 	 Running with dtype <class 'jax.numpy.float32'>
I1129 02:01:55.661125 132722047940416 dqn_agent.py:278] Creating BBFAgent agent with the following parameters:
I1129 02:01:55.661151 132722047940416 dqn_agent.py:280] 	 gamma: 0.997000
I1129 02:01:55.661174 132722047940416 dqn_agent.py:281] 	 update_horizon: 10.000000
I1129 02:01:55.661194 132722047940416 dqn_agent.py:282] 	 min_replay_history: 2000
I1129 02:01:55.661212 132722047940416 dqn_agent.py:283] 	 update_period: 1
I1129 02:01:55.661228 132722047940416 dqn_agent.py:284] 	 target_update_period: 1
I1129 02:01:55.661243 132722047940416 dqn_agent.py:285] 	 epsilon_train: 0.000000
I1129 02:01:55.661258 132722047940416 dqn_agent.py:286] 	 epsilon_eval: 0.001000
I1129 02:01:55.661274 132722047940416 dqn_agent.py:287] 	 epsilon_decay_period: 2001
I1129 02:01:55.661288 132722047940416 dqn_agent.py:288] 	 optimizer: adam
I1129 02:01:55.661303 132722047940416 dqn_agent.py:289] 	 seed: 1418925316
I1129 02:01:55.661317 132722047940416 dqn_agent.py:290] 	 loss_type: mse
I1129 02:01:55.661332 132722047940416 dqn_agent.py:291] 	 preprocess_fn: None
I1129 02:01:55.871342 132722047940416 subsequence_replay_buffer.py:159] Creating a PrioritizedJaxSubsequenceParallelEnvReplayBuffer replay memory with the following parameters:
I1129 02:01:55.871488 132722047940416 subsequence_replay_buffer.py:161] 	 observation_shape: (84, 84)
I1129 02:01:55.871518 132722047940416 subsequence_replay_buffer.py:162] 	 observation_dtype: <class 'jax.numpy.uint8'>
I1129 02:01:55.871542 132722047940416 subsequence_replay_buffer.py:163] 	 terminal_dtype: <class 'numpy.uint8'>
I1129 02:01:55.871560 132722047940416 subsequence_replay_buffer.py:164] 	 stack_size: 4
I1129 02:01:55.871577 132722047940416 subsequence_replay_buffer.py:165] 	 use_next_state: 1
I1129 02:01:55.871594 132722047940416 subsequence_replay_buffer.py:166] 	 replay_capacity: 200000
I1129 02:01:55.871611 132722047940416 subsequence_replay_buffer.py:167] 	 batch_size: 32
I1129 02:01:55.871626 132722047940416 subsequence_replay_buffer.py:168] 	 update_horizon: 10
I1129 02:01:55.871642 132722047940416 subsequence_replay_buffer.py:169] 	 gamma: 0.997000
I1129 02:01:58.807269 132722047940416 spr_networks.py:821] Spatial latent shape: (11, 11, 128)
I1129 02:01:58.820480 132722047940416 spr_networks.py:828] Flattened representation shape: (15488,)
I1129 02:02:00.254580 132722047940416 spr_networks.py:821] Spatial latent shape: (5, 11, 11, 128)
I1129 02:02:00.267827 132722047940416 spr_networks.py:828] Flattened representation shape: (5, 15488)
I1129 02:02:00.855589 132722047940416 spr_agent.py:933] Creating AdamW optimizer with settings lr=0.000100, beta1=0.900000, beta2=0.999000, eps=0.000150, wd=0.100000
I1129 02:02:00.855820 132722047940416 spr_agent.py:933] Creating AdamW optimizer with settings lr=0.000100, beta1=0.900000, beta2=0.999000, eps=0.000150, wd=0.100000
I1129 02:02:01.338524 132722047940416 spr_agent.py:1366] 	 Operating with 1 environments, batch size 32 and replay ratio 64
I1129 02:02:01.338656 132722047940416 spr_agent.py:1374] 	 Calculated 2 updates per update phase
I1129 02:02:01.338693 132722047940416 spr_agent.py:1378] 	 Calculated update frequency of 1 step
I1129 02:02:01.338715 132722047940416 spr_agent.py:1383] 	 Setting min_replay_history to 2000.0 from 2000
I1129 02:02:01.338736 132722047940416 spr_agent.py:1388] 	 Setting epsilon_decay_period to 2001.0 from 2001
I1129 02:02:01.338760 132722047940416 spr_agent.py:1401] 	 Running 1 groups of 2 batches per 1 env step
I1129 02:02:01.341514 132722047940416 eval_run_experiment.py:204] Num evaluation episodes: 100
/nfs/nhome/live/rcdavis/.local/miniforge/envs/bbf2/lib/python3.9/site-packages/gym/utils/passive_env_checker.py:227: DeprecationWarning: [33mWARN: Core environment is written in old step API which returns one bool instead of two. It is recommended to rewrite the environment with new step API. [0m
  logger.deprecation(
I1129 02:02:01.561049 132722047940416 eval_run_experiment.py:622] Beginning training...
I1129 02:02:01.561188 132722047940416 eval_run_experiment.py:553] Starting iteration 0
I1129 02:02:01.699803 132722047940416 spr_networks.py:821] Spatial latent shape: (11, 11, 128)
I1129 02:02:01.700065 132722047940416 spr_networks.py:828] Flattened representation shape: (15488,)
I1129 02:02:06.776146 132722047940416 spr_networks.py:821] Spatial latent shape: (11, 11, 128)
I1129 02:02:06.776527 132722047940416 spr_networks.py:828] Flattened representation shape: (15488,)
I1129 02:02:06.920053 132722047940416 spr_networks.py:821] Spatial latent shape: (11, 11, 128)
I1129 02:02:06.920322 132722047940416 spr_networks.py:828] Flattened representation shape: (15488,)
I1129 02:02:07.098615 132722047940416 spr_networks.py:821] Spatial latent shape: (11, 11, 128)
I1129 02:02:07.098958 132722047940416 spr_networks.py:828] Flattened representation shape: (15488,)
I1129 02:02:07.264267 132722047940416 spr_networks.py:821] Spatial latent shape: (11, 11, 128)
I1129 02:02:07.264597 132722047940416 spr_networks.py:828] Flattened representation shape: (15488,)
I1129 02:02:07.357251 132722047940416 spr_networks.py:821] Spatial latent shape: (5, 11, 11, 128)
I1129 02:02:07.357799 132722047940416 spr_networks.py:828] Flattened representation shape: (5, 15488)
I1129 02:02:21.205891 132722047940416 spr_networks.py:821] Spatial latent shape: (11, 11, 128)
I1129 02:02:21.206166 132722047940416 spr_networks.py:828] Flattened representation shape: (15488,)
I1129 02:16:09.270108 132722047940416 spr_agent.py:1473] 	 Resetting weights at step 20002.
I1129 02:16:09.376329 132722047940416 spr_networks.py:821] Spatial latent shape: (11, 11, 128)
I1129 02:16:09.376539 132722047940416 spr_networks.py:828] Flattened representation shape: (15488,)
I1129 02:16:09.429569 132722047940416 spr_networks.py:821] Spatial latent shape: (5, 11, 11, 128)
I1129 02:16:09.429802 132722047940416 spr_networks.py:828] Flattened representation shape: (5, 15488)
I1129 02:16:09.541771 132722047940416 spr_networks.py:821] Spatial latent shape: (11, 11, 128)
I1129 02:16:09.541978 132722047940416 spr_networks.py:828] Flattened representation shape: (15488,)
I1129 02:16:09.594736 132722047940416 spr_networks.py:821] Spatial latent shape: (5, 11, 11, 128)
I1129 02:16:09.594970 132722047940416 spr_networks.py:828] Flattened representation shape: (5, 15488)
I1129 02:16:11.061098 132722047940416 spr_agent.py:1537] Running 0 gradient steps after reset
I1129 02:31:25.871452 132722047940416 spr_agent.py:1473] 	 Resetting weights at step 40003.
I1129 02:31:25.877577 132722047940416 spr_agent.py:1537] Running 0 gradient steps after reset
I1129 02:46:36.483542 132722047940416 spr_agent.py:1473] 	 Resetting weights at step 60004.
I1129 02:46:36.489889 132722047940416 spr_agent.py:1537] Running 0 gradient steps after reset
I1129 03:01:47.344165 132722047940416 spr_agent.py:1466] 	 Not resetting at step 80005, as need at least 20000 before 100000 to recover.
I1129 03:16:51.660458 132722047940416 eval_run_experiment.py:493] Average undiscounted return per training episode: 1416.51
I1129 03:16:51.661316 132722047940416 eval_run_experiment.py:496] Average normalized return per training episode: 0.10
I1129 03:16:51.661402 132722047940416 eval_run_experiment.py:499] Average training steps per second: 20.07
I1129 03:17:02.568454 132722047940416 spr_networks.py:821] Spatial latent shape: (11, 11, 128)
I1129 03:17:02.568809 132722047940416 spr_networks.py:828] Flattened representation shape: (15488,)
I1129 03:18:40.733774 132722047940416 spr_networks.py:821] Spatial latent shape: (11, 11, 128)
I1129 03:18:40.734916 132722047940416 spr_networks.py:828] Flattened representation shape: (15488,)
I1129 03:33:34.043263 132722047940416 spr_networks.py:821] Spatial latent shape: (11, 11, 128)
I1129 03:33:34.065764 132722047940416 spr_networks.py:828] Flattened representation shape: (15488,)
I1129 03:41:25.843957 132722047940416 eval_run_experiment.py:537] Average undiscounted return per evaluation episode: 4946.70
I1129 03:41:25.844863 132722047940416 eval_run_experiment.py:544] Average normalized return per evaluation episode: 0.65
/nfs/nhome/live/rcdavis/bbf_UPER/bbf/replay_memory/subsequence_replay_buffer.py:781: FutureWarning: GzipFile was opened for writing, but this will change in future Python releases.  Specify the mode argument for opening it for writing.
  with gzip.GzipFile(fileobj=f) as outfile:
