Fri Nov 29 00:33:33 2024       
+-----------------------------------------------------------------------------------------+
| NVIDIA-SMI 560.35.03              Driver Version: 560.35.03      CUDA Version: 12.6     |
|-----------------------------------------+------------------------+----------------------+
| GPU  Name                 Persistence-M | Bus-Id          Disp.A | Volatile Uncorr. ECC |
| Fan  Temp   Perf          Pwr:Usage/Cap |           Memory-Usage | GPU-Util  Compute M. |
|                                         |                        |               MIG M. |
|=========================================+========================+======================|
|   0  NVIDIA H100 80GB HBM3          Off |   00000000:1B:00.0 Off |                    0 |
| N/A   43C    P0            130W /  700W |       1MiB /  81559MiB |      0%      Default |
|                                         |                        |             Disabled |
+-----------------------------------------+------------------------+----------------------+
                                                                                         
+-----------------------------------------------------------------------------------------+
| Processes:                                                                              |
|  GPU   GI   CI        PID   Type   Process name                              GPU Memory |
|        ID   ID                                                               Usage      |
|=========================================================================================|
|  No running processes found                                                             |
+-----------------------------------------------------------------------------------------+
gpu
Got gin bindings:
[]
Sanitized gin bindings to:
[]
Found devices [StreamExecutorGpuDevice(id=0, process_index=0, slice_index=0)]

Steps executed: 601 Num episodes: 1 Episode length: 601 Return: 1200.0 Normalized Return: 0.059

Steps executed: 1906 Num episodes: 2 Episode length: 1305 Return: 800.0 Normalized Return: -0.002

Steps executed: 2765 Num episodes: 3 Episode length: 859 Return: 700.0 Normalized Return: -0.017

Steps executed: 3460 Num episodes: 4 Episode length: 695 Return: 700.0 Normalized Return: -0.017

Steps executed: 3877 Num episodes: 5 Episode length: 417 Return: 600.0 Normalized Return: -0.032

Steps executed: 4403 Num episodes: 6 Episode length: 526 Return: 400.0 Normalized Return: -0.062

Steps executed: 4692 Num episodes: 7 Episode length: 289 Return: 700.0 Normalized Return: -0.017

Steps executed: 5157 Num episodes: 8 Episode length: 465 Return: 600.0 Normalized Return: -0.032

Steps executed: 5736 Num episodes: 9 Episode length: 579 Return: 1300.0 Normalized Return: 0.074

Steps executed: 6401 Num episodes: 10 Episode length: 665 Return: 1000.0 Normalized Return: 0.029

Steps executed: 8278 Num episodes: 11 Episode length: 1877 Return: 900.0 Normalized Return: 0.014

Steps executed: 8584 Num episodes: 12 Episode length: 306 Return: 800.0 Normalized Return: -0.002

Steps executed: 8867 Num episodes: 13 Episode length: 283 Return: 600.0 Normalized Return: -0.032

Steps executed: 9581 Num episodes: 14 Episode length: 714 Return: 900.0 Normalized Return: 0.014

Steps executed: 12634 Num episodes: 15 Episode length: 3053 Return: 1400.0 Normalized Return: 0.09

Steps executed: 14722 Num episodes: 16 Episode length: 2088 Return: 1400.0 Normalized Return: 0.09

Steps executed: 16938 Num episodes: 17 Episode length: 2216 Return: 1500.0 Normalized Return: 0.105

Steps executed: 18380 Num episodes: 18 Episode length: 1442 Return: 1100.0 Normalized Return: 0.044

Steps executed: 19186 Num episodes: 19 Episode length: 806 Return: 1100.0 Normalized Return: 0.044

Steps executed: 19699 Num episodes: 20 Episode length: 513 Return: 500.0 Normalized Return: -0.047

Steps executed: 20269 Num episodes: 21 Episode length: 570 Return: 600.0 Normalized Return: -0.032

Steps executed: 20447 Num episodes: 22 Episode length: 178 Return: 200.0 Normalized Return: -0.093

Steps executed: 20751 Num episodes: 23 Episode length: 304 Return: 400.0 Normalized Return: -0.062

Steps executed: 21617 Num episodes: 24 Episode length: 866 Return: 1300.0 Normalized Return: 0.074

Steps executed: 23043 Num episodes: 25 Episode length: 1426 Return: 2300.0 Normalized Return: 0.226

Steps executed: 23451 Num episodes: 26 Episode length: 408 Return: 900.0 Normalized Return: 0.014

Steps executed: 23692 Num episodes: 27 Episode length: 241 Return: 600.0 Normalized Return: -0.032

Steps executed: 24085 Num episodes: 28 Episode length: 393 Return: 1100.0 Normalized Return: 0.044

Steps executed: 24360 Num episodes: 29 Episode length: 275 Return: 700.0 Normalized Return: -0.017

Steps executed: 25873 Num episodes: 30 Episode length: 1513 Return: 1700.0 Normalized Return: 0.135

Steps executed: 27016 Num episodes: 31 Episode length: 1143 Return: 1000.0 Normalized Return: 0.029

Steps executed: 27657 Num episodes: 32 Episode length: 641 Return: 800.0 Normalized Return: -0.002

Steps executed: 28775 Num episodes: 33 Episode length: 1118 Return: 1800.0 Normalized Return: 0.15

Steps executed: 29320 Num episodes: 34 Episode length: 545 Return: 1200.0 Normalized Return: 0.059

Steps executed: 29525 Num episodes: 35 Episode length: 205 Return: 400.0 Normalized Return: -0.062

Steps executed: 30707 Num episodes: 36 Episode length: 1182 Return: 1200.0 Normalized Return: 0.059

Steps executed: 30998 Num episodes: 37 Episode length: 291 Return: 300.0 Normalized Return: -0.078

Steps executed: 31953 Num episodes: 38 Episode length: 955 Return: 1000.0 Normalized Return: 0.029

Steps executed: 32385 Num episodes: 39 Episode length: 432 Return: 800.0 Normalized Return: -0.002

Steps executed: 33780 Num episodes: 40 Episode length: 1395 Return: 2700.0 Normalized Return: 0.287

Steps executed: 34447 Num episodes: 41 Episode length: 667 Return: 600.0 Normalized Return: -0.032

Steps executed: 36421 Num episodes: 42 Episode length: 1974 Return: 3100.0 Normalized Return: 0.348

Steps executed: 38201 Num episodes: 43 Episode length: 1780 Return: 1100.0 Normalized Return: 0.044

Steps executed: 39253 Num episodes: 44 Episode length: 1052 Return: 1500.0 Normalized Return: 0.105

Steps executed: 40043 Num episodes: 45 Episode length: 790 Return: 1300.0 Normalized Return: 0.074

Steps executed: 40428 Num episodes: 46 Episode length: 385 Return: 600.0 Normalized Return: -0.032

Steps executed: 41111 Num episodes: 47 Episode length: 683 Return: 1300.0 Normalized Return: 0.074

Steps executed: 41516 Num episodes: 48 Episode length: 405 Return: 1300.0 Normalized Return: 0.074

Steps executed: 41872 Num episodes: 49 Episode length: 356 Return: 700.0 Normalized Return: -0.017

Steps executed: 42726 Num episodes: 50 Episode length: 854 Return: 2100.0 Normalized Return: 0.196

Steps executed: 43358 Num episodes: 51 Episode length: 632 Return: 1100.0 Normalized Return: 0.044

Steps executed: 43592 Num episodes: 52 Episode length: 234 Return: 1300.0 Normalized Return: 0.074

Steps executed: 43759 Num episodes: 53 Episode length: 167 Return: 500.0 Normalized Return: -0.047

Steps executed: 45138 Num episodes: 54 Episode length: 1379 Return: 2000.0 Normalized Return: 0.181

Steps executed: 45420 Num episodes: 55 Episode length: 282 Return: 700.0 Normalized Return: -0.017

Steps executed: 46910 Num episodes: 56 Episode length: 1490 Return: 1700.0 Normalized Return: 0.135

Steps executed: 48266 Num episodes: 57 Episode length: 1356 Return: 1400.0 Normalized Return: 0.09

Steps executed: 48701 Num episodes: 58 Episode length: 435 Return: 1300.0 Normalized Return: 0.074

Steps executed: 49826 Num episodes: 59 Episode length: 1125 Return: 1800.0 Normalized Return: 0.15

Steps executed: 50801 Num episodes: 60 Episode length: 975 Return: 3000.0 Normalized Return: 0.333

Steps executed: 51482 Num episodes: 61 Episode length: 681 Return: 1500.0 Normalized Return: 0.105

Steps executed: 51822 Num episodes: 62 Episode length: 340 Return: 900.0 Normalized Return: 0.014

Steps executed: 52481 Num episodes: 63 Episode length: 659 Return: 1300.0 Normalized Return: 0.074

Steps executed: 53283 Num episodes: 64 Episode length: 802 Return: 1400.0 Normalized Return: 0.09

Steps executed: 54004 Num episodes: 65 Episode length: 721 Return: 3100.0 Normalized Return: 0.348

Steps executed: 54839 Num episodes: 66 Episode length: 835 Return: 1300.0 Normalized Return: 0.074

Steps executed: 56396 Num episodes: 67 Episode length: 1557 Return: 3300.0 Normalized Return: 0.378

Steps executed: 56670 Num episodes: 68 Episode length: 274 Return: 1000.0 Normalized Return: 0.029

Steps executed: 57517 Num episodes: 69 Episode length: 847 Return: 2800.0 Normalized Return: 0.302

Steps executed: 58320 Num episodes: 70 Episode length: 803 Return: 3100.0 Normalized Return: 0.348

Steps executed: 58875 Num episodes: 71 Episode length: 555 Return: 1000.0 Normalized Return: 0.029

Steps executed: 59612 Num episodes: 72 Episode length: 737 Return: 3000.0 Normalized Return: 0.333

Steps executed: 60931 Num episodes: 73 Episode length: 1319 Return: 1200.0 Normalized Return: 0.059

Steps executed: 61506 Num episodes: 74 Episode length: 575 Return: 1100.0 Normalized Return: 0.044

Steps executed: 61846 Num episodes: 75 Episode length: 340 Return: 300.0 Normalized Return: -0.078

Steps executed: 62398 Num episodes: 76 Episode length: 552 Return: 1300.0 Normalized Return: 0.074

Steps executed: 63614 Num episodes: 77 Episode length: 1216 Return: 1500.0 Normalized Return: 0.105

Steps executed: 66015 Num episodes: 78 Episode length: 2401 Return: 2800.0 Normalized Return: 0.302

Steps executed: 66687 Num episodes: 79 Episode length: 672 Return: 800.0 Normalized Return: -0.002

Steps executed: 67227 Num episodes: 80 Episode length: 540 Return: 2300.0 Normalized Return: 0.226

Steps executed: 67757 Num episodes: 81 Episode length: 530 Return: 1500.0 Normalized Return: 0.105

Steps executed: 68173 Num episodes: 82 Episode length: 416 Return: 2400.0 Normalized Return: 0.242

Steps executed: 68453 Num episodes: 83 Episode length: 280 Return: 900.0 Normalized Return: 0.014

Steps executed: 69145 Num episodes: 84 Episode length: 692 Return: 1600.0 Normalized Return: 0.12

Steps executed: 69694 Num episodes: 85 Episode length: 549 Return: 1700.0 Normalized Return: 0.135

Steps executed: 70153 Num episodes: 86 Episode length: 459 Return: 1200.0 Normalized Return: 0.059

Steps executed: 71003 Num episodes: 87 Episode length: 850 Return: 1500.0 Normalized Return: 0.105

Steps executed: 71389 Num episodes: 88 Episode length: 386 Return: 1100.0 Normalized Return: 0.044

Steps executed: 71689 Num episodes: 89 Episode length: 300 Return: 1100.0 Normalized Return: 0.044

Steps executed: 72699 Num episodes: 90 Episode length: 1010 Return: 3400.0 Normalized Return: 0.394

Steps executed: 73573 Num episodes: 91 Episode length: 874 Return: 3300.0 Normalized Return: 0.378

Steps executed: 74597 Num episodes: 92 Episode length: 1024 Return: 1300.0 Normalized Return: 0.074

Steps executed: 75104 Num episodes: 93 Episode length: 507 Return: 1300.0 Normalized Return: 0.074

Steps executed: 75371 Num episodes: 94 Episode length: 267 Return: 1000.0 Normalized Return: 0.029

Steps executed: 75790 Num episodes: 95 Episode length: 419 Return: 900.0 Normalized Return: 0.014

Steps executed: 76542 Num episodes: 96 Episode length: 752 Return: 2400.0 Normalized Return: 0.242

Steps executed: 76890 Num episodes: 97 Episode length: 348 Return: 900.0 Normalized Return: 0.014

Steps executed: 77235 Num episodes: 98 Episode length: 345 Return: 900.0 Normalized Return: 0.014

Steps executed: 77994 Num episodes: 99 Episode length: 759 Return: 1300.0 Normalized Return: 0.074

Steps executed: 78520 Num episodes: 100 Episode length: 526 Return: 1100.0 Normalized Return: 0.044

Steps executed: 78927 Num episodes: 101 Episode length: 407 Return: 800.0 Normalized Return: -0.002

Steps executed: 80676 Num episodes: 102 Episode length: 1749 Return: 5500.0 Normalized Return: 0.713

Steps executed: 81312 Num episodes: 103 Episode length: 636 Return: 3000.0 Normalized Return: 0.333

Steps executed: 81822 Num episodes: 104 Episode length: 510 Return: 1500.0 Normalized Return: 0.105

Steps executed: 85027 Num episodes: 105 Episode length: 3205 Return: 8000.0 Normalized Return: 1.093

Steps executed: 85826 Num episodes: 106 Episode length: 799 Return: 2500.0 Normalized Return: 0.257

Steps executed: 87823 Num episodes: 107 Episode length: 1997 Return: 7200.0 Normalized Return: 0.971

Steps executed: 88401 Num episodes: 108 Episode length: 578 Return: 1500.0 Normalized Return: 0.105

Steps executed: 89158 Num episodes: 109 Episode length: 757 Return: 2400.0 Normalized Return: 0.242

Steps executed: 90163 Num episodes: 110 Episode length: 1005 Return: 2800.0 Normalized Return: 0.302

Steps executed: 90890 Num episodes: 111 Episode length: 727 Return: 1400.0 Normalized Return: 0.09

Steps executed: 91637 Num episodes: 112 Episode length: 747 Return: 1600.0 Normalized Return: 0.12

Steps executed: 93272 Num episodes: 113 Episode length: 1635 Return: 5200.0 Normalized Return: 0.667

Steps executed: 93743 Num episodes: 114 Episode length: 471 Return: 2600.0 Normalized Return: 0.272

Steps executed: 95377 Num episodes: 115 Episode length: 1634 Return: 7300.0 Normalized Return: 0.987

Steps executed: 96602 Num episodes: 116 Episode length: 1225 Return: 6200.0 Normalized Return: 0.819

Steps executed: 97988 Num episodes: 117 Episode length: 1386 Return: 6900.0 Normalized Return: 0.926

Steps executed: 52000 Num episodes: 1 Episode length: 520 Return: 1400.0 Normalized Return: 0.09

Steps executed: 63781 Num episodes: 2 Episode length: 639 Return: 3100.0 Normalized Return: 0.348

Steps executed: 63781 Num episodes: 3 Episode length: 639 Return: 3100.0 Normalized Return: 0.348

Steps executed: 65042 Num episodes: 4 Episode length: 652 Return: 1500.0 Normalized Return: 0.105

Steps executed: 84818 Num episodes: 5 Episode length: 858 Return: 3400.0 Normalized Return: 0.394

Steps executed: 87003 Num episodes: 6 Episode length: 881 Return: 3400.0 Normalized Return: 0.394

Steps executed: 87003 Num episodes: 7 Episode length: 881 Return: 3400.0 Normalized Return: 0.394

Steps executed: 87003 Num episodes: 8 Episode length: 881 Return: 3300.0 Normalized Return: 0.378

Steps executed: 92523 Num episodes: 9 Episode length: 941 Return: 3800.0 Normalized Return: 0.454

Steps executed: 92523 Num episodes: 10 Episode length: 941 Return: 3800.0 Normalized Return: 0.454

Steps executed: 92523 Num episodes: 11 Episode length: 941 Return: 3800.0 Normalized Return: 0.454

Steps executed: 95638 Num episodes: 12 Episode length: 976 Return: 3400.0 Normalized Return: 0.394

Steps executed: 95638 Num episodes: 13 Episode length: 976 Return: 3400.0 Normalized Return: 0.394

Steps executed: 97291 Num episodes: 14 Episode length: 995 Return: 3300.0 Normalized Return: 0.378

Steps executed: 97807 Num episodes: 15 Episode length: 1001 Return: 3600.0 Normalized Return: 0.424

Steps executed: 100612 Num episodes: 16 Episode length: 1034 Return: 3000.0 Normalized Return: 0.333

Steps executed: 101452 Num episodes: 17 Episode length: 1044 Return: 2500.0 Normalized Return: 0.257

Steps executed: 102365 Num episodes: 18 Episode length: 1055 Return: 3900.0 Normalized Return: 0.47

Steps executed: 113189 Num episodes: 19 Episode length: 1187 Return: 2400.0 Normalized Return: 0.242

Steps executed: 114242 Num episodes: 20 Episode length: 1200 Return: 3200.0 Normalized Return: 0.363

Steps executed: 120242 Num episodes: 21 Episode length: 1275 Return: 3200.0 Normalized Return: 0.363

Steps executed: 124113 Num episodes: 22 Episode length: 1324 Return: 6500.0 Normalized Return: 0.865

Steps executed: 127545 Num episodes: 23 Episode length: 1368 Return: 6100.0 Normalized Return: 0.804

Steps executed: 135861 Num episodes: 24 Episode length: 1476 Return: 6300.0 Normalized Return: 0.835

Steps executed: 154937 Num episodes: 25 Episode length: 1727 Return: 6700.0 Normalized Return: 0.895

Steps executed: 155762 Num episodes: 26 Episode length: 1738 Return: 3500.0 Normalized Return: 0.409

Steps executed: 160720 Num episodes: 27 Episode length: 1805 Return: 3500.0 Normalized Return: 0.409

Steps executed: 161815 Num episodes: 28 Episode length: 1820 Return: 4000.0 Normalized Return: 0.485

Steps executed: 162823 Num episodes: 29 Episode length: 1834 Return: 3700.0 Normalized Return: 0.439

Steps executed: 163391 Num episodes: 30 Episode length: 1842 Return: 3500.0 Normalized Return: 0.409

Steps executed: 164161 Num episodes: 31 Episode length: 1853 Return: 6200.0 Normalized Return: 0.819

Steps executed: 164506 Num episodes: 32 Episode length: 1858 Return: 11000.0 Normalized Return: 1.549

Steps executed: 169538 Num episodes: 33 Episode length: 1932 Return: 4200.0 Normalized Return: 0.515

Steps executed: 169538 Num episodes: 34 Episode length: 1932 Return: 6700.0 Normalized Return: 0.895

Steps executed: 169604 Num episodes: 35 Episode length: 1933 Return: 4100.0 Normalized Return: 0.5

Steps executed: 171294 Num episodes: 36 Episode length: 1959 Return: 6800.0 Normalized Return: 0.911

Steps executed: 177950 Num episodes: 37 Episode length: 2063 Return: 3700.0 Normalized Return: 0.439

Steps executed: 179777 Num episodes: 38 Episode length: 2092 Return: 2500.0 Normalized Return: 0.257

Steps executed: 180149 Num episodes: 39 Episode length: 2098 Return: 6400.0 Normalized Return: 0.85

Steps executed: 180454 Num episodes: 40 Episode length: 2103 Return: 5500.0 Normalized Return: 0.713

Steps executed: 180454 Num episodes: 41 Episode length: 2103 Return: 7600.0 Normalized Return: 1.032

Steps executed: 181103 Num episodes: 42 Episode length: 2114 Return: 6900.0 Normalized Return: 0.926

Steps executed: 186033 Num episodes: 43 Episode length: 2199 Return: 5900.0 Normalized Return: 0.774

Steps executed: 189339 Num episodes: 44 Episode length: 2257 Return: 6900.0 Normalized Return: 0.926

Steps executed: 191579 Num episodes: 45 Episode length: 2297 Return: 6700.0 Normalized Return: 0.895

Steps executed: 191689 Num episodes: 46 Episode length: 2299 Return: 6300.0 Normalized Return: 0.835

Steps executed: 191689 Num episodes: 47 Episode length: 2299 Return: 3700.0 Normalized Return: 0.439

Steps executed: 194180 Num episodes: 48 Episode length: 2346 Return: 7200.0 Normalized Return: 0.971

Steps executed: 195012 Num episodes: 49 Episode length: 2362 Return: 6600.0 Normalized Return: 0.88

Steps executed: 195879 Num episodes: 50 Episode length: 2379 Return: 6500.0 Normalized Return: 0.865

Steps executed: 195929 Num episodes: 51 Episode length: 2380 Return: 6600.0 Normalized Return: 0.88

Steps executed: 196125 Num episodes: 52 Episode length: 2384 Return: 6100.0 Normalized Return: 0.804

Steps executed: 197421 Num episodes: 53 Episode length: 2411 Return: 6100.0 Normalized Return: 0.804

Steps executed: 197703 Num episodes: 54 Episode length: 2417 Return: 6100.0 Normalized Return: 0.804

Steps executed: 198163 Num episodes: 55 Episode length: 2427 Return: 11100.0 Normalized Return: 1.564

Steps executed: 200638 Num episodes: 56 Episode length: 2482 Return: 6000.0 Normalized Return: 0.789

Steps executed: 201518 Num episodes: 57 Episode length: 2502 Return: 7200.0 Normalized Return: 0.971

Steps executed: 202636 Num episodes: 58 Episode length: 2528 Return: 4200.0 Normalized Return: 0.515

Steps executed: 202720 Num episodes: 59 Episode length: 2530 Return: 7500.0 Normalized Return: 1.017

Steps executed: 203130 Num episodes: 60 Episode length: 2540 Return: 10600.0 Normalized Return: 1.488

Steps executed: 203570 Num episodes: 61 Episode length: 2551 Return: 9700.0 Normalized Return: 1.352

Steps executed: 205559 Num episodes: 62 Episode length: 2602 Return: 6600.0 Normalized Return: 0.88

Steps executed: 205559 Num episodes: 63 Episode length: 2602 Return: 6600.0 Normalized Return: 0.88

Steps executed: 205596 Num episodes: 64 Episode length: 2603 Return: 6600.0 Normalized Return: 0.88

Steps executed: 205632 Num episodes: 65 Episode length: 2604 Return: 7000.0 Normalized Return: 0.941

Steps executed: 205667 Num episodes: 66 Episode length: 2605 Return: 6600.0 Normalized Return: 0.88

Steps executed: 205701 Num episodes: 67 Episode length: 2606 Return: 6600.0 Normalized Return: 0.88

Steps executed: 205701 Num episodes: 68 Episode length: 2606 Return: 6800.0 Normalized Return: 0.911

Steps executed: 205765 Num episodes: 69 Episode length: 2608 Return: 6600.0 Normalized Return: 0.88

Steps executed: 205765 Num episodes: 70 Episode length: 2608 Return: 6600.0 Normalized Return: 0.88

Steps executed: 205795 Num episodes: 71 Episode length: 2609 Return: 6600.0 Normalized Return: 0.88

Steps executed: 205795 Num episodes: 72 Episode length: 2609 Return: 6600.0 Normalized Return: 0.88

Steps executed: 205795 Num episodes: 73 Episode length: 2609 Return: 6600.0 Normalized Return: 0.88

Steps executed: 205957 Num episodes: 74 Episode length: 2615 Return: 6600.0 Normalized Return: 0.88

Steps executed: 206009 Num episodes: 75 Episode length: 2617 Return: 6600.0 Normalized Return: 0.88

Steps executed: 206034 Num episodes: 76 Episode length: 2618 Return: 6600.0 Normalized Return: 0.88

Steps executed: 207090 Num episodes: 77 Episode length: 2662 Return: 6600.0 Normalized Return: 0.88

Steps executed: 208194 Num episodes: 78 Episode length: 2710 Return: 7700.0 Normalized Return: 1.047

Steps executed: 210482 Num episodes: 79 Episode length: 2814 Return: 7400.0 Normalized Return: 1.002

Steps executed: 212015 Num episodes: 80 Episode length: 2887 Return: 9500.0 Normalized Return: 1.321

Steps executed: 212035 Num episodes: 81 Episode length: 2888 Return: 6000.0 Normalized Return: 0.789

Steps executed: 212985 Num episodes: 82 Episode length: 2938 Return: 4200.0 Normalized Return: 0.515

Steps executed: 214533 Num episodes: 83 Episode length: 3024 Return: 11900.0 Normalized Return: 1.686

Steps executed: 215128 Num episodes: 84 Episode length: 3059 Return: 8000.0 Normalized Return: 1.093

Steps executed: 215400 Num episodes: 85 Episode length: 3076 Return: 9900.0 Normalized Return: 1.382

Steps executed: 215715 Num episodes: 86 Episode length: 3097 Return: 5800.0 Normalized Return: 0.759

Steps executed: 216149 Num episodes: 87 Episode length: 3128 Return: 9100.0 Normalized Return: 1.26

Steps executed: 218944 Num episodes: 88 Episode length: 3343 Return: 15400.0 Normalized Return: 2.218

Steps executed: 219544 Num episodes: 89 Episode length: 3393 Return: 3200.0 Normalized Return: 0.363

Steps executed: 221150 Num episodes: 90 Episode length: 3539 Return: 6700.0 Normalized Return: 0.895

Steps executed: 223910 Num episodes: 91 Episode length: 3815 Return: 7900.0 Normalized Return: 1.078

Steps executed: 224054 Num episodes: 92 Episode length: 3831 Return: 6700.0 Normalized Return: 0.895

Steps executed: 228358 Num episodes: 93 Episode length: 4369 Return: 9100.0 Normalized Return: 1.26

Steps executed: 230164 Num episodes: 94 Episode length: 4627 Return: 5600.0 Normalized Return: 0.728

Steps executed: 232162 Num episodes: 95 Episode length: 4960 Return: 10500.0 Normalized Return: 1.473

Steps executed: 233287 Num episodes: 96 Episode length: 5185 Return: 11800.0 Normalized Return: 1.671

Steps executed: 320547 Num episodes: 97 Episode length: 27000 Return: 1400.0 Normalized Return: 0.09

Steps executed: 320547 Num episodes: 98 Episode length: 27000 Return: 1200.0 Normalized Return: 0.059

Steps executed: 320547 Num episodes: 99 Episode length: 27000 Return: 1400.0 Normalized Return: 0.09

Steps executed: 320547 Num episodes: 100 Episode length: 27000 Return: 6800.0 Normalized Return: 0.911
