Fri Nov 29 00:36:38 2024       
+-----------------------------------------------------------------------------------------+
| NVIDIA-SMI 560.35.03              Driver Version: 560.35.03      CUDA Version: 12.6     |
|-----------------------------------------+------------------------+----------------------+
| GPU  Name                 Persistence-M | Bus-Id          Disp.A | Volatile Uncorr. ECC |
| Fan  Temp   Perf          Pwr:Usage/Cap |           Memory-Usage | GPU-Util  Compute M. |
|                                         |                        |               MIG M. |
|=========================================+========================+======================|
|   0  NVIDIA H100 80GB HBM3          Off |   00000000:4E:00.0 Off |                    0 |
| N/A   40C    P0            136W /  700W |       1MiB /  81559MiB |      0%      Default |
|                                         |                        |             Disabled |
+-----------------------------------------+------------------------+----------------------+
                                                                                         
+-----------------------------------------------------------------------------------------+
| Processes:                                                                              |
|  GPU   GI   CI        PID   Type   Process name                              GPU Memory |
|        ID   ID                                                               Usage      |
|=========================================================================================|
|  No running processes found                                                             |
+-----------------------------------------------------------------------------------------+
gpu
Got gin bindings:
[]
Sanitized gin bindings to:
[]
Found devices [StreamExecutorGpuDevice(id=0, process_index=0, slice_index=0)]

Steps executed: 665 Num episodes: 1 Episode length: 665 Return: 210.0 Normalized Return: -0.024

Steps executed: 1215 Num episodes: 2 Episode length: 550 Return: 210.0 Normalized Return: -0.024

Steps executed: 1833 Num episodes: 3 Episode length: 618 Return: 336.0 Normalized Return: 0.219

Steps executed: 2379 Num episodes: 4 Episode length: 546 Return: 273.0 Normalized Return: 0.097

Steps executed: 3111 Num episodes: 5 Episode length: 732 Return: 483.0 Normalized Return: 0.502

Steps executed: 4116 Num episodes: 6 Episode length: 1005 Return: 525.0 Normalized Return: 0.582

Steps executed: 5061 Num episodes: 7 Episode length: 945 Return: 441.0 Normalized Return: 0.421

Steps executed: 6296 Num episodes: 8 Episode length: 1235 Return: 609.0 Normalized Return: 0.744

Steps executed: 7597 Num episodes: 9 Episode length: 1301 Return: 672.0 Normalized Return: 0.865

Steps executed: 8748 Num episodes: 10 Episode length: 1151 Return: 483.0 Normalized Return: 0.502

Steps executed: 9805 Num episodes: 11 Episode length: 1057 Return: 714.0 Normalized Return: 0.946

Steps executed: 10890 Num episodes: 12 Episode length: 1085 Return: 441.0 Normalized Return: 0.421

Steps executed: 12261 Num episodes: 13 Episode length: 1371 Return: 525.0 Normalized Return: 0.582

Steps executed: 13444 Num episodes: 14 Episode length: 1183 Return: 651.0 Normalized Return: 0.825

Steps executed: 14385 Num episodes: 15 Episode length: 941 Return: 546.0 Normalized Return: 0.623

Steps executed: 15424 Num episodes: 16 Episode length: 1039 Return: 504.0 Normalized Return: 0.542

Steps executed: 17063 Num episodes: 17 Episode length: 1639 Return: 714.0 Normalized Return: 0.946

Steps executed: 18471 Num episodes: 18 Episode length: 1408 Return: 714.0 Normalized Return: 0.946

Steps executed: 19728 Num episodes: 19 Episode length: 1257 Return: 651.0 Normalized Return: 0.825

Steps executed: 20673 Num episodes: 20 Episode length: 945 Return: 441.0 Normalized Return: 0.421

Steps executed: 21415 Num episodes: 21 Episode length: 742 Return: 399.0 Normalized Return: 0.34

Steps executed: 22692 Num episodes: 22 Episode length: 1277 Return: 798.0 Normalized Return: 1.108

Steps executed: 23684 Num episodes: 23 Episode length: 992 Return: 588.0 Normalized Return: 0.704

Steps executed: 24782 Num episodes: 24 Episode length: 1098 Return: 651.0 Normalized Return: 0.825

Steps executed: 25854 Num episodes: 25 Episode length: 1072 Return: 724.0 Normalized Return: 0.965

Steps executed: 26960 Num episodes: 26 Episode length: 1106 Return: 651.0 Normalized Return: 0.825

Steps executed: 28021 Num episodes: 27 Episode length: 1061 Return: 671.0 Normalized Return: 0.863

Steps executed: 30431 Num episodes: 28 Episode length: 2410 Return: 1637.0 Normalized Return: 2.722

Steps executed: 31557 Num episodes: 29 Episode length: 1126 Return: 860.0 Normalized Return: 1.227

Steps executed: 33046 Num episodes: 30 Episode length: 1489 Return: 651.0 Normalized Return: 0.825

Steps executed: 34284 Num episodes: 31 Episode length: 1238 Return: 682.0 Normalized Return: 0.885

Steps executed: 35246 Num episodes: 32 Episode length: 962 Return: 703.0 Normalized Return: 0.925

Steps executed: 36418 Num episodes: 33 Episode length: 1172 Return: 817.0 Normalized Return: 1.144

Steps executed: 37831 Num episodes: 34 Episode length: 1413 Return: 974.0 Normalized Return: 1.446

Steps executed: 39068 Num episodes: 35 Episode length: 1237 Return: 858.0 Normalized Return: 1.223

Steps executed: 40139 Num episodes: 36 Episode length: 1071 Return: 651.0 Normalized Return: 0.825

Steps executed: 40382 Num episodes: 37 Episode length: 243 Return: 126.0 Normalized Return: -0.186

Steps executed: 40695 Num episodes: 38 Episode length: 313 Return: 273.0 Normalized Return: 0.097

Steps executed: 41099 Num episodes: 39 Episode length: 404 Return: 273.0 Normalized Return: 0.097

Steps executed: 41777 Num episodes: 40 Episode length: 678 Return: 399.0 Normalized Return: 0.34

Steps executed: 42647 Num episodes: 41 Episode length: 870 Return: 630.0 Normalized Return: 0.784

Steps executed: 43630 Num episodes: 42 Episode length: 983 Return: 609.0 Normalized Return: 0.744

Steps executed: 44628 Num episodes: 43 Episode length: 998 Return: 713.0 Normalized Return: 0.944

Steps executed: 45468 Num episodes: 44 Episode length: 840 Return: 462.0 Normalized Return: 0.461

Steps executed: 46377 Num episodes: 45 Episode length: 909 Return: 630.0 Normalized Return: 0.784

Steps executed: 46941 Num episodes: 46 Episode length: 564 Return: 441.0 Normalized Return: 0.421

Steps executed: 48218 Num episodes: 47 Episode length: 1277 Return: 890.0 Normalized Return: 1.285

Steps executed: 49505 Num episodes: 48 Episode length: 1287 Return: 984.0 Normalized Return: 1.466

Steps executed: 51048 Num episodes: 49 Episode length: 1543 Return: 1130.0 Normalized Return: 1.747

Steps executed: 52336 Num episodes: 50 Episode length: 1288 Return: 774.0 Normalized Return: 1.062

Steps executed: 53600 Num episodes: 51 Episode length: 1264 Return: 900.0 Normalized Return: 1.304

Steps executed: 54635 Num episodes: 52 Episode length: 1035 Return: 889.0 Normalized Return: 1.283

Steps executed: 55969 Num episodes: 53 Episode length: 1334 Return: 1111.0 Normalized Return: 1.71

Steps executed: 57414 Num episodes: 54 Episode length: 1445 Return: 1078.0 Normalized Return: 1.647

Steps executed: 59579 Num episodes: 55 Episode length: 2165 Return: 2151.0 Normalized Return: 3.712

Steps executed: 60449 Num episodes: 56 Episode length: 870 Return: 399.0 Normalized Return: 0.34

Steps executed: 60886 Num episodes: 57 Episode length: 437 Return: 210.0 Normalized Return: -0.024

Steps executed: 61434 Num episodes: 58 Episode length: 548 Return: 378.0 Normalized Return: 0.299

Steps executed: 62333 Num episodes: 59 Episode length: 899 Return: 609.0 Normalized Return: 0.744

Steps executed: 63330 Num episodes: 60 Episode length: 997 Return: 567.0 Normalized Return: 0.663

Steps executed: 64340 Num episodes: 61 Episode length: 1010 Return: 630.0 Normalized Return: 0.784

Steps executed: 65019 Num episodes: 62 Episode length: 679 Return: 378.0 Normalized Return: 0.299

Steps executed: 65607 Num episodes: 63 Episode length: 588 Return: 525.0 Normalized Return: 0.582

Steps executed: 66493 Num episodes: 64 Episode length: 886 Return: 703.0 Normalized Return: 0.925

Steps executed: 67914 Num episodes: 65 Episode length: 1421 Return: 1237.0 Normalized Return: 1.953

Steps executed: 68797 Num episodes: 66 Episode length: 883 Return: 786.0 Normalized Return: 1.085

Steps executed: 69936 Num episodes: 67 Episode length: 1139 Return: 974.0 Normalized Return: 1.446

Steps executed: 70992 Num episodes: 68 Episode length: 1056 Return: 817.0 Normalized Return: 1.144

Steps executed: 72470 Num episodes: 69 Episode length: 1478 Return: 1510.0 Normalized Return: 2.478

Steps executed: 73439 Num episodes: 70 Episode length: 969 Return: 807.0 Normalized Return: 1.125

Steps executed: 75351 Num episodes: 71 Episode length: 1912 Return: 1750.0 Normalized Return: 2.94

Steps executed: 77323 Num episodes: 72 Episode length: 1972 Return: 2089.0 Normalized Return: 3.592

Steps executed: 78233 Num episodes: 73 Episode length: 910 Return: 849.0 Normalized Return: 1.206

Steps executed: 79160 Num episodes: 74 Episode length: 927 Return: 785.0 Normalized Return: 1.083

Steps executed: 81315 Num episodes: 75 Episode length: 2155 Return: 2172.0 Normalized Return: 3.752

Steps executed: 82888 Num episodes: 76 Episode length: 1573 Return: 1658.0 Normalized Return: 2.763

Steps executed: 85526 Num episodes: 77 Episode length: 2638 Return: 2855.0 Normalized Return: 5.067

Steps executed: 86400 Num episodes: 78 Episode length: 874 Return: 859.0 Normalized Return: 1.225

Steps executed: 88727 Num episodes: 79 Episode length: 2327 Return: 2413.0 Normalized Return: 4.216

Steps executed: 89378 Num episodes: 80 Episode length: 651 Return: 567.0 Normalized Return: 0.663

Steps executed: 90934 Num episodes: 81 Episode length: 1556 Return: 1382.0 Normalized Return: 2.232

Steps executed: 92181 Num episodes: 82 Episode length: 1247 Return: 1217.0 Normalized Return: 1.914

Steps executed: 94168 Num episodes: 83 Episode length: 1987 Return: 2077.0 Normalized Return: 3.569

Steps executed: 96002 Num episodes: 84 Episode length: 1834 Return: 1836.0 Normalized Return: 3.105

Steps executed: 96920 Num episodes: 85 Episode length: 918 Return: 881.0 Normalized Return: 1.268

Steps executed: 98403 Num episodes: 86 Episode length: 1483 Return: 1521.0 Normalized Return: 2.499

Steps executed: 99662 Num episodes: 87 Episode length: 1259 Return: 1176.0 Normalized Return: 1.835

Steps executed: 68800 Num episodes: 1 Episode length: 688 Return: 693.0 Normalized Return: 0.906

Steps executed: 79690 Num episodes: 2 Episode length: 798 Return: 703.0 Normalized Return: 0.925

Steps executed: 81160 Num episodes: 3 Episode length: 813 Return: 756.0 Normalized Return: 1.027

Steps executed: 81548 Num episodes: 4 Episode length: 817 Return: 734.0 Normalized Return: 0.985

Steps executed: 86444 Num episodes: 5 Episode length: 868 Return: 745.0 Normalized Return: 1.006

Steps executed: 88154 Num episodes: 6 Episode length: 886 Return: 734.0 Normalized Return: 0.985

Steps executed: 88154 Num episodes: 7 Episode length: 886 Return: 734.0 Normalized Return: 0.985

Steps executed: 88619 Num episodes: 8 Episode length: 891 Return: 881.0 Normalized Return: 1.268

Steps executed: 93955 Num episodes: 9 Episode length: 949 Return: 828.0 Normalized Return: 1.166

Steps executed: 94137 Num episodes: 10 Episode length: 951 Return: 807.0 Normalized Return: 1.125

Steps executed: 94227 Num episodes: 11 Episode length: 952 Return: 910.0 Normalized Return: 1.323

Steps executed: 94227 Num episodes: 12 Episode length: 952 Return: 910.0 Normalized Return: 1.323

Steps executed: 94227 Num episodes: 13 Episode length: 952 Return: 910.0 Normalized Return: 1.323

Steps executed: 95097 Num episodes: 14 Episode length: 962 Return: 891.0 Normalized Return: 1.287

Steps executed: 95699 Num episodes: 15 Episode length: 969 Return: 775.0 Normalized Return: 1.064

Steps executed: 96209 Num episodes: 16 Episode length: 975 Return: 850.0 Normalized Return: 1.208

Steps executed: 102593 Num episodes: 17 Episode length: 1051 Return: 859.0 Normalized Return: 1.225

Steps executed: 104253 Num episodes: 18 Episode length: 1071 Return: 869.0 Normalized Return: 1.244

Steps executed: 104663 Num episodes: 19 Episode length: 1076 Return: 1164.0 Normalized Return: 1.812

Steps executed: 104663 Num episodes: 20 Episode length: 1076 Return: 1164.0 Normalized Return: 1.812

Steps executed: 104663 Num episodes: 21 Episode length: 1076 Return: 1164.0 Normalized Return: 1.812

Steps executed: 104663 Num episodes: 22 Episode length: 1076 Return: 1164.0 Normalized Return: 1.812

Steps executed: 113945 Num episodes: 23 Episode length: 1195 Return: 1058.0 Normalized Return: 1.608

Steps executed: 116178 Num episodes: 24 Episode length: 1224 Return: 1056.0 Normalized Return: 1.604

Steps executed: 118610 Num episodes: 25 Episode length: 1256 Return: 1046.0 Normalized Return: 1.585

Steps executed: 120860 Num episodes: 26 Episode length: 1286 Return: 1217.0 Normalized Return: 1.914

Steps executed: 120860 Num episodes: 27 Episode length: 1286 Return: 1217.0 Normalized Return: 1.914

Steps executed: 122320 Num episodes: 28 Episode length: 1306 Return: 1458.0 Normalized Return: 2.378

Steps executed: 123112 Num episodes: 29 Episode length: 1317 Return: 1206.0 Normalized Return: 1.893

Steps executed: 126733 Num episodes: 30 Episode length: 1368 Return: 1424.0 Normalized Return: 2.313

Steps executed: 127363 Num episodes: 31 Episode length: 1377 Return: 1257.0 Normalized Return: 1.991

Steps executed: 127363 Num episodes: 32 Episode length: 1377 Return: 1257.0 Normalized Return: 1.991

Steps executed: 127431 Num episodes: 33 Episode length: 1378 Return: 1257.0 Normalized Return: 1.991

Steps executed: 127431 Num episodes: 34 Episode length: 1378 Return: 1257.0 Normalized Return: 1.991

Steps executed: 128223 Num episodes: 35 Episode length: 1390 Return: 1214.0 Normalized Return: 1.908

Steps executed: 128483 Num episodes: 36 Episode length: 1394 Return: 1331.0 Normalized Return: 2.134

Steps executed: 128547 Num episodes: 37 Episode length: 1395 Return: 1331.0 Normalized Return: 2.134

Steps executed: 128547 Num episodes: 38 Episode length: 1395 Return: 1331.0 Normalized Return: 2.134

Steps executed: 131089 Num episodes: 39 Episode length: 1436 Return: 1468.0 Normalized Return: 2.397

Steps executed: 131760 Num episodes: 40 Episode length: 1447 Return: 1446.0 Normalized Return: 2.355

Steps executed: 132900 Num episodes: 41 Episode length: 1466 Return: 1417.0 Normalized Return: 2.299

Steps executed: 133136 Num episodes: 42 Episode length: 1470 Return: 1477.0 Normalized Return: 2.415

Steps executed: 134934 Num episodes: 43 Episode length: 1501 Return: 1522.0 Normalized Return: 2.501

Steps executed: 136302 Num episodes: 44 Episode length: 1525 Return: 1521.0 Normalized Return: 2.499

Steps executed: 136302 Num episodes: 45 Episode length: 1525 Return: 1521.0 Normalized Return: 2.499

Steps executed: 136302 Num episodes: 46 Episode length: 1525 Return: 1521.0 Normalized Return: 2.499

Steps executed: 136680 Num episodes: 47 Episode length: 1532 Return: 1456.0 Normalized Return: 2.374

Steps executed: 137581 Num episodes: 48 Episode length: 1549 Return: 1447.0 Normalized Return: 2.357

Steps executed: 140077 Num episodes: 49 Episode length: 1597 Return: 1605.0 Normalized Return: 2.661

Steps executed: 142474 Num episodes: 50 Episode length: 1644 Return: 1573.0 Normalized Return: 2.599

Steps executed: 142874 Num episodes: 51 Episode length: 1652 Return: 1636.0 Normalized Return: 2.721

Steps executed: 142972 Num episodes: 52 Episode length: 1654 Return: 1540.0 Normalized Return: 2.536

Steps executed: 142972 Num episodes: 53 Episode length: 1654 Return: 1540.0 Normalized Return: 2.536

Steps executed: 143019 Num episodes: 54 Episode length: 1655 Return: 1486.0 Normalized Return: 2.432

Steps executed: 143479 Num episodes: 55 Episode length: 1665 Return: 1467.0 Normalized Return: 2.395

Steps executed: 143659 Num episodes: 56 Episode length: 1669 Return: 1528.0 Normalized Return: 2.513

Steps executed: 143747 Num episodes: 57 Episode length: 1671 Return: 1595.0 Normalized Return: 2.642

Steps executed: 144478 Num episodes: 58 Episode length: 1688 Return: 1562.0 Normalized Return: 2.578

Steps executed: 145276 Num episodes: 59 Episode length: 1707 Return: 1699.0 Normalized Return: 2.842

Steps executed: 145932 Num episodes: 60 Episode length: 1723 Return: 1574.0 Normalized Return: 2.601

Steps executed: 146052 Num episodes: 61 Episode length: 1726 Return: 1762.0 Normalized Return: 2.963

Steps executed: 146247 Num episodes: 62 Episode length: 1731 Return: 1585.0 Normalized Return: 2.622

Steps executed: 148451 Num episodes: 63 Episode length: 1789 Return: 1519.0 Normalized Return: 2.495

Steps executed: 148636 Num episodes: 64 Episode length: 1794 Return: 1836.0 Normalized Return: 3.105

Steps executed: 149464 Num episodes: 65 Episode length: 1817 Return: 1634.0 Normalized Return: 2.717

Steps executed: 150549 Num episodes: 66 Episode length: 1848 Return: 1571.0 Normalized Return: 2.595

Steps executed: 151501 Num episodes: 67 Episode length: 1876 Return: 1762.0 Normalized Return: 2.963

Steps executed: 151798 Num episodes: 68 Episode length: 1885 Return: 1804.0 Normalized Return: 3.044

Steps executed: 151798 Num episodes: 69 Episode length: 1885 Return: 1804.0 Normalized Return: 3.044

Steps executed: 152635 Num episodes: 70 Episode length: 1912 Return: 1835.0 Normalized Return: 3.104

Steps executed: 152635 Num episodes: 71 Episode length: 1912 Return: 1941.0 Normalized Return: 3.308

Steps executed: 153940 Num episodes: 72 Episode length: 1957 Return: 1993.0 Normalized Return: 3.408

Steps executed: 154612 Num episodes: 73 Episode length: 1981 Return: 1750.0 Normalized Return: 2.94

Steps executed: 155233 Num episodes: 74 Episode length: 2004 Return: 1855.0 Normalized Return: 3.142

Steps executed: 156533 Num episodes: 75 Episode length: 2054 Return: 2035.0 Normalized Return: 3.488

Steps executed: 157433 Num episodes: 76 Episode length: 2090 Return: 1865.0 Normalized Return: 3.161

Steps executed: 158849 Num episodes: 77 Episode length: 2149 Return: 2371.0 Normalized Return: 4.135

Steps executed: 158849 Num episodes: 78 Episode length: 2149 Return: 2067.0 Normalized Return: 3.55

Steps executed: 159113 Num episodes: 79 Episode length: 2161 Return: 2159.0 Normalized Return: 3.727

Steps executed: 159134 Num episodes: 80 Episode length: 2162 Return: 2089.0 Normalized Return: 3.592

Steps executed: 159814 Num episodes: 81 Episode length: 2196 Return: 2329.0 Normalized Return: 4.054

Steps executed: 159890 Num episodes: 82 Episode length: 2200 Return: 2287.0 Normalized Return: 3.973

Steps executed: 160088 Num episodes: 83 Episode length: 2211 Return: 2350.0 Normalized Return: 4.095

Steps executed: 161601 Num episodes: 84 Episode length: 2300 Return: 2297.0 Normalized Return: 3.993

Steps executed: 161697 Num episodes: 85 Episode length: 2306 Return: 2194.0 Normalized Return: 3.794

Steps executed: 161697 Num episodes: 86 Episode length: 2306 Return: 2194.0 Normalized Return: 3.794

Steps executed: 161767 Num episodes: 87 Episode length: 2311 Return: 2434.0 Normalized Return: 4.256

Steps executed: 161832 Num episodes: 88 Episode length: 2316 Return: 2456.0 Normalized Return: 4.299

Steps executed: 163416 Num episodes: 89 Episode length: 2448 Return: 2235.0 Normalized Return: 3.873

Steps executed: 163581 Num episodes: 90 Episode length: 2463 Return: 2476.0 Normalized Return: 4.337

Steps executed: 163891 Num episodes: 91 Episode length: 2494 Return: 2412.0 Normalized Return: 4.214

Steps executed: 164386 Num episodes: 92 Episode length: 2549 Return: 2571.0 Normalized Return: 4.52

Steps executed: 165050 Num episodes: 93 Episode length: 2632 Return: 2697.0 Normalized Return: 4.763

Steps executed: 165477 Num episodes: 94 Episode length: 2693 Return: 2665.0 Normalized Return: 4.701

Steps executed: 165729 Num episodes: 95 Episode length: 2735 Return: 2653.0 Normalized Return: 4.678

Steps executed: 166174 Num episodes: 96 Episode length: 2824 Return: 2707.0 Normalized Return: 4.782

Steps executed: 166214 Num episodes: 97 Episode length: 2834 Return: 2861.0 Normalized Return: 5.078

Steps executed: 166280 Num episodes: 98 Episode length: 2856 Return: 2781.0 Normalized Return: 4.924

Steps executed: 166384 Num episodes: 99 Episode length: 2908 Return: 2906.0 Normalized Return: 5.165

Steps executed: 166554 Num episodes: 100 Episode length: 3078 Return: 2875.0 Normalized Return: 5.105
