2024-11-29 00:33:36.622384: I tensorflow/core/platform/cpu_feature_guard.cc:193] This TensorFlow binary is optimized with oneAPI Deep Neural Network Library (oneDNN) to use the following CPU instructions in performance-critical operations:  AVX2 AVX512F AVX512_VNNI AVX512_BF16 AVX_VNNI AMX_TILE AMX_INT8 AMX_BF16 FMA
To enable them in other operations, rebuild TensorFlow with the appropriate compiler flags.
2024-11-29 00:33:36.719343: I tensorflow/core/util/port.cc:104] oneDNN custom operations are on. You may see slightly different numerical results due to floating-point round-off errors from different computation orders. To turn them off, set the environment variable `TF_ENABLE_ONEDNN_OPTS=0`.
2024-11-29 00:33:38.117191: W tensorflow/compiler/xla/stream_executor/platform/default/dso_loader.cc:64] Could not load dynamic library 'libnvinfer.so.7'; dlerror: libnvinfer.so.7: cannot open shared object file: No such file or directory; LD_LIBRARY_PATH: /nfs/nhome/live/rcdavis/.local/miniforge/envs/bbf2/lib/python3.9/site-packages/cv2/../../lib64:/ceph/apps/ubuntu-20/packages/cuda/11.8.0_520.61.05/lib64
2024-11-29 00:33:38.117243: W tensorflow/compiler/xla/stream_executor/platform/default/dso_loader.cc:64] Could not load dynamic library 'libnvinfer_plugin.so.7'; dlerror: libnvinfer_plugin.so.7: cannot open shared object file: No such file or directory; LD_LIBRARY_PATH: /nfs/nhome/live/rcdavis/.local/miniforge/envs/bbf2/lib/python3.9/site-packages/cv2/../../lib64:/ceph/apps/ubuntu-20/packages/cuda/11.8.0_520.61.05/lib64
2024-11-29 00:33:38.117248: W tensorflow/compiler/tf2tensorrt/utils/py_utils.cc:38] TF-TRT Warning: Cannot dlopen some TensorRT libraries. If you would like to use Nvidia GPU with TensorRT, please make sure the missing libraries mentioned above are installed properly.
/nfs/nhome/live/rcdavis/.local/miniforge/envs/bbf2/lib/python3.9/site-packages/gin/tf/__init__.py:48: DeprecationWarning: distutils Version classes are deprecated. Use packaging.version instead.
  if (distutils.version.LooseVersion(tf.__version__) <
2024-11-29 00:33:43.421670: W tensorflow/core/common_runtime/gpu/gpu_device.cc:2027] TensorFlow was not built with CUDA kernel binaries compatible with compute capability 9.0. CUDA kernels will be jit-compiled from PTX, which could take 30 minutes or longer.
I1129 00:33:43.422574 134342809024320 train.py:172] Setting random seed: 48743998
I1129 00:33:43.560162 134342809024320 train.py:231] Using MaxEpisodeEvalRunner for evaluation.
W1129 00:33:43.560358 134342809024320 run_experiment.py:267] DEPRECATION WARNING: Logger is being deprecated. Please switch to CollectorDispatcher!
A.L.E: Arcade Learning Environment (version 0.7.5+db37282)
[Powered by Stella]
/nfs/nhome/live/rcdavis/.local/miniforge/envs/bbf2/lib/python3.9/site-packages/gym/core.py:317: DeprecationWarning: [33mWARN: Initializing wrapper in old step API which returns one bool instead of two. It is recommended to set `new_step_api=True` to use new step API. This will be the default behaviour in future.[0m
  deprecation(
/nfs/nhome/live/rcdavis/.local/miniforge/envs/bbf2/lib/python3.9/site-packages/gym/wrappers/step_api_compatibility.py:39: DeprecationWarning: [33mWARN: Initializing environment in old step API which returns one bool instead of two. It is recommended to set `new_step_api=True` to use new step API. This will be the default behaviour in future.[0m
  deprecation(
I1129 00:33:43.668323 134342809024320 spr_agent.py:1123] Creating BBFAgent agent with the following parameters:
I1129 00:33:43.668587 134342809024320 spr_agent.py:1127] 	 double_dqn: True
I1129 00:33:43.668614 134342809024320 spr_agent.py:1128] 	 noisy_networks: False
I1129 00:33:43.668633 134342809024320 spr_agent.py:1129] 	 dueling_dqn: True
I1129 00:33:43.668650 134342809024320 spr_agent.py:1130] 	 distributional: True
I1129 00:33:43.668667 134342809024320 spr_agent.py:1131] 	 data_augmentation: True
I1129 00:33:43.668683 134342809024320 spr_agent.py:1132] 	 replay_scheme: prioritized
I1129 00:33:43.668697 134342809024320 spr_agent.py:1133] 	 num_updates_per_train_step: 1
I1129 00:33:43.670660 134342809024320 xla_bridge.py:355] Unable to initialize backend 'tpu_driver': NOT_FOUND: Unable to find driver in registry given worker: 
I1129 00:33:43.823097 134342809024320 xla_bridge.py:355] Unable to initialize backend 'rocm': NOT_FOUND: Could not find registered platform with name: "rocm". Available platform names are: CUDA Interpreter Host
I1129 00:33:43.823404 134342809024320 xla_bridge.py:355] Unable to initialize backend 'tpu': module 'jaxlib.xla_extension' has no attribute 'get_tpu_client'
I1129 00:33:43.823476 134342809024320 xla_bridge.py:355] Unable to initialize backend 'plugin': xla_extension has no attributes named get_plugin_device_client. Compile TensorFlow with //tensorflow/compiler/xla/python:enable_plugin_device set to true (defaults to false) to enable this.
I1129 00:33:44.711254 134342809024320 spr_agent.py:1218] 	 Found following local devices: [StreamExecutorGpuDevice(id=0, process_index=0, slice_index=0)]
I1129 00:33:44.711428 134342809024320 spr_agent.py:1233] 	 Running with dtype <class 'jax.numpy.float32'>
I1129 00:33:44.711515 134342809024320 dqn_agent.py:278] Creating BBFAgent agent with the following parameters:
I1129 00:33:44.711540 134342809024320 dqn_agent.py:280] 	 gamma: 0.997000
I1129 00:33:44.711562 134342809024320 dqn_agent.py:281] 	 update_horizon: 10.000000
I1129 00:33:44.711581 134342809024320 dqn_agent.py:282] 	 min_replay_history: 2000
I1129 00:33:44.711598 134342809024320 dqn_agent.py:283] 	 update_period: 1
I1129 00:33:44.711613 134342809024320 dqn_agent.py:284] 	 target_update_period: 1
I1129 00:33:44.711629 134342809024320 dqn_agent.py:285] 	 epsilon_train: 0.000000
I1129 00:33:44.711644 134342809024320 dqn_agent.py:286] 	 epsilon_eval: 0.001000
I1129 00:33:44.711658 134342809024320 dqn_agent.py:287] 	 epsilon_decay_period: 2001
I1129 00:33:44.711672 134342809024320 dqn_agent.py:288] 	 optimizer: adam
I1129 00:33:44.711686 134342809024320 dqn_agent.py:289] 	 seed: 48743998
I1129 00:33:44.711700 134342809024320 dqn_agent.py:290] 	 loss_type: mse
I1129 00:33:44.711714 134342809024320 dqn_agent.py:291] 	 preprocess_fn: None
I1129 00:33:44.929235 134342809024320 subsequence_replay_buffer.py:159] Creating a PrioritizedJaxSubsequenceParallelEnvReplayBuffer replay memory with the following parameters:
I1129 00:33:44.929369 134342809024320 subsequence_replay_buffer.py:161] 	 observation_shape: (84, 84)
I1129 00:33:44.929409 134342809024320 subsequence_replay_buffer.py:162] 	 observation_dtype: <class 'jax.numpy.uint8'>
I1129 00:33:44.929433 134342809024320 subsequence_replay_buffer.py:163] 	 terminal_dtype: <class 'numpy.uint8'>
I1129 00:33:44.929451 134342809024320 subsequence_replay_buffer.py:164] 	 stack_size: 4
I1129 00:33:44.929468 134342809024320 subsequence_replay_buffer.py:165] 	 use_next_state: 1
I1129 00:33:44.929485 134342809024320 subsequence_replay_buffer.py:166] 	 replay_capacity: 200000
I1129 00:33:44.929502 134342809024320 subsequence_replay_buffer.py:167] 	 batch_size: 32
I1129 00:33:44.929517 134342809024320 subsequence_replay_buffer.py:168] 	 update_horizon: 10
I1129 00:33:44.929531 134342809024320 subsequence_replay_buffer.py:169] 	 gamma: 0.997000
I1129 00:33:47.926508 134342809024320 spr_networks.py:821] Spatial latent shape: (11, 11, 128)
I1129 00:33:47.939890 134342809024320 spr_networks.py:828] Flattened representation shape: (15488,)
I1129 00:33:49.413272 134342809024320 spr_networks.py:821] Spatial latent shape: (5, 11, 11, 128)
I1129 00:33:49.426900 134342809024320 spr_networks.py:828] Flattened representation shape: (5, 15488)
I1129 00:33:50.021279 134342809024320 spr_agent.py:933] Creating AdamW optimizer with settings lr=0.000100, beta1=0.900000, beta2=0.999000, eps=0.000150, wd=0.100000
I1129 00:33:50.021534 134342809024320 spr_agent.py:933] Creating AdamW optimizer with settings lr=0.000100, beta1=0.900000, beta2=0.999000, eps=0.000150, wd=0.100000
I1129 00:33:50.536830 134342809024320 spr_agent.py:1366] 	 Operating with 1 environments, batch size 32 and replay ratio 64
I1129 00:33:50.536962 134342809024320 spr_agent.py:1374] 	 Calculated 2 updates per update phase
I1129 00:33:50.536997 134342809024320 spr_agent.py:1378] 	 Calculated update frequency of 1 step
I1129 00:33:50.537018 134342809024320 spr_agent.py:1383] 	 Setting min_replay_history to 2000.0 from 2000
I1129 00:33:50.537038 134342809024320 spr_agent.py:1388] 	 Setting epsilon_decay_period to 2001.0 from 2001
I1129 00:33:50.537061 134342809024320 spr_agent.py:1401] 	 Running 1 groups of 2 batches per 1 env step
I1129 00:33:50.540309 134342809024320 eval_run_experiment.py:204] Num evaluation episodes: 100
/nfs/nhome/live/rcdavis/.local/miniforge/envs/bbf2/lib/python3.9/site-packages/gym/utils/passive_env_checker.py:227: DeprecationWarning: [33mWARN: Core environment is written in old step API which returns one bool instead of two. It is recommended to rewrite the environment with new step API. [0m
  logger.deprecation(
I1129 00:33:50.757608 134342809024320 eval_run_experiment.py:622] Beginning training...
I1129 00:33:50.757739 134342809024320 eval_run_experiment.py:553] Starting iteration 0
I1129 00:33:50.897200 134342809024320 spr_networks.py:821] Spatial latent shape: (11, 11, 128)
I1129 00:33:50.897481 134342809024320 spr_networks.py:828] Flattened representation shape: (15488,)
I1129 00:33:56.406697 134342809024320 spr_networks.py:821] Spatial latent shape: (11, 11, 128)
I1129 00:33:56.406999 134342809024320 spr_networks.py:828] Flattened representation shape: (15488,)
I1129 00:33:56.552547 134342809024320 spr_networks.py:821] Spatial latent shape: (11, 11, 128)
I1129 00:33:56.552809 134342809024320 spr_networks.py:828] Flattened representation shape: (15488,)
I1129 00:33:56.733039 134342809024320 spr_networks.py:821] Spatial latent shape: (11, 11, 128)
I1129 00:33:56.733367 134342809024320 spr_networks.py:828] Flattened representation shape: (15488,)
I1129 00:33:56.900636 134342809024320 spr_networks.py:821] Spatial latent shape: (11, 11, 128)
I1129 00:33:56.900973 134342809024320 spr_networks.py:828] Flattened representation shape: (15488,)
I1129 00:33:56.993518 134342809024320 spr_networks.py:821] Spatial latent shape: (5, 11, 11, 128)
I1129 00:33:56.994074 134342809024320 spr_networks.py:828] Flattened representation shape: (5, 15488)
I1129 00:34:11.120829 134342809024320 spr_networks.py:821] Spatial latent shape: (11, 11, 128)
I1129 00:34:11.121321 134342809024320 spr_networks.py:828] Flattened representation shape: (15488,)
I1129 00:48:03.208811 134342809024320 spr_agent.py:1473] 	 Resetting weights at step 20002.
I1129 00:48:03.316196 134342809024320 spr_networks.py:821] Spatial latent shape: (11, 11, 128)
I1129 00:48:03.316422 134342809024320 spr_networks.py:828] Flattened representation shape: (15488,)
I1129 00:48:03.369673 134342809024320 spr_networks.py:821] Spatial latent shape: (5, 11, 11, 128)
I1129 00:48:03.369905 134342809024320 spr_networks.py:828] Flattened representation shape: (5, 15488)
I1129 00:48:03.483548 134342809024320 spr_networks.py:821] Spatial latent shape: (11, 11, 128)
I1129 00:48:03.483759 134342809024320 spr_networks.py:828] Flattened representation shape: (15488,)
I1129 00:48:03.536236 134342809024320 spr_networks.py:821] Spatial latent shape: (5, 11, 11, 128)
I1129 00:48:03.536475 134342809024320 spr_networks.py:828] Flattened representation shape: (5, 15488)
I1129 00:48:05.032743 134342809024320 spr_agent.py:1537] Running 0 gradient steps after reset
I1129 01:03:35.737226 134342809024320 spr_agent.py:1473] 	 Resetting weights at step 40003.
I1129 01:03:35.743339 134342809024320 spr_agent.py:1537] Running 0 gradient steps after reset
I1129 01:19:05.040729 134342809024320 spr_agent.py:1473] 	 Resetting weights at step 60004.
I1129 01:19:05.046640 134342809024320 spr_agent.py:1537] Running 0 gradient steps after reset
I1129 01:34:40.918314 134342809024320 spr_agent.py:1466] 	 Not resetting at step 80005, as need at least 20000 before 100000 to recover.
I1129 01:50:49.121194 134342809024320 eval_run_experiment.py:493] Average undiscounted return per training episode: 1707.69
I1129 01:50:49.122531 134342809024320 eval_run_experiment.py:496] Average normalized return per training episode: 0.14
I1129 01:50:49.122598 134342809024320 eval_run_experiment.py:499] Average training steps per second: 21.22
I1129 01:51:00.882389 134342809024320 spr_networks.py:821] Spatial latent shape: (11, 11, 128)
I1129 01:51:00.882727 134342809024320 spr_networks.py:828] Flattened representation shape: (15488,)
I1129 01:51:42.419380 134342809024320 spr_networks.py:821] Spatial latent shape: (11, 11, 128)
I1129 01:51:42.419779 134342809024320 spr_networks.py:828] Flattened representation shape: (15488,)
I1129 01:51:52.723600 134342809024320 spr_networks.py:821] Spatial latent shape: (11, 11, 128)
I1129 01:51:52.723882 134342809024320 spr_networks.py:828] Flattened representation shape: (15488,)
I1129 01:51:54.828877 134342809024320 spr_networks.py:821] Spatial latent shape: (11, 11, 128)
I1129 01:51:54.829155 134342809024320 spr_networks.py:828] Flattened representation shape: (15488,)
I1129 01:52:11.093664 134342809024320 spr_networks.py:821] Spatial latent shape: (11, 11, 128)
I1129 01:52:11.094064 134342809024320 spr_networks.py:828] Flattened representation shape: (15488,)
I1129 01:52:13.904875 134342809024320 spr_networks.py:821] Spatial latent shape: (11, 11, 128)
I1129 01:52:13.905145 134342809024320 spr_networks.py:828] Flattened representation shape: (15488,)
I1129 01:52:19.266982 134342809024320 spr_networks.py:821] Spatial latent shape: (11, 11, 128)
I1129 01:52:19.267247 134342809024320 spr_networks.py:828] Flattened representation shape: (15488,)
I1129 01:52:22.774297 134342809024320 spr_networks.py:821] Spatial latent shape: (11, 11, 128)
I1129 01:52:22.774579 134342809024320 spr_networks.py:828] Flattened representation shape: (15488,)
I1129 01:52:25.152565 134342809024320 spr_networks.py:821] Spatial latent shape: (11, 11, 128)
I1129 01:52:25.152947 134342809024320 spr_networks.py:828] Flattened representation shape: (15488,)
I1129 01:52:26.651214 134342809024320 spr_networks.py:821] Spatial latent shape: (11, 11, 128)
I1129 01:52:26.651496 134342809024320 spr_networks.py:828] Flattened representation shape: (15488,)
I1129 01:52:29.909710 134342809024320 spr_networks.py:821] Spatial latent shape: (11, 11, 128)
I1129 01:52:29.909987 134342809024320 spr_networks.py:828] Flattened representation shape: (15488,)
I1129 01:52:31.653181 134342809024320 spr_networks.py:821] Spatial latent shape: (11, 11, 128)
I1129 01:52:31.653459 134342809024320 spr_networks.py:828] Flattened representation shape: (15488,)
I1129 01:52:33.462320 134342809024320 spr_networks.py:821] Spatial latent shape: (11, 11, 128)
I1129 01:52:33.462643 134342809024320 spr_networks.py:828] Flattened representation shape: (15488,)
I1129 01:52:42.837396 134342809024320 spr_networks.py:821] Spatial latent shape: (11, 11, 128)
I1129 01:52:42.837677 134342809024320 spr_networks.py:828] Flattened representation shape: (15488,)
I1129 01:52:44.746452 134342809024320 spr_networks.py:821] Spatial latent shape: (11, 11, 128)
I1129 01:52:44.746726 134342809024320 spr_networks.py:828] Flattened representation shape: (15488,)
I1129 01:52:50.495396 134342809024320 spr_networks.py:821] Spatial latent shape: (11, 11, 128)
I1129 01:52:50.495663 134342809024320 spr_networks.py:828] Flattened representation shape: (15488,)
I1129 01:52:54.584024 134342809024320 spr_networks.py:821] Spatial latent shape: (11, 11, 128)
I1129 01:52:54.584296 134342809024320 spr_networks.py:828] Flattened representation shape: (15488,)
I1129 01:52:58.343015 134342809024320 spr_networks.py:821] Spatial latent shape: (11, 11, 128)
I1129 01:52:58.343325 134342809024320 spr_networks.py:828] Flattened representation shape: (15488,)
I1129 01:53:05.909102 134342809024320 spr_networks.py:821] Spatial latent shape: (11, 11, 128)
I1129 01:53:05.909383 134342809024320 spr_networks.py:828] Flattened representation shape: (15488,)
I1129 01:53:21.836495 134342809024320 spr_networks.py:821] Spatial latent shape: (11, 11, 128)
I1129 01:53:21.836772 134342809024320 spr_networks.py:828] Flattened representation shape: (15488,)
I1129 01:53:23.721738 134342809024320 spr_networks.py:821] Spatial latent shape: (11, 11, 128)
I1129 01:53:23.722033 134342809024320 spr_networks.py:828] Flattened representation shape: (15488,)
I1129 01:53:28.646541 134342809024320 spr_networks.py:821] Spatial latent shape: (11, 11, 128)
I1129 01:53:28.646828 134342809024320 spr_networks.py:828] Flattened representation shape: (15488,)
I1129 01:53:30.621220 134342809024320 spr_networks.py:821] Spatial latent shape: (11, 11, 128)
I1129 01:53:30.621541 134342809024320 spr_networks.py:828] Flattened representation shape: (15488,)
I1129 01:53:32.519667 134342809024320 spr_networks.py:821] Spatial latent shape: (11, 11, 128)
I1129 01:53:32.519948 134342809024320 spr_networks.py:828] Flattened representation shape: (15488,)
I1129 01:53:34.084962 134342809024320 spr_networks.py:821] Spatial latent shape: (11, 11, 128)
I1129 01:53:34.085238 134342809024320 spr_networks.py:828] Flattened representation shape: (15488,)
I1129 01:53:35.798631 134342809024320 spr_networks.py:821] Spatial latent shape: (11, 11, 128)
I1129 01:53:35.798914 134342809024320 spr_networks.py:828] Flattened representation shape: (15488,)
I1129 01:53:37.188266 134342809024320 spr_networks.py:821] Spatial latent shape: (11, 11, 128)
I1129 01:53:37.188543 134342809024320 spr_networks.py:828] Flattened representation shape: (15488,)
I1129 01:53:42.197051 134342809024320 spr_networks.py:821] Spatial latent shape: (11, 11, 128)
I1129 01:53:42.197323 134342809024320 spr_networks.py:828] Flattened representation shape: (15488,)
I1129 01:53:43.361411 134342809024320 spr_networks.py:821] Spatial latent shape: (11, 11, 128)
I1129 01:53:43.361692 134342809024320 spr_networks.py:828] Flattened representation shape: (15488,)
I1129 01:53:45.783518 134342809024320 spr_networks.py:821] Spatial latent shape: (11, 11, 128)
I1129 01:53:45.783784 134342809024320 spr_networks.py:828] Flattened representation shape: (15488,)
I1129 01:53:51.952482 134342809024320 spr_networks.py:821] Spatial latent shape: (11, 11, 128)
I1129 01:53:51.952786 134342809024320 spr_networks.py:828] Flattened representation shape: (15488,)
I1129 01:53:54.460716 134342809024320 spr_networks.py:821] Spatial latent shape: (11, 11, 128)
I1129 01:53:54.460985 134342809024320 spr_networks.py:828] Flattened representation shape: (15488,)
I1129 01:53:55.844657 134342809024320 spr_networks.py:821] Spatial latent shape: (11, 11, 128)
I1129 01:53:55.844924 134342809024320 spr_networks.py:828] Flattened representation shape: (15488,)
I1129 01:53:57.182467 134342809024320 spr_networks.py:821] Spatial latent shape: (11, 11, 128)
I1129 01:53:57.182735 134342809024320 spr_networks.py:828] Flattened representation shape: (15488,)
I1129 01:53:58.932470 134342809024320 spr_networks.py:821] Spatial latent shape: (11, 11, 128)
I1129 01:53:58.932745 134342809024320 spr_networks.py:828] Flattened representation shape: (15488,)
I1129 01:54:03.801218 134342809024320 spr_networks.py:821] Spatial latent shape: (11, 11, 128)
I1129 01:54:03.801495 134342809024320 spr_networks.py:828] Flattened representation shape: (15488,)
I1129 01:54:07.454723 134342809024320 spr_networks.py:821] Spatial latent shape: (11, 11, 128)
I1129 01:54:07.455000 134342809024320 spr_networks.py:828] Flattened representation shape: (15488,)
I1129 01:54:10.269582 134342809024320 spr_networks.py:821] Spatial latent shape: (11, 11, 128)
I1129 01:54:10.269850 134342809024320 spr_networks.py:828] Flattened representation shape: (15488,)
I1129 01:54:11.444153 134342809024320 spr_networks.py:821] Spatial latent shape: (11, 11, 128)
I1129 01:54:11.444457 134342809024320 spr_networks.py:828] Flattened representation shape: (15488,)
I1129 01:54:14.460977 134342809024320 spr_networks.py:821] Spatial latent shape: (11, 11, 128)
I1129 01:54:14.461248 134342809024320 spr_networks.py:828] Flattened representation shape: (15488,)
I1129 01:54:16.175827 134342809024320 spr_networks.py:821] Spatial latent shape: (11, 11, 128)
I1129 01:54:16.176104 134342809024320 spr_networks.py:828] Flattened representation shape: (15488,)
I1129 01:54:17.918201 134342809024320 spr_networks.py:821] Spatial latent shape: (11, 11, 128)
I1129 01:54:17.918483 134342809024320 spr_networks.py:828] Flattened representation shape: (15488,)
I1129 01:54:19.023653 134342809024320 spr_networks.py:821] Spatial latent shape: (11, 11, 128)
I1129 01:54:19.023968 134342809024320 spr_networks.py:828] Flattened representation shape: (15488,)
I1129 01:54:20.242017 134342809024320 spr_networks.py:821] Spatial latent shape: (11, 11, 128)
I1129 01:54:20.242285 134342809024320 spr_networks.py:828] Flattened representation shape: (15488,)
I1129 01:54:22.292761 134342809024320 spr_networks.py:821] Spatial latent shape: (11, 11, 128)
I1129 01:54:22.293038 134342809024320 spr_networks.py:828] Flattened representation shape: (15488,)
I1129 01:54:23.576712 134342809024320 spr_networks.py:821] Spatial latent shape: (11, 11, 128)
I1129 01:54:23.576979 134342809024320 spr_networks.py:828] Flattened representation shape: (15488,)
I1129 01:54:24.989472 134342809024320 spr_networks.py:821] Spatial latent shape: (11, 11, 128)
I1129 01:54:24.989754 134342809024320 spr_networks.py:828] Flattened representation shape: (15488,)
I1129 01:54:27.961408 134342809024320 spr_networks.py:821] Spatial latent shape: (11, 11, 128)
I1129 01:54:27.961688 134342809024320 spr_networks.py:828] Flattened representation shape: (15488,)
I1129 01:54:29.699017 134342809024320 spr_networks.py:821] Spatial latent shape: (11, 11, 128)
I1129 01:54:29.699296 134342809024320 spr_networks.py:828] Flattened representation shape: (15488,)
I1129 01:54:31.618439 134342809024320 spr_networks.py:821] Spatial latent shape: (11, 11, 128)
I1129 01:54:31.618711 134342809024320 spr_networks.py:828] Flattened representation shape: (15488,)
I1129 01:54:32.884838 134342809024320 spr_networks.py:821] Spatial latent shape: (11, 11, 128)
I1129 01:54:32.885128 134342809024320 spr_networks.py:828] Flattened representation shape: (15488,)
I1129 01:54:34.259479 134342809024320 spr_networks.py:821] Spatial latent shape: (11, 11, 128)
I1129 01:54:34.259760 134342809024320 spr_networks.py:828] Flattened representation shape: (15488,)
I1129 01:54:35.637925 134342809024320 spr_networks.py:821] Spatial latent shape: (11, 11, 128)
I1129 01:54:35.638198 134342809024320 spr_networks.py:828] Flattened representation shape: (15488,)
I1129 01:54:38.217200 134342809024320 spr_networks.py:821] Spatial latent shape: (11, 11, 128)
I1129 01:54:38.217508 134342809024320 spr_networks.py:828] Flattened representation shape: (15488,)
I1129 01:54:39.293138 134342809024320 spr_networks.py:821] Spatial latent shape: (11, 11, 128)
I1129 01:54:39.293435 134342809024320 spr_networks.py:828] Flattened representation shape: (15488,)
I1129 01:54:40.354554 134342809024320 spr_networks.py:821] Spatial latent shape: (11, 11, 128)
I1129 01:54:40.354828 134342809024320 spr_networks.py:828] Flattened representation shape: (15488,)
I1129 01:54:41.412660 134342809024320 spr_networks.py:821] Spatial latent shape: (11, 11, 128)
I1129 01:54:41.412930 134342809024320 spr_networks.py:828] Flattened representation shape: (15488,)
I1129 01:54:42.467808 134342809024320 spr_networks.py:821] Spatial latent shape: (11, 11, 128)
I1129 01:54:42.468085 134342809024320 spr_networks.py:828] Flattened representation shape: (15488,)
I1129 01:54:43.305276 134342809024320 spr_networks.py:821] Spatial latent shape: (11, 11, 128)
I1129 01:54:43.305550 134342809024320 spr_networks.py:828] Flattened representation shape: (15488,)
I1129 01:54:44.348797 134342809024320 spr_networks.py:821] Spatial latent shape: (11, 11, 128)
I1129 01:54:44.349081 134342809024320 spr_networks.py:828] Flattened representation shape: (15488,)
I1129 01:54:45.483342 134342809024320 spr_networks.py:821] Spatial latent shape: (11, 11, 128)
I1129 01:54:45.483625 134342809024320 spr_networks.py:828] Flattened representation shape: (15488,)
I1129 01:54:46.523804 134342809024320 spr_networks.py:821] Spatial latent shape: (11, 11, 128)
I1129 01:54:46.524084 134342809024320 spr_networks.py:828] Flattened representation shape: (15488,)
I1129 01:54:47.549748 134342809024320 spr_networks.py:821] Spatial latent shape: (11, 11, 128)
I1129 01:54:47.550028 134342809024320 spr_networks.py:828] Flattened representation shape: (15488,)
I1129 01:54:49.340693 134342809024320 spr_networks.py:821] Spatial latent shape: (11, 11, 128)
I1129 01:54:49.340964 134342809024320 spr_networks.py:828] Flattened representation shape: (15488,)
I1129 01:54:51.333794 134342809024320 spr_networks.py:821] Spatial latent shape: (11, 11, 128)
I1129 01:54:51.334071 134342809024320 spr_networks.py:828] Flattened representation shape: (15488,)
I1129 01:54:54.080869 134342809024320 spr_networks.py:821] Spatial latent shape: (11, 11, 128)
I1129 01:54:54.081179 134342809024320 spr_networks.py:828] Flattened representation shape: (15488,)
I1129 01:54:56.234759 134342809024320 spr_networks.py:821] Spatial latent shape: (11, 11, 128)
I1129 01:54:56.235026 134342809024320 spr_networks.py:828] Flattened representation shape: (15488,)
I1129 01:54:57.234676 134342809024320 spr_networks.py:821] Spatial latent shape: (11, 11, 128)
I1129 01:54:57.234946 134342809024320 spr_networks.py:828] Flattened representation shape: (15488,)
I1129 01:54:58.921636 134342809024320 spr_networks.py:821] Spatial latent shape: (11, 11, 128)
I1129 01:54:58.921899 134342809024320 spr_networks.py:828] Flattened representation shape: (15488,)
I1129 01:55:01.052340 134342809024320 spr_networks.py:821] Spatial latent shape: (11, 11, 128)
I1129 01:55:01.052613 134342809024320 spr_networks.py:828] Flattened representation shape: (15488,)
I1129 01:55:02.475775 134342809024320 spr_networks.py:821] Spatial latent shape: (11, 11, 128)
I1129 01:55:02.476047 134342809024320 spr_networks.py:828] Flattened representation shape: (15488,)
I1129 01:55:03.642433 134342809024320 spr_networks.py:821] Spatial latent shape: (11, 11, 128)
I1129 01:55:03.642701 134342809024320 spr_networks.py:828] Flattened representation shape: (15488,)
I1129 01:55:04.845385 134342809024320 spr_networks.py:821] Spatial latent shape: (11, 11, 128)
I1129 01:55:04.845661 134342809024320 spr_networks.py:828] Flattened representation shape: (15488,)
I1129 01:55:06.127325 134342809024320 spr_networks.py:821] Spatial latent shape: (11, 11, 128)
I1129 01:55:06.127602 134342809024320 spr_networks.py:828] Flattened representation shape: (15488,)
I1129 01:55:09.601299 134342809024320 spr_networks.py:821] Spatial latent shape: (11, 11, 128)
I1129 01:55:09.601585 134342809024320 spr_networks.py:828] Flattened representation shape: (15488,)
I1129 01:55:11.387787 134342809024320 spr_networks.py:821] Spatial latent shape: (11, 11, 128)
I1129 01:55:11.388069 134342809024320 spr_networks.py:828] Flattened representation shape: (15488,)
I1129 01:55:13.978775 134342809024320 spr_networks.py:821] Spatial latent shape: (11, 11, 128)
I1129 01:55:13.979052 134342809024320 spr_networks.py:828] Flattened representation shape: (15488,)
I1129 01:55:17.479714 134342809024320 spr_networks.py:821] Spatial latent shape: (11, 11, 128)
I1129 01:55:17.479987 134342809024320 spr_networks.py:828] Flattened representation shape: (15488,)
I1129 01:55:18.902585 134342809024320 spr_networks.py:821] Spatial latent shape: (11, 11, 128)
I1129 01:55:18.902862 134342809024320 spr_networks.py:828] Flattened representation shape: (15488,)
I1129 01:55:23.826539 134342809024320 spr_networks.py:821] Spatial latent shape: (11, 11, 128)
I1129 01:55:23.826814 134342809024320 spr_networks.py:828] Flattened representation shape: (15488,)
I1129 01:55:26.441105 134342809024320 spr_networks.py:821] Spatial latent shape: (11, 11, 128)
I1129 01:55:26.441400 134342809024320 spr_networks.py:828] Flattened representation shape: (15488,)
I1129 01:55:29.253948 134342809024320 spr_networks.py:821] Spatial latent shape: (11, 11, 128)
I1129 01:55:29.254230 134342809024320 spr_networks.py:828] Flattened representation shape: (15488,)
I1129 01:55:31.376645 134342809024320 spr_networks.py:821] Spatial latent shape: (11, 11, 128)
I1129 01:55:31.376923 134342809024320 spr_networks.py:828] Flattened representation shape: (15488,)
I1129 01:56:51.430206 134342809024320 eval_run_experiment.py:537] Average undiscounted return per evaluation episode: 5857.00
I1129 01:56:51.431120 134342809024320 eval_run_experiment.py:544] Average normalized return per evaluation episode: 0.77
/nfs/nhome/live/rcdavis/bbf_UPER/bbf/replay_memory/subsequence_replay_buffer.py:781: FutureWarning: GzipFile was opened for writing, but this will change in future Python releases.  Specify the mode argument for opening it for writing.
  with gzip.GzipFile(fileobj=f) as outfile:
