Fri Nov 29 00:41:57 2024       
+-----------------------------------------------------------------------------------------+
| NVIDIA-SMI 560.35.03              Driver Version: 560.35.03      CUDA Version: 12.6     |
|-----------------------------------------+------------------------+----------------------+
| GPU  Name                 Persistence-M | Bus-Id          Disp.A | Volatile Uncorr. ECC |
| Fan  Temp   Perf          Pwr:Usage/Cap |           Memory-Usage | GPU-Util  Compute M. |
|                                         |                        |               MIG M. |
|=========================================+========================+======================|
|   0  NVIDIA H100 80GB HBM3          Off |   00000001:1B:00.0 Off |                    0 |
| N/A   36C    P0            127W /  700W |       1MiB /  81559MiB |      0%      Default |
|                                         |                        |             Disabled |
+-----------------------------------------+------------------------+----------------------+
                                                                                         
+-----------------------------------------------------------------------------------------+
| Processes:                                                                              |
|  GPU   GI   CI        PID   Type   Process name                              GPU Memory |
|        ID   ID                                                               Usage      |
|=========================================================================================|
|  No running processes found                                                             |
+-----------------------------------------------------------------------------------------+
gpu
Got gin bindings:
[]
Sanitized gin bindings to:
[]
Found devices [StreamExecutorGpuDevice(id=0, process_index=0, slice_index=0)]

Steps executed: 182 Num episodes: 1 Episode length: 182 Return: 150.0 Normalized Return: -0.007

Steps executed: 452 Num episodes: 2 Episode length: 270 Return: 200.0 Normalized Return: -0.001

Steps executed: 654 Num episodes: 3 Episode length: 202 Return: 250.0 Normalized Return: 0.005

Steps executed: 995 Num episodes: 4 Episode length: 341 Return: 350.0 Normalized Return: 0.017

Steps executed: 1183 Num episodes: 5 Episode length: 188 Return: 50.0 Normalized Return: -0.019

Steps executed: 1556 Num episodes: 6 Episode length: 373 Return: 500.0 Normalized Return: 0.035

Steps executed: 1800 Num episodes: 7 Episode length: 244 Return: 250.0 Normalized Return: 0.005

Steps executed: 2102 Num episodes: 8 Episode length: 302 Return: 400.0 Normalized Return: 0.023

Steps executed: 2400 Num episodes: 9 Episode length: 298 Return: 300.0 Normalized Return: 0.011

Steps executed: 2605 Num episodes: 10 Episode length: 205 Return: 100.0 Normalized Return: -0.013

Steps executed: 2800 Num episodes: 11 Episode length: 195 Return: 200.0 Normalized Return: -0.001

Steps executed: 3028 Num episodes: 12 Episode length: 228 Return: 150.0 Normalized Return: -0.007

Steps executed: 3397 Num episodes: 13 Episode length: 369 Return: 550.0 Normalized Return: 0.041

Steps executed: 3685 Num episodes: 14 Episode length: 288 Return: 250.0 Normalized Return: 0.005

Steps executed: 3911 Num episodes: 15 Episode length: 226 Return: 150.0 Normalized Return: -0.007

Steps executed: 4123 Num episodes: 16 Episode length: 212 Return: 250.0 Normalized Return: 0.005

Steps executed: 4329 Num episodes: 17 Episode length: 206 Return: 0.0 Normalized Return: -0.025

Steps executed: 4568 Num episodes: 18 Episode length: 239 Return: 300.0 Normalized Return: 0.011

Steps executed: 4888 Num episodes: 19 Episode length: 320 Return: 400.0 Normalized Return: 0.023

Steps executed: 5173 Num episodes: 20 Episode length: 285 Return: 300.0 Normalized Return: 0.011

Steps executed: 5516 Num episodes: 21 Episode length: 343 Return: 300.0 Normalized Return: 0.011

Steps executed: 5702 Num episodes: 22 Episode length: 186 Return: 0.0 Normalized Return: -0.025

Steps executed: 5903 Num episodes: 23 Episode length: 201 Return: 50.0 Normalized Return: -0.019

Steps executed: 6153 Num episodes: 24 Episode length: 250 Return: 200.0 Normalized Return: -0.001

Steps executed: 6581 Num episodes: 25 Episode length: 428 Return: 400.0 Normalized Return: 0.023

Steps executed: 6769 Num episodes: 26 Episode length: 188 Return: 200.0 Normalized Return: -0.001

Steps executed: 7012 Num episodes: 27 Episode length: 243 Return: 150.0 Normalized Return: -0.007

Steps executed: 7267 Num episodes: 28 Episode length: 255 Return: 100.0 Normalized Return: -0.013

Steps executed: 7469 Num episodes: 29 Episode length: 202 Return: 200.0 Normalized Return: -0.001

Steps executed: 7746 Num episodes: 30 Episode length: 277 Return: 200.0 Normalized Return: -0.001

Steps executed: 8052 Num episodes: 31 Episode length: 306 Return: 250.0 Normalized Return: 0.005

Steps executed: 8381 Num episodes: 32 Episode length: 329 Return: 400.0 Normalized Return: 0.023

Steps executed: 8656 Num episodes: 33 Episode length: 275 Return: 250.0 Normalized Return: 0.005

Steps executed: 9057 Num episodes: 34 Episode length: 401 Return: 350.0 Normalized Return: 0.017

Steps executed: 9425 Num episodes: 35 Episode length: 368 Return: 200.0 Normalized Return: -0.001

Steps executed: 9634 Num episodes: 36 Episode length: 209 Return: 50.0 Normalized Return: -0.019

Steps executed: 10259 Num episodes: 37 Episode length: 625 Return: 600.0 Normalized Return: 0.047

Steps executed: 10545 Num episodes: 38 Episode length: 286 Return: 250.0 Normalized Return: 0.005

Steps executed: 10802 Num episodes: 39 Episode length: 257 Return: 200.0 Normalized Return: -0.001

Steps executed: 11076 Num episodes: 40 Episode length: 274 Return: 300.0 Normalized Return: 0.011

Steps executed: 11306 Num episodes: 41 Episode length: 230 Return: 300.0 Normalized Return: 0.011

Steps executed: 11914 Num episodes: 42 Episode length: 608 Return: 650.0 Normalized Return: 0.053

Steps executed: 12422 Num episodes: 43 Episode length: 508 Return: 400.0 Normalized Return: 0.023

Steps executed: 12803 Num episodes: 44 Episode length: 381 Return: 300.0 Normalized Return: 0.011

Steps executed: 13266 Num episodes: 45 Episode length: 463 Return: 450.0 Normalized Return: 0.029

Steps executed: 14066 Num episodes: 46 Episode length: 800 Return: 700.0 Normalized Return: 0.059

Steps executed: 14414 Num episodes: 47 Episode length: 348 Return: 350.0 Normalized Return: 0.017

Steps executed: 14630 Num episodes: 48 Episode length: 216 Return: 250.0 Normalized Return: 0.005

Steps executed: 14997 Num episodes: 49 Episode length: 367 Return: 450.0 Normalized Return: 0.029

Steps executed: 15339 Num episodes: 50 Episode length: 342 Return: 350.0 Normalized Return: 0.017

Steps executed: 15530 Num episodes: 51 Episode length: 191 Return: 200.0 Normalized Return: -0.001

Steps executed: 15852 Num episodes: 52 Episode length: 322 Return: 350.0 Normalized Return: 0.017

Steps executed: 16260 Num episodes: 53 Episode length: 408 Return: 300.0 Normalized Return: 0.011

Steps executed: 16739 Num episodes: 54 Episode length: 479 Return: 500.0 Normalized Return: 0.035

Steps executed: 16940 Num episodes: 55 Episode length: 201 Return: 200.0 Normalized Return: -0.001

Steps executed: 17764 Num episodes: 56 Episode length: 824 Return: 850.0 Normalized Return: 0.077

Steps executed: 18249 Num episodes: 57 Episode length: 485 Return: 650.0 Normalized Return: 0.053

Steps executed: 18510 Num episodes: 58 Episode length: 261 Return: 200.0 Normalized Return: -0.001

Steps executed: 18738 Num episodes: 59 Episode length: 228 Return: 100.0 Normalized Return: -0.013

Steps executed: 19691 Num episodes: 60 Episode length: 953 Return: 650.0 Normalized Return: 0.053

Steps executed: 20402 Num episodes: 61 Episode length: 711 Return: 750.0 Normalized Return: 0.065

Steps executed: 20819 Num episodes: 62 Episode length: 417 Return: 300.0 Normalized Return: 0.011

Steps executed: 21001 Num episodes: 63 Episode length: 182 Return: 50.0 Normalized Return: -0.019

Steps executed: 21182 Num episodes: 64 Episode length: 181 Return: 0.0 Normalized Return: -0.025

Steps executed: 21708 Num episodes: 65 Episode length: 526 Return: 750.0 Normalized Return: 0.065

Steps executed: 22014 Num episodes: 66 Episode length: 306 Return: 450.0 Normalized Return: 0.029

Steps executed: 22303 Num episodes: 67 Episode length: 289 Return: 350.0 Normalized Return: 0.017

Steps executed: 22528 Num episodes: 68 Episode length: 225 Return: 200.0 Normalized Return: -0.001

Steps executed: 22808 Num episodes: 69 Episode length: 280 Return: 400.0 Normalized Return: 0.023

Steps executed: 23441 Num episodes: 70 Episode length: 633 Return: 750.0 Normalized Return: 0.065

Steps executed: 23770 Num episodes: 71 Episode length: 329 Return: 500.0 Normalized Return: 0.035

Steps executed: 24278 Num episodes: 72 Episode length: 508 Return: 700.0 Normalized Return: 0.059

Steps executed: 24813 Num episodes: 73 Episode length: 535 Return: 750.0 Normalized Return: 0.065

Steps executed: 25204 Num episodes: 74 Episode length: 391 Return: 500.0 Normalized Return: 0.035

Steps executed: 25477 Num episodes: 75 Episode length: 273 Return: 400.0 Normalized Return: 0.023

Steps executed: 25779 Num episodes: 76 Episode length: 302 Return: 400.0 Normalized Return: 0.023

Steps executed: 26093 Num episodes: 77 Episode length: 314 Return: 450.0 Normalized Return: 0.029

Steps executed: 26818 Num episodes: 78 Episode length: 725 Return: 1200.0 Normalized Return: 0.119

Steps executed: 27507 Num episodes: 79 Episode length: 689 Return: 1050.0 Normalized Return: 0.101

Steps executed: 27764 Num episodes: 80 Episode length: 257 Return: 400.0 Normalized Return: 0.023

Steps executed: 28260 Num episodes: 81 Episode length: 496 Return: 650.0 Normalized Return: 0.053

Steps executed: 28968 Num episodes: 82 Episode length: 708 Return: 900.0 Normalized Return: 0.083

Steps executed: 29509 Num episodes: 83 Episode length: 541 Return: 700.0 Normalized Return: 0.059

Steps executed: 29906 Num episodes: 84 Episode length: 397 Return: 700.0 Normalized Return: 0.059

Steps executed: 30772 Num episodes: 85 Episode length: 866 Return: 950.0 Normalized Return: 0.089

Steps executed: 32061 Num episodes: 86 Episode length: 1289 Return: 1550.0 Normalized Return: 0.162

Steps executed: 32428 Num episodes: 87 Episode length: 367 Return: 500.0 Normalized Return: 0.035

Steps executed: 32813 Num episodes: 88 Episode length: 385 Return: 550.0 Normalized Return: 0.041

Steps executed: 33520 Num episodes: 89 Episode length: 707 Return: 550.0 Normalized Return: 0.041

Steps executed: 33975 Num episodes: 90 Episode length: 455 Return: 550.0 Normalized Return: 0.041

Steps executed: 34606 Num episodes: 91 Episode length: 631 Return: 900.0 Normalized Return: 0.083

Steps executed: 35153 Num episodes: 92 Episode length: 547 Return: 950.0 Normalized Return: 0.089

Steps executed: 35796 Num episodes: 93 Episode length: 643 Return: 800.0 Normalized Return: 0.071

Steps executed: 36844 Num episodes: 94 Episode length: 1048 Return: 1600.0 Normalized Return: 0.168

Steps executed: 37418 Num episodes: 95 Episode length: 574 Return: 750.0 Normalized Return: 0.065

Steps executed: 38182 Num episodes: 96 Episode length: 764 Return: 900.0 Normalized Return: 0.083

Steps executed: 39180 Num episodes: 97 Episode length: 998 Return: 1350.0 Normalized Return: 0.137

Steps executed: 39982 Num episodes: 98 Episode length: 802 Return: 1000.0 Normalized Return: 0.095

Steps executed: 40256 Num episodes: 99 Episode length: 274 Return: 150.0 Normalized Return: -0.007

Steps executed: 40744 Num episodes: 100 Episode length: 488 Return: 550.0 Normalized Return: 0.041

Steps executed: 40928 Num episodes: 101 Episode length: 184 Return: 300.0 Normalized Return: 0.011

Steps executed: 41128 Num episodes: 102 Episode length: 200 Return: 50.0 Normalized Return: -0.019

Steps executed: 41377 Num episodes: 103 Episode length: 249 Return: 150.0 Normalized Return: -0.007

Steps executed: 41649 Num episodes: 104 Episode length: 272 Return: 400.0 Normalized Return: 0.023

Steps executed: 42361 Num episodes: 105 Episode length: 712 Return: 1100.0 Normalized Return: 0.107

Steps executed: 43050 Num episodes: 106 Episode length: 689 Return: 850.0 Normalized Return: 0.077

Steps executed: 43657 Num episodes: 107 Episode length: 607 Return: 1250.0 Normalized Return: 0.125

Steps executed: 43949 Num episodes: 108 Episode length: 292 Return: 550.0 Normalized Return: 0.041

Steps executed: 44632 Num episodes: 109 Episode length: 683 Return: 1400.0 Normalized Return: 0.143

Steps executed: 45419 Num episodes: 110 Episode length: 787 Return: 1450.0 Normalized Return: 0.15

Steps executed: 47114 Num episodes: 111 Episode length: 1695 Return: 2900.0 Normalized Return: 0.324

Steps executed: 48732 Num episodes: 112 Episode length: 1618 Return: 2900.0 Normalized Return: 0.324

Steps executed: 49446 Num episodes: 113 Episode length: 714 Return: 1400.0 Normalized Return: 0.143

Steps executed: 50528 Num episodes: 114 Episode length: 1082 Return: 1900.0 Normalized Return: 0.204

Steps executed: 51163 Num episodes: 115 Episode length: 635 Return: 1250.0 Normalized Return: 0.125

Steps executed: 51727 Num episodes: 116 Episode length: 564 Return: 900.0 Normalized Return: 0.083

Steps executed: 52511 Num episodes: 117 Episode length: 784 Return: 1650.0 Normalized Return: 0.174

Steps executed: 53778 Num episodes: 118 Episode length: 1267 Return: 2300.0 Normalized Return: 0.252

Steps executed: 54991 Num episodes: 119 Episode length: 1213 Return: 2050.0 Normalized Return: 0.222

Steps executed: 55508 Num episodes: 120 Episode length: 517 Return: 1050.0 Normalized Return: 0.101

Steps executed: 56799 Num episodes: 121 Episode length: 1291 Return: 2700.0 Normalized Return: 0.3

Steps executed: 57215 Num episodes: 122 Episode length: 416 Return: 700.0 Normalized Return: 0.059

Steps executed: 57922 Num episodes: 123 Episode length: 707 Return: 1150.0 Normalized Return: 0.113

Steps executed: 58968 Num episodes: 124 Episode length: 1046 Return: 2100.0 Normalized Return: 0.228

Steps executed: 59541 Num episodes: 125 Episode length: 573 Return: 1200.0 Normalized Return: 0.119

Steps executed: 60161 Num episodes: 126 Episode length: 620 Return: 1050.0 Normalized Return: 0.101

Steps executed: 60547 Num episodes: 127 Episode length: 386 Return: 350.0 Normalized Return: 0.017

Steps executed: 60949 Num episodes: 128 Episode length: 402 Return: 350.0 Normalized Return: 0.017

Steps executed: 61261 Num episodes: 129 Episode length: 312 Return: 650.0 Normalized Return: 0.053

Steps executed: 61577 Num episodes: 130 Episode length: 316 Return: 400.0 Normalized Return: 0.023

Steps executed: 61907 Num episodes: 131 Episode length: 330 Return: 500.0 Normalized Return: 0.035

Steps executed: 62141 Num episodes: 132 Episode length: 234 Return: 400.0 Normalized Return: 0.023

Steps executed: 62366 Num episodes: 133 Episode length: 225 Return: 100.0 Normalized Return: -0.013

Steps executed: 62627 Num episodes: 134 Episode length: 261 Return: 400.0 Normalized Return: 0.023

Steps executed: 63127 Num episodes: 135 Episode length: 500 Return: 500.0 Normalized Return: 0.035

Steps executed: 63709 Num episodes: 136 Episode length: 582 Return: 950.0 Normalized Return: 0.089

Steps executed: 64421 Num episodes: 137 Episode length: 712 Return: 1600.0 Normalized Return: 0.168

Steps executed: 66009 Num episodes: 138 Episode length: 1588 Return: 3100.0 Normalized Return: 0.348

Steps executed: 67058 Num episodes: 139 Episode length: 1049 Return: 1900.0 Normalized Return: 0.204

Steps executed: 67833 Num episodes: 140 Episode length: 775 Return: 1200.0 Normalized Return: 0.119

Steps executed: 68256 Num episodes: 141 Episode length: 423 Return: 700.0 Normalized Return: 0.059

Steps executed: 70466 Num episodes: 142 Episode length: 2210 Return: 3250.0 Normalized Return: 0.367

Steps executed: 71712 Num episodes: 143 Episode length: 1246 Return: 2300.0 Normalized Return: 0.252

Steps executed: 72838 Num episodes: 144 Episode length: 1126 Return: 1900.0 Normalized Return: 0.204

Steps executed: 73506 Num episodes: 145 Episode length: 668 Return: 1400.0 Normalized Return: 0.143

Steps executed: 74284 Num episodes: 146 Episode length: 778 Return: 1550.0 Normalized Return: 0.162

Steps executed: 76009 Num episodes: 147 Episode length: 1725 Return: 3300.0 Normalized Return: 0.373

Steps executed: 76630 Num episodes: 148 Episode length: 621 Return: 950.0 Normalized Return: 0.089

Steps executed: 80367 Num episodes: 149 Episode length: 3737 Return: 5200.0 Normalized Return: 0.602

Steps executed: 81916 Num episodes: 150 Episode length: 1549 Return: 3200.0 Normalized Return: 0.361

Steps executed: 82708 Num episodes: 151 Episode length: 792 Return: 1900.0 Normalized Return: 0.204

Steps executed: 84484 Num episodes: 152 Episode length: 1776 Return: 3150.0 Normalized Return: 0.355

Steps executed: 85183 Num episodes: 153 Episode length: 699 Return: 1550.0 Normalized Return: 0.162

Steps executed: 86477 Num episodes: 154 Episode length: 1294 Return: 2800.0 Normalized Return: 0.312

Steps executed: 88820 Num episodes: 155 Episode length: 2343 Return: 3850.0 Normalized Return: 0.439

Steps executed: 91760 Num episodes: 156 Episode length: 2940 Return: 4750.0 Normalized Return: 0.547

Steps executed: 92902 Num episodes: 157 Episode length: 1142 Return: 2700.0 Normalized Return: 0.3

Steps executed: 93794 Num episodes: 158 Episode length: 892 Return: 2200.0 Normalized Return: 0.24

Steps executed: 95047 Num episodes: 159 Episode length: 1253 Return: 2500.0 Normalized Return: 0.276

Steps executed: 96466 Num episodes: 160 Episode length: 1419 Return: 2800.0 Normalized Return: 0.312

Steps executed: 98874 Num episodes: 161 Episode length: 2408 Return: 4450.0 Normalized Return: 0.511

Steps executed: 54900 Num episodes: 1 Episode length: 549 Return: 1000.0 Normalized Return: 0.095

Steps executed: 58464 Num episodes: 2 Episode length: 585 Return: 1150.0 Normalized Return: 0.113

Steps executed: 58464 Num episodes: 3 Episode length: 585 Return: 1150.0 Normalized Return: 0.113

Steps executed: 58561 Num episodes: 4 Episode length: 586 Return: 1150.0 Normalized Return: 0.113

Steps executed: 58561 Num episodes: 5 Episode length: 586 Return: 1150.0 Normalized Return: 0.113

Steps executed: 59321 Num episodes: 6 Episode length: 594 Return: 1100.0 Normalized Return: 0.107

Steps executed: 59321 Num episodes: 7 Episode length: 594 Return: 1100.0 Normalized Return: 0.107

Steps executed: 59321 Num episodes: 8 Episode length: 594 Return: 1100.0 Normalized Return: 0.107

Steps executed: 59321 Num episodes: 9 Episode length: 594 Return: 1100.0 Normalized Return: 0.107

Steps executed: 59321 Num episodes: 10 Episode length: 594 Return: 1100.0 Normalized Return: 0.107

Steps executed: 61121 Num episodes: 11 Episode length: 614 Return: 1250.0 Normalized Return: 0.125

Steps executed: 71089 Num episodes: 12 Episode length: 726 Return: 1550.0 Normalized Return: 0.162

Steps executed: 71089 Num episodes: 13 Episode length: 726 Return: 1550.0 Normalized Return: 0.162

Steps executed: 71089 Num episodes: 14 Episode length: 726 Return: 1550.0 Normalized Return: 0.162

Steps executed: 71175 Num episodes: 15 Episode length: 727 Return: 1550.0 Normalized Return: 0.162

Steps executed: 71175 Num episodes: 16 Episode length: 727 Return: 1550.0 Normalized Return: 0.162

Steps executed: 71175 Num episodes: 17 Episode length: 727 Return: 1550.0 Normalized Return: 0.162

Steps executed: 71175 Num episodes: 18 Episode length: 727 Return: 1550.0 Normalized Return: 0.162

Steps executed: 71749 Num episodes: 19 Episode length: 734 Return: 1550.0 Normalized Return: 0.162

Steps executed: 71749 Num episodes: 20 Episode length: 734 Return: 1550.0 Normalized Return: 0.162

Steps executed: 74789 Num episodes: 21 Episode length: 772 Return: 1650.0 Normalized Return: 0.174

Steps executed: 74789 Num episodes: 22 Episode length: 772 Return: 1650.0 Normalized Return: 0.174

Steps executed: 75257 Num episodes: 23 Episode length: 778 Return: 1700.0 Normalized Return: 0.18

Steps executed: 75334 Num episodes: 24 Episode length: 779 Return: 1700.0 Normalized Return: 0.18

Steps executed: 85366 Num episodes: 25 Episode length: 911 Return: 2250.0 Normalized Return: 0.246

Steps executed: 86791 Num episodes: 26 Episode length: 930 Return: 2250.0 Normalized Return: 0.246

Steps executed: 86791 Num episodes: 27 Episode length: 930 Return: 2250.0 Normalized Return: 0.246

Steps executed: 86791 Num episodes: 28 Episode length: 930 Return: 2250.0 Normalized Return: 0.246

Steps executed: 86791 Num episodes: 29 Episode length: 930 Return: 2250.0 Normalized Return: 0.246

Steps executed: 86862 Num episodes: 30 Episode length: 931 Return: 2250.0 Normalized Return: 0.246

Steps executed: 86862 Num episodes: 31 Episode length: 931 Return: 2250.0 Normalized Return: 0.246

Steps executed: 86862 Num episodes: 32 Episode length: 931 Return: 2250.0 Normalized Return: 0.246

Steps executed: 86998 Num episodes: 33 Episode length: 933 Return: 2250.0 Normalized Return: 0.246

Steps executed: 86998 Num episodes: 34 Episode length: 933 Return: 2250.0 Normalized Return: 0.246

Steps executed: 86998 Num episodes: 35 Episode length: 933 Return: 2250.0 Normalized Return: 0.246

Steps executed: 101558 Num episodes: 36 Episode length: 1157 Return: 2550.0 Normalized Return: 0.282

Steps executed: 102518 Num episodes: 37 Episode length: 1172 Return: 2600.0 Normalized Return: 0.288

Steps executed: 102518 Num episodes: 38 Episode length: 1172 Return: 2600.0 Normalized Return: 0.288

Steps executed: 102642 Num episodes: 39 Episode length: 1174 Return: 2600.0 Normalized Return: 0.288

Steps executed: 102642 Num episodes: 40 Episode length: 1174 Return: 2600.0 Normalized Return: 0.288

Steps executed: 102642 Num episodes: 41 Episode length: 1174 Return: 2600.0 Normalized Return: 0.288

Steps executed: 102642 Num episodes: 42 Episode length: 1174 Return: 2600.0 Normalized Return: 0.288

Steps executed: 102642 Num episodes: 43 Episode length: 1174 Return: 2600.0 Normalized Return: 0.288

Steps executed: 107145 Num episodes: 44 Episode length: 1253 Return: 2600.0 Normalized Return: 0.288

Steps executed: 107145 Num episodes: 45 Episode length: 1253 Return: 2600.0 Normalized Return: 0.288

Steps executed: 107145 Num episodes: 46 Episode length: 1253 Return: 2600.0 Normalized Return: 0.288

Steps executed: 107145 Num episodes: 47 Episode length: 1253 Return: 2600.0 Normalized Return: 0.288

Steps executed: 107145 Num episodes: 48 Episode length: 1253 Return: 2600.0 Normalized Return: 0.288

Steps executed: 107145 Num episodes: 49 Episode length: 1253 Return: 2600.0 Normalized Return: 0.288

Steps executed: 107196 Num episodes: 50 Episode length: 1254 Return: 2600.0 Normalized Return: 0.288

Steps executed: 107196 Num episodes: 51 Episode length: 1254 Return: 2600.0 Normalized Return: 0.288

Steps executed: 107196 Num episodes: 52 Episode length: 1254 Return: 2600.0 Normalized Return: 0.288

Steps executed: 107580 Num episodes: 53 Episode length: 1262 Return: 2600.0 Normalized Return: 0.288

Steps executed: 108849 Num episodes: 54 Episode length: 1289 Return: 2600.0 Normalized Return: 0.288

Steps executed: 110367 Num episodes: 55 Episode length: 1322 Return: 2950.0 Normalized Return: 0.33

Steps executed: 123822 Num episodes: 56 Episode length: 1621 Return: 3150.0 Normalized Return: 0.355

Steps executed: 124130 Num episodes: 57 Episode length: 1628 Return: 3150.0 Normalized Return: 0.355

Steps executed: 126409 Num episodes: 58 Episode length: 1681 Return: 3500.0 Normalized Return: 0.397

Steps executed: 126409 Num episodes: 59 Episode length: 1681 Return: 3500.0 Normalized Return: 0.397

Steps executed: 126409 Num episodes: 60 Episode length: 1681 Return: 3500.0 Normalized Return: 0.397

Steps executed: 126969 Num episodes: 61 Episode length: 1695 Return: 3350.0 Normalized Return: 0.379

Steps executed: 127203 Num episodes: 62 Episode length: 1701 Return: 3250.0 Normalized Return: 0.367

Steps executed: 127203 Num episodes: 63 Episode length: 1701 Return: 3250.0 Normalized Return: 0.367

Steps executed: 127203 Num episodes: 64 Episode length: 1701 Return: 3250.0 Normalized Return: 0.367

Steps executed: 127203 Num episodes: 65 Episode length: 1701 Return: 3250.0 Normalized Return: 0.367

Steps executed: 127203 Num episodes: 66 Episode length: 1701 Return: 3250.0 Normalized Return: 0.367

Steps executed: 128189 Num episodes: 67 Episode length: 1730 Return: 3300.0 Normalized Return: 0.373

Steps executed: 128189 Num episodes: 68 Episode length: 1730 Return: 3300.0 Normalized Return: 0.373

Steps executed: 128189 Num episodes: 69 Episode length: 1730 Return: 3300.0 Normalized Return: 0.373

Steps executed: 128189 Num episodes: 70 Episode length: 1730 Return: 3300.0 Normalized Return: 0.373

Steps executed: 128249 Num episodes: 71 Episode length: 1732 Return: 3650.0 Normalized Return: 0.415

Steps executed: 129583 Num episodes: 72 Episode length: 1778 Return: 3700.0 Normalized Return: 0.421

Steps executed: 130143 Num episodes: 73 Episode length: 1798 Return: 3400.0 Normalized Return: 0.385

Steps executed: 130467 Num episodes: 74 Episode length: 1810 Return: 3450.0 Normalized Return: 0.391

Steps executed: 131949 Num episodes: 75 Episode length: 1867 Return: 3900.0 Normalized Return: 0.445

Steps executed: 132449 Num episodes: 76 Episode length: 1887 Return: 3550.0 Normalized Return: 0.403

Steps executed: 132737 Num episodes: 77 Episode length: 1899 Return: 3200.0 Normalized Return: 0.361

Steps executed: 132806 Num episodes: 78 Episode length: 1902 Return: 3450.0 Normalized Return: 0.391

Steps executed: 132806 Num episodes: 79 Episode length: 1902 Return: 3450.0 Normalized Return: 0.391

Steps executed: 132806 Num episodes: 80 Episode length: 1902 Return: 3450.0 Normalized Return: 0.391

Steps executed: 132826 Num episodes: 81 Episode length: 1903 Return: 3450.0 Normalized Return: 0.391

Steps executed: 132826 Num episodes: 82 Episode length: 1903 Return: 3450.0 Normalized Return: 0.391

Steps executed: 132844 Num episodes: 83 Episode length: 1904 Return: 3450.0 Normalized Return: 0.391

Steps executed: 132844 Num episodes: 84 Episode length: 1904 Return: 3450.0 Normalized Return: 0.391

Steps executed: 132908 Num episodes: 85 Episode length: 1908 Return: 3450.0 Normalized Return: 0.391

Steps executed: 134543 Num episodes: 86 Episode length: 2017 Return: 3800.0 Normalized Return: 0.433

Steps executed: 136755 Num episodes: 87 Episode length: 2175 Return: 4050.0 Normalized Return: 0.463

Steps executed: 137756 Num episodes: 88 Episode length: 2252 Return: 3800.0 Normalized Return: 0.433

Steps executed: 138440 Num episodes: 89 Episode length: 2309 Return: 4150.0 Normalized Return: 0.475

Steps executed: 138451 Num episodes: 90 Episode length: 2310 Return: 4150.0 Normalized Return: 0.475

Steps executed: 138451 Num episodes: 91 Episode length: 2310 Return: 4150.0 Normalized Return: 0.475

Steps executed: 138451 Num episodes: 92 Episode length: 2310 Return: 4150.0 Normalized Return: 0.475

Steps executed: 138451 Num episodes: 93 Episode length: 2310 Return: 4150.0 Normalized Return: 0.475

Steps executed: 138451 Num episodes: 94 Episode length: 2310 Return: 4150.0 Normalized Return: 0.475

Steps executed: 138595 Num episodes: 95 Episode length: 2334 Return: 4200.0 Normalized Return: 0.481

Steps executed: 140770 Num episodes: 96 Episode length: 2769 Return: 5100.0 Normalized Return: 0.59

Steps executed: 141322 Num episodes: 97 Episode length: 2907 Return: 4700.0 Normalized Return: 0.541

Steps executed: 142753 Num episodes: 98 Episode length: 3384 Return: 5300.0 Normalized Return: 0.614

Steps executed: 143985 Num episodes: 99 Episode length: 4000 Return: 6050.0 Normalized Return: 0.704

Steps executed: 143985 Num episodes: 100 Episode length: 4000 Return: 6050.0 Normalized Return: 0.704
