2024-11-29 01:57:31.996169: I tensorflow/core/platform/cpu_feature_guard.cc:193] This TensorFlow binary is optimized with oneAPI Deep Neural Network Library (oneDNN) to use the following CPU instructions in performance-critical operations:  AVX2 AVX512F AVX512_VNNI AVX512_BF16 AVX_VNNI AMX_TILE AMX_INT8 AMX_BF16 FMA
To enable them in other operations, rebuild TensorFlow with the appropriate compiler flags.
2024-11-29 01:57:32.098502: I tensorflow/core/util/port.cc:104] oneDNN custom operations are on. You may see slightly different numerical results due to floating-point round-off errors from different computation orders. To turn them off, set the environment variable `TF_ENABLE_ONEDNN_OPTS=0`.
2024-11-29 01:57:32.954988: W tensorflow/compiler/xla/stream_executor/platform/default/dso_loader.cc:64] Could not load dynamic library 'libnvinfer.so.7'; dlerror: libnvinfer.so.7: cannot open shared object file: No such file or directory; LD_LIBRARY_PATH: /nfs/nhome/live/rcdavis/.local/miniforge/envs/bbf2/lib/python3.9/site-packages/cv2/../../lib64:/ceph/apps/ubuntu-20/packages/cuda/11.8.0_520.61.05/lib64
2024-11-29 01:57:32.955039: W tensorflow/compiler/xla/stream_executor/platform/default/dso_loader.cc:64] Could not load dynamic library 'libnvinfer_plugin.so.7'; dlerror: libnvinfer_plugin.so.7: cannot open shared object file: No such file or directory; LD_LIBRARY_PATH: /nfs/nhome/live/rcdavis/.local/miniforge/envs/bbf2/lib/python3.9/site-packages/cv2/../../lib64:/ceph/apps/ubuntu-20/packages/cuda/11.8.0_520.61.05/lib64
2024-11-29 01:57:32.955045: W tensorflow/compiler/tf2tensorrt/utils/py_utils.cc:38] TF-TRT Warning: Cannot dlopen some TensorRT libraries. If you would like to use Nvidia GPU with TensorRT, please make sure the missing libraries mentioned above are installed properly.
/nfs/nhome/live/rcdavis/.local/miniforge/envs/bbf2/lib/python3.9/site-packages/gin/tf/__init__.py:48: DeprecationWarning: distutils Version classes are deprecated. Use packaging.version instead.
  if (distutils.version.LooseVersion(tf.__version__) <
2024-11-29 01:57:36.252972: W tensorflow/core/common_runtime/gpu/gpu_device.cc:2027] TensorFlow was not built with CUDA kernel binaries compatible with compute capability 9.0. CUDA kernels will be jit-compiled from PTX, which could take 30 minutes or longer.
I1129 01:57:36.253322 131267471693632 train.py:172] Setting random seed: 984927808
I1129 01:57:36.358250 131267471693632 train.py:231] Using MaxEpisodeEvalRunner for evaluation.
W1129 01:57:36.358449 131267471693632 run_experiment.py:267] DEPRECATION WARNING: Logger is being deprecated. Please switch to CollectorDispatcher!
A.L.E: Arcade Learning Environment (version 0.7.5+db37282)
[Powered by Stella]
/nfs/nhome/live/rcdavis/.local/miniforge/envs/bbf2/lib/python3.9/site-packages/gym/core.py:317: DeprecationWarning: [33mWARN: Initializing wrapper in old step API which returns one bool instead of two. It is recommended to set `new_step_api=True` to use new step API. This will be the default behaviour in future.[0m
  deprecation(
/nfs/nhome/live/rcdavis/.local/miniforge/envs/bbf2/lib/python3.9/site-packages/gym/wrappers/step_api_compatibility.py:39: DeprecationWarning: [33mWARN: Initializing environment in old step API which returns one bool instead of two. It is recommended to set `new_step_api=True` to use new step API. This will be the default behaviour in future.[0m
  deprecation(
I1129 01:57:36.468853 131267471693632 spr_agent.py:1123] Creating BBFAgent agent with the following parameters:
I1129 01:57:36.469411 131267471693632 spr_agent.py:1127] 	 double_dqn: True
I1129 01:57:36.469441 131267471693632 spr_agent.py:1128] 	 noisy_networks: False
I1129 01:57:36.469461 131267471693632 spr_agent.py:1129] 	 dueling_dqn: True
I1129 01:57:36.469480 131267471693632 spr_agent.py:1130] 	 distributional: True
I1129 01:57:36.469496 131267471693632 spr_agent.py:1131] 	 data_augmentation: True
I1129 01:57:36.469512 131267471693632 spr_agent.py:1132] 	 replay_scheme: prioritized
I1129 01:57:36.469527 131267471693632 spr_agent.py:1133] 	 num_updates_per_train_step: 1
I1129 01:57:36.471828 131267471693632 xla_bridge.py:355] Unable to initialize backend 'tpu_driver': NOT_FOUND: Unable to find driver in registry given worker: 
I1129 01:57:36.624560 131267471693632 xla_bridge.py:355] Unable to initialize backend 'rocm': NOT_FOUND: Could not find registered platform with name: "rocm". Available platform names are: Interpreter Host CUDA
I1129 01:57:36.624908 131267471693632 xla_bridge.py:355] Unable to initialize backend 'tpu': module 'jaxlib.xla_extension' has no attribute 'get_tpu_client'
I1129 01:57:36.624978 131267471693632 xla_bridge.py:355] Unable to initialize backend 'plugin': xla_extension has no attributes named get_plugin_device_client. Compile TensorFlow with //tensorflow/compiler/xla/python:enable_plugin_device set to true (defaults to false) to enable this.
I1129 01:57:37.493576 131267471693632 spr_agent.py:1218] 	 Found following local devices: [StreamExecutorGpuDevice(id=0, process_index=0, slice_index=0)]
I1129 01:57:37.493720 131267471693632 spr_agent.py:1233] 	 Running with dtype <class 'jax.numpy.float32'>
I1129 01:57:37.493816 131267471693632 dqn_agent.py:278] Creating BBFAgent agent with the following parameters:
I1129 01:57:37.493843 131267471693632 dqn_agent.py:280] 	 gamma: 0.997000
I1129 01:57:37.493865 131267471693632 dqn_agent.py:281] 	 update_horizon: 10.000000
I1129 01:57:37.493884 131267471693632 dqn_agent.py:282] 	 min_replay_history: 2000
I1129 01:57:37.493900 131267471693632 dqn_agent.py:283] 	 update_period: 1
I1129 01:57:37.493915 131267471693632 dqn_agent.py:284] 	 target_update_period: 1
I1129 01:57:37.493931 131267471693632 dqn_agent.py:285] 	 epsilon_train: 0.000000
I1129 01:57:37.493947 131267471693632 dqn_agent.py:286] 	 epsilon_eval: 0.001000
I1129 01:57:37.493963 131267471693632 dqn_agent.py:287] 	 epsilon_decay_period: 2001
I1129 01:57:37.493977 131267471693632 dqn_agent.py:288] 	 optimizer: adam
I1129 01:57:37.493992 131267471693632 dqn_agent.py:289] 	 seed: 984927808
I1129 01:57:37.494006 131267471693632 dqn_agent.py:290] 	 loss_type: mse
I1129 01:57:37.494020 131267471693632 dqn_agent.py:291] 	 preprocess_fn: None
I1129 01:57:37.701452 131267471693632 subsequence_replay_buffer.py:159] Creating a PrioritizedJaxSubsequenceParallelEnvReplayBuffer replay memory with the following parameters:
I1129 01:57:37.701584 131267471693632 subsequence_replay_buffer.py:161] 	 observation_shape: (84, 84)
I1129 01:57:37.701616 131267471693632 subsequence_replay_buffer.py:162] 	 observation_dtype: <class 'jax.numpy.uint8'>
I1129 01:57:37.701639 131267471693632 subsequence_replay_buffer.py:163] 	 terminal_dtype: <class 'numpy.uint8'>
I1129 01:57:37.701657 131267471693632 subsequence_replay_buffer.py:164] 	 stack_size: 4
I1129 01:57:37.701675 131267471693632 subsequence_replay_buffer.py:165] 	 use_next_state: 1
I1129 01:57:37.701692 131267471693632 subsequence_replay_buffer.py:166] 	 replay_capacity: 200000
I1129 01:57:37.701708 131267471693632 subsequence_replay_buffer.py:167] 	 batch_size: 32
I1129 01:57:37.701724 131267471693632 subsequence_replay_buffer.py:168] 	 update_horizon: 10
I1129 01:57:37.701739 131267471693632 subsequence_replay_buffer.py:169] 	 gamma: 0.997000
I1129 01:57:40.611681 131267471693632 spr_networks.py:821] Spatial latent shape: (11, 11, 128)
I1129 01:57:40.624605 131267471693632 spr_networks.py:828] Flattened representation shape: (15488,)
I1129 01:57:42.050914 131267471693632 spr_networks.py:821] Spatial latent shape: (5, 11, 11, 128)
I1129 01:57:42.064205 131267471693632 spr_networks.py:828] Flattened representation shape: (5, 15488)
I1129 01:57:42.640868 131267471693632 spr_agent.py:933] Creating AdamW optimizer with settings lr=0.000100, beta1=0.900000, beta2=0.999000, eps=0.000150, wd=0.100000
I1129 01:57:42.641086 131267471693632 spr_agent.py:933] Creating AdamW optimizer with settings lr=0.000100, beta1=0.900000, beta2=0.999000, eps=0.000150, wd=0.100000
I1129 01:57:43.134387 131267471693632 spr_agent.py:1366] 	 Operating with 1 environments, batch size 32 and replay ratio 64
I1129 01:57:43.134512 131267471693632 spr_agent.py:1374] 	 Calculated 2 updates per update phase
I1129 01:57:43.134546 131267471693632 spr_agent.py:1378] 	 Calculated update frequency of 1 step
I1129 01:57:43.134567 131267471693632 spr_agent.py:1383] 	 Setting min_replay_history to 2000.0 from 2000
I1129 01:57:43.134586 131267471693632 spr_agent.py:1388] 	 Setting epsilon_decay_period to 2001.0 from 2001
I1129 01:57:43.134609 131267471693632 spr_agent.py:1401] 	 Running 1 groups of 2 batches per 1 env step
I1129 01:57:43.137279 131267471693632 eval_run_experiment.py:204] Num evaluation episodes: 100
/nfs/nhome/live/rcdavis/.local/miniforge/envs/bbf2/lib/python3.9/site-packages/gym/utils/passive_env_checker.py:227: DeprecationWarning: [33mWARN: Core environment is written in old step API which returns one bool instead of two. It is recommended to rewrite the environment with new step API. [0m
  logger.deprecation(
I1129 01:57:43.353346 131267471693632 eval_run_experiment.py:622] Beginning training...
I1129 01:57:43.353493 131267471693632 eval_run_experiment.py:553] Starting iteration 0
I1129 01:57:43.490306 131267471693632 spr_networks.py:821] Spatial latent shape: (11, 11, 128)
I1129 01:57:43.490582 131267471693632 spr_networks.py:828] Flattened representation shape: (15488,)
I1129 01:57:48.665440 131267471693632 spr_networks.py:821] Spatial latent shape: (11, 11, 128)
I1129 01:57:48.666423 131267471693632 spr_networks.py:828] Flattened representation shape: (15488,)
I1129 01:57:48.811630 131267471693632 spr_networks.py:821] Spatial latent shape: (11, 11, 128)
I1129 01:57:48.811891 131267471693632 spr_networks.py:828] Flattened representation shape: (15488,)
I1129 01:57:48.990722 131267471693632 spr_networks.py:821] Spatial latent shape: (11, 11, 128)
I1129 01:57:48.991052 131267471693632 spr_networks.py:828] Flattened representation shape: (15488,)
I1129 01:57:49.158420 131267471693632 spr_networks.py:821] Spatial latent shape: (11, 11, 128)
I1129 01:57:49.158742 131267471693632 spr_networks.py:828] Flattened representation shape: (15488,)
I1129 01:57:49.252066 131267471693632 spr_networks.py:821] Spatial latent shape: (5, 11, 11, 128)
I1129 01:57:49.252624 131267471693632 spr_networks.py:828] Flattened representation shape: (5, 15488)
I1129 01:58:03.237658 131267471693632 spr_networks.py:821] Spatial latent shape: (11, 11, 128)
I1129 01:58:03.238569 131267471693632 spr_networks.py:828] Flattened representation shape: (15488,)
I1129 02:11:44.809768 131267471693632 spr_agent.py:1473] 	 Resetting weights at step 20002.
I1129 02:11:44.915707 131267471693632 spr_networks.py:821] Spatial latent shape: (11, 11, 128)
I1129 02:11:44.915916 131267471693632 spr_networks.py:828] Flattened representation shape: (15488,)
I1129 02:11:44.968807 131267471693632 spr_networks.py:821] Spatial latent shape: (5, 11, 11, 128)
I1129 02:11:44.969035 131267471693632 spr_networks.py:828] Flattened representation shape: (5, 15488)
I1129 02:11:45.081362 131267471693632 spr_networks.py:821] Spatial latent shape: (11, 11, 128)
I1129 02:11:45.081571 131267471693632 spr_networks.py:828] Flattened representation shape: (15488,)
I1129 02:11:45.134298 131267471693632 spr_networks.py:821] Spatial latent shape: (5, 11, 11, 128)
I1129 02:11:45.134531 131267471693632 spr_networks.py:828] Flattened representation shape: (5, 15488)
I1129 02:11:46.603956 131267471693632 spr_agent.py:1537] Running 0 gradient steps after reset
I1129 02:26:53.968550 131267471693632 spr_agent.py:1473] 	 Resetting weights at step 40003.
I1129 02:26:53.974685 131267471693632 spr_agent.py:1537] Running 0 gradient steps after reset
I1129 02:41:55.262804 131267471693632 spr_agent.py:1473] 	 Resetting weights at step 60004.
I1129 02:41:55.268801 131267471693632 spr_agent.py:1537] Running 0 gradient steps after reset
I1129 02:56:57.857648 131267471693632 spr_agent.py:1466] 	 Not resetting at step 80005, as need at least 20000 before 100000 to recover.
I1129 03:11:59.602986 131267471693632 eval_run_experiment.py:493] Average undiscounted return per training episode: 4520.65
I1129 03:11:59.603874 131267471693632 eval_run_experiment.py:496] Average normalized return per training episode: 0.24
I1129 03:11:59.603951 131267471693632 eval_run_experiment.py:499] Average training steps per second: 22.26
I1129 03:12:11.002010 131267471693632 spr_networks.py:821] Spatial latent shape: (11, 11, 128)
I1129 03:12:11.002303 131267471693632 spr_networks.py:828] Flattened representation shape: (15488,)
I1129 03:12:30.609808 131267471693632 spr_networks.py:821] Spatial latent shape: (11, 11, 128)
I1129 03:12:30.610122 131267471693632 spr_networks.py:828] Flattened representation shape: (15488,)
I1129 03:12:33.174968 131267471693632 spr_networks.py:821] Spatial latent shape: (11, 11, 128)
I1129 03:12:33.175238 131267471693632 spr_networks.py:828] Flattened representation shape: (15488,)
I1129 03:12:35.386678 131267471693632 spr_networks.py:821] Spatial latent shape: (11, 11, 128)
I1129 03:12:35.386951 131267471693632 spr_networks.py:828] Flattened representation shape: (15488,)
I1129 03:12:42.047558 131267471693632 spr_networks.py:821] Spatial latent shape: (11, 11, 128)
I1129 03:12:42.047828 131267471693632 spr_networks.py:828] Flattened representation shape: (15488,)
I1129 03:12:46.049636 131267471693632 spr_networks.py:821] Spatial latent shape: (11, 11, 128)
I1129 03:12:46.050015 131267471693632 spr_networks.py:828] Flattened representation shape: (15488,)
I1129 03:12:47.710895 131267471693632 spr_networks.py:821] Spatial latent shape: (11, 11, 128)
I1129 03:12:47.711168 131267471693632 spr_networks.py:828] Flattened representation shape: (15488,)
I1129 03:12:48.946325 131267471693632 spr_networks.py:821] Spatial latent shape: (11, 11, 128)
I1129 03:12:48.946600 131267471693632 spr_networks.py:828] Flattened representation shape: (15488,)
I1129 03:12:51.328880 131267471693632 spr_networks.py:821] Spatial latent shape: (11, 11, 128)
I1129 03:12:51.329145 131267471693632 spr_networks.py:828] Flattened representation shape: (15488,)
I1129 03:12:53.275818 131267471693632 spr_networks.py:821] Spatial latent shape: (11, 11, 128)
I1129 03:12:53.276102 131267471693632 spr_networks.py:828] Flattened representation shape: (15488,)
I1129 03:12:55.167081 131267471693632 spr_networks.py:821] Spatial latent shape: (11, 11, 128)
I1129 03:12:55.167382 131267471693632 spr_networks.py:828] Flattened representation shape: (15488,)
I1129 03:12:57.321574 131267471693632 spr_networks.py:821] Spatial latent shape: (11, 11, 128)
I1129 03:12:57.321854 131267471693632 spr_networks.py:828] Flattened representation shape: (15488,)
I1129 03:12:58.854883 131267471693632 spr_networks.py:821] Spatial latent shape: (11, 11, 128)
I1129 03:12:58.855153 131267471693632 spr_networks.py:828] Flattened representation shape: (15488,)
I1129 03:13:00.828163 131267471693632 spr_networks.py:821] Spatial latent shape: (11, 11, 128)
I1129 03:13:00.828431 131267471693632 spr_networks.py:828] Flattened representation shape: (15488,)
I1129 03:13:01.976367 131267471693632 spr_networks.py:821] Spatial latent shape: (11, 11, 128)
I1129 03:13:01.976652 131267471693632 spr_networks.py:828] Flattened representation shape: (15488,)
I1129 03:13:03.354852 131267471693632 spr_networks.py:821] Spatial latent shape: (11, 11, 128)
I1129 03:13:03.355120 131267471693632 spr_networks.py:828] Flattened representation shape: (15488,)
I1129 03:13:04.701394 131267471693632 spr_networks.py:821] Spatial latent shape: (11, 11, 128)
I1129 03:13:04.701664 131267471693632 spr_networks.py:828] Flattened representation shape: (15488,)
I1129 03:13:06.731912 131267471693632 spr_networks.py:821] Spatial latent shape: (11, 11, 128)
I1129 03:13:06.732185 131267471693632 spr_networks.py:828] Flattened representation shape: (15488,)
I1129 03:13:08.818893 131267471693632 spr_networks.py:821] Spatial latent shape: (11, 11, 128)
I1129 03:13:08.819165 131267471693632 spr_networks.py:828] Flattened representation shape: (15488,)
I1129 03:13:10.079043 131267471693632 spr_networks.py:821] Spatial latent shape: (11, 11, 128)
I1129 03:13:10.079322 131267471693632 spr_networks.py:828] Flattened representation shape: (15488,)
I1129 03:13:11.576031 131267471693632 spr_networks.py:821] Spatial latent shape: (11, 11, 128)
I1129 03:13:11.576309 131267471693632 spr_networks.py:828] Flattened representation shape: (15488,)
I1129 03:13:13.201953 131267471693632 spr_networks.py:821] Spatial latent shape: (11, 11, 128)
I1129 03:13:13.202232 131267471693632 spr_networks.py:828] Flattened representation shape: (15488,)
I1129 03:13:15.484534 131267471693632 spr_networks.py:821] Spatial latent shape: (11, 11, 128)
I1129 03:13:15.484802 131267471693632 spr_networks.py:828] Flattened representation shape: (15488,)
I1129 03:13:16.692166 131267471693632 spr_networks.py:821] Spatial latent shape: (11, 11, 128)
I1129 03:13:16.692442 131267471693632 spr_networks.py:828] Flattened representation shape: (15488,)
I1129 03:13:17.849328 131267471693632 spr_networks.py:821] Spatial latent shape: (11, 11, 128)
I1129 03:13:17.849600 131267471693632 spr_networks.py:828] Flattened representation shape: (15488,)
I1129 03:13:19.564091 131267471693632 spr_networks.py:821] Spatial latent shape: (11, 11, 128)
I1129 03:13:19.564438 131267471693632 spr_networks.py:828] Flattened representation shape: (15488,)
I1129 03:13:21.396145 131267471693632 spr_networks.py:821] Spatial latent shape: (11, 11, 128)
I1129 03:13:21.396414 131267471693632 spr_networks.py:828] Flattened representation shape: (15488,)
I1129 03:13:22.891634 131267471693632 spr_networks.py:821] Spatial latent shape: (11, 11, 128)
I1129 03:13:22.891914 131267471693632 spr_networks.py:828] Flattened representation shape: (15488,)
I1129 03:13:24.029415 131267471693632 spr_networks.py:821] Spatial latent shape: (11, 11, 128)
I1129 03:13:24.029681 131267471693632 spr_networks.py:828] Flattened representation shape: (15488,)
I1129 03:13:25.257339 131267471693632 spr_networks.py:821] Spatial latent shape: (11, 11, 128)
I1129 03:13:25.257618 131267471693632 spr_networks.py:828] Flattened representation shape: (15488,)
I1129 03:13:26.638146 131267471693632 spr_networks.py:821] Spatial latent shape: (11, 11, 128)
I1129 03:13:26.638416 131267471693632 spr_networks.py:828] Flattened representation shape: (15488,)
I1129 03:13:28.155147 131267471693632 spr_networks.py:821] Spatial latent shape: (11, 11, 128)
I1129 03:13:28.155431 131267471693632 spr_networks.py:828] Flattened representation shape: (15488,)
I1129 03:13:29.296398 131267471693632 spr_networks.py:821] Spatial latent shape: (11, 11, 128)
I1129 03:13:29.296673 131267471693632 spr_networks.py:828] Flattened representation shape: (15488,)
I1129 03:13:30.792041 131267471693632 spr_networks.py:821] Spatial latent shape: (11, 11, 128)
I1129 03:13:30.792306 131267471693632 spr_networks.py:828] Flattened representation shape: (15488,)
I1129 03:13:32.266957 131267471693632 spr_networks.py:821] Spatial latent shape: (11, 11, 128)
I1129 03:13:32.267229 131267471693632 spr_networks.py:828] Flattened representation shape: (15488,)
I1129 03:13:33.365543 131267471693632 spr_networks.py:821] Spatial latent shape: (11, 11, 128)
I1129 03:13:33.365814 131267471693632 spr_networks.py:828] Flattened representation shape: (15488,)
I1129 03:13:34.838874 131267471693632 spr_networks.py:821] Spatial latent shape: (11, 11, 128)
I1129 03:13:34.839142 131267471693632 spr_networks.py:828] Flattened representation shape: (15488,)
I1129 03:13:35.877519 131267471693632 spr_networks.py:821] Spatial latent shape: (11, 11, 128)
I1129 03:13:35.877788 131267471693632 spr_networks.py:828] Flattened representation shape: (15488,)
I1129 03:13:36.927935 131267471693632 spr_networks.py:821] Spatial latent shape: (11, 11, 128)
I1129 03:13:36.928209 131267471693632 spr_networks.py:828] Flattened representation shape: (15488,)
I1129 03:13:37.851609 131267471693632 spr_networks.py:821] Spatial latent shape: (11, 11, 128)
I1129 03:13:37.851887 131267471693632 spr_networks.py:828] Flattened representation shape: (15488,)
I1129 03:13:39.597315 131267471693632 spr_networks.py:821] Spatial latent shape: (11, 11, 128)
I1129 03:13:39.597583 131267471693632 spr_networks.py:828] Flattened representation shape: (15488,)
I1129 03:13:40.981818 131267471693632 spr_networks.py:821] Spatial latent shape: (11, 11, 128)
I1129 03:13:40.982096 131267471693632 spr_networks.py:828] Flattened representation shape: (15488,)
I1129 03:13:42.273237 131267471693632 spr_networks.py:821] Spatial latent shape: (11, 11, 128)
I1129 03:13:42.273515 131267471693632 spr_networks.py:828] Flattened representation shape: (15488,)
I1129 03:13:43.295762 131267471693632 spr_networks.py:821] Spatial latent shape: (11, 11, 128)
I1129 03:13:43.296030 131267471693632 spr_networks.py:828] Flattened representation shape: (15488,)
I1129 03:13:44.367158 131267471693632 spr_networks.py:821] Spatial latent shape: (11, 11, 128)
I1129 03:13:44.367426 131267471693632 spr_networks.py:828] Flattened representation shape: (15488,)
I1129 03:13:45.744523 131267471693632 spr_networks.py:821] Spatial latent shape: (11, 11, 128)
I1129 03:13:45.744802 131267471693632 spr_networks.py:828] Flattened representation shape: (15488,)
I1129 03:13:47.449181 131267471693632 spr_networks.py:821] Spatial latent shape: (11, 11, 128)
I1129 03:13:47.449454 131267471693632 spr_networks.py:828] Flattened representation shape: (15488,)
I1129 03:13:48.636559 131267471693632 spr_networks.py:821] Spatial latent shape: (11, 11, 128)
I1129 03:13:48.636849 131267471693632 spr_networks.py:828] Flattened representation shape: (15488,)
I1129 03:13:49.835506 131267471693632 spr_networks.py:821] Spatial latent shape: (11, 11, 128)
I1129 03:13:49.835775 131267471693632 spr_networks.py:828] Flattened representation shape: (15488,)
I1129 03:13:51.318451 131267471693632 spr_networks.py:821] Spatial latent shape: (11, 11, 128)
I1129 03:13:51.318720 131267471693632 spr_networks.py:828] Flattened representation shape: (15488,)
I1129 03:13:52.664116 131267471693632 spr_networks.py:821] Spatial latent shape: (11, 11, 128)
I1129 03:13:52.664401 131267471693632 spr_networks.py:828] Flattened representation shape: (15488,)
I1129 03:13:55.165083 131267471693632 spr_networks.py:821] Spatial latent shape: (11, 11, 128)
I1129 03:13:55.165364 131267471693632 spr_networks.py:828] Flattened representation shape: (15488,)
I1129 03:13:56.474220 131267471693632 spr_networks.py:821] Spatial latent shape: (11, 11, 128)
I1129 03:13:56.474497 131267471693632 spr_networks.py:828] Flattened representation shape: (15488,)
I1129 03:13:58.417362 131267471693632 spr_networks.py:821] Spatial latent shape: (11, 11, 128)
I1129 03:13:58.417639 131267471693632 spr_networks.py:828] Flattened representation shape: (15488,)
I1129 03:13:59.730023 131267471693632 spr_networks.py:821] Spatial latent shape: (11, 11, 128)
I1129 03:13:59.730293 131267471693632 spr_networks.py:828] Flattened representation shape: (15488,)
I1129 03:14:00.856999 131267471693632 spr_networks.py:821] Spatial latent shape: (11, 11, 128)
I1129 03:14:00.857268 131267471693632 spr_networks.py:828] Flattened representation shape: (15488,)
I1129 03:14:02.190850 131267471693632 spr_networks.py:821] Spatial latent shape: (11, 11, 128)
I1129 03:14:02.191124 131267471693632 spr_networks.py:828] Flattened representation shape: (15488,)
I1129 03:14:03.759485 131267471693632 eval_run_experiment.py:537] Average undiscounted return per evaluation episode: 6031.78
I1129 03:14:03.759622 131267471693632 eval_run_experiment.py:544] Average normalized return per evaluation episode: 0.40
/nfs/nhome/live/rcdavis/bbf_UPER/bbf/replay_memory/subsequence_replay_buffer.py:781: FutureWarning: GzipFile was opened for writing, but this will change in future Python releases.  Specify the mode argument for opening it for writing.
  with gzip.GzipFile(fileobj=f) as outfile:
