2024-11-28 23:17:39.641096: I tensorflow/core/platform/cpu_feature_guard.cc:193] This TensorFlow binary is optimized with oneAPI Deep Neural Network Library (oneDNN) to use the following CPU instructions in performance-critical operations:  AVX2 AVX512F AVX512_VNNI AVX512_BF16 AVX_VNNI AMX_TILE AMX_INT8 AMX_BF16 FMA
To enable them in other operations, rebuild TensorFlow with the appropriate compiler flags.
2024-11-28 23:17:39.718650: I tensorflow/core/util/port.cc:104] oneDNN custom operations are on. You may see slightly different numerical results due to floating-point round-off errors from different computation orders. To turn them off, set the environment variable `TF_ENABLE_ONEDNN_OPTS=0`.
2024-11-28 23:17:41.330835: W tensorflow/compiler/xla/stream_executor/platform/default/dso_loader.cc:64] Could not load dynamic library 'libnvinfer.so.7'; dlerror: libnvinfer.so.7: cannot open shared object file: No such file or directory; LD_LIBRARY_PATH: /nfs/nhome/live/rcdavis/.local/miniforge/envs/bbf2/lib/python3.9/site-packages/cv2/../../lib64:/ceph/apps/ubuntu-20/packages/cuda/11.8.0_520.61.05/lib64
2024-11-28 23:17:41.330885: W tensorflow/compiler/xla/stream_executor/platform/default/dso_loader.cc:64] Could not load dynamic library 'libnvinfer_plugin.so.7'; dlerror: libnvinfer_plugin.so.7: cannot open shared object file: No such file or directory; LD_LIBRARY_PATH: /nfs/nhome/live/rcdavis/.local/miniforge/envs/bbf2/lib/python3.9/site-packages/cv2/../../lib64:/ceph/apps/ubuntu-20/packages/cuda/11.8.0_520.61.05/lib64
2024-11-28 23:17:41.330891: W tensorflow/compiler/tf2tensorrt/utils/py_utils.cc:38] TF-TRT Warning: Cannot dlopen some TensorRT libraries. If you would like to use Nvidia GPU with TensorRT, please make sure the missing libraries mentioned above are installed properly.
/nfs/nhome/live/rcdavis/.local/miniforge/envs/bbf2/lib/python3.9/site-packages/gin/tf/__init__.py:48: DeprecationWarning: distutils Version classes are deprecated. Use packaging.version instead.
  if (distutils.version.LooseVersion(tf.__version__) <
2024-11-28 23:17:46.942309: W tensorflow/core/common_runtime/gpu/gpu_device.cc:2027] TensorFlow was not built with CUDA kernel binaries compatible with compute capability 9.0. CUDA kernels will be jit-compiled from PTX, which could take 30 minutes or longer.
I1128 23:17:46.942666 138185215608640 train.py:172] Setting random seed: 1728585408
I1128 23:17:47.029738 138185215608640 train.py:231] Using MaxEpisodeEvalRunner for evaluation.
W1128 23:17:47.029906 138185215608640 run_experiment.py:267] DEPRECATION WARNING: Logger is being deprecated. Please switch to CollectorDispatcher!
A.L.E: Arcade Learning Environment (version 0.7.5+db37282)
[Powered by Stella]
/nfs/nhome/live/rcdavis/.local/miniforge/envs/bbf2/lib/python3.9/site-packages/gym/core.py:317: DeprecationWarning: [33mWARN: Initializing wrapper in old step API which returns one bool instead of two. It is recommended to set `new_step_api=True` to use new step API. This will be the default behaviour in future.[0m
  deprecation(
/nfs/nhome/live/rcdavis/.local/miniforge/envs/bbf2/lib/python3.9/site-packages/gym/wrappers/step_api_compatibility.py:39: DeprecationWarning: [33mWARN: Initializing environment in old step API which returns one bool instead of two. It is recommended to set `new_step_api=True` to use new step API. This will be the default behaviour in future.[0m
  deprecation(
I1128 23:17:47.135209 138185215608640 spr_agent.py:1123] Creating BBFAgent agent with the following parameters:
I1128 23:17:47.135433 138185215608640 spr_agent.py:1127] 	 double_dqn: True
I1128 23:17:47.135461 138185215608640 spr_agent.py:1128] 	 noisy_networks: False
I1128 23:17:47.135481 138185215608640 spr_agent.py:1129] 	 dueling_dqn: True
I1128 23:17:47.135498 138185215608640 spr_agent.py:1130] 	 distributional: True
I1128 23:17:47.135514 138185215608640 spr_agent.py:1131] 	 data_augmentation: True
I1128 23:17:47.135529 138185215608640 spr_agent.py:1132] 	 replay_scheme: prioritized
I1128 23:17:47.135544 138185215608640 spr_agent.py:1133] 	 num_updates_per_train_step: 1
I1128 23:17:47.137311 138185215608640 xla_bridge.py:355] Unable to initialize backend 'tpu_driver': NOT_FOUND: Unable to find driver in registry given worker: 
I1128 23:17:49.357085 138185215608640 xla_bridge.py:355] Unable to initialize backend 'rocm': NOT_FOUND: Could not find registered platform with name: "rocm". Available platform names are: Host Interpreter CUDA
I1128 23:17:49.357579 138185215608640 xla_bridge.py:355] Unable to initialize backend 'tpu': module 'jaxlib.xla_extension' has no attribute 'get_tpu_client'
I1128 23:17:49.357625 138185215608640 xla_bridge.py:355] Unable to initialize backend 'plugin': xla_extension has no attributes named get_plugin_device_client. Compile TensorFlow with //tensorflow/compiler/xla/python:enable_plugin_device set to true (defaults to false) to enable this.
I1128 23:17:50.231271 138185215608640 spr_agent.py:1218] 	 Found following local devices: [StreamExecutorGpuDevice(id=0, process_index=0, slice_index=0)]
I1128 23:17:50.231489 138185215608640 spr_agent.py:1233] 	 Running with dtype <class 'jax.numpy.float32'>
I1128 23:17:50.231619 138185215608640 dqn_agent.py:278] Creating BBFAgent agent with the following parameters:
I1128 23:17:50.231648 138185215608640 dqn_agent.py:280] 	 gamma: 0.997000
I1128 23:17:50.231672 138185215608640 dqn_agent.py:281] 	 update_horizon: 10.000000
I1128 23:17:50.231692 138185215608640 dqn_agent.py:282] 	 min_replay_history: 2000
I1128 23:17:50.231708 138185215608640 dqn_agent.py:283] 	 update_period: 1
I1128 23:17:50.231724 138185215608640 dqn_agent.py:284] 	 target_update_period: 1
I1128 23:17:50.231738 138185215608640 dqn_agent.py:285] 	 epsilon_train: 0.000000
I1128 23:17:50.231754 138185215608640 dqn_agent.py:286] 	 epsilon_eval: 0.001000
I1128 23:17:50.231769 138185215608640 dqn_agent.py:287] 	 epsilon_decay_period: 2001
I1128 23:17:50.231783 138185215608640 dqn_agent.py:288] 	 optimizer: adam
I1128 23:17:50.231798 138185215608640 dqn_agent.py:289] 	 seed: 1728585408
I1128 23:17:50.231813 138185215608640 dqn_agent.py:290] 	 loss_type: mse
I1128 23:17:50.231828 138185215608640 dqn_agent.py:291] 	 preprocess_fn: None
I1128 23:17:50.426243 138185215608640 subsequence_replay_buffer.py:159] Creating a PrioritizedJaxSubsequenceParallelEnvReplayBuffer replay memory with the following parameters:
I1128 23:17:50.426360 138185215608640 subsequence_replay_buffer.py:161] 	 observation_shape: (84, 84)
I1128 23:17:50.426396 138185215608640 subsequence_replay_buffer.py:162] 	 observation_dtype: <class 'jax.numpy.uint8'>
I1128 23:17:50.426421 138185215608640 subsequence_replay_buffer.py:163] 	 terminal_dtype: <class 'numpy.uint8'>
I1128 23:17:50.426439 138185215608640 subsequence_replay_buffer.py:164] 	 stack_size: 4
I1128 23:17:50.426457 138185215608640 subsequence_replay_buffer.py:165] 	 use_next_state: 1
I1128 23:17:50.426474 138185215608640 subsequence_replay_buffer.py:166] 	 replay_capacity: 200000
I1128 23:17:50.426490 138185215608640 subsequence_replay_buffer.py:167] 	 batch_size: 32
I1128 23:17:50.426505 138185215608640 subsequence_replay_buffer.py:168] 	 update_horizon: 10
I1128 23:17:50.426519 138185215608640 subsequence_replay_buffer.py:169] 	 gamma: 0.997000
I1128 23:17:53.315141 138185215608640 spr_networks.py:821] Spatial latent shape: (11, 11, 128)
I1128 23:17:53.326686 138185215608640 spr_networks.py:828] Flattened representation shape: (15488,)
I1128 23:17:54.761836 138185215608640 spr_networks.py:821] Spatial latent shape: (5, 11, 11, 128)
I1128 23:17:54.774061 138185215608640 spr_networks.py:828] Flattened representation shape: (5, 15488)
I1128 23:17:55.337061 138185215608640 spr_agent.py:933] Creating AdamW optimizer with settings lr=0.000100, beta1=0.900000, beta2=0.999000, eps=0.000150, wd=0.100000
I1128 23:17:55.337238 138185215608640 spr_agent.py:933] Creating AdamW optimizer with settings lr=0.000100, beta1=0.900000, beta2=0.999000, eps=0.000150, wd=0.100000
I1128 23:17:55.807953 138185215608640 spr_agent.py:1366] 	 Operating with 1 environments, batch size 32 and replay ratio 64
I1128 23:17:55.808070 138185215608640 spr_agent.py:1374] 	 Calculated 2 updates per update phase
I1128 23:17:55.808105 138185215608640 spr_agent.py:1378] 	 Calculated update frequency of 1 step
I1128 23:17:55.808128 138185215608640 spr_agent.py:1383] 	 Setting min_replay_history to 2000.0 from 2000
I1128 23:17:55.808147 138185215608640 spr_agent.py:1388] 	 Setting epsilon_decay_period to 2001.0 from 2001
I1128 23:17:55.808171 138185215608640 spr_agent.py:1401] 	 Running 1 groups of 2 batches per 1 env step
I1128 23:17:55.810940 138185215608640 eval_run_experiment.py:204] Num evaluation episodes: 100
/nfs/nhome/live/rcdavis/.local/miniforge/envs/bbf2/lib/python3.9/site-packages/gym/utils/passive_env_checker.py:227: DeprecationWarning: [33mWARN: Core environment is written in old step API which returns one bool instead of two. It is recommended to rewrite the environment with new step API. [0m
  logger.deprecation(
I1128 23:17:56.022322 138185215608640 eval_run_experiment.py:622] Beginning training...
I1128 23:17:56.022448 138185215608640 eval_run_experiment.py:553] Starting iteration 0
I1128 23:17:56.165661 138185215608640 spr_networks.py:821] Spatial latent shape: (11, 11, 128)
I1128 23:17:56.165917 138185215608640 spr_networks.py:828] Flattened representation shape: (15488,)
I1128 23:18:01.303348 138185215608640 spr_networks.py:821] Spatial latent shape: (11, 11, 128)
I1128 23:18:01.303689 138185215608640 spr_networks.py:828] Flattened representation shape: (15488,)
I1128 23:18:01.447549 138185215608640 spr_networks.py:821] Spatial latent shape: (11, 11, 128)
I1128 23:18:01.447803 138185215608640 spr_networks.py:828] Flattened representation shape: (15488,)
I1128 23:18:01.624967 138185215608640 spr_networks.py:821] Spatial latent shape: (11, 11, 128)
I1128 23:18:01.625277 138185215608640 spr_networks.py:828] Flattened representation shape: (15488,)
I1128 23:18:01.789856 138185215608640 spr_networks.py:821] Spatial latent shape: (11, 11, 128)
I1128 23:18:01.790166 138185215608640 spr_networks.py:828] Flattened representation shape: (15488,)
I1128 23:18:01.882045 138185215608640 spr_networks.py:821] Spatial latent shape: (5, 11, 11, 128)
I1128 23:18:01.882554 138185215608640 spr_networks.py:828] Flattened representation shape: (5, 15488)
I1128 23:18:15.658869 138185215608640 spr_networks.py:821] Spatial latent shape: (11, 11, 128)
I1128 23:18:15.659136 138185215608640 spr_networks.py:828] Flattened representation shape: (15488,)
I1128 23:32:09.662762 138185215608640 spr_agent.py:1473] 	 Resetting weights at step 20002.
I1128 23:32:09.769672 138185215608640 spr_networks.py:821] Spatial latent shape: (11, 11, 128)
I1128 23:32:09.769880 138185215608640 spr_networks.py:828] Flattened representation shape: (15488,)
I1128 23:32:09.823155 138185215608640 spr_networks.py:821] Spatial latent shape: (5, 11, 11, 128)
I1128 23:32:09.823398 138185215608640 spr_networks.py:828] Flattened representation shape: (5, 15488)
I1128 23:32:09.936383 138185215608640 spr_networks.py:821] Spatial latent shape: (11, 11, 128)
I1128 23:32:09.936594 138185215608640 spr_networks.py:828] Flattened representation shape: (15488,)
I1128 23:32:09.990017 138185215608640 spr_networks.py:821] Spatial latent shape: (5, 11, 11, 128)
I1128 23:32:09.990259 138185215608640 spr_networks.py:828] Flattened representation shape: (5, 15488)
I1128 23:32:11.469321 138185215608640 spr_agent.py:1537] Running 0 gradient steps after reset
I1128 23:47:41.716844 138185215608640 spr_agent.py:1473] 	 Resetting weights at step 40003.
I1128 23:47:41.723130 138185215608640 spr_agent.py:1537] Running 0 gradient steps after reset
I1129 00:03:10.285551 138185215608640 spr_agent.py:1473] 	 Resetting weights at step 60004.
I1129 00:03:10.291554 138185215608640 spr_agent.py:1537] Running 0 gradient steps after reset
I1129 00:18:38.991621 138185215608640 spr_agent.py:1466] 	 Not resetting at step 80005, as need at least 20000 before 100000 to recover.
I1129 00:34:06.500577 138185215608640 eval_run_experiment.py:493] Average undiscounted return per training episode: 4365.83
I1129 00:34:06.500833 138185215608640 eval_run_experiment.py:496] Average normalized return per training episode: 0.23
I1129 00:34:06.500867 138185215608640 eval_run_experiment.py:499] Average training steps per second: 21.80
I1129 00:34:17.879449 138185215608640 spr_networks.py:821] Spatial latent shape: (11, 11, 128)
I1129 00:34:17.879759 138185215608640 spr_networks.py:828] Flattened representation shape: (15488,)
I1129 00:34:36.412586 138185215608640 spr_networks.py:821] Spatial latent shape: (11, 11, 128)
I1129 00:34:36.412972 138185215608640 spr_networks.py:828] Flattened representation shape: (15488,)
I1129 00:34:44.778801 138185215608640 spr_networks.py:821] Spatial latent shape: (11, 11, 128)
I1129 00:34:44.779083 138185215608640 spr_networks.py:828] Flattened representation shape: (15488,)
I1129 00:34:47.761985 138185215608640 spr_networks.py:821] Spatial latent shape: (11, 11, 128)
I1129 00:34:47.762259 138185215608640 spr_networks.py:828] Flattened representation shape: (15488,)
I1129 00:34:49.413614 138185215608640 spr_networks.py:821] Spatial latent shape: (11, 11, 128)
I1129 00:34:49.413886 138185215608640 spr_networks.py:828] Flattened representation shape: (15488,)
I1129 00:34:52.443203 138185215608640 spr_networks.py:821] Spatial latent shape: (11, 11, 128)
I1129 00:34:52.443480 138185215608640 spr_networks.py:828] Flattened representation shape: (15488,)
I1129 00:34:54.551630 138185215608640 spr_networks.py:821] Spatial latent shape: (11, 11, 128)
I1129 00:34:54.551899 138185215608640 spr_networks.py:828] Flattened representation shape: (15488,)
I1129 00:34:56.431623 138185215608640 spr_networks.py:821] Spatial latent shape: (11, 11, 128)
I1129 00:34:56.431900 138185215608640 spr_networks.py:828] Flattened representation shape: (15488,)
I1129 00:34:58.434621 138185215608640 spr_networks.py:821] Spatial latent shape: (11, 11, 128)
I1129 00:34:58.434892 138185215608640 spr_networks.py:828] Flattened representation shape: (15488,)
I1129 00:35:00.757884 138185215608640 spr_networks.py:821] Spatial latent shape: (11, 11, 128)
I1129 00:35:00.758253 138185215608640 spr_networks.py:828] Flattened representation shape: (15488,)
I1129 00:35:02.050457 138185215608640 spr_networks.py:821] Spatial latent shape: (11, 11, 128)
I1129 00:35:02.050735 138185215608640 spr_networks.py:828] Flattened representation shape: (15488,)
I1129 00:35:03.543985 138185215608640 spr_networks.py:821] Spatial latent shape: (11, 11, 128)
I1129 00:35:03.544267 138185215608640 spr_networks.py:828] Flattened representation shape: (15488,)
I1129 00:35:05.392350 138185215608640 spr_networks.py:821] Spatial latent shape: (11, 11, 128)
I1129 00:35:05.392635 138185215608640 spr_networks.py:828] Flattened representation shape: (15488,)
I1129 00:35:06.613654 138185215608640 spr_networks.py:821] Spatial latent shape: (11, 11, 128)
I1129 00:35:06.613936 138185215608640 spr_networks.py:828] Flattened representation shape: (15488,)
I1129 00:35:08.491574 138185215608640 spr_networks.py:821] Spatial latent shape: (11, 11, 128)
I1129 00:35:08.491880 138185215608640 spr_networks.py:828] Flattened representation shape: (15488,)
I1129 00:35:10.063883 138185215608640 spr_networks.py:821] Spatial latent shape: (11, 11, 128)
I1129 00:35:10.064154 138185215608640 spr_networks.py:828] Flattened representation shape: (15488,)
I1129 00:35:11.356729 138185215608640 spr_networks.py:821] Spatial latent shape: (11, 11, 128)
I1129 00:35:11.357007 138185215608640 spr_networks.py:828] Flattened representation shape: (15488,)
I1129 00:35:13.574213 138185215608640 spr_networks.py:821] Spatial latent shape: (11, 11, 128)
I1129 00:35:13.574491 138185215608640 spr_networks.py:828] Flattened representation shape: (15488,)
I1129 00:35:15.189107 138185215608640 spr_networks.py:821] Spatial latent shape: (11, 11, 128)
I1129 00:35:15.189388 138185215608640 spr_networks.py:828] Flattened representation shape: (15488,)
I1129 00:35:16.487446 138185215608640 spr_networks.py:821] Spatial latent shape: (11, 11, 128)
I1129 00:35:16.487727 138185215608640 spr_networks.py:828] Flattened representation shape: (15488,)
I1129 00:35:18.023750 138185215608640 spr_networks.py:821] Spatial latent shape: (11, 11, 128)
I1129 00:35:18.024031 138185215608640 spr_networks.py:828] Flattened representation shape: (15488,)
I1129 00:35:19.144985 138185215608640 spr_networks.py:821] Spatial latent shape: (11, 11, 128)
I1129 00:35:19.145259 138185215608640 spr_networks.py:828] Flattened representation shape: (15488,)
I1129 00:35:20.467929 138185215608640 spr_networks.py:821] Spatial latent shape: (11, 11, 128)
I1129 00:35:20.468197 138185215608640 spr_networks.py:828] Flattened representation shape: (15488,)
I1129 00:35:21.889636 138185215608640 spr_networks.py:821] Spatial latent shape: (11, 11, 128)
I1129 00:35:21.889909 138185215608640 spr_networks.py:828] Flattened representation shape: (15488,)
I1129 00:35:23.002482 138185215608640 spr_networks.py:821] Spatial latent shape: (11, 11, 128)
I1129 00:35:23.002758 138185215608640 spr_networks.py:828] Flattened representation shape: (15488,)
I1129 00:35:25.185013 138185215608640 spr_networks.py:821] Spatial latent shape: (11, 11, 128)
I1129 00:35:25.185290 138185215608640 spr_networks.py:828] Flattened representation shape: (15488,)
I1129 00:35:26.593926 138185215608640 spr_networks.py:821] Spatial latent shape: (11, 11, 128)
I1129 00:35:26.594196 138185215608640 spr_networks.py:828] Flattened representation shape: (15488,)
I1129 00:35:28.802659 138185215608640 spr_networks.py:821] Spatial latent shape: (11, 11, 128)
I1129 00:35:28.802936 138185215608640 spr_networks.py:828] Flattened representation shape: (15488,)
I1129 00:35:29.974296 138185215608640 spr_networks.py:821] Spatial latent shape: (11, 11, 128)
I1129 00:35:29.974585 138185215608640 spr_networks.py:828] Flattened representation shape: (15488,)
I1129 00:35:31.423715 138185215608640 spr_networks.py:821] Spatial latent shape: (11, 11, 128)
I1129 00:35:31.424001 138185215608640 spr_networks.py:828] Flattened representation shape: (15488,)
I1129 00:35:32.610110 138185215608640 spr_networks.py:821] Spatial latent shape: (11, 11, 128)
I1129 00:35:32.610394 138185215608640 spr_networks.py:828] Flattened representation shape: (15488,)
I1129 00:35:33.984008 138185215608640 spr_networks.py:821] Spatial latent shape: (11, 11, 128)
I1129 00:35:33.984286 138185215608640 spr_networks.py:828] Flattened representation shape: (15488,)
I1129 00:35:35.435826 138185215608640 spr_networks.py:821] Spatial latent shape: (11, 11, 128)
I1129 00:35:35.436100 138185215608640 spr_networks.py:828] Flattened representation shape: (15488,)
I1129 00:35:36.949707 138185215608640 spr_networks.py:821] Spatial latent shape: (11, 11, 128)
I1129 00:35:36.949984 138185215608640 spr_networks.py:828] Flattened representation shape: (15488,)
I1129 00:35:38.133876 138185215608640 spr_networks.py:821] Spatial latent shape: (11, 11, 128)
I1129 00:35:38.134148 138185215608640 spr_networks.py:828] Flattened representation shape: (15488,)
I1129 00:35:39.547256 138185215608640 spr_networks.py:821] Spatial latent shape: (11, 11, 128)
I1129 00:35:39.547539 138185215608640 spr_networks.py:828] Flattened representation shape: (15488,)
I1129 00:35:40.655334 138185215608640 spr_networks.py:821] Spatial latent shape: (11, 11, 128)
I1129 00:35:40.655618 138185215608640 spr_networks.py:828] Flattened representation shape: (15488,)
I1129 00:35:42.564926 138185215608640 spr_networks.py:821] Spatial latent shape: (11, 11, 128)
I1129 00:35:42.565192 138185215608640 spr_networks.py:828] Flattened representation shape: (15488,)
I1129 00:35:43.761075 138185215608640 spr_networks.py:821] Spatial latent shape: (11, 11, 128)
I1129 00:35:43.761357 138185215608640 spr_networks.py:828] Flattened representation shape: (15488,)
I1129 00:35:44.772722 138185215608640 spr_networks.py:821] Spatial latent shape: (11, 11, 128)
I1129 00:35:44.772994 138185215608640 spr_networks.py:828] Flattened representation shape: (15488,)
I1129 00:35:45.844248 138185215608640 spr_networks.py:821] Spatial latent shape: (11, 11, 128)
I1129 00:35:45.844533 138185215608640 spr_networks.py:828] Flattened representation shape: (15488,)
I1129 00:35:46.830542 138185215608640 spr_networks.py:821] Spatial latent shape: (11, 11, 128)
I1129 00:35:46.830812 138185215608640 spr_networks.py:828] Flattened representation shape: (15488,)
I1129 00:35:47.856755 138185215608640 spr_networks.py:821] Spatial latent shape: (11, 11, 128)
I1129 00:35:47.857027 138185215608640 spr_networks.py:828] Flattened representation shape: (15488,)
I1129 00:35:49.524464 138185215608640 spr_networks.py:821] Spatial latent shape: (11, 11, 128)
I1129 00:35:49.524738 138185215608640 spr_networks.py:828] Flattened representation shape: (15488,)
I1129 00:35:50.489839 138185215608640 spr_networks.py:821] Spatial latent shape: (11, 11, 128)
I1129 00:35:50.490119 138185215608640 spr_networks.py:828] Flattened representation shape: (15488,)
I1129 00:35:51.758050 138185215608640 spr_networks.py:821] Spatial latent shape: (11, 11, 128)
I1129 00:35:51.758321 138185215608640 spr_networks.py:828] Flattened representation shape: (15488,)
I1129 00:35:52.757041 138185215608640 spr_networks.py:821] Spatial latent shape: (11, 11, 128)
I1129 00:35:52.757320 138185215608640 spr_networks.py:828] Flattened representation shape: (15488,)
I1129 00:35:53.874400 138185215608640 spr_networks.py:821] Spatial latent shape: (11, 11, 128)
I1129 00:35:53.874674 138185215608640 spr_networks.py:828] Flattened representation shape: (15488,)
I1129 00:35:55.190514 138185215608640 spr_networks.py:821] Spatial latent shape: (11, 11, 128)
I1129 00:35:55.190796 138185215608640 spr_networks.py:828] Flattened representation shape: (15488,)
I1129 00:35:56.626655 138185215608640 spr_networks.py:821] Spatial latent shape: (11, 11, 128)
I1129 00:35:56.626934 138185215608640 spr_networks.py:828] Flattened representation shape: (15488,)
I1129 00:35:58.090202 138185215608640 spr_networks.py:821] Spatial latent shape: (11, 11, 128)
I1129 00:35:58.090482 138185215608640 spr_networks.py:828] Flattened representation shape: (15488,)
I1129 00:35:59.508680 138185215608640 spr_networks.py:821] Spatial latent shape: (11, 11, 128)
I1129 00:35:59.508955 138185215608640 spr_networks.py:828] Flattened representation shape: (15488,)
I1129 00:36:00.877389 138185215608640 spr_networks.py:821] Spatial latent shape: (11, 11, 128)
I1129 00:36:00.877669 138185215608640 spr_networks.py:828] Flattened representation shape: (15488,)
I1129 00:36:02.220471 138185215608640 spr_networks.py:821] Spatial latent shape: (11, 11, 128)
I1129 00:36:02.220744 138185215608640 spr_networks.py:828] Flattened representation shape: (15488,)
I1129 00:36:03.525337 138185215608640 spr_networks.py:821] Spatial latent shape: (11, 11, 128)
I1129 00:36:03.525615 138185215608640 spr_networks.py:828] Flattened representation shape: (15488,)
I1129 00:36:04.699539 138185215608640 spr_networks.py:821] Spatial latent shape: (11, 11, 128)
I1129 00:36:04.699811 138185215608640 spr_networks.py:828] Flattened representation shape: (15488,)
I1129 00:36:05.838631 138185215608640 spr_networks.py:821] Spatial latent shape: (11, 11, 128)
I1129 00:36:05.838898 138185215608640 spr_networks.py:828] Flattened representation shape: (15488,)
I1129 00:36:07.564154 138185215608640 spr_networks.py:821] Spatial latent shape: (11, 11, 128)
I1129 00:36:07.564434 138185215608640 spr_networks.py:828] Flattened representation shape: (15488,)
I1129 00:36:09.211484 138185215608640 eval_run_experiment.py:537] Average undiscounted return per evaluation episode: 4325.29
I1129 00:36:09.211623 138185215608640 eval_run_experiment.py:544] Average normalized return per evaluation episode: 0.23
/nfs/nhome/live/rcdavis/bbf_UPER/bbf/replay_memory/subsequence_replay_buffer.py:781: FutureWarning: GzipFile was opened for writing, but this will change in future Python releases.  Specify the mode argument for opening it for writing.
  with gzip.GzipFile(fileobj=f) as outfile:
