2024-11-29 00:37:07.109268: I tensorflow/core/platform/cpu_feature_guard.cc:193] This TensorFlow binary is optimized with oneAPI Deep Neural Network Library (oneDNN) to use the following CPU instructions in performance-critical operations:  AVX2 AVX512F AVX512_VNNI AVX512_BF16 AVX_VNNI AMX_TILE AMX_INT8 AMX_BF16 FMA
To enable them in other operations, rebuild TensorFlow with the appropriate compiler flags.
2024-11-29 00:37:07.206828: I tensorflow/core/util/port.cc:104] oneDNN custom operations are on. You may see slightly different numerical results due to floating-point round-off errors from different computation orders. To turn them off, set the environment variable `TF_ENABLE_ONEDNN_OPTS=0`.
2024-11-29 00:37:08.081907: W tensorflow/compiler/xla/stream_executor/platform/default/dso_loader.cc:64] Could not load dynamic library 'libnvinfer.so.7'; dlerror: libnvinfer.so.7: cannot open shared object file: No such file or directory; LD_LIBRARY_PATH: /nfs/nhome/live/rcdavis/.local/miniforge/envs/bbf2/lib/python3.9/site-packages/cv2/../../lib64:/ceph/apps/ubuntu-20/packages/cuda/11.8.0_520.61.05/lib64
2024-11-29 00:37:08.081961: W tensorflow/compiler/xla/stream_executor/platform/default/dso_loader.cc:64] Could not load dynamic library 'libnvinfer_plugin.so.7'; dlerror: libnvinfer_plugin.so.7: cannot open shared object file: No such file or directory; LD_LIBRARY_PATH: /nfs/nhome/live/rcdavis/.local/miniforge/envs/bbf2/lib/python3.9/site-packages/cv2/../../lib64:/ceph/apps/ubuntu-20/packages/cuda/11.8.0_520.61.05/lib64
2024-11-29 00:37:08.081967: W tensorflow/compiler/tf2tensorrt/utils/py_utils.cc:38] TF-TRT Warning: Cannot dlopen some TensorRT libraries. If you would like to use Nvidia GPU with TensorRT, please make sure the missing libraries mentioned above are installed properly.
/nfs/nhome/live/rcdavis/.local/miniforge/envs/bbf2/lib/python3.9/site-packages/gin/tf/__init__.py:48: DeprecationWarning: distutils Version classes are deprecated. Use packaging.version instead.
  if (distutils.version.LooseVersion(tf.__version__) <
2024-11-29 00:37:10.968592: W tensorflow/core/common_runtime/gpu/gpu_device.cc:2027] TensorFlow was not built with CUDA kernel binaries compatible with compute capability 9.0. CUDA kernels will be jit-compiled from PTX, which could take 30 minutes or longer.
I1129 00:37:10.968950 135236918527808 train.py:172] Setting random seed: 2124207996
I1129 00:37:11.081577 135236918527808 train.py:231] Using MaxEpisodeEvalRunner for evaluation.
W1129 00:37:11.081866 135236918527808 run_experiment.py:267] DEPRECATION WARNING: Logger is being deprecated. Please switch to CollectorDispatcher!
A.L.E: Arcade Learning Environment (version 0.7.5+db37282)
[Powered by Stella]
/nfs/nhome/live/rcdavis/.local/miniforge/envs/bbf2/lib/python3.9/site-packages/gym/core.py:317: DeprecationWarning: [33mWARN: Initializing wrapper in old step API which returns one bool instead of two. It is recommended to set `new_step_api=True` to use new step API. This will be the default behaviour in future.[0m
  deprecation(
/nfs/nhome/live/rcdavis/.local/miniforge/envs/bbf2/lib/python3.9/site-packages/gym/wrappers/step_api_compatibility.py:39: DeprecationWarning: [33mWARN: Initializing environment in old step API which returns one bool instead of two. It is recommended to set `new_step_api=True` to use new step API. This will be the default behaviour in future.[0m
  deprecation(
I1129 00:37:11.186906 135236918527808 spr_agent.py:1123] Creating BBFAgent agent with the following parameters:
I1129 00:37:11.187184 135236918527808 spr_agent.py:1127] 	 double_dqn: True
I1129 00:37:11.187211 135236918527808 spr_agent.py:1128] 	 noisy_networks: False
I1129 00:37:11.187231 135236918527808 spr_agent.py:1129] 	 dueling_dqn: True
I1129 00:37:11.187247 135236918527808 spr_agent.py:1130] 	 distributional: True
I1129 00:37:11.187263 135236918527808 spr_agent.py:1131] 	 data_augmentation: True
I1129 00:37:11.187278 135236918527808 spr_agent.py:1132] 	 replay_scheme: prioritized
I1129 00:37:11.187293 135236918527808 spr_agent.py:1133] 	 num_updates_per_train_step: 1
I1129 00:37:11.189493 135236918527808 xla_bridge.py:355] Unable to initialize backend 'tpu_driver': NOT_FOUND: Unable to find driver in registry given worker: 
I1129 00:37:11.340170 135236918527808 xla_bridge.py:355] Unable to initialize backend 'rocm': NOT_FOUND: Could not find registered platform with name: "rocm". Available platform names are: Host Interpreter CUDA
I1129 00:37:11.340515 135236918527808 xla_bridge.py:355] Unable to initialize backend 'tpu': module 'jaxlib.xla_extension' has no attribute 'get_tpu_client'
I1129 00:37:11.340584 135236918527808 xla_bridge.py:355] Unable to initialize backend 'plugin': xla_extension has no attributes named get_plugin_device_client. Compile TensorFlow with //tensorflow/compiler/xla/python:enable_plugin_device set to true (defaults to false) to enable this.
I1129 00:37:12.198130 135236918527808 spr_agent.py:1218] 	 Found following local devices: [StreamExecutorGpuDevice(id=0, process_index=0, slice_index=0)]
I1129 00:37:12.198274 135236918527808 spr_agent.py:1233] 	 Running with dtype <class 'jax.numpy.float32'>
I1129 00:37:12.198368 135236918527808 dqn_agent.py:278] Creating BBFAgent agent with the following parameters:
I1129 00:37:12.198404 135236918527808 dqn_agent.py:280] 	 gamma: 0.997000
I1129 00:37:12.198427 135236918527808 dqn_agent.py:281] 	 update_horizon: 10.000000
I1129 00:37:12.198445 135236918527808 dqn_agent.py:282] 	 min_replay_history: 2000
I1129 00:37:12.198462 135236918527808 dqn_agent.py:283] 	 update_period: 1
I1129 00:37:12.198478 135236918527808 dqn_agent.py:284] 	 target_update_period: 1
I1129 00:37:12.198493 135236918527808 dqn_agent.py:285] 	 epsilon_train: 0.000000
I1129 00:37:12.198509 135236918527808 dqn_agent.py:286] 	 epsilon_eval: 0.001000
I1129 00:37:12.198524 135236918527808 dqn_agent.py:287] 	 epsilon_decay_period: 2001
I1129 00:37:12.198539 135236918527808 dqn_agent.py:288] 	 optimizer: adam
I1129 00:37:12.198553 135236918527808 dqn_agent.py:289] 	 seed: 2124207996
I1129 00:37:12.198566 135236918527808 dqn_agent.py:290] 	 loss_type: mse
I1129 00:37:12.198581 135236918527808 dqn_agent.py:291] 	 preprocess_fn: None
I1129 00:37:12.404681 135236918527808 subsequence_replay_buffer.py:159] Creating a PrioritizedJaxSubsequenceParallelEnvReplayBuffer replay memory with the following parameters:
I1129 00:37:12.404808 135236918527808 subsequence_replay_buffer.py:161] 	 observation_shape: (84, 84)
I1129 00:37:12.404836 135236918527808 subsequence_replay_buffer.py:162] 	 observation_dtype: <class 'jax.numpy.uint8'>
I1129 00:37:12.404857 135236918527808 subsequence_replay_buffer.py:163] 	 terminal_dtype: <class 'numpy.uint8'>
I1129 00:37:12.404874 135236918527808 subsequence_replay_buffer.py:164] 	 stack_size: 4
I1129 00:37:12.404891 135236918527808 subsequence_replay_buffer.py:165] 	 use_next_state: 1
I1129 00:37:12.404907 135236918527808 subsequence_replay_buffer.py:166] 	 replay_capacity: 200000
I1129 00:37:12.404923 135236918527808 subsequence_replay_buffer.py:167] 	 batch_size: 32
I1129 00:37:12.404938 135236918527808 subsequence_replay_buffer.py:168] 	 update_horizon: 10
I1129 00:37:12.404954 135236918527808 subsequence_replay_buffer.py:169] 	 gamma: 0.997000
I1129 00:37:15.294621 135236918527808 spr_networks.py:821] Spatial latent shape: (11, 11, 128)
I1129 00:37:15.307272 135236918527808 spr_networks.py:828] Flattened representation shape: (15488,)
I1129 00:37:16.746342 135236918527808 spr_networks.py:821] Spatial latent shape: (5, 11, 11, 128)
I1129 00:37:16.759001 135236918527808 spr_networks.py:828] Flattened representation shape: (5, 15488)
I1129 00:37:17.329950 135236918527808 spr_agent.py:933] Creating AdamW optimizer with settings lr=0.000100, beta1=0.900000, beta2=0.999000, eps=0.000150, wd=0.100000
I1129 00:37:17.330184 135236918527808 spr_agent.py:933] Creating AdamW optimizer with settings lr=0.000100, beta1=0.900000, beta2=0.999000, eps=0.000150, wd=0.100000
I1129 00:37:17.825037 135236918527808 spr_agent.py:1366] 	 Operating with 1 environments, batch size 32 and replay ratio 64
I1129 00:37:17.825166 135236918527808 spr_agent.py:1374] 	 Calculated 2 updates per update phase
I1129 00:37:17.825203 135236918527808 spr_agent.py:1378] 	 Calculated update frequency of 1 step
I1129 00:37:17.825225 135236918527808 spr_agent.py:1383] 	 Setting min_replay_history to 2000.0 from 2000
I1129 00:37:17.825244 135236918527808 spr_agent.py:1388] 	 Setting epsilon_decay_period to 2001.0 from 2001
I1129 00:37:17.825267 135236918527808 spr_agent.py:1401] 	 Running 1 groups of 2 batches per 1 env step
I1129 00:37:17.828073 135236918527808 eval_run_experiment.py:204] Num evaluation episodes: 100
/nfs/nhome/live/rcdavis/.local/miniforge/envs/bbf2/lib/python3.9/site-packages/gym/utils/passive_env_checker.py:227: DeprecationWarning: [33mWARN: Core environment is written in old step API which returns one bool instead of two. It is recommended to rewrite the environment with new step API. [0m
  logger.deprecation(
I1129 00:37:18.054110 135236918527808 eval_run_experiment.py:622] Beginning training...
I1129 00:37:18.054246 135236918527808 eval_run_experiment.py:553] Starting iteration 0
I1129 00:37:18.200540 135236918527808 spr_networks.py:821] Spatial latent shape: (11, 11, 128)
I1129 00:37:18.200803 135236918527808 spr_networks.py:828] Flattened representation shape: (15488,)
I1129 00:37:23.535261 135236918527808 spr_networks.py:821] Spatial latent shape: (11, 11, 128)
I1129 00:37:23.535641 135236918527808 spr_networks.py:828] Flattened representation shape: (15488,)
I1129 00:37:23.680011 135236918527808 spr_networks.py:821] Spatial latent shape: (11, 11, 128)
I1129 00:37:23.680279 135236918527808 spr_networks.py:828] Flattened representation shape: (15488,)
I1129 00:37:23.858305 135236918527808 spr_networks.py:821] Spatial latent shape: (11, 11, 128)
I1129 00:37:23.858637 135236918527808 spr_networks.py:828] Flattened representation shape: (15488,)
I1129 00:37:24.024282 135236918527808 spr_networks.py:821] Spatial latent shape: (11, 11, 128)
I1129 00:37:24.024615 135236918527808 spr_networks.py:828] Flattened representation shape: (15488,)
I1129 00:37:24.117355 135236918527808 spr_networks.py:821] Spatial latent shape: (5, 11, 11, 128)
I1129 00:37:24.117903 135236918527808 spr_networks.py:828] Flattened representation shape: (5, 15488)
I1129 00:37:37.958365 135236918527808 spr_networks.py:821] Spatial latent shape: (11, 11, 128)
I1129 00:37:37.959094 135236918527808 spr_networks.py:828] Flattened representation shape: (15488,)
I1129 00:51:31.192466 135236918527808 spr_agent.py:1473] 	 Resetting weights at step 20002.
I1129 00:51:31.300565 135236918527808 spr_networks.py:821] Spatial latent shape: (11, 11, 128)
I1129 00:51:31.300846 135236918527808 spr_networks.py:828] Flattened representation shape: (15488,)
I1129 00:51:31.353870 135236918527808 spr_networks.py:821] Spatial latent shape: (5, 11, 11, 128)
I1129 00:51:31.354092 135236918527808 spr_networks.py:828] Flattened representation shape: (5, 15488)
I1129 00:51:31.467908 135236918527808 spr_networks.py:821] Spatial latent shape: (11, 11, 128)
I1129 00:51:31.468113 135236918527808 spr_networks.py:828] Flattened representation shape: (15488,)
I1129 00:51:31.520740 135236918527808 spr_networks.py:821] Spatial latent shape: (5, 11, 11, 128)
I1129 00:51:31.520972 135236918527808 spr_networks.py:828] Flattened representation shape: (5, 15488)
I1129 00:51:32.996837 135236918527808 spr_agent.py:1537] Running 0 gradient steps after reset
I1129 01:07:01.033632 135236918527808 spr_agent.py:1473] 	 Resetting weights at step 40003.
I1129 01:07:01.039744 135236918527808 spr_agent.py:1537] Running 0 gradient steps after reset
I1129 01:22:29.449313 135236918527808 spr_agent.py:1473] 	 Resetting weights at step 60004.
I1129 01:22:29.455211 135236918527808 spr_agent.py:1537] Running 0 gradient steps after reset
I1129 01:38:10.945086 135236918527808 spr_agent.py:1466] 	 Not resetting at step 80005, as need at least 20000 before 100000 to recover.
I1129 01:54:12.298908 135236918527808 eval_run_experiment.py:493] Average undiscounted return per training episode: 2598.18
I1129 01:54:12.300265 135236918527808 eval_run_experiment.py:496] Average normalized return per training episode: 0.13
I1129 01:54:12.300442 135236918527808 eval_run_experiment.py:499] Average training steps per second: 21.02
I1129 01:54:23.823157 135236918527808 spr_networks.py:821] Spatial latent shape: (11, 11, 128)
I1129 01:54:23.823498 135236918527808 spr_networks.py:828] Flattened representation shape: (15488,)
I1129 01:56:19.754868 135236918527808 spr_networks.py:821] Spatial latent shape: (11, 11, 128)
I1129 01:56:19.756114 135236918527808 spr_networks.py:828] Flattened representation shape: (15488,)
I1129 01:56:42.070736 135236918527808 spr_networks.py:821] Spatial latent shape: (11, 11, 128)
I1129 01:56:42.071010 135236918527808 spr_networks.py:828] Flattened representation shape: (15488,)
I1129 01:56:49.888434 135236918527808 spr_networks.py:821] Spatial latent shape: (11, 11, 128)
I1129 01:56:49.888804 135236918527808 spr_networks.py:828] Flattened representation shape: (15488,)
I1129 01:56:52.822733 135236918527808 spr_networks.py:821] Spatial latent shape: (11, 11, 128)
I1129 01:56:52.823034 135236918527808 spr_networks.py:828] Flattened representation shape: (15488,)
I1129 01:57:01.018554 135236918527808 spr_networks.py:821] Spatial latent shape: (11, 11, 128)
I1129 01:57:01.018823 135236918527808 spr_networks.py:828] Flattened representation shape: (15488,)
I1129 01:57:11.430781 135236918527808 spr_networks.py:821] Spatial latent shape: (11, 11, 128)
I1129 01:57:11.431067 135236918527808 spr_networks.py:828] Flattened representation shape: (15488,)
I1129 01:57:21.450161 135236918527808 spr_networks.py:821] Spatial latent shape: (11, 11, 128)
I1129 01:57:21.450518 135236918527808 spr_networks.py:828] Flattened representation shape: (15488,)
I1129 01:57:59.846613 135236918527808 spr_networks.py:821] Spatial latent shape: (11, 11, 128)
I1129 01:57:59.846997 135236918527808 spr_networks.py:828] Flattened representation shape: (15488,)
I1129 01:58:22.526157 135236918527808 spr_networks.py:821] Spatial latent shape: (11, 11, 128)
I1129 01:58:22.526521 135236918527808 spr_networks.py:828] Flattened representation shape: (15488,)
I1129 01:58:51.139921 135236918527808 spr_networks.py:821] Spatial latent shape: (11, 11, 128)
I1129 01:58:51.140315 135236918527808 spr_networks.py:828] Flattened representation shape: (15488,)
I1129 01:59:05.807158 135236918527808 spr_networks.py:821] Spatial latent shape: (11, 11, 128)
I1129 01:59:05.807527 135236918527808 spr_networks.py:828] Flattened representation shape: (15488,)
I1129 01:59:07.746436 135236918527808 spr_networks.py:821] Spatial latent shape: (11, 11, 128)
I1129 01:59:07.746701 135236918527808 spr_networks.py:828] Flattened representation shape: (15488,)
I1129 01:59:20.259793 135236918527808 spr_networks.py:821] Spatial latent shape: (11, 11, 128)
I1129 01:59:20.260144 135236918527808 spr_networks.py:828] Flattened representation shape: (15488,)
I1129 01:59:22.612600 135236918527808 spr_networks.py:821] Spatial latent shape: (11, 11, 128)
I1129 01:59:22.612870 135236918527808 spr_networks.py:828] Flattened representation shape: (15488,)
I1129 01:59:27.645012 135236918527808 spr_networks.py:821] Spatial latent shape: (11, 11, 128)
I1129 01:59:27.645319 135236918527808 spr_networks.py:828] Flattened representation shape: (15488,)
I1129 01:59:31.990333 135236918527808 spr_networks.py:821] Spatial latent shape: (11, 11, 128)
I1129 01:59:31.990601 135236918527808 spr_networks.py:828] Flattened representation shape: (15488,)
I1129 01:59:33.176937 135236918527808 spr_networks.py:821] Spatial latent shape: (11, 11, 128)
I1129 01:59:33.177199 135236918527808 spr_networks.py:828] Flattened representation shape: (15488,)
I1129 01:59:34.340993 135236918527808 spr_networks.py:821] Spatial latent shape: (11, 11, 128)
I1129 01:59:34.341265 135236918527808 spr_networks.py:828] Flattened representation shape: (15488,)
I1129 01:59:35.498831 135236918527808 spr_networks.py:821] Spatial latent shape: (11, 11, 128)
I1129 01:59:35.499105 135236918527808 spr_networks.py:828] Flattened representation shape: (15488,)
I1129 01:59:36.794174 135236918527808 spr_networks.py:821] Spatial latent shape: (11, 11, 128)
I1129 01:59:36.794469 135236918527808 spr_networks.py:828] Flattened representation shape: (15488,)
I1129 01:59:37.936021 135236918527808 spr_networks.py:821] Spatial latent shape: (11, 11, 128)
I1129 01:59:37.936289 135236918527808 spr_networks.py:828] Flattened representation shape: (15488,)
I1129 01:59:39.077435 135236918527808 spr_networks.py:821] Spatial latent shape: (11, 11, 128)
I1129 01:59:39.077701 135236918527808 spr_networks.py:828] Flattened representation shape: (15488,)
I1129 01:59:40.213475 135236918527808 spr_networks.py:821] Spatial latent shape: (11, 11, 128)
I1129 01:59:40.213730 135236918527808 spr_networks.py:828] Flattened representation shape: (15488,)
I1129 01:59:41.394034 135236918527808 spr_networks.py:821] Spatial latent shape: (11, 11, 128)
I1129 01:59:41.394312 135236918527808 spr_networks.py:828] Flattened representation shape: (15488,)
I1129 01:59:42.680656 135236918527808 spr_networks.py:821] Spatial latent shape: (11, 11, 128)
I1129 01:59:42.680926 135236918527808 spr_networks.py:828] Flattened representation shape: (15488,)
I1129 01:59:43.874558 135236918527808 spr_networks.py:821] Spatial latent shape: (11, 11, 128)
I1129 01:59:43.874836 135236918527808 spr_networks.py:828] Flattened representation shape: (15488,)
I1129 01:59:44.982067 135236918527808 spr_networks.py:821] Spatial latent shape: (11, 11, 128)
I1129 01:59:44.982338 135236918527808 spr_networks.py:828] Flattened representation shape: (15488,)
I1129 01:59:46.114634 135236918527808 spr_networks.py:821] Spatial latent shape: (11, 11, 128)
I1129 01:59:46.114906 135236918527808 spr_networks.py:828] Flattened representation shape: (15488,)
I1129 01:59:47.205989 135236918527808 spr_networks.py:821] Spatial latent shape: (11, 11, 128)
I1129 01:59:47.206262 135236918527808 spr_networks.py:828] Flattened representation shape: (15488,)
I1129 01:59:48.296177 135236918527808 spr_networks.py:821] Spatial latent shape: (11, 11, 128)
I1129 01:59:48.296455 135236918527808 spr_networks.py:828] Flattened representation shape: (15488,)
I1129 01:59:49.380164 135236918527808 spr_networks.py:821] Spatial latent shape: (11, 11, 128)
I1129 01:59:49.380448 135236918527808 spr_networks.py:828] Flattened representation shape: (15488,)
I1129 01:59:50.455070 135236918527808 spr_networks.py:821] Spatial latent shape: (11, 11, 128)
I1129 01:59:50.455346 135236918527808 spr_networks.py:828] Flattened representation shape: (15488,)
I1129 01:59:51.555242 135236918527808 spr_networks.py:821] Spatial latent shape: (11, 11, 128)
I1129 01:59:51.555516 135236918527808 spr_networks.py:828] Flattened representation shape: (15488,)
I1129 01:59:52.753302 135236918527808 spr_networks.py:821] Spatial latent shape: (11, 11, 128)
I1129 01:59:52.753584 135236918527808 spr_networks.py:828] Flattened representation shape: (15488,)
I1129 01:59:53.815479 135236918527808 spr_networks.py:821] Spatial latent shape: (11, 11, 128)
I1129 01:59:53.815826 135236918527808 spr_networks.py:828] Flattened representation shape: (15488,)
I1129 01:59:54.895329 135236918527808 spr_networks.py:821] Spatial latent shape: (11, 11, 128)
I1129 01:59:54.895614 135236918527808 spr_networks.py:828] Flattened representation shape: (15488,)
I1129 01:59:57.002178 135236918527808 spr_networks.py:821] Spatial latent shape: (11, 11, 128)
I1129 01:59:57.002456 135236918527808 spr_networks.py:828] Flattened representation shape: (15488,)
I1129 01:59:58.139109 135236918527808 spr_networks.py:821] Spatial latent shape: (11, 11, 128)
I1129 01:59:58.139390 135236918527808 spr_networks.py:828] Flattened representation shape: (15488,)
I1129 01:59:59.482362 135236918527808 spr_networks.py:821] Spatial latent shape: (11, 11, 128)
I1129 01:59:59.482638 135236918527808 spr_networks.py:828] Flattened representation shape: (15488,)
I1129 02:00:00.612302 135236918527808 spr_networks.py:821] Spatial latent shape: (11, 11, 128)
I1129 02:00:00.612576 135236918527808 spr_networks.py:828] Flattened representation shape: (15488,)
I1129 02:00:02.476052 135236918527808 spr_networks.py:821] Spatial latent shape: (11, 11, 128)
I1129 02:00:02.476359 135236918527808 spr_networks.py:828] Flattened representation shape: (15488,)
I1129 02:00:06.296600 135236918527808 spr_networks.py:821] Spatial latent shape: (11, 11, 128)
I1129 02:00:06.296871 135236918527808 spr_networks.py:828] Flattened representation shape: (15488,)
I1129 02:00:07.510161 135236918527808 spr_networks.py:821] Spatial latent shape: (11, 11, 128)
I1129 02:00:07.510437 135236918527808 spr_networks.py:828] Flattened representation shape: (15488,)
I1129 02:00:09.071055 135236918527808 spr_networks.py:821] Spatial latent shape: (11, 11, 128)
I1129 02:00:09.071325 135236918527808 spr_networks.py:828] Flattened representation shape: (15488,)
I1129 02:00:11.370808 135236918527808 spr_networks.py:821] Spatial latent shape: (11, 11, 128)
I1129 02:00:11.371080 135236918527808 spr_networks.py:828] Flattened representation shape: (15488,)
I1129 02:00:14.915326 135236918527808 spr_networks.py:821] Spatial latent shape: (11, 11, 128)
I1129 02:00:14.915597 135236918527808 spr_networks.py:828] Flattened representation shape: (15488,)
I1129 02:00:16.235222 135236918527808 spr_networks.py:821] Spatial latent shape: (11, 11, 128)
I1129 02:00:16.235496 135236918527808 spr_networks.py:828] Flattened representation shape: (15488,)
I1129 02:00:18.058188 135236918527808 spr_networks.py:821] Spatial latent shape: (11, 11, 128)
I1129 02:00:18.058468 135236918527808 spr_networks.py:828] Flattened representation shape: (15488,)
I1129 02:00:20.362051 135236918527808 spr_networks.py:821] Spatial latent shape: (11, 11, 128)
I1129 02:00:20.362333 135236918527808 spr_networks.py:828] Flattened representation shape: (15488,)
I1129 02:00:21.790597 135236918527808 spr_networks.py:821] Spatial latent shape: (11, 11, 128)
I1129 02:00:21.790878 135236918527808 spr_networks.py:828] Flattened representation shape: (15488,)
I1129 02:00:23.232313 135236918527808 spr_networks.py:821] Spatial latent shape: (11, 11, 128)
I1129 02:00:23.232605 135236918527808 spr_networks.py:828] Flattened representation shape: (15488,)
I1129 02:00:24.311043 135236918527808 spr_networks.py:821] Spatial latent shape: (11, 11, 128)
I1129 02:00:24.311313 135236918527808 spr_networks.py:828] Flattened representation shape: (15488,)
I1129 02:00:25.589758 135236918527808 spr_networks.py:821] Spatial latent shape: (11, 11, 128)
I1129 02:00:25.590107 135236918527808 spr_networks.py:828] Flattened representation shape: (15488,)
I1129 02:00:27.208857 135236918527808 spr_networks.py:821] Spatial latent shape: (11, 11, 128)
I1129 02:00:27.209139 135236918527808 spr_networks.py:828] Flattened representation shape: (15488,)
I1129 02:00:28.589257 135236918527808 spr_networks.py:821] Spatial latent shape: (11, 11, 128)
I1129 02:00:28.589530 135236918527808 spr_networks.py:828] Flattened representation shape: (15488,)
I1129 02:00:32.132101 135236918527808 spr_networks.py:821] Spatial latent shape: (11, 11, 128)
I1129 02:00:32.132382 135236918527808 spr_networks.py:828] Flattened representation shape: (15488,)
I1129 02:00:33.171218 135236918527808 spr_networks.py:821] Spatial latent shape: (11, 11, 128)
I1129 02:00:33.171493 135236918527808 spr_networks.py:828] Flattened representation shape: (15488,)
I1129 02:00:34.487120 135236918527808 spr_networks.py:821] Spatial latent shape: (11, 11, 128)
I1129 02:00:34.487395 135236918527808 spr_networks.py:828] Flattened representation shape: (15488,)
I1129 02:00:35.873278 135236918527808 spr_networks.py:821] Spatial latent shape: (11, 11, 128)
I1129 02:00:35.873553 135236918527808 spr_networks.py:828] Flattened representation shape: (15488,)
I1129 02:00:37.143000 135236918527808 spr_networks.py:821] Spatial latent shape: (11, 11, 128)
I1129 02:00:37.143274 135236918527808 spr_networks.py:828] Flattened representation shape: (15488,)
I1129 02:00:38.624577 135236918527808 spr_networks.py:821] Spatial latent shape: (11, 11, 128)
I1129 02:00:38.624852 135236918527808 spr_networks.py:828] Flattened representation shape: (15488,)
I1129 02:00:40.466621 135236918527808 spr_networks.py:821] Spatial latent shape: (11, 11, 128)
I1129 02:00:40.466915 135236918527808 spr_networks.py:828] Flattened representation shape: (15488,)
I1129 02:00:42.390670 135236918527808 spr_networks.py:821] Spatial latent shape: (11, 11, 128)
I1129 02:00:42.390943 135236918527808 spr_networks.py:828] Flattened representation shape: (15488,)
I1129 02:00:43.572635 135236918527808 spr_networks.py:821] Spatial latent shape: (11, 11, 128)
I1129 02:00:43.572909 135236918527808 spr_networks.py:828] Flattened representation shape: (15488,)
I1129 02:00:45.334885 135236918527808 spr_networks.py:821] Spatial latent shape: (11, 11, 128)
I1129 02:00:45.335166 135236918527808 spr_networks.py:828] Flattened representation shape: (15488,)
I1129 02:00:46.986061 135236918527808 spr_networks.py:821] Spatial latent shape: (11, 11, 128)
I1129 02:00:46.986352 135236918527808 spr_networks.py:828] Flattened representation shape: (15488,)
I1129 02:00:50.036044 135236918527808 spr_networks.py:821] Spatial latent shape: (11, 11, 128)
I1129 02:00:50.036313 135236918527808 spr_networks.py:828] Flattened representation shape: (15488,)
I1129 02:00:51.446137 135236918527808 spr_networks.py:821] Spatial latent shape: (11, 11, 128)
I1129 02:00:51.446410 135236918527808 spr_networks.py:828] Flattened representation shape: (15488,)
I1129 02:00:53.280302 135236918527808 spr_networks.py:821] Spatial latent shape: (11, 11, 128)
I1129 02:00:53.280587 135236918527808 spr_networks.py:828] Flattened representation shape: (15488,)
I1129 02:00:55.328681 135236918527808 spr_networks.py:821] Spatial latent shape: (11, 11, 128)
I1129 02:00:55.328963 135236918527808 spr_networks.py:828] Flattened representation shape: (15488,)
I1129 02:00:57.639249 135236918527808 spr_networks.py:821] Spatial latent shape: (11, 11, 128)
I1129 02:00:57.639522 135236918527808 spr_networks.py:828] Flattened representation shape: (15488,)
I1129 02:00:59.801685 135236918527808 spr_networks.py:821] Spatial latent shape: (11, 11, 128)
I1129 02:00:59.801951 135236918527808 spr_networks.py:828] Flattened representation shape: (15488,)
I1129 02:01:03.180220 135236918527808 spr_networks.py:821] Spatial latent shape: (11, 11, 128)
I1129 02:01:03.180497 135236918527808 spr_networks.py:828] Flattened representation shape: (15488,)
I1129 02:01:04.285567 135236918527808 spr_networks.py:821] Spatial latent shape: (11, 11, 128)
I1129 02:01:04.285848 135236918527808 spr_networks.py:828] Flattened representation shape: (15488,)
I1129 02:01:05.965034 135236918527808 spr_networks.py:821] Spatial latent shape: (11, 11, 128)
I1129 02:01:05.965393 135236918527808 spr_networks.py:828] Flattened representation shape: (15488,)
I1129 02:01:07.380944 135236918527808 spr_networks.py:821] Spatial latent shape: (11, 11, 128)
I1129 02:01:07.381228 135236918527808 spr_networks.py:828] Flattened representation shape: (15488,)
I1129 02:01:10.474900 135236918527808 eval_run_experiment.py:537] Average undiscounted return per evaluation episode: 6538.16
I1129 02:01:10.475053 135236918527808 eval_run_experiment.py:544] Average normalized return per evaluation episode: 0.37
/nfs/nhome/live/rcdavis/bbf_UPER/bbf/replay_memory/subsequence_replay_buffer.py:781: FutureWarning: GzipFile was opened for writing, but this will change in future Python releases.  Specify the mode argument for opening it for writing.
  with gzip.GzipFile(fileobj=f) as outfile:
