2024-11-29 01:57:36.587823: I tensorflow/core/platform/cpu_feature_guard.cc:193] This TensorFlow binary is optimized with oneAPI Deep Neural Network Library (oneDNN) to use the following CPU instructions in performance-critical operations:  AVX2 AVX512F AVX512_VNNI AVX512_BF16 AVX_VNNI AMX_TILE AMX_INT8 AMX_BF16 FMA
To enable them in other operations, rebuild TensorFlow with the appropriate compiler flags.
2024-11-29 01:57:36.671650: I tensorflow/core/util/port.cc:104] oneDNN custom operations are on. You may see slightly different numerical results due to floating-point round-off errors from different computation orders. To turn them off, set the environment variable `TF_ENABLE_ONEDNN_OPTS=0`.
2024-11-29 01:57:37.493134: W tensorflow/compiler/xla/stream_executor/platform/default/dso_loader.cc:64] Could not load dynamic library 'libnvinfer.so.7'; dlerror: libnvinfer.so.7: cannot open shared object file: No such file or directory; LD_LIBRARY_PATH: /nfs/nhome/live/rcdavis/.local/miniforge/envs/bbf2/lib/python3.9/site-packages/cv2/../../lib64:/ceph/apps/ubuntu-20/packages/cuda/11.8.0_520.61.05/lib64
2024-11-29 01:57:37.493449: W tensorflow/compiler/xla/stream_executor/platform/default/dso_loader.cc:64] Could not load dynamic library 'libnvinfer_plugin.so.7'; dlerror: libnvinfer_plugin.so.7: cannot open shared object file: No such file or directory; LD_LIBRARY_PATH: /nfs/nhome/live/rcdavis/.local/miniforge/envs/bbf2/lib/python3.9/site-packages/cv2/../../lib64:/ceph/apps/ubuntu-20/packages/cuda/11.8.0_520.61.05/lib64
2024-11-29 01:57:37.493455: W tensorflow/compiler/tf2tensorrt/utils/py_utils.cc:38] TF-TRT Warning: Cannot dlopen some TensorRT libraries. If you would like to use Nvidia GPU with TensorRT, please make sure the missing libraries mentioned above are installed properly.
/nfs/nhome/live/rcdavis/.local/miniforge/envs/bbf2/lib/python3.9/site-packages/gin/tf/__init__.py:48: DeprecationWarning: distutils Version classes are deprecated. Use packaging.version instead.
  if (distutils.version.LooseVersion(tf.__version__) <
2024-11-29 01:57:39.858322: W tensorflow/core/common_runtime/gpu/gpu_device.cc:2027] TensorFlow was not built with CUDA kernel binaries compatible with compute capability 9.0. CUDA kernels will be jit-compiled from PTX, which could take 30 minutes or longer.
I1129 01:57:39.858685 135686057183040 train.py:172] Setting random seed: 1020981448
I1129 01:57:39.964312 135686057183040 train.py:231] Using MaxEpisodeEvalRunner for evaluation.
W1129 01:57:39.964513 135686057183040 run_experiment.py:267] DEPRECATION WARNING: Logger is being deprecated. Please switch to CollectorDispatcher!
A.L.E: Arcade Learning Environment (version 0.7.5+db37282)
[Powered by Stella]
/nfs/nhome/live/rcdavis/.local/miniforge/envs/bbf2/lib/python3.9/site-packages/gym/core.py:317: DeprecationWarning: [33mWARN: Initializing wrapper in old step API which returns one bool instead of two. It is recommended to set `new_step_api=True` to use new step API. This will be the default behaviour in future.[0m
  deprecation(
/nfs/nhome/live/rcdavis/.local/miniforge/envs/bbf2/lib/python3.9/site-packages/gym/wrappers/step_api_compatibility.py:39: DeprecationWarning: [33mWARN: Initializing environment in old step API which returns one bool instead of two. It is recommended to set `new_step_api=True` to use new step API. This will be the default behaviour in future.[0m
  deprecation(
I1129 01:57:40.073131 135686057183040 spr_agent.py:1123] Creating BBFAgent agent with the following parameters:
I1129 01:57:40.073692 135686057183040 spr_agent.py:1127] 	 double_dqn: True
I1129 01:57:40.073723 135686057183040 spr_agent.py:1128] 	 noisy_networks: False
I1129 01:57:40.073743 135686057183040 spr_agent.py:1129] 	 dueling_dqn: True
I1129 01:57:40.073761 135686057183040 spr_agent.py:1130] 	 distributional: True
I1129 01:57:40.073778 135686057183040 spr_agent.py:1131] 	 data_augmentation: True
I1129 01:57:40.073793 135686057183040 spr_agent.py:1132] 	 replay_scheme: prioritized
I1129 01:57:40.073808 135686057183040 spr_agent.py:1133] 	 num_updates_per_train_step: 1
I1129 01:57:40.076003 135686057183040 xla_bridge.py:355] Unable to initialize backend 'tpu_driver': NOT_FOUND: Unable to find driver in registry given worker: 
I1129 01:57:40.226777 135686057183040 xla_bridge.py:355] Unable to initialize backend 'rocm': NOT_FOUND: Could not find registered platform with name: "rocm". Available platform names are: Interpreter CUDA Host
I1129 01:57:40.227116 135686057183040 xla_bridge.py:355] Unable to initialize backend 'tpu': module 'jaxlib.xla_extension' has no attribute 'get_tpu_client'
I1129 01:57:40.227177 135686057183040 xla_bridge.py:355] Unable to initialize backend 'plugin': xla_extension has no attributes named get_plugin_device_client. Compile TensorFlow with //tensorflow/compiler/xla/python:enable_plugin_device set to true (defaults to false) to enable this.
I1129 01:57:41.090707 135686057183040 spr_agent.py:1218] 	 Found following local devices: [StreamExecutorGpuDevice(id=0, process_index=0, slice_index=0)]
I1129 01:57:41.090863 135686057183040 spr_agent.py:1233] 	 Running with dtype <class 'jax.numpy.float32'>
I1129 01:57:41.090959 135686057183040 dqn_agent.py:278] Creating BBFAgent agent with the following parameters:
I1129 01:57:41.090986 135686057183040 dqn_agent.py:280] 	 gamma: 0.997000
I1129 01:57:41.091008 135686057183040 dqn_agent.py:281] 	 update_horizon: 10.000000
I1129 01:57:41.091026 135686057183040 dqn_agent.py:282] 	 min_replay_history: 2000
I1129 01:57:41.091042 135686057183040 dqn_agent.py:283] 	 update_period: 1
I1129 01:57:41.091057 135686057183040 dqn_agent.py:284] 	 target_update_period: 1
I1129 01:57:41.091072 135686057183040 dqn_agent.py:285] 	 epsilon_train: 0.000000
I1129 01:57:41.091087 135686057183040 dqn_agent.py:286] 	 epsilon_eval: 0.001000
I1129 01:57:41.091102 135686057183040 dqn_agent.py:287] 	 epsilon_decay_period: 2001
I1129 01:57:41.091116 135686057183040 dqn_agent.py:288] 	 optimizer: adam
I1129 01:57:41.091130 135686057183040 dqn_agent.py:289] 	 seed: 1020981448
I1129 01:57:41.091145 135686057183040 dqn_agent.py:290] 	 loss_type: mse
I1129 01:57:41.091159 135686057183040 dqn_agent.py:291] 	 preprocess_fn: None
I1129 01:57:41.295185 135686057183040 subsequence_replay_buffer.py:159] Creating a PrioritizedJaxSubsequenceParallelEnvReplayBuffer replay memory with the following parameters:
I1129 01:57:41.295316 135686057183040 subsequence_replay_buffer.py:161] 	 observation_shape: (84, 84)
I1129 01:57:41.295346 135686057183040 subsequence_replay_buffer.py:162] 	 observation_dtype: <class 'jax.numpy.uint8'>
I1129 01:57:41.295370 135686057183040 subsequence_replay_buffer.py:163] 	 terminal_dtype: <class 'numpy.uint8'>
I1129 01:57:41.295399 135686057183040 subsequence_replay_buffer.py:164] 	 stack_size: 4
I1129 01:57:41.295417 135686057183040 subsequence_replay_buffer.py:165] 	 use_next_state: 1
I1129 01:57:41.295434 135686057183040 subsequence_replay_buffer.py:166] 	 replay_capacity: 200000
I1129 01:57:41.295450 135686057183040 subsequence_replay_buffer.py:167] 	 batch_size: 32
I1129 01:57:41.295465 135686057183040 subsequence_replay_buffer.py:168] 	 update_horizon: 10
I1129 01:57:41.295481 135686057183040 subsequence_replay_buffer.py:169] 	 gamma: 0.997000
I1129 01:57:44.175638 135686057183040 spr_networks.py:821] Spatial latent shape: (11, 11, 128)
I1129 01:57:44.188811 135686057183040 spr_networks.py:828] Flattened representation shape: (15488,)
I1129 01:57:45.636277 135686057183040 spr_networks.py:821] Spatial latent shape: (5, 11, 11, 128)
I1129 01:57:45.650176 135686057183040 spr_networks.py:828] Flattened representation shape: (5, 15488)
I1129 01:57:46.238346 135686057183040 spr_agent.py:933] Creating AdamW optimizer with settings lr=0.000100, beta1=0.900000, beta2=0.999000, eps=0.000150, wd=0.100000
I1129 01:57:46.238591 135686057183040 spr_agent.py:933] Creating AdamW optimizer with settings lr=0.000100, beta1=0.900000, beta2=0.999000, eps=0.000150, wd=0.100000
I1129 01:57:46.742829 135686057183040 spr_agent.py:1366] 	 Operating with 1 environments, batch size 32 and replay ratio 64
I1129 01:57:46.742958 135686057183040 spr_agent.py:1374] 	 Calculated 2 updates per update phase
I1129 01:57:46.742995 135686057183040 spr_agent.py:1378] 	 Calculated update frequency of 1 step
I1129 01:57:46.743016 135686057183040 spr_agent.py:1383] 	 Setting min_replay_history to 2000.0 from 2000
I1129 01:57:46.743034 135686057183040 spr_agent.py:1388] 	 Setting epsilon_decay_period to 2001.0 from 2001
I1129 01:57:46.743056 135686057183040 spr_agent.py:1401] 	 Running 1 groups of 2 batches per 1 env step
I1129 01:57:46.745803 135686057183040 eval_run_experiment.py:204] Num evaluation episodes: 100
/nfs/nhome/live/rcdavis/.local/miniforge/envs/bbf2/lib/python3.9/site-packages/gym/utils/passive_env_checker.py:227: DeprecationWarning: [33mWARN: Core environment is written in old step API which returns one bool instead of two. It is recommended to rewrite the environment with new step API. [0m
  logger.deprecation(
I1129 01:57:46.959841 135686057183040 eval_run_experiment.py:622] Beginning training...
I1129 01:57:46.959969 135686057183040 eval_run_experiment.py:553] Starting iteration 0
I1129 01:57:47.109055 135686057183040 spr_networks.py:821] Spatial latent shape: (11, 11, 128)
I1129 01:57:47.109322 135686057183040 spr_networks.py:828] Flattened representation shape: (15488,)
I1129 01:57:52.485597 135686057183040 spr_networks.py:821] Spatial latent shape: (11, 11, 128)
I1129 01:57:52.485980 135686057183040 spr_networks.py:828] Flattened representation shape: (15488,)
I1129 01:57:52.630570 135686057183040 spr_networks.py:821] Spatial latent shape: (11, 11, 128)
I1129 01:57:52.630834 135686057183040 spr_networks.py:828] Flattened representation shape: (15488,)
I1129 01:57:52.809431 135686057183040 spr_networks.py:821] Spatial latent shape: (11, 11, 128)
I1129 01:57:52.809772 135686057183040 spr_networks.py:828] Flattened representation shape: (15488,)
I1129 01:57:52.975538 135686057183040 spr_networks.py:821] Spatial latent shape: (11, 11, 128)
I1129 01:57:52.975870 135686057183040 spr_networks.py:828] Flattened representation shape: (15488,)
I1129 01:57:53.068788 135686057183040 spr_networks.py:821] Spatial latent shape: (5, 11, 11, 128)
I1129 01:57:53.069320 135686057183040 spr_networks.py:828] Flattened representation shape: (5, 15488)
I1129 01:58:07.053864 135686057183040 spr_networks.py:821] Spatial latent shape: (11, 11, 128)
I1129 01:58:07.054146 135686057183040 spr_networks.py:828] Flattened representation shape: (15488,)
I1129 02:11:59.053376 135686057183040 spr_agent.py:1473] 	 Resetting weights at step 20002.
I1129 02:11:59.161259 135686057183040 spr_networks.py:821] Spatial latent shape: (11, 11, 128)
I1129 02:11:59.161559 135686057183040 spr_networks.py:828] Flattened representation shape: (15488,)
I1129 02:11:59.214567 135686057183040 spr_networks.py:821] Spatial latent shape: (5, 11, 11, 128)
I1129 02:11:59.214805 135686057183040 spr_networks.py:828] Flattened representation shape: (5, 15488)
I1129 02:11:59.328622 135686057183040 spr_networks.py:821] Spatial latent shape: (11, 11, 128)
I1129 02:11:59.328828 135686057183040 spr_networks.py:828] Flattened representation shape: (15488,)
I1129 02:11:59.381281 135686057183040 spr_networks.py:821] Spatial latent shape: (5, 11, 11, 128)
I1129 02:11:59.381522 135686057183040 spr_networks.py:828] Flattened representation shape: (5, 15488)
I1129 02:12:00.856218 135686057183040 spr_agent.py:1537] Running 0 gradient steps after reset
I1129 02:27:22.208520 135686057183040 spr_agent.py:1473] 	 Resetting weights at step 40003.
I1129 02:27:22.214738 135686057183040 spr_agent.py:1537] Running 0 gradient steps after reset
I1129 02:42:39.812235 135686057183040 spr_agent.py:1473] 	 Resetting weights at step 60004.
I1129 02:42:39.818195 135686057183040 spr_agent.py:1537] Running 0 gradient steps after reset
I1129 02:57:57.441109 135686057183040 spr_agent.py:1466] 	 Not resetting at step 80005, as need at least 20000 before 100000 to recover.
I1129 03:13:14.530672 135686057183040 eval_run_experiment.py:493] Average undiscounted return per training episode: 2477.88
I1129 03:13:14.534123 135686057183040 eval_run_experiment.py:496] Average normalized return per training episode: 0.13
I1129 03:13:14.534206 135686057183040 eval_run_experiment.py:499] Average training steps per second: 21.23
I1129 03:13:26.032135 135686057183040 spr_networks.py:821] Spatial latent shape: (11, 11, 128)
I1129 03:13:26.032467 135686057183040 spr_networks.py:828] Flattened representation shape: (15488,)
I1129 03:18:10.622064 135686057183040 spr_networks.py:821] Spatial latent shape: (11, 11, 128)
I1129 03:18:10.623146 135686057183040 spr_networks.py:828] Flattened representation shape: (15488,)
I1129 03:18:21.962817 135686057183040 spr_networks.py:821] Spatial latent shape: (11, 11, 128)
I1129 03:18:21.963093 135686057183040 spr_networks.py:828] Flattened representation shape: (15488,)
I1129 03:18:23.238407 135686057183040 spr_networks.py:821] Spatial latent shape: (11, 11, 128)
I1129 03:18:23.238687 135686057183040 spr_networks.py:828] Flattened representation shape: (15488,)
I1129 03:18:24.646299 135686057183040 spr_networks.py:821] Spatial latent shape: (11, 11, 128)
I1129 03:18:24.646570 135686057183040 spr_networks.py:828] Flattened representation shape: (15488,)
I1129 03:18:27.156137 135686057183040 spr_networks.py:821] Spatial latent shape: (11, 11, 128)
I1129 03:18:27.156414 135686057183040 spr_networks.py:828] Flattened representation shape: (15488,)
I1129 03:18:28.420880 135686057183040 spr_networks.py:821] Spatial latent shape: (11, 11, 128)
I1129 03:18:28.421150 135686057183040 spr_networks.py:828] Flattened representation shape: (15488,)
I1129 03:18:29.874260 135686057183040 spr_networks.py:821] Spatial latent shape: (11, 11, 128)
I1129 03:18:29.874533 135686057183040 spr_networks.py:828] Flattened representation shape: (15488,)
I1129 03:18:53.146269 135686057183040 spr_networks.py:821] Spatial latent shape: (11, 11, 128)
I1129 03:18:53.146668 135686057183040 spr_networks.py:828] Flattened representation shape: (15488,)
I1129 03:18:55.219156 135686057183040 spr_networks.py:821] Spatial latent shape: (11, 11, 128)
I1129 03:18:55.219431 135686057183040 spr_networks.py:828] Flattened representation shape: (15488,)
I1129 03:18:56.898550 135686057183040 spr_networks.py:821] Spatial latent shape: (11, 11, 128)
I1129 03:18:56.898818 135686057183040 spr_networks.py:828] Flattened representation shape: (15488,)
I1129 03:19:14.466685 135686057183040 spr_networks.py:821] Spatial latent shape: (11, 11, 128)
I1129 03:19:14.467079 135686057183040 spr_networks.py:828] Flattened representation shape: (15488,)
I1129 03:19:21.242548 135686057183040 spr_networks.py:821] Spatial latent shape: (11, 11, 128)
I1129 03:19:21.242822 135686057183040 spr_networks.py:828] Flattened representation shape: (15488,)
I1129 03:19:23.413714 135686057183040 spr_networks.py:821] Spatial latent shape: (11, 11, 128)
I1129 03:19:23.413985 135686057183040 spr_networks.py:828] Flattened representation shape: (15488,)
I1129 03:19:35.075013 135686057183040 spr_networks.py:821] Spatial latent shape: (11, 11, 128)
I1129 03:19:35.075375 135686057183040 spr_networks.py:828] Flattened representation shape: (15488,)
I1129 03:19:36.480970 135686057183040 spr_networks.py:821] Spatial latent shape: (11, 11, 128)
I1129 03:19:36.481243 135686057183040 spr_networks.py:828] Flattened representation shape: (15488,)
I1129 03:19:40.041821 135686057183040 spr_networks.py:821] Spatial latent shape: (11, 11, 128)
I1129 03:19:40.042116 135686057183040 spr_networks.py:828] Flattened representation shape: (15488,)
I1129 03:19:41.865787 135686057183040 spr_networks.py:821] Spatial latent shape: (11, 11, 128)
I1129 03:19:41.866062 135686057183040 spr_networks.py:828] Flattened representation shape: (15488,)
I1129 03:19:56.716105 135686057183040 spr_networks.py:821] Spatial latent shape: (11, 11, 128)
I1129 03:19:56.716374 135686057183040 spr_networks.py:828] Flattened representation shape: (15488,)
I1129 03:20:00.249872 135686057183040 spr_networks.py:821] Spatial latent shape: (11, 11, 128)
I1129 03:20:00.250246 135686057183040 spr_networks.py:828] Flattened representation shape: (15488,)
I1129 03:20:01.519149 135686057183040 spr_networks.py:821] Spatial latent shape: (11, 11, 128)
I1129 03:20:01.519422 135686057183040 spr_networks.py:828] Flattened representation shape: (15488,)
I1129 03:20:02.659140 135686057183040 spr_networks.py:821] Spatial latent shape: (11, 11, 128)
I1129 03:20:02.659424 135686057183040 spr_networks.py:828] Flattened representation shape: (15488,)
I1129 03:20:03.786766 135686057183040 spr_networks.py:821] Spatial latent shape: (11, 11, 128)
I1129 03:20:03.787035 135686057183040 spr_networks.py:828] Flattened representation shape: (15488,)
I1129 03:20:04.915112 135686057183040 spr_networks.py:821] Spatial latent shape: (11, 11, 128)
I1129 03:20:04.915384 135686057183040 spr_networks.py:828] Flattened representation shape: (15488,)
I1129 03:20:06.040089 135686057183040 spr_networks.py:821] Spatial latent shape: (11, 11, 128)
I1129 03:20:06.040364 135686057183040 spr_networks.py:828] Flattened representation shape: (15488,)
I1129 03:20:07.164446 135686057183040 spr_networks.py:821] Spatial latent shape: (11, 11, 128)
I1129 03:20:07.164739 135686057183040 spr_networks.py:828] Flattened representation shape: (15488,)
I1129 03:20:08.280065 135686057183040 spr_networks.py:821] Spatial latent shape: (11, 11, 128)
I1129 03:20:08.280337 135686057183040 spr_networks.py:828] Flattened representation shape: (15488,)
I1129 03:20:09.432604 135686057183040 spr_networks.py:821] Spatial latent shape: (11, 11, 128)
I1129 03:20:09.432867 135686057183040 spr_networks.py:828] Flattened representation shape: (15488,)
I1129 03:20:10.536143 135686057183040 spr_networks.py:821] Spatial latent shape: (11, 11, 128)
I1129 03:20:10.536419 135686057183040 spr_networks.py:828] Flattened representation shape: (15488,)
I1129 03:20:11.627835 135686057183040 spr_networks.py:821] Spatial latent shape: (11, 11, 128)
I1129 03:20:11.628102 135686057183040 spr_networks.py:828] Flattened representation shape: (15488,)
I1129 03:20:12.760037 135686057183040 spr_networks.py:821] Spatial latent shape: (11, 11, 128)
I1129 03:20:12.760308 135686057183040 spr_networks.py:828] Flattened representation shape: (15488,)
I1129 03:20:13.840090 135686057183040 spr_networks.py:821] Spatial latent shape: (11, 11, 128)
I1129 03:20:13.840359 135686057183040 spr_networks.py:828] Flattened representation shape: (15488,)
I1129 03:20:14.914387 135686057183040 spr_networks.py:821] Spatial latent shape: (11, 11, 128)
I1129 03:20:14.914668 135686057183040 spr_networks.py:828] Flattened representation shape: (15488,)
I1129 03:20:15.989867 135686057183040 spr_networks.py:821] Spatial latent shape: (11, 11, 128)
I1129 03:20:15.990130 135686057183040 spr_networks.py:828] Flattened representation shape: (15488,)
I1129 03:20:17.175720 135686057183040 spr_networks.py:821] Spatial latent shape: (11, 11, 128)
I1129 03:20:17.175981 135686057183040 spr_networks.py:828] Flattened representation shape: (15488,)
I1129 03:20:18.220413 135686057183040 spr_networks.py:821] Spatial latent shape: (11, 11, 128)
I1129 03:20:18.220687 135686057183040 spr_networks.py:828] Flattened representation shape: (15488,)
I1129 03:20:19.252890 135686057183040 spr_networks.py:821] Spatial latent shape: (11, 11, 128)
I1129 03:20:19.253166 135686057183040 spr_networks.py:828] Flattened representation shape: (15488,)
I1129 03:20:20.298815 135686057183040 spr_networks.py:821] Spatial latent shape: (11, 11, 128)
I1129 03:20:20.299079 135686057183040 spr_networks.py:828] Flattened representation shape: (15488,)
I1129 03:20:21.323614 135686057183040 spr_networks.py:821] Spatial latent shape: (11, 11, 128)
I1129 03:20:21.323882 135686057183040 spr_networks.py:828] Flattened representation shape: (15488,)
I1129 03:20:22.372700 135686057183040 spr_networks.py:821] Spatial latent shape: (11, 11, 128)
I1129 03:20:22.372967 135686057183040 spr_networks.py:828] Flattened representation shape: (15488,)
I1129 03:20:23.382152 135686057183040 spr_networks.py:821] Spatial latent shape: (11, 11, 128)
I1129 03:20:23.382428 135686057183040 spr_networks.py:828] Flattened representation shape: (15488,)
I1129 03:20:24.394852 135686057183040 spr_networks.py:821] Spatial latent shape: (11, 11, 128)
I1129 03:20:24.395133 135686057183040 spr_networks.py:828] Flattened representation shape: (15488,)
I1129 03:20:25.404239 135686057183040 spr_networks.py:821] Spatial latent shape: (11, 11, 128)
I1129 03:20:25.404507 135686057183040 spr_networks.py:828] Flattened representation shape: (15488,)
I1129 03:20:26.403792 135686057183040 spr_networks.py:821] Spatial latent shape: (11, 11, 128)
I1129 03:20:26.404055 135686057183040 spr_networks.py:828] Flattened representation shape: (15488,)
I1129 03:20:27.675227 135686057183040 spr_networks.py:821] Spatial latent shape: (11, 11, 128)
I1129 03:20:27.675495 135686057183040 spr_networks.py:828] Flattened representation shape: (15488,)
I1129 03:20:29.258504 135686057183040 spr_networks.py:821] Spatial latent shape: (11, 11, 128)
I1129 03:20:29.258767 135686057183040 spr_networks.py:828] Flattened representation shape: (15488,)
I1129 03:20:32.014957 135686057183040 spr_networks.py:821] Spatial latent shape: (11, 11, 128)
I1129 03:20:32.015232 135686057183040 spr_networks.py:828] Flattened representation shape: (15488,)
I1129 03:20:35.125440 135686057183040 spr_networks.py:821] Spatial latent shape: (11, 11, 128)
I1129 03:20:35.125724 135686057183040 spr_networks.py:828] Flattened representation shape: (15488,)
I1129 03:20:36.631070 135686057183040 spr_networks.py:821] Spatial latent shape: (11, 11, 128)
I1129 03:20:36.631343 135686057183040 spr_networks.py:828] Flattened representation shape: (15488,)
I1129 03:20:40.216489 135686057183040 spr_networks.py:821] Spatial latent shape: (11, 11, 128)
I1129 03:20:40.216765 135686057183040 spr_networks.py:828] Flattened representation shape: (15488,)
I1129 03:20:41.917974 135686057183040 spr_networks.py:821] Spatial latent shape: (11, 11, 128)
I1129 03:20:41.918247 135686057183040 spr_networks.py:828] Flattened representation shape: (15488,)
I1129 03:20:42.930548 135686057183040 spr_networks.py:821] Spatial latent shape: (11, 11, 128)
I1129 03:20:42.930814 135686057183040 spr_networks.py:828] Flattened representation shape: (15488,)
I1129 03:20:44.782858 135686057183040 spr_networks.py:821] Spatial latent shape: (11, 11, 128)
I1129 03:20:44.783126 135686057183040 spr_networks.py:828] Flattened representation shape: (15488,)
I1129 03:20:45.959737 135686057183040 spr_networks.py:821] Spatial latent shape: (11, 11, 128)
I1129 03:20:45.960010 135686057183040 spr_networks.py:828] Flattened representation shape: (15488,)
I1129 03:20:50.830667 135686057183040 spr_networks.py:821] Spatial latent shape: (11, 11, 128)
I1129 03:20:50.830928 135686057183040 spr_networks.py:828] Flattened representation shape: (15488,)
I1129 03:20:51.851391 135686057183040 spr_networks.py:821] Spatial latent shape: (11, 11, 128)
I1129 03:20:51.851665 135686057183040 spr_networks.py:828] Flattened representation shape: (15488,)
I1129 03:20:57.433188 135686057183040 spr_networks.py:821] Spatial latent shape: (11, 11, 128)
I1129 03:20:57.433466 135686057183040 spr_networks.py:828] Flattened representation shape: (15488,)
I1129 03:20:58.617649 135686057183040 spr_networks.py:821] Spatial latent shape: (11, 11, 128)
I1129 03:20:58.617928 135686057183040 spr_networks.py:828] Flattened representation shape: (15488,)
I1129 03:21:01.247617 135686057183040 spr_networks.py:821] Spatial latent shape: (11, 11, 128)
I1129 03:21:01.247891 135686057183040 spr_networks.py:828] Flattened representation shape: (15488,)
I1129 03:21:02.370484 135686057183040 spr_networks.py:821] Spatial latent shape: (11, 11, 128)
I1129 03:21:02.370757 135686057183040 spr_networks.py:828] Flattened representation shape: (15488,)
I1129 03:21:07.327987 135686057183040 spr_networks.py:821] Spatial latent shape: (11, 11, 128)
I1129 03:21:07.328257 135686057183040 spr_networks.py:828] Flattened representation shape: (15488,)
I1129 03:21:08.366396 135686057183040 spr_networks.py:821] Spatial latent shape: (11, 11, 128)
I1129 03:21:08.366670 135686057183040 spr_networks.py:828] Flattened representation shape: (15488,)
I1129 03:21:10.555298 135686057183040 spr_networks.py:821] Spatial latent shape: (11, 11, 128)
I1129 03:21:10.555575 135686057183040 spr_networks.py:828] Flattened representation shape: (15488,)
I1129 03:21:11.493060 135686057183040 spr_networks.py:821] Spatial latent shape: (11, 11, 128)
I1129 03:21:11.493334 135686057183040 spr_networks.py:828] Flattened representation shape: (15488,)
I1129 03:21:13.251810 135686057183040 spr_networks.py:821] Spatial latent shape: (11, 11, 128)
I1129 03:21:13.252083 135686057183040 spr_networks.py:828] Flattened representation shape: (15488,)
I1129 03:21:14.600893 135686057183040 spr_networks.py:821] Spatial latent shape: (11, 11, 128)
I1129 03:21:14.601168 135686057183040 spr_networks.py:828] Flattened representation shape: (15488,)
I1129 03:21:16.207922 135686057183040 spr_networks.py:821] Spatial latent shape: (11, 11, 128)
I1129 03:21:16.208187 135686057183040 spr_networks.py:828] Flattened representation shape: (15488,)
I1129 03:21:17.646365 135686057183040 spr_networks.py:821] Spatial latent shape: (11, 11, 128)
I1129 03:21:17.646635 135686057183040 spr_networks.py:828] Flattened representation shape: (15488,)
I1129 03:21:19.271202 135686057183040 spr_networks.py:821] Spatial latent shape: (11, 11, 128)
I1129 03:21:19.271477 135686057183040 spr_networks.py:828] Flattened representation shape: (15488,)
I1129 03:21:21.268684 135686057183040 spr_networks.py:821] Spatial latent shape: (11, 11, 128)
I1129 03:21:21.268944 135686057183040 spr_networks.py:828] Flattened representation shape: (15488,)
I1129 03:21:22.542786 135686057183040 spr_networks.py:821] Spatial latent shape: (11, 11, 128)
I1129 03:21:22.543055 135686057183040 spr_networks.py:828] Flattened representation shape: (15488,)
I1129 03:21:23.777495 135686057183040 spr_networks.py:821] Spatial latent shape: (11, 11, 128)
I1129 03:21:23.777764 135686057183040 spr_networks.py:828] Flattened representation shape: (15488,)
I1129 03:21:24.875955 135686057183040 spr_networks.py:821] Spatial latent shape: (11, 11, 128)
I1129 03:21:24.876224 135686057183040 spr_networks.py:828] Flattened representation shape: (15488,)
I1129 03:21:26.200689 135686057183040 spr_networks.py:821] Spatial latent shape: (11, 11, 128)
I1129 03:21:26.200956 135686057183040 spr_networks.py:828] Flattened representation shape: (15488,)
I1129 03:21:27.433088 135686057183040 spr_networks.py:821] Spatial latent shape: (11, 11, 128)
I1129 03:21:27.433352 135686057183040 spr_networks.py:828] Flattened representation shape: (15488,)
I1129 03:21:28.610194 135686057183040 spr_networks.py:821] Spatial latent shape: (11, 11, 128)
I1129 03:21:28.610472 135686057183040 spr_networks.py:828] Flattened representation shape: (15488,)
I1129 03:21:30.156359 135686057183040 eval_run_experiment.py:537] Average undiscounted return per evaluation episode: 8721.50
I1129 03:21:30.156492 135686057183040 eval_run_experiment.py:544] Average normalized return per evaluation episode: 0.50
/nfs/nhome/live/rcdavis/bbf_UPER/bbf/replay_memory/subsequence_replay_buffer.py:781: FutureWarning: GzipFile was opened for writing, but this will change in future Python releases.  Specify the mode argument for opening it for writing.
  with gzip.GzipFile(fileobj=f) as outfile:
