Thu Nov 28 23:17:34 2024       
+-----------------------------------------------------------------------------------------+
| NVIDIA-SMI 560.35.03              Driver Version: 560.35.03      CUDA Version: 12.6     |
|-----------------------------------------+------------------------+----------------------+
| GPU  Name                 Persistence-M | Bus-Id          Disp.A | Volatile Uncorr. ECC |
| Fan  Temp   Perf          Pwr:Usage/Cap |           Memory-Usage | GPU-Util  Compute M. |
|                                         |                        |               MIG M. |
|=========================================+========================+======================|
|   0  NVIDIA H100 80GB HBM3          Off |   00000000:4E:00.0 Off |                    0 |
| N/A   34C    P0             70W /  700W |       1MiB /  81559MiB |      0%      Default |
|                                         |                        |             Disabled |
+-----------------------------------------+------------------------+----------------------+
                                                                                         
+-----------------------------------------------------------------------------------------+
| Processes:                                                                              |
|  GPU   GI   CI        PID   Type   Process name                              GPU Memory |
|        ID   ID                                                               Usage      |
|=========================================================================================|
|  No running processes found                                                             |
+-----------------------------------------------------------------------------------------+
gpu
Got gin bindings:
[]
Sanitized gin bindings to:
[]
Found devices [StreamExecutorGpuDevice(id=0, process_index=0, slice_index=0)]

Steps executed: 1268 Num episodes: 1 Episode length: 1268 Return: 4659.0 Normalized Return: 0.259

Steps executed: 1786 Num episodes: 2 Episode length: 518 Return: 1610.0 Normalized Return: -0.048

Steps executed: 2284 Num episodes: 3 Episode length: 498 Return: 1391.0 Normalized Return: -0.071

Steps executed: 3489 Num episodes: 4 Episode length: 1205 Return: 2443.0 Normalized Return: 0.035

Steps executed: 4107 Num episodes: 5 Episode length: 618 Return: 2988.0 Normalized Return: 0.09

Steps executed: 4695 Num episodes: 6 Episode length: 588 Return: 1982.0 Normalized Return: -0.011

Steps executed: 5333 Num episodes: 7 Episode length: 638 Return: 658.0 Normalized Return: -0.144

Steps executed: 6092 Num episodes: 8 Episode length: 759 Return: 2102.0 Normalized Return: 0.001

Steps executed: 6916 Num episodes: 9 Episode length: 824 Return: 2312.0 Normalized Return: 0.022

Steps executed: 7951 Num episodes: 10 Episode length: 1035 Return: 3505.0 Normalized Return: 0.142

Steps executed: 8821 Num episodes: 11 Episode length: 870 Return: 4627.0 Normalized Return: 0.255

Steps executed: 9287 Num episodes: 12 Episode length: 466 Return: 1084.0 Normalized Return: -0.101

Steps executed: 9959 Num episodes: 13 Episode length: 672 Return: 3136.0 Normalized Return: 0.105

Steps executed: 10885 Num episodes: 14 Episode length: 926 Return: 2148.0 Normalized Return: 0.006

Steps executed: 11709 Num episodes: 15 Episode length: 824 Return: 2651.0 Normalized Return: 0.056

Steps executed: 12673 Num episodes: 16 Episode length: 964 Return: 2231.0 Normalized Return: 0.014

Steps executed: 13741 Num episodes: 17 Episode length: 1068 Return: 5692.0 Normalized Return: 0.363

Steps executed: 14258 Num episodes: 18 Episode length: 517 Return: 2708.0 Normalized Return: 0.062

Steps executed: 14686 Num episodes: 19 Episode length: 428 Return: 732.0 Normalized Return: -0.137

Steps executed: 15172 Num episodes: 20 Episode length: 486 Return: 699.0 Normalized Return: -0.14

Steps executed: 15748 Num episodes: 21 Episode length: 576 Return: 2299.0 Normalized Return: 0.021

Steps executed: 16463 Num episodes: 22 Episode length: 715 Return: 1406.0 Normalized Return: -0.069

Steps executed: 17482 Num episodes: 23 Episode length: 1019 Return: 5532.0 Normalized Return: 0.347

Steps executed: 18166 Num episodes: 24 Episode length: 684 Return: 1803.0 Normalized Return: -0.029

Steps executed: 18492 Num episodes: 25 Episode length: 326 Return: 598.0 Normalized Return: -0.15

Steps executed: 19457 Num episodes: 26 Episode length: 965 Return: 5201.0 Normalized Return: 0.313

Steps executed: 20164 Num episodes: 27 Episode length: 707 Return: 2672.0 Normalized Return: 0.059

Steps executed: 21121 Num episodes: 28 Episode length: 957 Return: 1967.0 Normalized Return: -0.012

Steps executed: 21895 Num episodes: 29 Episode length: 774 Return: 1779.0 Normalized Return: -0.031

Steps executed: 22604 Num episodes: 30 Episode length: 709 Return: 4167.0 Normalized Return: 0.209

Steps executed: 23863 Num episodes: 31 Episode length: 1259 Return: 9605.0 Normalized Return: 0.757

Steps executed: 24629 Num episodes: 32 Episode length: 766 Return: 5176.0 Normalized Return: 0.311

Steps executed: 25056 Num episodes: 33 Episode length: 427 Return: 1613.0 Normalized Return: -0.048

Steps executed: 26359 Num episodes: 34 Episode length: 1303 Return: 7462.0 Normalized Return: 0.541

Steps executed: 27207 Num episodes: 35 Episode length: 848 Return: 5180.0 Normalized Return: 0.311

Steps executed: 27747 Num episodes: 36 Episode length: 540 Return: 2368.0 Normalized Return: 0.028

Steps executed: 28217 Num episodes: 37 Episode length: 470 Return: 2804.0 Normalized Return: 0.072

Steps executed: 28884 Num episodes: 38 Episode length: 667 Return: 3561.0 Normalized Return: 0.148

Steps executed: 30055 Num episodes: 39 Episode length: 1171 Return: 6173.0 Normalized Return: 0.411

Steps executed: 30983 Num episodes: 40 Episode length: 928 Return: 6611.0 Normalized Return: 0.455

Steps executed: 31938 Num episodes: 41 Episode length: 955 Return: 3544.0 Normalized Return: 0.146

Steps executed: 32790 Num episodes: 42 Episode length: 852 Return: 5908.0 Normalized Return: 0.385

Steps executed: 33823 Num episodes: 43 Episode length: 1033 Return: 4552.0 Normalized Return: 0.248

Steps executed: 34471 Num episodes: 44 Episode length: 648 Return: 4956.0 Normalized Return: 0.289

Steps executed: 35221 Num episodes: 45 Episode length: 750 Return: 3440.0 Normalized Return: 0.136

Steps executed: 36046 Num episodes: 46 Episode length: 825 Return: 3308.0 Normalized Return: 0.123

Steps executed: 37022 Num episodes: 47 Episode length: 976 Return: 4957.0 Normalized Return: 0.289

Steps executed: 37602 Num episodes: 48 Episode length: 580 Return: 2936.0 Normalized Return: 0.085

Steps executed: 38383 Num episodes: 49 Episode length: 781 Return: 5594.0 Normalized Return: 0.353

Steps executed: 39124 Num episodes: 50 Episode length: 741 Return: 4459.0 Normalized Return: 0.239

Steps executed: 40476 Num episodes: 51 Episode length: 1352 Return: 6438.0 Normalized Return: 0.438

Steps executed: 41077 Num episodes: 52 Episode length: 601 Return: 4827.0 Normalized Return: 0.276

Steps executed: 42031 Num episodes: 53 Episode length: 954 Return: 7147.0 Normalized Return: 0.509

Steps executed: 42927 Num episodes: 54 Episode length: 896 Return: 5483.0 Normalized Return: 0.342

Steps executed: 43445 Num episodes: 55 Episode length: 518 Return: 2367.0 Normalized Return: 0.028

Steps executed: 43946 Num episodes: 56 Episode length: 501 Return: 1882.0 Normalized Return: -0.021

Steps executed: 44877 Num episodes: 57 Episode length: 931 Return: 5983.0 Normalized Return: 0.392

Steps executed: 45838 Num episodes: 58 Episode length: 961 Return: 6157.0 Normalized Return: 0.41

Steps executed: 46541 Num episodes: 59 Episode length: 703 Return: 4271.0 Normalized Return: 0.22

Steps executed: 47227 Num episodes: 60 Episode length: 686 Return: 3255.0 Normalized Return: 0.117

Steps executed: 48173 Num episodes: 61 Episode length: 946 Return: 7722.0 Normalized Return: 0.567

Steps executed: 49156 Num episodes: 62 Episode length: 983 Return: 6445.0 Normalized Return: 0.439

Steps executed: 49956 Num episodes: 63 Episode length: 800 Return: 4979.0 Normalized Return: 0.291

Steps executed: 51232 Num episodes: 64 Episode length: 1276 Return: 10874.0 Normalized Return: 0.885

Steps executed: 51929 Num episodes: 65 Episode length: 697 Return: 4625.0 Normalized Return: 0.255

Steps executed: 52867 Num episodes: 66 Episode length: 938 Return: 5506.0 Normalized Return: 0.344

Steps executed: 53437 Num episodes: 67 Episode length: 570 Return: 3012.0 Normalized Return: 0.093

Steps executed: 53829 Num episodes: 68 Episode length: 392 Return: 1401.0 Normalized Return: -0.07

Steps executed: 54860 Num episodes: 69 Episode length: 1031 Return: 6088.0 Normalized Return: 0.403

Steps executed: 55339 Num episodes: 70 Episode length: 479 Return: 2119.0 Normalized Return: 0.003

Steps executed: 56175 Num episodes: 71 Episode length: 836 Return: 4937.0 Normalized Return: 0.287

Steps executed: 56953 Num episodes: 72 Episode length: 778 Return: 4872.0 Normalized Return: 0.28

Steps executed: 57448 Num episodes: 73 Episode length: 495 Return: 2001.0 Normalized Return: -0.009

Steps executed: 58784 Num episodes: 74 Episode length: 1336 Return: 12915.0 Normalized Return: 1.09

Steps executed: 59402 Num episodes: 75 Episode length: 618 Return: 3737.0 Normalized Return: 0.166

Steps executed: 60497 Num episodes: 76 Episode length: 1095 Return: 6744.0 Normalized Return: 0.469

Steps executed: 61164 Num episodes: 77 Episode length: 667 Return: 4479.0 Normalized Return: 0.241

Steps executed: 61823 Num episodes: 78 Episode length: 659 Return: 1517.0 Normalized Return: -0.058

Steps executed: 62377 Num episodes: 79 Episode length: 554 Return: 2778.0 Normalized Return: 0.069

Steps executed: 62757 Num episodes: 80 Episode length: 380 Return: 763.0 Normalized Return: -0.134

Steps executed: 63698 Num episodes: 81 Episode length: 941 Return: 7444.0 Normalized Return: 0.539

Steps executed: 64607 Num episodes: 82 Episode length: 909 Return: 6497.0 Normalized Return: 0.444

Steps executed: 65278 Num episodes: 83 Episode length: 671 Return: 5822.0 Normalized Return: 0.376

Steps executed: 65657 Num episodes: 84 Episode length: 379 Return: 1334.0 Normalized Return: -0.076

Steps executed: 66148 Num episodes: 85 Episode length: 491 Return: 1397.0 Normalized Return: -0.07

Steps executed: 66986 Num episodes: 86 Episode length: 838 Return: 3094.0 Normalized Return: 0.101

Steps executed: 67413 Num episodes: 87 Episode length: 427 Return: 2044.0 Normalized Return: -0.005

Steps executed: 68292 Num episodes: 88 Episode length: 879 Return: 7068.0 Normalized Return: 0.501

Steps executed: 69428 Num episodes: 89 Episode length: 1136 Return: 7528.0 Normalized Return: 0.548

Steps executed: 70017 Num episodes: 90 Episode length: 589 Return: 3751.0 Normalized Return: 0.167

Steps executed: 70431 Num episodes: 91 Episode length: 414 Return: 2335.0 Normalized Return: 0.025

Steps executed: 71269 Num episodes: 92 Episode length: 838 Return: 5330.0 Normalized Return: 0.326

Steps executed: 71989 Num episodes: 93 Episode length: 720 Return: 4275.0 Normalized Return: 0.22

Steps executed: 72801 Num episodes: 94 Episode length: 812 Return: 5068.0 Normalized Return: 0.3

Steps executed: 73319 Num episodes: 95 Episode length: 518 Return: 2491.0 Normalized Return: 0.04

Steps executed: 73718 Num episodes: 96 Episode length: 399 Return: 1954.0 Normalized Return: -0.014

Steps executed: 74400 Num episodes: 97 Episode length: 682 Return: 4767.0 Normalized Return: 0.27

Steps executed: 74941 Num episodes: 98 Episode length: 541 Return: 2912.0 Normalized Return: 0.083

Steps executed: 75651 Num episodes: 99 Episode length: 710 Return: 3294.0 Normalized Return: 0.121

Steps executed: 76475 Num episodes: 100 Episode length: 824 Return: 5054.0 Normalized Return: 0.299

Steps executed: 77182 Num episodes: 101 Episode length: 707 Return: 4509.0 Normalized Return: 0.244

Steps executed: 78008 Num episodes: 102 Episode length: 826 Return: 6551.0 Normalized Return: 0.449

Steps executed: 78972 Num episodes: 103 Episode length: 964 Return: 5972.0 Normalized Return: 0.391

Steps executed: 80207 Num episodes: 104 Episode length: 1235 Return: 8486.0 Normalized Return: 0.644

Steps executed: 80828 Num episodes: 105 Episode length: 621 Return: 4707.0 Normalized Return: 0.264

Steps executed: 81812 Num episodes: 106 Episode length: 984 Return: 9361.0 Normalized Return: 0.732

Steps executed: 83569 Num episodes: 107 Episode length: 1757 Return: 13861.0 Normalized Return: 1.186

Steps executed: 84610 Num episodes: 108 Episode length: 1041 Return: 8310.0 Normalized Return: 0.627

Steps executed: 85334 Num episodes: 109 Episode length: 724 Return: 6121.0 Normalized Return: 0.406

Steps executed: 86480 Num episodes: 110 Episode length: 1146 Return: 9900.0 Normalized Return: 0.787

Steps executed: 87567 Num episodes: 111 Episode length: 1087 Return: 7282.0 Normalized Return: 0.523

Steps executed: 88515 Num episodes: 112 Episode length: 948 Return: 6102.0 Normalized Return: 0.404

Steps executed: 88821 Num episodes: 113 Episode length: 306 Return: 984.0 Normalized Return: -0.112

Steps executed: 89605 Num episodes: 114 Episode length: 784 Return: 3040.0 Normalized Return: 0.096

Steps executed: 90116 Num episodes: 115 Episode length: 511 Return: 1987.0 Normalized Return: -0.01

Steps executed: 90564 Num episodes: 116 Episode length: 448 Return: 2783.0 Normalized Return: 0.07

Steps executed: 90907 Num episodes: 117 Episode length: 343 Return: 696.0 Normalized Return: -0.141

Steps executed: 91703 Num episodes: 118 Episode length: 796 Return: 5130.0 Normalized Return: 0.306

Steps executed: 92441 Num episodes: 119 Episode length: 738 Return: 4301.0 Normalized Return: 0.223

Steps executed: 93349 Num episodes: 120 Episode length: 908 Return: 5986.0 Normalized Return: 0.392

Steps executed: 94165 Num episodes: 121 Episode length: 816 Return: 3824.0 Normalized Return: 0.175

Steps executed: 94906 Num episodes: 122 Episode length: 741 Return: 3776.0 Normalized Return: 0.17

Steps executed: 96029 Num episodes: 123 Episode length: 1123 Return: 5728.0 Normalized Return: 0.366

Steps executed: 96709 Num episodes: 124 Episode length: 680 Return: 4126.0 Normalized Return: 0.205

Steps executed: 97766 Num episodes: 125 Episode length: 1057 Return: 7211.0 Normalized Return: 0.516

Steps executed: 98317 Num episodes: 126 Episode length: 551 Return: 2629.0 Normalized Return: 0.054

Steps executed: 99648 Num episodes: 127 Episode length: 1331 Return: 11326.0 Normalized Return: 0.93

Steps executed: 26200 Num episodes: 1 Episode length: 262 Return: 587.0 Normalized Return: -0.152

Steps executed: 26200 Num episodes: 2 Episode length: 262 Return: 587.0 Normalized Return: -0.152

Steps executed: 26200 Num episodes: 3 Episode length: 262 Return: 587.0 Normalized Return: -0.152

Steps executed: 26200 Num episodes: 4 Episode length: 262 Return: 587.0 Normalized Return: -0.152

Steps executed: 36952 Num episodes: 5 Episode length: 374 Return: 955.0 Normalized Return: -0.114

Steps executed: 36952 Num episodes: 6 Episode length: 374 Return: 955.0 Normalized Return: -0.114

Steps executed: 36952 Num episodes: 7 Episode length: 374 Return: 955.0 Normalized Return: -0.114

Steps executed: 36952 Num episodes: 8 Episode length: 374 Return: 955.0 Normalized Return: -0.114

Steps executed: 39804 Num episodes: 9 Episode length: 405 Return: 1117.0 Normalized Return: -0.098

Steps executed: 40623 Num episodes: 10 Episode length: 414 Return: 1131.0 Normalized Return: -0.097

Steps executed: 40623 Num episodes: 11 Episode length: 414 Return: 1131.0 Normalized Return: -0.097

Steps executed: 40623 Num episodes: 12 Episode length: 414 Return: 1131.0 Normalized Return: -0.097

Steps executed: 43527 Num episodes: 13 Episode length: 447 Return: 1001.0 Normalized Return: -0.11

Steps executed: 43527 Num episodes: 14 Episode length: 447 Return: 1001.0 Normalized Return: -0.11

Steps executed: 43527 Num episodes: 15 Episode length: 447 Return: 1001.0 Normalized Return: -0.11

Steps executed: 45057 Num episodes: 16 Episode length: 465 Return: 2598.0 Normalized Return: 0.051

Steps executed: 46233 Num episodes: 17 Episode length: 479 Return: 1905.0 Normalized Return: -0.019

Steps executed: 46233 Num episodes: 18 Episode length: 479 Return: 1905.0 Normalized Return: -0.019

Steps executed: 47627 Num episodes: 19 Episode length: 496 Return: 2402.0 Normalized Return: 0.031

Steps executed: 49490 Num episodes: 20 Episode length: 519 Return: 1982.0 Normalized Return: -0.011

Steps executed: 49810 Num episodes: 21 Episode length: 523 Return: 3252.0 Normalized Return: 0.117

Steps executed: 49810 Num episodes: 22 Episode length: 523 Return: 3252.0 Normalized Return: 0.117

Steps executed: 49810 Num episodes: 23 Episode length: 523 Return: 3252.0 Normalized Return: 0.117

Steps executed: 50426 Num episodes: 24 Episode length: 531 Return: 2490.0 Normalized Return: 0.04

Steps executed: 50426 Num episodes: 25 Episode length: 531 Return: 2490.0 Normalized Return: 0.04

Steps executed: 50426 Num episodes: 26 Episode length: 531 Return: 2490.0 Normalized Return: 0.04

Steps executed: 51610 Num episodes: 27 Episode length: 547 Return: 3530.0 Normalized Return: 0.145

Steps executed: 51756 Num episodes: 28 Episode length: 549 Return: 2224.0 Normalized Return: 0.013

Steps executed: 52908 Num episodes: 29 Episode length: 565 Return: 3591.0 Normalized Return: 0.151

Steps executed: 52908 Num episodes: 30 Episode length: 565 Return: 3591.0 Normalized Return: 0.151

Steps executed: 52908 Num episodes: 31 Episode length: 565 Return: 3591.0 Normalized Return: 0.151

Steps executed: 53598 Num episodes: 32 Episode length: 575 Return: 3337.0 Normalized Return: 0.126

Steps executed: 53666 Num episodes: 33 Episode length: 576 Return: 2759.0 Normalized Return: 0.067

Steps executed: 55341 Num episodes: 34 Episode length: 601 Return: 1565.0 Normalized Return: -0.053

Steps executed: 55341 Num episodes: 35 Episode length: 601 Return: 1565.0 Normalized Return: -0.053

Steps executed: 56121 Num episodes: 36 Episode length: 613 Return: 3783.0 Normalized Return: 0.17

Steps executed: 56121 Num episodes: 37 Episode length: 613 Return: 3783.0 Normalized Return: 0.17

Steps executed: 56121 Num episodes: 38 Episode length: 613 Return: 3783.0 Normalized Return: 0.17

Steps executed: 56431 Num episodes: 39 Episode length: 618 Return: 2089.0 Normalized Return: -0.0

Steps executed: 57102 Num episodes: 40 Episode length: 629 Return: 1762.0 Normalized Return: -0.033

Steps executed: 57162 Num episodes: 41 Episode length: 630 Return: 2158.0 Normalized Return: 0.007

Steps executed: 57516 Num episodes: 42 Episode length: 636 Return: 2646.0 Normalized Return: 0.056

Steps executed: 57516 Num episodes: 43 Episode length: 636 Return: 2646.0 Normalized Return: 0.056

Steps executed: 58029 Num episodes: 44 Episode length: 645 Return: 2662.0 Normalized Return: 0.058

Steps executed: 58029 Num episodes: 45 Episode length: 645 Return: 2662.0 Normalized Return: 0.058

Steps executed: 58084 Num episodes: 46 Episode length: 646 Return: 4000.0 Normalized Return: 0.192

Steps executed: 59758 Num episodes: 47 Episode length: 677 Return: 2191.0 Normalized Return: 0.01

Steps executed: 59758 Num episodes: 48 Episode length: 677 Return: 2191.0 Normalized Return: 0.01

Steps executed: 60278 Num episodes: 49 Episode length: 687 Return: 3245.0 Normalized Return: 0.116

Steps executed: 62012 Num episodes: 50 Episode length: 721 Return: 5913.0 Normalized Return: 0.385

Steps executed: 62012 Num episodes: 51 Episode length: 721 Return: 5913.0 Normalized Return: 0.385

Steps executed: 62012 Num episodes: 52 Episode length: 721 Return: 5913.0 Normalized Return: 0.385

Steps executed: 62012 Num episodes: 53 Episode length: 721 Return: 5913.0 Normalized Return: 0.385

Steps executed: 62012 Num episodes: 54 Episode length: 721 Return: 5913.0 Normalized Return: 0.385

Steps executed: 62012 Num episodes: 55 Episode length: 721 Return: 5913.0 Normalized Return: 0.385

Steps executed: 62192 Num episodes: 56 Episode length: 725 Return: 3658.0 Normalized Return: 0.158

Steps executed: 62192 Num episodes: 57 Episode length: 725 Return: 3658.0 Normalized Return: 0.158

Steps executed: 62192 Num episodes: 58 Episode length: 725 Return: 3658.0 Normalized Return: 0.158

Steps executed: 62192 Num episodes: 59 Episode length: 725 Return: 3658.0 Normalized Return: 0.158

Steps executed: 62807 Num episodes: 60 Episode length: 740 Return: 4095.0 Normalized Return: 0.202

Steps executed: 63047 Num episodes: 61 Episode length: 746 Return: 5504.0 Normalized Return: 0.344

Steps executed: 63554 Num episodes: 62 Episode length: 759 Return: 4167.0 Normalized Return: 0.209

Steps executed: 64200 Num episodes: 63 Episode length: 776 Return: 4222.0 Normalized Return: 0.215

Steps executed: 64755 Num episodes: 64 Episode length: 791 Return: 4662.0 Normalized Return: 0.259

Steps executed: 64755 Num episodes: 65 Episode length: 791 Return: 4662.0 Normalized Return: 0.259

Steps executed: 65000 Num episodes: 66 Episode length: 798 Return: 5340.0 Normalized Return: 0.327

Steps executed: 65612 Num episodes: 67 Episode length: 816 Return: 5766.0 Normalized Return: 0.37

Steps executed: 65744 Num episodes: 68 Episode length: 820 Return: 5376.0 Normalized Return: 0.331

Steps executed: 65744 Num episodes: 69 Episode length: 820 Return: 5376.0 Normalized Return: 0.331

Steps executed: 65744 Num episodes: 70 Episode length: 820 Return: 5376.0 Normalized Return: 0.331

Steps executed: 65744 Num episodes: 71 Episode length: 820 Return: 5376.0 Normalized Return: 0.331

Steps executed: 65744 Num episodes: 72 Episode length: 820 Return: 5376.0 Normalized Return: 0.331

Steps executed: 67144 Num episodes: 73 Episode length: 870 Return: 5417.0 Normalized Return: 0.335

Steps executed: 67441 Num episodes: 74 Episode length: 881 Return: 6705.0 Normalized Return: 0.465

Steps executed: 67441 Num episodes: 75 Episode length: 881 Return: 6705.0 Normalized Return: 0.465

Steps executed: 67441 Num episodes: 76 Episode length: 881 Return: 6705.0 Normalized Return: 0.465

Steps executed: 67441 Num episodes: 77 Episode length: 881 Return: 6705.0 Normalized Return: 0.465

Steps executed: 67441 Num episodes: 78 Episode length: 881 Return: 6705.0 Normalized Return: 0.465

Steps executed: 67507 Num episodes: 79 Episode length: 884 Return: 5994.0 Normalized Return: 0.393

Steps executed: 67654 Num episodes: 80 Episode length: 891 Return: 3278.0 Normalized Return: 0.12

Steps executed: 67674 Num episodes: 81 Episode length: 892 Return: 6289.0 Normalized Return: 0.423

Steps executed: 67769 Num episodes: 82 Episode length: 897 Return: 6424.0 Normalized Return: 0.437

Steps executed: 68849 Num episodes: 83 Episode length: 957 Return: 5850.0 Normalized Return: 0.379

Steps executed: 68866 Num episodes: 84 Episode length: 958 Return: 4538.0 Normalized Return: 0.247

Steps executed: 69362 Num episodes: 85 Episode length: 989 Return: 6128.0 Normalized Return: 0.407

Steps executed: 69437 Num episodes: 86 Episode length: 994 Return: 5832.0 Normalized Return: 0.377

Steps executed: 69521 Num episodes: 87 Episode length: 1000 Return: 6634.0 Normalized Return: 0.458

Steps executed: 69534 Num episodes: 88 Episode length: 1001 Return: 7246.0 Normalized Return: 0.519

Steps executed: 69738 Num episodes: 89 Episode length: 1018 Return: 8055.0 Normalized Return: 0.601

Steps executed: 69980 Num episodes: 90 Episode length: 1040 Return: 6052.0 Normalized Return: 0.399

Steps executed: 70170 Num episodes: 91 Episode length: 1059 Return: 8683.0 Normalized Return: 0.664

Steps executed: 70278 Num episodes: 92 Episode length: 1071 Return: 7900.0 Normalized Return: 0.585

Steps executed: 70374 Num episodes: 93 Episode length: 1083 Return: 8044.0 Normalized Return: 0.6

Steps executed: 70640 Num episodes: 94 Episode length: 1121 Return: 8176.0 Normalized Return: 0.613

Steps executed: 70730 Num episodes: 95 Episode length: 1136 Return: 4959.0 Normalized Return: 0.289

Steps executed: 70750 Num episodes: 96 Episode length: 1140 Return: 4959.0 Normalized Return: 0.289

Steps executed: 71534 Num episodes: 97 Episode length: 1336 Return: 8694.0 Normalized Return: 0.665

Steps executed: 72248 Num episodes: 98 Episode length: 1574 Return: 15797.0 Normalized Return: 1.381

Steps executed: 72248 Num episodes: 99 Episode length: 1574 Return: 15797.0 Normalized Return: 1.381

Steps executed: 72248 Num episodes: 100 Episode length: 1574 Return: 15797.0 Normalized Return: 1.381
