Thu Nov 28 23:17:34 2024       
+-----------------------------------------------------------------------------------------+
| NVIDIA-SMI 560.35.03              Driver Version: 560.35.03      CUDA Version: 12.6     |
|-----------------------------------------+------------------------+----------------------+
| GPU  Name                 Persistence-M | Bus-Id          Disp.A | Volatile Uncorr. ECC |
| Fan  Temp   Perf          Pwr:Usage/Cap |           Memory-Usage | GPU-Util  Compute M. |
|                                         |                        |               MIG M. |
|=========================================+========================+======================|
|   0  NVIDIA H100 80GB HBM3          Off |   00000001:24:00.0 Off |                    0 |
| N/A   28C    P0             70W /  700W |       1MiB /  81559MiB |      0%      Default |
|                                         |                        |             Disabled |
+-----------------------------------------+------------------------+----------------------+
                                                                                         
+-----------------------------------------------------------------------------------------+
| Processes:                                                                              |
|  GPU   GI   CI        PID   Type   Process name                              GPU Memory |
|        ID   ID                                                               Usage      |
|=========================================================================================|
|  No running processes found                                                             |
+-----------------------------------------------------------------------------------------+
gpu
Got gin bindings:
[]
Sanitized gin bindings to:
[]
Found devices [StreamExecutorGpuDevice(id=0, process_index=0, slice_index=0)]

Steps executed: 533 Num episodes: 1 Episode length: 533 Return: 0.0 Normalized Return: -0.003

Steps executed: 1150 Num episodes: 2 Episode length: 617 Return: 12.0 Normalized Return: 0.004

Steps executed: 1715 Num episodes: 3 Episode length: 565 Return: 1.0 Normalized Return: -0.003

Steps executed: 2274 Num episodes: 4 Episode length: 559 Return: 3.0 Normalized Return: -0.002

Steps executed: 3089 Num episodes: 5 Episode length: 815 Return: 17.0 Normalized Return: 0.007

Steps executed: 3729 Num episodes: 6 Episode length: 640 Return: 97.0 Normalized Return: 0.053

Steps executed: 4399 Num episodes: 7 Episode length: 670 Return: 32.0 Normalized Return: 0.015

Steps executed: 5193 Num episodes: 8 Episode length: 794 Return: 77.0 Normalized Return: 0.042

Steps executed: 5763 Num episodes: 9 Episode length: 570 Return: 12.0 Normalized Return: 0.004

Steps executed: 6556 Num episodes: 10 Episode length: 793 Return: 96.0 Normalized Return: 0.053

Steps executed: 7548 Num episodes: 11 Episode length: 992 Return: 40.0 Normalized Return: 0.02

Steps executed: 8204 Num episodes: 12 Episode length: 656 Return: 108.0 Normalized Return: 0.06

Steps executed: 9003 Num episodes: 13 Episode length: 799 Return: 108.0 Normalized Return: 0.06

Steps executed: 9617 Num episodes: 14 Episode length: 614 Return: 50.0 Normalized Return: 0.026

Steps executed: 10560 Num episodes: 15 Episode length: 943 Return: 153.0 Normalized Return: 0.086

Steps executed: 11057 Num episodes: 16 Episode length: 497 Return: 69.0 Normalized Return: 0.037

Steps executed: 11668 Num episodes: 17 Episode length: 611 Return: 107.0 Normalized Return: 0.059

Steps executed: 12351 Num episodes: 18 Episode length: 683 Return: 91.0 Normalized Return: 0.05

Steps executed: 12880 Num episodes: 19 Episode length: 529 Return: 71.0 Normalized Return: 0.038

Steps executed: 13627 Num episodes: 20 Episode length: 747 Return: 100.0 Normalized Return: 0.055

Steps executed: 14590 Num episodes: 21 Episode length: 963 Return: 105.0 Normalized Return: 0.058

Steps executed: 15260 Num episodes: 22 Episode length: 670 Return: 91.0 Normalized Return: 0.05

Steps executed: 16115 Num episodes: 23 Episode length: 855 Return: 157.0 Normalized Return: 0.088

Steps executed: 17001 Num episodes: 24 Episode length: 886 Return: 56.0 Normalized Return: 0.029

Steps executed: 17865 Num episodes: 25 Episode length: 864 Return: 77.0 Normalized Return: 0.042

Steps executed: 18653 Num episodes: 26 Episode length: 788 Return: 66.0 Normalized Return: 0.035

Steps executed: 19551 Num episodes: 27 Episode length: 898 Return: 96.0 Normalized Return: 0.053

Steps executed: 20171 Num episodes: 28 Episode length: 620 Return: 76.0 Normalized Return: 0.041

Steps executed: 20550 Num episodes: 29 Episode length: 379 Return: 12.0 Normalized Return: 0.004

Steps executed: 21056 Num episodes: 30 Episode length: 506 Return: 16.0 Normalized Return: 0.006

Steps executed: 21802 Num episodes: 31 Episode length: 746 Return: 156.0 Normalized Return: 0.088

Steps executed: 22448 Num episodes: 32 Episode length: 646 Return: 143.0 Normalized Return: 0.08

Steps executed: 23336 Num episodes: 33 Episode length: 888 Return: 133.0 Normalized Return: 0.074

Steps executed: 24221 Num episodes: 34 Episode length: 885 Return: 124.0 Normalized Return: 0.069

Steps executed: 25073 Num episodes: 35 Episode length: 852 Return: 148.0 Normalized Return: 0.083

Steps executed: 26322 Num episodes: 36 Episode length: 1249 Return: 202.0 Normalized Return: 0.114

Steps executed: 27105 Num episodes: 37 Episode length: 783 Return: 98.0 Normalized Return: 0.054

Steps executed: 27960 Num episodes: 38 Episode length: 855 Return: 84.0 Normalized Return: 0.046

Steps executed: 28789 Num episodes: 39 Episode length: 829 Return: 110.0 Normalized Return: 0.061

Steps executed: 30017 Num episodes: 40 Episode length: 1228 Return: 98.0 Normalized Return: 0.054

Steps executed: 30948 Num episodes: 41 Episode length: 931 Return: 109.0 Normalized Return: 0.06

Steps executed: 31688 Num episodes: 42 Episode length: 740 Return: 74.0 Normalized Return: 0.04

Steps executed: 32563 Num episodes: 43 Episode length: 875 Return: 94.0 Normalized Return: 0.051

Steps executed: 33463 Num episodes: 44 Episode length: 900 Return: 94.0 Normalized Return: 0.051

Steps executed: 34871 Num episodes: 45 Episode length: 1408 Return: 175.0 Normalized Return: 0.099

Steps executed: 35734 Num episodes: 46 Episode length: 863 Return: 81.0 Normalized Return: 0.044

Steps executed: 37156 Num episodes: 47 Episode length: 1422 Return: 295.0 Normalized Return: 0.169

Steps executed: 38355 Num episodes: 48 Episode length: 1199 Return: 169.0 Normalized Return: 0.095

Steps executed: 39517 Num episodes: 49 Episode length: 1162 Return: 220.0 Normalized Return: 0.125

Steps executed: 40552 Num episodes: 50 Episode length: 1035 Return: 82.0 Normalized Return: 0.044

Steps executed: 41337 Num episodes: 51 Episode length: 785 Return: 80.0 Normalized Return: 0.043

Steps executed: 42335 Num episodes: 52 Episode length: 998 Return: 64.0 Normalized Return: 0.034

Steps executed: 43207 Num episodes: 53 Episode length: 872 Return: 163.0 Normalized Return: 0.092

Steps executed: 44270 Num episodes: 54 Episode length: 1063 Return: 165.0 Normalized Return: 0.093

Steps executed: 45162 Num episodes: 55 Episode length: 892 Return: 108.0 Normalized Return: 0.06

Steps executed: 46265 Num episodes: 56 Episode length: 1103 Return: 137.0 Normalized Return: 0.077

Steps executed: 47432 Num episodes: 57 Episode length: 1167 Return: 199.0 Normalized Return: 0.113

Steps executed: 48640 Num episodes: 58 Episode length: 1208 Return: 238.0 Normalized Return: 0.135

Steps executed: 49789 Num episodes: 59 Episode length: 1149 Return: 178.0 Normalized Return: 0.1

Steps executed: 50641 Num episodes: 60 Episode length: 852 Return: 157.0 Normalized Return: 0.088

Steps executed: 52184 Num episodes: 61 Episode length: 1543 Return: 242.0 Normalized Return: 0.138

Steps executed: 53568 Num episodes: 62 Episode length: 1384 Return: 136.0 Normalized Return: 0.076

Steps executed: 54423 Num episodes: 63 Episode length: 855 Return: 121.0 Normalized Return: 0.067

Steps executed: 55487 Num episodes: 64 Episode length: 1064 Return: 190.0 Normalized Return: 0.107

Steps executed: 56823 Num episodes: 65 Episode length: 1336 Return: 338.0 Normalized Return: 0.194

Steps executed: 57872 Num episodes: 66 Episode length: 1049 Return: 140.0 Normalized Return: 0.078

Steps executed: 58702 Num episodes: 67 Episode length: 830 Return: 107.0 Normalized Return: 0.059

Steps executed: 60164 Num episodes: 68 Episode length: 1462 Return: 273.0 Normalized Return: 0.156

Steps executed: 60792 Num episodes: 69 Episode length: 628 Return: 33.0 Normalized Return: 0.016

Steps executed: 61612 Num episodes: 70 Episode length: 820 Return: 89.0 Normalized Return: 0.049

Steps executed: 63092 Num episodes: 71 Episode length: 1480 Return: 240.0 Normalized Return: 0.137

Steps executed: 64034 Num episodes: 72 Episode length: 942 Return: 121.0 Normalized Return: 0.067

Steps executed: 64927 Num episodes: 73 Episode length: 893 Return: 103.0 Normalized Return: 0.057

Steps executed: 65731 Num episodes: 74 Episode length: 804 Return: 114.0 Normalized Return: 0.063

Steps executed: 66786 Num episodes: 75 Episode length: 1055 Return: 130.0 Normalized Return: 0.072

Steps executed: 67847 Num episodes: 76 Episode length: 1061 Return: 181.0 Normalized Return: 0.102

Steps executed: 69609 Num episodes: 77 Episode length: 1762 Return: 280.0 Normalized Return: 0.16

Steps executed: 71098 Num episodes: 78 Episode length: 1489 Return: 399.0 Normalized Return: 0.229

Steps executed: 72511 Num episodes: 79 Episode length: 1413 Return: 233.0 Normalized Return: 0.133

Steps executed: 74037 Num episodes: 80 Episode length: 1526 Return: 352.0 Normalized Return: 0.202

Steps executed: 75511 Num episodes: 81 Episode length: 1474 Return: 202.0 Normalized Return: 0.114

Steps executed: 76489 Num episodes: 82 Episode length: 978 Return: 146.0 Normalized Return: 0.082

Steps executed: 78175 Num episodes: 83 Episode length: 1686 Return: 260.0 Normalized Return: 0.148

Steps executed: 79714 Num episodes: 84 Episode length: 1539 Return: 309.0 Normalized Return: 0.177

Steps executed: 81339 Num episodes: 85 Episode length: 1625 Return: 294.0 Normalized Return: 0.168

Steps executed: 82563 Num episodes: 86 Episode length: 1224 Return: 260.0 Normalized Return: 0.148

Steps executed: 83803 Num episodes: 87 Episode length: 1240 Return: 132.0 Normalized Return: 0.074

Steps executed: 84741 Num episodes: 88 Episode length: 938 Return: 220.0 Normalized Return: 0.125

Steps executed: 85925 Num episodes: 89 Episode length: 1184 Return: 315.0 Normalized Return: 0.18

Steps executed: 87333 Num episodes: 90 Episode length: 1408 Return: 180.0 Normalized Return: 0.102

Steps executed: 88511 Num episodes: 91 Episode length: 1178 Return: 175.0 Normalized Return: 0.099

Steps executed: 89932 Num episodes: 92 Episode length: 1421 Return: 358.0 Normalized Return: 0.206

Steps executed: 91251 Num episodes: 93 Episode length: 1319 Return: 305.0 Normalized Return: 0.175

Steps executed: 92943 Num episodes: 94 Episode length: 1692 Return: 306.0 Normalized Return: 0.175

Steps executed: 94493 Num episodes: 95 Episode length: 1550 Return: 309.0 Normalized Return: 0.177

Steps executed: 96625 Num episodes: 96 Episode length: 2132 Return: 405.0 Normalized Return: 0.233

Steps executed: 97874 Num episodes: 97 Episode length: 1249 Return: 284.0 Normalized Return: 0.162

Steps executed: 99162 Num episodes: 98 Episode length: 1288 Return: 333.0 Normalized Return: 0.191

Steps executed: 73300 Num episodes: 1 Episode length: 733 Return: 153.0 Normalized Return: 0.086

Steps executed: 80131 Num episodes: 2 Episode length: 802 Return: 140.0 Normalized Return: 0.078

Steps executed: 82189 Num episodes: 3 Episode length: 823 Return: 201.0 Normalized Return: 0.114

Steps executed: 82189 Num episodes: 4 Episode length: 823 Return: 155.0 Normalized Return: 0.087

Steps executed: 82189 Num episodes: 5 Episode length: 823 Return: 155.0 Normalized Return: 0.087

Steps executed: 82284 Num episodes: 6 Episode length: 824 Return: 155.0 Normalized Return: 0.087

Steps executed: 82284 Num episodes: 7 Episode length: 824 Return: 155.0 Normalized Return: 0.087

Steps executed: 82284 Num episodes: 8 Episode length: 824 Return: 155.0 Normalized Return: 0.087

Steps executed: 82376 Num episodes: 9 Episode length: 825 Return: 155.0 Normalized Return: 0.087

Steps executed: 82376 Num episodes: 10 Episode length: 825 Return: 155.0 Normalized Return: 0.087

Steps executed: 82466 Num episodes: 11 Episode length: 826 Return: 155.0 Normalized Return: 0.087

Steps executed: 82466 Num episodes: 12 Episode length: 826 Return: 155.0 Normalized Return: 0.087

Steps executed: 82554 Num episodes: 13 Episode length: 827 Return: 155.0 Normalized Return: 0.087

Steps executed: 82554 Num episodes: 14 Episode length: 827 Return: 155.0 Normalized Return: 0.087

Steps executed: 82640 Num episodes: 15 Episode length: 828 Return: 155.0 Normalized Return: 0.087

Steps executed: 82640 Num episodes: 16 Episode length: 828 Return: 155.0 Normalized Return: 0.087

Steps executed: 82640 Num episodes: 17 Episode length: 828 Return: 155.0 Normalized Return: 0.087

Steps executed: 82640 Num episodes: 18 Episode length: 828 Return: 155.0 Normalized Return: 0.087

Steps executed: 82640 Num episodes: 19 Episode length: 828 Return: 155.0 Normalized Return: 0.087

Steps executed: 82640 Num episodes: 20 Episode length: 828 Return: 155.0 Normalized Return: 0.087

Steps executed: 82720 Num episodes: 21 Episode length: 829 Return: 155.0 Normalized Return: 0.087

Steps executed: 82720 Num episodes: 22 Episode length: 829 Return: 153.0 Normalized Return: 0.086

Steps executed: 82720 Num episodes: 23 Episode length: 829 Return: 155.0 Normalized Return: 0.087

Steps executed: 82797 Num episodes: 24 Episode length: 830 Return: 155.0 Normalized Return: 0.087

Steps executed: 82873 Num episodes: 25 Episode length: 831 Return: 155.0 Normalized Return: 0.087

Steps executed: 82873 Num episodes: 26 Episode length: 831 Return: 155.0 Normalized Return: 0.087

Steps executed: 82947 Num episodes: 27 Episode length: 832 Return: 155.0 Normalized Return: 0.087

Steps executed: 82947 Num episodes: 28 Episode length: 832 Return: 155.0 Normalized Return: 0.087

Steps executed: 82947 Num episodes: 29 Episode length: 832 Return: 155.0 Normalized Return: 0.087

Steps executed: 83018 Num episodes: 30 Episode length: 833 Return: 155.0 Normalized Return: 0.087

Steps executed: 83018 Num episodes: 31 Episode length: 833 Return: 155.0 Normalized Return: 0.087

Steps executed: 83018 Num episodes: 32 Episode length: 833 Return: 155.0 Normalized Return: 0.087

Steps executed: 83018 Num episodes: 33 Episode length: 833 Return: 155.0 Normalized Return: 0.087

Steps executed: 83085 Num episodes: 34 Episode length: 834 Return: 155.0 Normalized Return: 0.087

Steps executed: 83085 Num episodes: 35 Episode length: 834 Return: 155.0 Normalized Return: 0.087

Steps executed: 83085 Num episodes: 36 Episode length: 834 Return: 155.0 Normalized Return: 0.087

Steps executed: 83149 Num episodes: 37 Episode length: 835 Return: 155.0 Normalized Return: 0.087

Steps executed: 83149 Num episodes: 38 Episode length: 835 Return: 155.0 Normalized Return: 0.087

Steps executed: 83211 Num episodes: 39 Episode length: 836 Return: 155.0 Normalized Return: 0.087

Steps executed: 83272 Num episodes: 40 Episode length: 837 Return: 155.0 Normalized Return: 0.087

Steps executed: 83332 Num episodes: 41 Episode length: 838 Return: 155.0 Normalized Return: 0.087

Steps executed: 83332 Num episodes: 42 Episode length: 838 Return: 155.0 Normalized Return: 0.087

Steps executed: 83332 Num episodes: 43 Episode length: 838 Return: 155.0 Normalized Return: 0.087

Steps executed: 83332 Num episodes: 44 Episode length: 838 Return: 155.0 Normalized Return: 0.087

Steps executed: 83332 Num episodes: 45 Episode length: 838 Return: 155.0 Normalized Return: 0.087

Steps executed: 83332 Num episodes: 46 Episode length: 838 Return: 155.0 Normalized Return: 0.087

Steps executed: 83332 Num episodes: 47 Episode length: 838 Return: 153.0 Normalized Return: 0.086

Steps executed: 83385 Num episodes: 48 Episode length: 839 Return: 155.0 Normalized Return: 0.087

Steps executed: 83385 Num episodes: 49 Episode length: 839 Return: 155.0 Normalized Return: 0.087

Steps executed: 83385 Num episodes: 50 Episode length: 839 Return: 155.0 Normalized Return: 0.087

Steps executed: 83435 Num episodes: 51 Episode length: 840 Return: 155.0 Normalized Return: 0.087

Steps executed: 83435 Num episodes: 52 Episode length: 840 Return: 155.0 Normalized Return: 0.087

Steps executed: 83435 Num episodes: 53 Episode length: 840 Return: 155.0 Normalized Return: 0.087

Steps executed: 83435 Num episodes: 54 Episode length: 840 Return: 155.0 Normalized Return: 0.087

Steps executed: 83481 Num episodes: 55 Episode length: 841 Return: 155.0 Normalized Return: 0.087

Steps executed: 83481 Num episodes: 56 Episode length: 841 Return: 155.0 Normalized Return: 0.087

Steps executed: 83481 Num episodes: 57 Episode length: 841 Return: 155.0 Normalized Return: 0.087

Steps executed: 83524 Num episodes: 58 Episode length: 842 Return: 155.0 Normalized Return: 0.087

Steps executed: 83566 Num episodes: 59 Episode length: 843 Return: 155.0 Normalized Return: 0.087

Steps executed: 83566 Num episodes: 60 Episode length: 843 Return: 155.0 Normalized Return: 0.087

Steps executed: 83566 Num episodes: 61 Episode length: 843 Return: 155.0 Normalized Return: 0.087

Steps executed: 83605 Num episodes: 62 Episode length: 844 Return: 155.0 Normalized Return: 0.087

Steps executed: 83605 Num episodes: 63 Episode length: 844 Return: 151.0 Normalized Return: 0.085

Steps executed: 83605 Num episodes: 64 Episode length: 844 Return: 155.0 Normalized Return: 0.087

Steps executed: 83641 Num episodes: 65 Episode length: 845 Return: 155.0 Normalized Return: 0.087

Steps executed: 83641 Num episodes: 66 Episode length: 845 Return: 155.0 Normalized Return: 0.087

Steps executed: 83641 Num episodes: 67 Episode length: 845 Return: 155.0 Normalized Return: 0.087

Steps executed: 83641 Num episodes: 68 Episode length: 845 Return: 155.0 Normalized Return: 0.087

Steps executed: 83641 Num episodes: 69 Episode length: 845 Return: 155.0 Normalized Return: 0.087

Steps executed: 83641 Num episodes: 70 Episode length: 845 Return: 155.0 Normalized Return: 0.087

Steps executed: 83641 Num episodes: 71 Episode length: 845 Return: 155.0 Normalized Return: 0.087

Steps executed: 83641 Num episodes: 72 Episode length: 845 Return: 155.0 Normalized Return: 0.087

Steps executed: 83669 Num episodes: 73 Episode length: 846 Return: 155.0 Normalized Return: 0.087

Steps executed: 83669 Num episodes: 74 Episode length: 846 Return: 151.0 Normalized Return: 0.085

Steps executed: 83695 Num episodes: 75 Episode length: 847 Return: 200.0 Normalized Return: 0.113

Steps executed: 83695 Num episodes: 76 Episode length: 847 Return: 155.0 Normalized Return: 0.087

Steps executed: 83695 Num episodes: 77 Episode length: 847 Return: 155.0 Normalized Return: 0.087

Steps executed: 83695 Num episodes: 78 Episode length: 847 Return: 155.0 Normalized Return: 0.087

Steps executed: 83717 Num episodes: 79 Episode length: 848 Return: 155.0 Normalized Return: 0.087

Steps executed: 83717 Num episodes: 80 Episode length: 848 Return: 155.0 Normalized Return: 0.087

Steps executed: 83717 Num episodes: 81 Episode length: 848 Return: 155.0 Normalized Return: 0.087

Steps executed: 83717 Num episodes: 82 Episode length: 848 Return: 153.0 Normalized Return: 0.086

Steps executed: 83735 Num episodes: 83 Episode length: 849 Return: 155.0 Normalized Return: 0.087

Steps executed: 83752 Num episodes: 84 Episode length: 850 Return: 155.0 Normalized Return: 0.087

Steps executed: 83752 Num episodes: 85 Episode length: 850 Return: 155.0 Normalized Return: 0.087

Steps executed: 83752 Num episodes: 86 Episode length: 850 Return: 155.0 Normalized Return: 0.087

Steps executed: 83766 Num episodes: 87 Episode length: 851 Return: 155.0 Normalized Return: 0.087

Steps executed: 83779 Num episodes: 88 Episode length: 852 Return: 155.0 Normalized Return: 0.087

Steps executed: 83779 Num episodes: 89 Episode length: 852 Return: 155.0 Normalized Return: 0.087

Steps executed: 83823 Num episodes: 90 Episode length: 856 Return: 151.0 Normalized Return: 0.085

Steps executed: 84813 Num episodes: 91 Episode length: 955 Return: 169.0 Normalized Return: 0.095

Steps executed: 85227 Num episodes: 92 Episode length: 1001 Return: 210.0 Normalized Return: 0.119

Steps executed: 85267 Num episodes: 93 Episode length: 1006 Return: 205.0 Normalized Return: 0.116

Steps executed: 85386 Num episodes: 94 Episode length: 1023 Return: 210.0 Normalized Return: 0.119

Steps executed: 85530 Num episodes: 95 Episode length: 1047 Return: 177.0 Normalized Return: 0.1

Steps executed: 85545 Num episodes: 96 Episode length: 1050 Return: 177.0 Normalized Return: 0.1

Steps executed: 86033 Num episodes: 97 Episode length: 1172 Return: 247.0 Normalized Return: 0.141

Steps executed: 86180 Num episodes: 98 Episode length: 1221 Return: 279.0 Normalized Return: 0.159

Steps executed: 86294 Num episodes: 99 Episode length: 1278 Return: 270.0 Normalized Return: 0.154

Steps executed: 86353 Num episodes: 100 Episode length: 1337 Return: 250.0 Normalized Return: 0.142
