Fri Nov 29 00:36:59 2024       
+-----------------------------------------------------------------------------------------+
| NVIDIA-SMI 560.35.03              Driver Version: 560.35.03      CUDA Version: 12.6     |
|-----------------------------------------+------------------------+----------------------+
| GPU  Name                 Persistence-M | Bus-Id          Disp.A | Volatile Uncorr. ECC |
| Fan  Temp   Perf          Pwr:Usage/Cap |           Memory-Usage | GPU-Util  Compute M. |
|                                         |                        |               MIG M. |
|=========================================+========================+======================|
|   0  NVIDIA H100 80GB HBM3          Off |   00000001:4E:00.0 Off |                    0 |
| N/A   39C    P0            132W /  700W |       1MiB /  81559MiB |      0%      Default |
|                                         |                        |             Disabled |
+-----------------------------------------+------------------------+----------------------+
                                                                                         
+-----------------------------------------------------------------------------------------+
| Processes:                                                                              |
|  GPU   GI   CI        PID   Type   Process name                              GPU Memory |
|        ID   ID                                                               Usage      |
|=========================================================================================|
|  No running processes found                                                             |
+-----------------------------------------------------------------------------------------+
gpu
Got gin bindings:
[]
Sanitized gin bindings to:
[]
Found devices [StreamExecutorGpuDevice(id=0, process_index=0, slice_index=0)]

Steps executed: 597 Num episodes: 1 Episode length: 597 Return: 1388.0 Normalized Return: -0.071

Steps executed: 1350 Num episodes: 2 Episode length: 753 Return: 1392.0 Normalized Return: -0.07

Steps executed: 2151 Num episodes: 3 Episode length: 801 Return: 3171.0 Normalized Return: 0.109

Steps executed: 2861 Num episodes: 4 Episode length: 710 Return: 2279.0 Normalized Return: 0.019

Steps executed: 3089 Num episodes: 5 Episode length: 228 Return: 235.0 Normalized Return: -0.187

Steps executed: 3560 Num episodes: 6 Episode length: 471 Return: 1655.0 Normalized Return: -0.044

Steps executed: 4358 Num episodes: 7 Episode length: 798 Return: 1182.0 Normalized Return: -0.092

Steps executed: 4992 Num episodes: 8 Episode length: 634 Return: 2042.0 Normalized Return: -0.005

Steps executed: 5711 Num episodes: 9 Episode length: 719 Return: 2617.0 Normalized Return: 0.053

Steps executed: 6359 Num episodes: 10 Episode length: 648 Return: 2084.0 Normalized Return: -0.001

Steps executed: 7117 Num episodes: 11 Episode length: 758 Return: 2508.0 Normalized Return: 0.042

Steps executed: 7664 Num episodes: 12 Episode length: 547 Return: 857.0 Normalized Return: -0.124

Steps executed: 8371 Num episodes: 13 Episode length: 707 Return: 2395.0 Normalized Return: 0.031

Steps executed: 9421 Num episodes: 14 Episode length: 1050 Return: 2190.0 Normalized Return: 0.01

Steps executed: 10878 Num episodes: 15 Episode length: 1457 Return: 8670.0 Normalized Return: 0.663

Steps executed: 11476 Num episodes: 16 Episode length: 598 Return: 1116.0 Normalized Return: -0.098

Steps executed: 12108 Num episodes: 17 Episode length: 632 Return: 1563.0 Normalized Return: -0.053

Steps executed: 12945 Num episodes: 18 Episode length: 837 Return: 2275.0 Normalized Return: 0.019

Steps executed: 14159 Num episodes: 19 Episode length: 1214 Return: 6377.0 Normalized Return: 0.432

Steps executed: 14775 Num episodes: 20 Episode length: 616 Return: 2070.0 Normalized Return: -0.002

Steps executed: 15804 Num episodes: 21 Episode length: 1029 Return: 2606.0 Normalized Return: 0.052

Steps executed: 16936 Num episodes: 22 Episode length: 1132 Return: 4534.0 Normalized Return: 0.246

Steps executed: 17997 Num episodes: 23 Episode length: 1061 Return: 4460.0 Normalized Return: 0.239

Steps executed: 18622 Num episodes: 24 Episode length: 625 Return: 2158.0 Normalized Return: 0.007

Steps executed: 19477 Num episodes: 25 Episode length: 855 Return: 3899.0 Normalized Return: 0.182

Steps executed: 20165 Num episodes: 26 Episode length: 688 Return: 1914.0 Normalized Return: -0.018

Steps executed: 20865 Num episodes: 27 Episode length: 700 Return: 1375.0 Normalized Return: -0.072

Steps executed: 21761 Num episodes: 28 Episode length: 896 Return: 1858.0 Normalized Return: -0.023

Steps executed: 22480 Num episodes: 29 Episode length: 719 Return: 2407.0 Normalized Return: 0.032

Steps executed: 23360 Num episodes: 30 Episode length: 880 Return: 4954.0 Normalized Return: 0.288

Steps executed: 24105 Num episodes: 31 Episode length: 745 Return: 2094.0 Normalized Return: 0.0

Steps executed: 24815 Num episodes: 32 Episode length: 710 Return: 4321.0 Normalized Return: 0.225

Steps executed: 25376 Num episodes: 33 Episode length: 561 Return: 2747.0 Normalized Return: 0.066

Steps executed: 26640 Num episodes: 34 Episode length: 1264 Return: 7809.0 Normalized Return: 0.576

Steps executed: 27941 Num episodes: 35 Episode length: 1301 Return: 6685.0 Normalized Return: 0.463

Steps executed: 28615 Num episodes: 36 Episode length: 674 Return: 3069.0 Normalized Return: 0.099

Steps executed: 29261 Num episodes: 37 Episode length: 646 Return: 1399.0 Normalized Return: -0.07

Steps executed: 29698 Num episodes: 38 Episode length: 437 Return: 1147.0 Normalized Return: -0.095

Steps executed: 30411 Num episodes: 39 Episode length: 713 Return: 2712.0 Normalized Return: 0.063

Steps executed: 31455 Num episodes: 40 Episode length: 1044 Return: 5759.0 Normalized Return: 0.37

Steps executed: 32140 Num episodes: 41 Episode length: 685 Return: 2132.0 Normalized Return: 0.004

Steps executed: 32576 Num episodes: 42 Episode length: 436 Return: 2482.0 Normalized Return: 0.039

Steps executed: 33179 Num episodes: 43 Episode length: 603 Return: 1842.0 Normalized Return: -0.025

Steps executed: 34034 Num episodes: 44 Episode length: 855 Return: 4313.0 Normalized Return: 0.224

Steps executed: 34838 Num episodes: 45 Episode length: 804 Return: 4979.0 Normalized Return: 0.291

Steps executed: 35704 Num episodes: 46 Episode length: 866 Return: 5096.0 Normalized Return: 0.303

Steps executed: 36416 Num episodes: 47 Episode length: 712 Return: 3721.0 Normalized Return: 0.164

Steps executed: 37530 Num episodes: 48 Episode length: 1114 Return: 3785.0 Normalized Return: 0.171

Steps executed: 38047 Num episodes: 49 Episode length: 517 Return: 1457.0 Normalized Return: -0.064

Steps executed: 38974 Num episodes: 50 Episode length: 927 Return: 4813.0 Normalized Return: 0.274

Steps executed: 39574 Num episodes: 51 Episode length: 600 Return: 2932.0 Normalized Return: 0.085

Steps executed: 40290 Num episodes: 52 Episode length: 716 Return: 1153.0 Normalized Return: -0.094

Steps executed: 41331 Num episodes: 53 Episode length: 1041 Return: 3380.0 Normalized Return: 0.13

Steps executed: 42027 Num episodes: 54 Episode length: 696 Return: 3542.0 Normalized Return: 0.146

Steps executed: 42974 Num episodes: 55 Episode length: 947 Return: 5516.0 Normalized Return: 0.345

Steps executed: 43477 Num episodes: 56 Episode length: 503 Return: 2331.0 Normalized Return: 0.024

Steps executed: 44146 Num episodes: 57 Episode length: 669 Return: 4297.0 Normalized Return: 0.222

Steps executed: 44721 Num episodes: 58 Episode length: 575 Return: 3275.0 Normalized Return: 0.119

Steps executed: 45274 Num episodes: 59 Episode length: 553 Return: 1611.0 Normalized Return: -0.048

Steps executed: 45757 Num episodes: 60 Episode length: 483 Return: 2850.0 Normalized Return: 0.076

Steps executed: 46652 Num episodes: 61 Episode length: 895 Return: 6054.0 Normalized Return: 0.399

Steps executed: 47079 Num episodes: 62 Episode length: 427 Return: 1096.0 Normalized Return: -0.1

Steps executed: 47734 Num episodes: 63 Episode length: 655 Return: 3243.0 Normalized Return: 0.116

Steps executed: 48476 Num episodes: 64 Episode length: 742 Return: 5965.0 Normalized Return: 0.39

Steps executed: 49121 Num episodes: 65 Episode length: 645 Return: 2239.0 Normalized Return: 0.015

Steps executed: 50036 Num episodes: 66 Episode length: 915 Return: 5344.0 Normalized Return: 0.328

Steps executed: 50920 Num episodes: 67 Episode length: 884 Return: 5941.0 Normalized Return: 0.388

Steps executed: 51778 Num episodes: 68 Episode length: 858 Return: 6517.0 Normalized Return: 0.446

Steps executed: 52542 Num episodes: 69 Episode length: 764 Return: 3541.0 Normalized Return: 0.146

Steps executed: 53570 Num episodes: 70 Episode length: 1028 Return: 6622.0 Normalized Return: 0.456

Steps executed: 54148 Num episodes: 71 Episode length: 578 Return: 3404.0 Normalized Return: 0.132

Steps executed: 54732 Num episodes: 72 Episode length: 584 Return: 3105.0 Normalized Return: 0.102

Steps executed: 55388 Num episodes: 73 Episode length: 656 Return: 2441.0 Normalized Return: 0.035

Steps executed: 56341 Num episodes: 74 Episode length: 953 Return: 7235.0 Normalized Return: 0.518

Steps executed: 56705 Num episodes: 75 Episode length: 364 Return: 1156.0 Normalized Return: -0.094

Steps executed: 57134 Num episodes: 76 Episode length: 429 Return: 1313.0 Normalized Return: -0.078

Steps executed: 57461 Num episodes: 77 Episode length: 327 Return: 1189.0 Normalized Return: -0.091

Steps executed: 57916 Num episodes: 78 Episode length: 455 Return: 1715.0 Normalized Return: -0.038

Steps executed: 58613 Num episodes: 79 Episode length: 697 Return: 4345.0 Normalized Return: 0.227

Steps executed: 59141 Num episodes: 80 Episode length: 528 Return: 1173.0 Normalized Return: -0.092

Steps executed: 59839 Num episodes: 81 Episode length: 698 Return: 4417.0 Normalized Return: 0.234

Steps executed: 60443 Num episodes: 82 Episode length: 604 Return: 1162.0 Normalized Return: -0.094

Steps executed: 61078 Num episodes: 83 Episode length: 635 Return: 1197.0 Normalized Return: -0.09

Steps executed: 61808 Num episodes: 84 Episode length: 730 Return: 4991.0 Normalized Return: 0.292

Steps executed: 62257 Num episodes: 85 Episode length: 449 Return: 1290.0 Normalized Return: -0.081

Steps executed: 62906 Num episodes: 86 Episode length: 649 Return: 2873.0 Normalized Return: 0.079

Steps executed: 63512 Num episodes: 87 Episode length: 606 Return: 5535.0 Normalized Return: 0.347

Steps executed: 64120 Num episodes: 88 Episode length: 608 Return: 3538.0 Normalized Return: 0.146

Steps executed: 64569 Num episodes: 89 Episode length: 449 Return: 1754.0 Normalized Return: -0.034

Steps executed: 65058 Num episodes: 90 Episode length: 489 Return: 1335.0 Normalized Return: -0.076

Steps executed: 65564 Num episodes: 91 Episode length: 506 Return: 2078.0 Normalized Return: -0.001

Steps executed: 66424 Num episodes: 92 Episode length: 860 Return: 8034.0 Normalized Return: 0.599

Steps executed: 67166 Num episodes: 93 Episode length: 742 Return: 5179.0 Normalized Return: 0.311

Steps executed: 67604 Num episodes: 94 Episode length: 438 Return: 2004.0 Normalized Return: -0.009

Steps executed: 68277 Num episodes: 95 Episode length: 673 Return: 6269.0 Normalized Return: 0.421

Steps executed: 69217 Num episodes: 96 Episode length: 940 Return: 4434.0 Normalized Return: 0.236

Steps executed: 69761 Num episodes: 97 Episode length: 544 Return: 2705.0 Normalized Return: 0.062

Steps executed: 70379 Num episodes: 98 Episode length: 618 Return: 3619.0 Normalized Return: 0.154

Steps executed: 70941 Num episodes: 99 Episode length: 562 Return: 2902.0 Normalized Return: 0.082

Steps executed: 71842 Num episodes: 100 Episode length: 901 Return: 6435.0 Normalized Return: 0.438

Steps executed: 72507 Num episodes: 101 Episode length: 665 Return: 3501.0 Normalized Return: 0.142

Steps executed: 72928 Num episodes: 102 Episode length: 421 Return: 1484.0 Normalized Return: -0.061

Steps executed: 73785 Num episodes: 103 Episode length: 857 Return: 6390.0 Normalized Return: 0.433

Steps executed: 74363 Num episodes: 104 Episode length: 578 Return: 4426.0 Normalized Return: 0.235

Steps executed: 74786 Num episodes: 105 Episode length: 423 Return: 1152.0 Normalized Return: -0.095

Steps executed: 75676 Num episodes: 106 Episode length: 890 Return: 6596.0 Normalized Return: 0.454

Steps executed: 76232 Num episodes: 107 Episode length: 556 Return: 2827.0 Normalized Return: 0.074

Steps executed: 76761 Num episodes: 108 Episode length: 529 Return: 2703.0 Normalized Return: 0.062

Steps executed: 77516 Num episodes: 109 Episode length: 755 Return: 6630.0 Normalized Return: 0.457

Steps executed: 78207 Num episodes: 110 Episode length: 691 Return: 3290.0 Normalized Return: 0.121

Steps executed: 78826 Num episodes: 111 Episode length: 619 Return: 4469.0 Normalized Return: 0.24

Steps executed: 79981 Num episodes: 112 Episode length: 1155 Return: 8370.0 Normalized Return: 0.633

Steps executed: 80551 Num episodes: 113 Episode length: 570 Return: 2665.0 Normalized Return: 0.058

Steps executed: 81260 Num episodes: 114 Episode length: 709 Return: 2760.0 Normalized Return: 0.067

Steps executed: 82325 Num episodes: 115 Episode length: 1065 Return: 5389.0 Normalized Return: 0.332

Steps executed: 83400 Num episodes: 116 Episode length: 1075 Return: 8066.0 Normalized Return: 0.602

Steps executed: 84070 Num episodes: 117 Episode length: 670 Return: 4982.0 Normalized Return: 0.291

Steps executed: 85261 Num episodes: 118 Episode length: 1191 Return: 13607.0 Normalized Return: 1.16

Steps executed: 86444 Num episodes: 119 Episode length: 1183 Return: 5285.0 Normalized Return: 0.322

Steps executed: 87006 Num episodes: 120 Episode length: 562 Return: 1485.0 Normalized Return: -0.061

Steps executed: 87642 Num episodes: 121 Episode length: 636 Return: 4258.0 Normalized Return: 0.218

Steps executed: 88281 Num episodes: 122 Episode length: 639 Return: 3247.0 Normalized Return: 0.116

Steps executed: 89259 Num episodes: 123 Episode length: 978 Return: 9224.0 Normalized Return: 0.719

Steps executed: 89907 Num episodes: 124 Episode length: 648 Return: 2652.0 Normalized Return: 0.057

Steps executed: 90649 Num episodes: 125 Episode length: 742 Return: 4194.0 Normalized Return: 0.212

Steps executed: 91418 Num episodes: 126 Episode length: 769 Return: 5975.0 Normalized Return: 0.391

Steps executed: 92331 Num episodes: 127 Episode length: 913 Return: 6210.0 Normalized Return: 0.415

Steps executed: 92901 Num episodes: 128 Episode length: 570 Return: 3689.0 Normalized Return: 0.161

Steps executed: 93590 Num episodes: 129 Episode length: 689 Return: 4588.0 Normalized Return: 0.252

Steps executed: 94365 Num episodes: 130 Episode length: 775 Return: 4158.0 Normalized Return: 0.208

Steps executed: 95187 Num episodes: 131 Episode length: 822 Return: 3036.0 Normalized Return: 0.095

Steps executed: 96056 Num episodes: 132 Episode length: 869 Return: 6109.0 Normalized Return: 0.405

Steps executed: 96745 Num episodes: 133 Episode length: 689 Return: 4133.0 Normalized Return: 0.206

Steps executed: 97387 Num episodes: 134 Episode length: 642 Return: 3284.0 Normalized Return: 0.12

Steps executed: 97812 Num episodes: 135 Episode length: 425 Return: 1180.0 Normalized Return: -0.092

Steps executed: 98682 Num episodes: 136 Episode length: 870 Return: 6239.0 Normalized Return: 0.418

Steps executed: 99067 Num episodes: 137 Episode length: 385 Return: 1723.0 Normalized Return: -0.037

Steps executed: 46100 Num episodes: 1 Episode length: 461 Return: 1694.0 Normalized Return: -0.04

Steps executed: 46892 Num episodes: 2 Episode length: 469 Return: 2231.0 Normalized Return: 0.014

Steps executed: 47284 Num episodes: 3 Episode length: 473 Return: 1996.0 Normalized Return: -0.01

Steps executed: 47284 Num episodes: 4 Episode length: 473 Return: 1996.0 Normalized Return: -0.01

Steps executed: 47284 Num episodes: 5 Episode length: 473 Return: 1996.0 Normalized Return: -0.01

Steps executed: 47284 Num episodes: 6 Episode length: 473 Return: 1996.0 Normalized Return: -0.01

Steps executed: 47284 Num episodes: 7 Episode length: 473 Return: 1996.0 Normalized Return: -0.01

Steps executed: 47377 Num episodes: 8 Episode length: 474 Return: 1996.0 Normalized Return: -0.01

Steps executed: 47377 Num episodes: 9 Episode length: 474 Return: 1996.0 Normalized Return: -0.01

Steps executed: 47468 Num episodes: 10 Episode length: 475 Return: 1996.0 Normalized Return: -0.01

Steps executed: 47648 Num episodes: 11 Episode length: 477 Return: 2692.0 Normalized Return: 0.061

Steps executed: 50051 Num episodes: 12 Episode length: 504 Return: 3345.0 Normalized Return: 0.126

Steps executed: 50051 Num episodes: 13 Episode length: 504 Return: 3345.0 Normalized Return: 0.126

Steps executed: 52139 Num episodes: 14 Episode length: 528 Return: 1852.0 Normalized Return: -0.024

Steps executed: 52139 Num episodes: 15 Episode length: 528 Return: 1852.0 Normalized Return: -0.024

Steps executed: 52139 Num episodes: 16 Episode length: 528 Return: 1852.0 Normalized Return: -0.024

Steps executed: 54911 Num episodes: 17 Episode length: 561 Return: 2218.0 Normalized Return: 0.013

Steps executed: 56322 Num episodes: 18 Episode length: 578 Return: 3130.0 Normalized Return: 0.105

Steps executed: 56814 Num episodes: 19 Episode length: 584 Return: 4122.0 Normalized Return: 0.205

Steps executed: 60621 Num episodes: 20 Episode length: 631 Return: 4175.0 Normalized Return: 0.21

Steps executed: 60621 Num episodes: 21 Episode length: 631 Return: 4175.0 Normalized Return: 0.21

Steps executed: 60858 Num episodes: 22 Episode length: 634 Return: 4093.0 Normalized Return: 0.202

Steps executed: 61404 Num episodes: 23 Episode length: 641 Return: 4187.0 Normalized Return: 0.211

Steps executed: 62636 Num episodes: 24 Episode length: 657 Return: 3402.0 Normalized Return: 0.132

Steps executed: 62788 Num episodes: 25 Episode length: 659 Return: 4019.0 Normalized Return: 0.194

Steps executed: 62788 Num episodes: 26 Episode length: 659 Return: 4019.0 Normalized Return: 0.194

Steps executed: 62788 Num episodes: 27 Episode length: 659 Return: 4019.0 Normalized Return: 0.194

Steps executed: 62788 Num episodes: 28 Episode length: 659 Return: 4019.0 Normalized Return: 0.194

Steps executed: 64300 Num episodes: 29 Episode length: 680 Return: 5371.0 Normalized Return: 0.33

Steps executed: 64655 Num episodes: 30 Episode length: 685 Return: 3279.0 Normalized Return: 0.12

Steps executed: 64655 Num episodes: 31 Episode length: 685 Return: 3279.0 Normalized Return: 0.12

Steps executed: 64724 Num episodes: 32 Episode length: 686 Return: 3279.0 Normalized Return: 0.12

Steps executed: 64724 Num episodes: 33 Episode length: 686 Return: 5413.0 Normalized Return: 0.335

Steps executed: 65260 Num episodes: 34 Episode length: 694 Return: 2435.0 Normalized Return: 0.035

Steps executed: 65656 Num episodes: 35 Episode length: 700 Return: 2878.0 Normalized Return: 0.079

Steps executed: 67021 Num episodes: 36 Episode length: 721 Return: 2771.0 Normalized Return: 0.069

Steps executed: 67021 Num episodes: 37 Episode length: 721 Return: 3762.0 Normalized Return: 0.168

Steps executed: 67021 Num episodes: 38 Episode length: 721 Return: 2771.0 Normalized Return: 0.069

Steps executed: 67083 Num episodes: 39 Episode length: 722 Return: 2771.0 Normalized Return: 0.069

Steps executed: 67083 Num episodes: 40 Episode length: 722 Return: 3956.0 Normalized Return: 0.188

Steps executed: 68043 Num episodes: 41 Episode length: 738 Return: 4607.0 Normalized Return: 0.253

Steps executed: 68043 Num episodes: 42 Episode length: 738 Return: 4607.0 Normalized Return: 0.253

Steps executed: 68043 Num episodes: 43 Episode length: 738 Return: 4607.0 Normalized Return: 0.253

Steps executed: 68043 Num episodes: 44 Episode length: 738 Return: 4607.0 Normalized Return: 0.253

Steps executed: 68043 Num episodes: 45 Episode length: 738 Return: 4607.0 Normalized Return: 0.253

Steps executed: 68043 Num episodes: 46 Episode length: 738 Return: 4607.0 Normalized Return: 0.253

Steps executed: 68529 Num episodes: 47 Episode length: 747 Return: 4107.0 Normalized Return: 0.203

Steps executed: 68582 Num episodes: 48 Episode length: 748 Return: 4675.0 Normalized Return: 0.26

Steps executed: 68790 Num episodes: 49 Episode length: 752 Return: 5399.0 Normalized Return: 0.333

Steps executed: 68790 Num episodes: 50 Episode length: 752 Return: 5399.0 Normalized Return: 0.333

Steps executed: 68840 Num episodes: 51 Episode length: 753 Return: 5399.0 Normalized Return: 0.333

Steps executed: 68987 Num episodes: 52 Episode length: 756 Return: 4675.0 Normalized Return: 0.26

Steps executed: 68987 Num episodes: 53 Episode length: 756 Return: 4675.0 Normalized Return: 0.26

Steps executed: 69034 Num episodes: 54 Episode length: 757 Return: 4675.0 Normalized Return: 0.26

Steps executed: 69034 Num episodes: 55 Episode length: 757 Return: 4675.0 Normalized Return: 0.26

Steps executed: 70024 Num episodes: 56 Episode length: 779 Return: 4728.0 Normalized Return: 0.266

Steps executed: 70200 Num episodes: 57 Episode length: 783 Return: 4239.0 Normalized Return: 0.216

Steps executed: 70200 Num episodes: 58 Episode length: 783 Return: 4239.0 Normalized Return: 0.216

Steps executed: 70200 Num episodes: 59 Episode length: 783 Return: 4239.0 Normalized Return: 0.216

Steps executed: 70200 Num episodes: 60 Episode length: 783 Return: 4239.0 Normalized Return: 0.216

Steps executed: 70200 Num episodes: 61 Episode length: 783 Return: 4239.0 Normalized Return: 0.216

Steps executed: 70200 Num episodes: 62 Episode length: 783 Return: 4239.0 Normalized Return: 0.216

Steps executed: 70200 Num episodes: 63 Episode length: 783 Return: 4239.0 Normalized Return: 0.216

Steps executed: 70200 Num episodes: 64 Episode length: 783 Return: 4239.0 Normalized Return: 0.216

Steps executed: 70200 Num episodes: 65 Episode length: 783 Return: 4239.0 Normalized Return: 0.216

Steps executed: 70515 Num episodes: 66 Episode length: 792 Return: 4261.0 Normalized Return: 0.219

Steps executed: 71943 Num episodes: 67 Episode length: 834 Return: 4565.0 Normalized Return: 0.249

Steps executed: 72009 Num episodes: 68 Episode length: 836 Return: 5389.0 Normalized Return: 0.332

Steps executed: 73289 Num episodes: 69 Episode length: 876 Return: 6513.0 Normalized Return: 0.446

Steps executed: 73289 Num episodes: 70 Episode length: 876 Return: 3417.0 Normalized Return: 0.134

Steps executed: 73799 Num episodes: 71 Episode length: 893 Return: 4863.0 Normalized Return: 0.279

Steps executed: 73799 Num episodes: 72 Episode length: 893 Return: 4863.0 Normalized Return: 0.279

Steps executed: 73799 Num episodes: 73 Episode length: 893 Return: 4863.0 Normalized Return: 0.279

Steps executed: 73799 Num episodes: 74 Episode length: 893 Return: 4863.0 Normalized Return: 0.279

Steps executed: 74241 Num episodes: 75 Episode length: 910 Return: 5246.0 Normalized Return: 0.318

Steps executed: 74241 Num episodes: 76 Episode length: 910 Return: 5246.0 Normalized Return: 0.318

Steps executed: 75009 Num episodes: 77 Episode length: 942 Return: 5517.0 Normalized Return: 0.345

Steps executed: 75331 Num episodes: 78 Episode length: 956 Return: 5166.0 Normalized Return: 0.31

Steps executed: 75419 Num episodes: 79 Episode length: 960 Return: 6323.0 Normalized Return: 0.426

Steps executed: 75797 Num episodes: 80 Episode length: 978 Return: 7069.0 Normalized Return: 0.502

Steps executed: 76177 Num episodes: 81 Episode length: 997 Return: 8000.0 Normalized Return: 0.595

Steps executed: 76177 Num episodes: 82 Episode length: 997 Return: 8000.0 Normalized Return: 0.595

Steps executed: 76177 Num episodes: 83 Episode length: 997 Return: 8000.0 Normalized Return: 0.595

Steps executed: 76177 Num episodes: 84 Episode length: 997 Return: 8000.0 Normalized Return: 0.595

Steps executed: 77329 Num episodes: 85 Episode length: 1069 Return: 7039.0 Normalized Return: 0.498

Steps executed: 77674 Num episodes: 86 Episode length: 1092 Return: 8372.0 Normalized Return: 0.633

Steps executed: 77996 Num episodes: 87 Episode length: 1115 Return: 9509.0 Normalized Return: 0.747

Steps executed: 79179 Num episodes: 88 Episode length: 1206 Return: 8856.0 Normalized Return: 0.682

Steps executed: 79599 Num episodes: 89 Episode length: 1241 Return: 9910.0 Normalized Return: 0.788

Steps executed: 79599 Num episodes: 90 Episode length: 1241 Return: 9910.0 Normalized Return: 0.788

Steps executed: 79599 Num episodes: 91 Episode length: 1241 Return: 9910.0 Normalized Return: 0.788

Steps executed: 79599 Num episodes: 92 Episode length: 1241 Return: 9910.0 Normalized Return: 0.788

Steps executed: 79631 Num episodes: 93 Episode length: 1245 Return: 10562.0 Normalized Return: 0.853

Steps executed: 79757 Num episodes: 94 Episode length: 1263 Return: 9656.0 Normalized Return: 0.762

Steps executed: 79763 Num episodes: 95 Episode length: 1264 Return: 9656.0 Normalized Return: 0.762

Steps executed: 80013 Num episodes: 96 Episode length: 1314 Return: 7874.0 Normalized Return: 0.583

Steps executed: 80625 Num episodes: 97 Episode length: 1467 Return: 9382.0 Normalized Return: 0.735

Steps executed: 80700 Num episodes: 98 Episode length: 1492 Return: 10904.0 Normalized Return: 0.888

Steps executed: 80704 Num episodes: 99 Episode length: 1494 Return: 10700.0 Normalized Return: 0.867

Steps executed: 81507 Num episodes: 100 Episode length: 2297 Return: 19608.0 Normalized Return: 1.765
