Thu Nov 28 23:17:34 2024       
+-----------------------------------------------------------------------------------------+
| NVIDIA-SMI 560.35.03              Driver Version: 560.35.03      CUDA Version: 12.6     |
|-----------------------------------------+------------------------+----------------------+
| GPU  Name                 Persistence-M | Bus-Id          Disp.A | Volatile Uncorr. ECC |
| Fan  Temp   Perf          Pwr:Usage/Cap |           Memory-Usage | GPU-Util  Compute M. |
|                                         |                        |               MIG M. |
|=========================================+========================+======================|
|   0  NVIDIA H100 80GB HBM3          Off |   00000001:45:00.0 Off |                    0 |
| N/A   28C    P0             70W /  700W |       1MiB /  81559MiB |      0%      Default |
|                                         |                        |             Disabled |
+-----------------------------------------+------------------------+----------------------+
                                                                                         
+-----------------------------------------------------------------------------------------+
| Processes:                                                                              |
|  GPU   GI   CI        PID   Type   Process name                              GPU Memory |
|        ID   ID                                                               Usage      |
|=========================================================================================|
|  No running processes found                                                             |
+-----------------------------------------------------------------------------------------+
gpu
Got gin bindings:
[]
Sanitized gin bindings to:
[]
Found devices [StreamExecutorGpuDevice(id=0, process_index=0, slice_index=0)]

Steps executed: 948 Num episodes: 1 Episode length: 948 Return: 1880.0 Normalized Return: 0.173

Steps executed: 1595 Num episodes: 2 Episode length: 647 Return: 480.0 Normalized Return: -0.043

Steps executed: 3045 Num episodes: 3 Episode length: 1450 Return: 1050.0 Normalized Return: 0.045

Steps executed: 3720 Num episodes: 4 Episode length: 675 Return: 320.0 Normalized Return: -0.068

Steps executed: 4487 Num episodes: 5 Episode length: 767 Return: 600.0 Normalized Return: -0.025

Steps executed: 5189 Num episodes: 6 Episode length: 702 Return: 500.0 Normalized Return: -0.04

Steps executed: 5719 Num episodes: 7 Episode length: 530 Return: 60.0 Normalized Return: -0.108

Steps executed: 6241 Num episodes: 8 Episode length: 522 Return: 320.0 Normalized Return: -0.068

Steps executed: 6767 Num episodes: 9 Episode length: 526 Return: 260.0 Normalized Return: -0.077

Steps executed: 8350 Num episodes: 10 Episode length: 1583 Return: 1020.0 Normalized Return: 0.04

Steps executed: 9217 Num episodes: 11 Episode length: 867 Return: 710.0 Normalized Return: -0.008

Steps executed: 10168 Num episodes: 12 Episode length: 951 Return: 480.0 Normalized Return: -0.043

Steps executed: 11148 Num episodes: 13 Episode length: 980 Return: 1630.0 Normalized Return: 0.134

Steps executed: 12085 Num episodes: 14 Episode length: 937 Return: 280.0 Normalized Return: -0.074

Steps executed: 12900 Num episodes: 15 Episode length: 815 Return: 300.0 Normalized Return: -0.071

Steps executed: 14558 Num episodes: 16 Episode length: 1658 Return: 1590.0 Normalized Return: 0.128

Steps executed: 16514 Num episodes: 17 Episode length: 1956 Return: 3240.0 Normalized Return: 0.382

Steps executed: 17468 Num episodes: 18 Episode length: 954 Return: 920.0 Normalized Return: 0.024

Steps executed: 19010 Num episodes: 19 Episode length: 1542 Return: 1820.0 Normalized Return: 0.163

Steps executed: 21167 Num episodes: 20 Episode length: 2157 Return: 720.0 Normalized Return: -0.006

Steps executed: 21876 Num episodes: 21 Episode length: 709 Return: 580.0 Normalized Return: -0.028

Steps executed: 22704 Num episodes: 22 Episode length: 828 Return: 1470.0 Normalized Return: 0.109

Steps executed: 24539 Num episodes: 23 Episode length: 1835 Return: 2840.0 Normalized Return: 0.321

Steps executed: 25733 Num episodes: 24 Episode length: 1194 Return: 2480.0 Normalized Return: 0.265

Steps executed: 27241 Num episodes: 25 Episode length: 1508 Return: 3190.0 Normalized Return: 0.375

Steps executed: 28221 Num episodes: 26 Episode length: 980 Return: 1550.0 Normalized Return: 0.122

Steps executed: 41885 Num episodes: 27 Episode length: 13664 Return: 5060.0 Normalized Return: 0.663

Steps executed: 43372 Num episodes: 28 Episode length: 1487 Return: 3300.0 Normalized Return: 0.392

Steps executed: 44806 Num episodes: 29 Episode length: 1434 Return: 4580.0 Normalized Return: 0.589

Steps executed: 46991 Num episodes: 30 Episode length: 2185 Return: 4840.0 Normalized Return: 0.629

Steps executed: 48203 Num episodes: 31 Episode length: 1212 Return: 2010.0 Normalized Return: 0.193

Steps executed: 58441 Num episodes: 32 Episode length: 10238 Return: 11230.0 Normalized Return: 1.615

Steps executed: 60569 Num episodes: 33 Episode length: 2128 Return: 4950.0 Normalized Return: 0.646

Steps executed: 61064 Num episodes: 34 Episode length: 495 Return: 60.0 Normalized Return: -0.108

Steps executed: 61938 Num episodes: 35 Episode length: 874 Return: 1050.0 Normalized Return: 0.045

Steps executed: 62667 Num episodes: 36 Episode length: 729 Return: 1130.0 Normalized Return: 0.057

Steps executed: 64156 Num episodes: 37 Episode length: 1489 Return: 2550.0 Normalized Return: 0.276

Steps executed: 69728 Num episodes: 38 Episode length: 5572 Return: 11150.0 Normalized Return: 1.603

Steps executed: 80105 Num episodes: 39 Episode length: 10377 Return: 18290.0 Normalized Return: 2.705

Steps executed: 91177 Num episodes: 40 Episode length: 11072 Return: 19530.0 Normalized Return: 2.896

Steps executed: 95000 Num episodes: 1 Episode length: 950 Return: 1670.0 Normalized Return: 0.14

Steps executed: 95000 Num episodes: 2 Episode length: 950 Return: 1670.0 Normalized Return: 0.14

Steps executed: 176634 Num episodes: 3 Episode length: 1783 Return: 4620.0 Normalized Return: 0.595

Steps executed: 379267 Num episodes: 4 Episode length: 3872 Return: 8210.0 Normalized Return: 1.149

Steps executed: 443779 Num episodes: 5 Episode length: 4544 Return: 11720.0 Normalized Return: 1.691

Steps executed: 510184 Num episodes: 6 Episode length: 5243 Return: 8510.0 Normalized Return: 1.196

Steps executed: 757874 Num episodes: 7 Episode length: 7878 Return: 15620.0 Normalized Return: 2.293

Steps executed: 1459559 Num episodes: 8 Episode length: 15423 Return: 11750.0 Normalized Return: 1.695

Steps executed: 2394923 Num episodes: 9 Episode length: 25590 Return: 9790.0 Normalized Return: 1.393

Steps executed: 2523233 Num episodes: 10 Episode length: 27000 Return: 4880.0 Normalized Return: 0.635

Steps executed: 2523233 Num episodes: 11 Episode length: 27000 Return: 4460.0 Normalized Return: 0.571

Steps executed: 2523233 Num episodes: 12 Episode length: 27000 Return: 11530.0 Normalized Return: 1.662

Steps executed: 2523233 Num episodes: 13 Episode length: 27000 Return: 4870.0 Normalized Return: 0.634

Steps executed: 2523233 Num episodes: 14 Episode length: 27000 Return: 5100.0 Normalized Return: 0.669

Steps executed: 2523233 Num episodes: 15 Episode length: 27000 Return: 5050.0 Normalized Return: 0.662

Steps executed: 2523233 Num episodes: 16 Episode length: 27000 Return: 5120.0 Normalized Return: 0.672

Steps executed: 2523233 Num episodes: 17 Episode length: 27000 Return: 4870.0 Normalized Return: 0.634

Steps executed: 2523233 Num episodes: 18 Episode length: 27000 Return: 5180.0 Normalized Return: 0.682

Steps executed: 2523233 Num episodes: 19 Episode length: 27000 Return: 5200.0 Normalized Return: 0.685

Steps executed: 2523233 Num episodes: 20 Episode length: 27000 Return: 4890.0 Normalized Return: 0.637

Steps executed: 2523233 Num episodes: 21 Episode length: 27000 Return: 5120.0 Normalized Return: 0.672

Steps executed: 2523233 Num episodes: 22 Episode length: 27000 Return: 5220.0 Normalized Return: 0.688

Steps executed: 2523233 Num episodes: 23 Episode length: 27000 Return: 5220.0 Normalized Return: 0.688

Steps executed: 2523233 Num episodes: 24 Episode length: 27000 Return: 4510.0 Normalized Return: 0.578

Steps executed: 2523233 Num episodes: 25 Episode length: 27000 Return: 5180.0 Normalized Return: 0.682

Steps executed: 2523233 Num episodes: 26 Episode length: 27000 Return: 4870.0 Normalized Return: 0.634

Steps executed: 2523233 Num episodes: 27 Episode length: 27000 Return: 5240.0 Normalized Return: 0.691

Steps executed: 2523233 Num episodes: 28 Episode length: 27000 Return: 4460.0 Normalized Return: 0.571

Steps executed: 2523233 Num episodes: 29 Episode length: 27000 Return: 4870.0 Normalized Return: 0.634

Steps executed: 2523233 Num episodes: 30 Episode length: 27000 Return: 4870.0 Normalized Return: 0.634

Steps executed: 2523233 Num episodes: 31 Episode length: 27000 Return: 5120.0 Normalized Return: 0.672

Steps executed: 2523233 Num episodes: 32 Episode length: 27000 Return: 5070.0 Normalized Return: 0.665

Steps executed: 2523233 Num episodes: 33 Episode length: 27000 Return: 5580.0 Normalized Return: 0.743

Steps executed: 2523233 Num episodes: 34 Episode length: 27000 Return: 11220.0 Normalized Return: 1.614

Steps executed: 2523233 Num episodes: 35 Episode length: 27000 Return: 4570.0 Normalized Return: 0.588

Steps executed: 2523233 Num episodes: 36 Episode length: 27000 Return: 5300.0 Normalized Return: 0.7

Steps executed: 2523233 Num episodes: 37 Episode length: 27000 Return: 4590.0 Normalized Return: 0.591

Steps executed: 2523233 Num episodes: 38 Episode length: 27000 Return: 4920.0 Normalized Return: 0.642

Steps executed: 2523233 Num episodes: 39 Episode length: 27000 Return: 4560.0 Normalized Return: 0.586

Steps executed: 2523233 Num episodes: 40 Episode length: 27000 Return: 4780.0 Normalized Return: 0.62

Steps executed: 2523233 Num episodes: 41 Episode length: 27000 Return: 5200.0 Normalized Return: 0.685

Steps executed: 2523233 Num episodes: 42 Episode length: 27000 Return: 4870.0 Normalized Return: 0.634

Steps executed: 2523233 Num episodes: 43 Episode length: 27000 Return: 5810.0 Normalized Return: 0.779

Steps executed: 2523233 Num episodes: 44 Episode length: 27000 Return: 4460.0 Normalized Return: 0.571

Steps executed: 2523233 Num episodes: 45 Episode length: 27000 Return: 5230.0 Normalized Return: 0.689

Steps executed: 2523233 Num episodes: 46 Episode length: 27000 Return: 4890.0 Normalized Return: 0.637

Steps executed: 2523233 Num episodes: 47 Episode length: 27000 Return: 4460.0 Normalized Return: 0.571

Steps executed: 2523233 Num episodes: 48 Episode length: 27000 Return: 4620.0 Normalized Return: 0.595

Steps executed: 2523233 Num episodes: 49 Episode length: 27000 Return: 4460.0 Normalized Return: 0.571

Steps executed: 2523233 Num episodes: 50 Episode length: 27000 Return: 11190.0 Normalized Return: 1.609

Steps executed: 2523233 Num episodes: 51 Episode length: 27000 Return: 5120.0 Normalized Return: 0.672

Steps executed: 2523233 Num episodes: 52 Episode length: 27000 Return: 4640.0 Normalized Return: 0.598

Steps executed: 2523233 Num episodes: 53 Episode length: 27000 Return: 5160.0 Normalized Return: 0.679

Steps executed: 2523233 Num episodes: 54 Episode length: 27000 Return: 5490.0 Normalized Return: 0.73

Steps executed: 2523233 Num episodes: 55 Episode length: 27000 Return: 4590.0 Normalized Return: 0.591

Steps executed: 2523233 Num episodes: 56 Episode length: 27000 Return: 5320.0 Normalized Return: 0.703

Steps executed: 2523233 Num episodes: 57 Episode length: 27000 Return: 5200.0 Normalized Return: 0.685

Steps executed: 2523233 Num episodes: 58 Episode length: 27000 Return: 4620.0 Normalized Return: 0.595

Steps executed: 2523233 Num episodes: 59 Episode length: 27000 Return: 4780.0 Normalized Return: 0.62

Steps executed: 2523233 Num episodes: 60 Episode length: 27000 Return: 5580.0 Normalized Return: 0.743

Steps executed: 2523233 Num episodes: 61 Episode length: 27000 Return: 4590.0 Normalized Return: 0.591

Steps executed: 2523233 Num episodes: 62 Episode length: 27000 Return: 11080.0 Normalized Return: 1.592

Steps executed: 2523233 Num episodes: 63 Episode length: 27000 Return: 4280.0 Normalized Return: 0.543

Steps executed: 2523233 Num episodes: 64 Episode length: 27000 Return: 4780.0 Normalized Return: 0.62

Steps executed: 2523233 Num episodes: 65 Episode length: 27000 Return: 4460.0 Normalized Return: 0.571

Steps executed: 2523233 Num episodes: 66 Episode length: 27000 Return: 5590.0 Normalized Return: 0.745

Steps executed: 2523233 Num episodes: 67 Episode length: 27000 Return: 5450.0 Normalized Return: 0.723

Steps executed: 2523233 Num episodes: 68 Episode length: 27000 Return: 4590.0 Normalized Return: 0.591

Steps executed: 2523233 Num episodes: 69 Episode length: 27000 Return: 5490.0 Normalized Return: 0.73

Steps executed: 2523233 Num episodes: 70 Episode length: 27000 Return: 11530.0 Normalized Return: 1.662

Steps executed: 2523233 Num episodes: 71 Episode length: 27000 Return: 5490.0 Normalized Return: 0.73

Steps executed: 2523233 Num episodes: 72 Episode length: 27000 Return: 4890.0 Normalized Return: 0.637

Steps executed: 2523233 Num episodes: 73 Episode length: 27000 Return: 5150.0 Normalized Return: 0.677

Steps executed: 2523233 Num episodes: 74 Episode length: 27000 Return: 4460.0 Normalized Return: 0.571

Steps executed: 2523233 Num episodes: 75 Episode length: 27000 Return: 11140.0 Normalized Return: 1.601

Steps executed: 2523233 Num episodes: 76 Episode length: 27000 Return: 5370.0 Normalized Return: 0.711

Steps executed: 2523233 Num episodes: 77 Episode length: 27000 Return: 5290.0 Normalized Return: 0.699

Steps executed: 2523233 Num episodes: 78 Episode length: 27000 Return: 5160.0 Normalized Return: 0.679

Steps executed: 2523233 Num episodes: 79 Episode length: 27000 Return: 4590.0 Normalized Return: 0.591

Steps executed: 2523233 Num episodes: 80 Episode length: 27000 Return: 4760.0 Normalized Return: 0.617

Steps executed: 2523233 Num episodes: 81 Episode length: 27000 Return: 5050.0 Normalized Return: 0.662

Steps executed: 2523233 Num episodes: 82 Episode length: 27000 Return: 4620.0 Normalized Return: 0.595

Steps executed: 2523233 Num episodes: 83 Episode length: 27000 Return: 4860.0 Normalized Return: 0.632

Steps executed: 2523233 Num episodes: 84 Episode length: 27000 Return: 5140.0 Normalized Return: 0.676

Steps executed: 2523233 Num episodes: 85 Episode length: 27000 Return: 11530.0 Normalized Return: 1.662

Steps executed: 2523233 Num episodes: 86 Episode length: 27000 Return: 4950.0 Normalized Return: 0.646

Steps executed: 2523233 Num episodes: 87 Episode length: 27000 Return: 5200.0 Normalized Return: 0.685

Steps executed: 2523233 Num episodes: 88 Episode length: 27000 Return: 5030.0 Normalized Return: 0.659

Steps executed: 2523233 Num episodes: 89 Episode length: 27000 Return: 5140.0 Normalized Return: 0.676

Steps executed: 2523233 Num episodes: 90 Episode length: 27000 Return: 4660.0 Normalized Return: 0.602

Steps executed: 2523233 Num episodes: 91 Episode length: 27000 Return: 4620.0 Normalized Return: 0.595

Steps executed: 2523233 Num episodes: 92 Episode length: 27000 Return: 5140.0 Normalized Return: 0.676

Steps executed: 2523233 Num episodes: 93 Episode length: 27000 Return: 5200.0 Normalized Return: 0.685

Steps executed: 2523233 Num episodes: 94 Episode length: 27000 Return: 5030.0 Normalized Return: 0.659

Steps executed: 2523233 Num episodes: 95 Episode length: 27000 Return: 4590.0 Normalized Return: 0.591

Steps executed: 2523233 Num episodes: 96 Episode length: 27000 Return: 4590.0 Normalized Return: 0.591

Steps executed: 2523233 Num episodes: 97 Episode length: 27000 Return: 4590.0 Normalized Return: 0.591

Steps executed: 2523233 Num episodes: 98 Episode length: 27000 Return: 4890.0 Normalized Return: 0.637

Steps executed: 2523233 Num episodes: 99 Episode length: 27000 Return: 4820.0 Normalized Return: 0.626

Steps executed: 2523233 Num episodes: 100 Episode length: 27000 Return: 4970.0 Normalized Return: 0.649
