2024-11-28 23:17:39.641096: I tensorflow/core/platform/cpu_feature_guard.cc:193] This TensorFlow binary is optimized with oneAPI Deep Neural Network Library (oneDNN) to use the following CPU instructions in performance-critical operations:  AVX2 AVX512F AVX512_VNNI AVX512_BF16 AVX_VNNI AMX_TILE AMX_INT8 AMX_BF16 FMA
To enable them in other operations, rebuild TensorFlow with the appropriate compiler flags.
2024-11-28 23:17:39.719637: I tensorflow/core/util/port.cc:104] oneDNN custom operations are on. You may see slightly different numerical results due to floating-point round-off errors from different computation orders. To turn them off, set the environment variable `TF_ENABLE_ONEDNN_OPTS=0`.
2024-11-28 23:17:41.330678: W tensorflow/compiler/xla/stream_executor/platform/default/dso_loader.cc:64] Could not load dynamic library 'libnvinfer.so.7'; dlerror: libnvinfer.so.7: cannot open shared object file: No such file or directory; LD_LIBRARY_PATH: /nfs/nhome/live/rcdavis/.local/miniforge/envs/bbf2/lib/python3.9/site-packages/cv2/../../lib64:/ceph/apps/ubuntu-20/packages/cuda/11.8.0_520.61.05/lib64
2024-11-28 23:17:41.330730: W tensorflow/compiler/xla/stream_executor/platform/default/dso_loader.cc:64] Could not load dynamic library 'libnvinfer_plugin.so.7'; dlerror: libnvinfer_plugin.so.7: cannot open shared object file: No such file or directory; LD_LIBRARY_PATH: /nfs/nhome/live/rcdavis/.local/miniforge/envs/bbf2/lib/python3.9/site-packages/cv2/../../lib64:/ceph/apps/ubuntu-20/packages/cuda/11.8.0_520.61.05/lib64
2024-11-28 23:17:41.330736: W tensorflow/compiler/tf2tensorrt/utils/py_utils.cc:38] TF-TRT Warning: Cannot dlopen some TensorRT libraries. If you would like to use Nvidia GPU with TensorRT, please make sure the missing libraries mentioned above are installed properly.
/nfs/nhome/live/rcdavis/.local/miniforge/envs/bbf2/lib/python3.9/site-packages/gin/tf/__init__.py:48: DeprecationWarning: distutils Version classes are deprecated. Use packaging.version instead.
  if (distutils.version.LooseVersion(tf.__version__) <
2024-11-28 23:17:48.774101: W tensorflow/core/common_runtime/gpu/gpu_device.cc:2027] TensorFlow was not built with CUDA kernel binaries compatible with compute capability 9.0. CUDA kernels will be jit-compiled from PTX, which could take 30 minutes or longer.
I1128 23:17:48.775506 133024812349248 train.py:172] Setting random seed: 1746913574
I1128 23:17:48.885497 133024812349248 train.py:231] Using MaxEpisodeEvalRunner for evaluation.
W1128 23:17:48.885666 133024812349248 run_experiment.py:267] DEPRECATION WARNING: Logger is being deprecated. Please switch to CollectorDispatcher!
A.L.E: Arcade Learning Environment (version 0.7.5+db37282)
[Powered by Stella]
/nfs/nhome/live/rcdavis/.local/miniforge/envs/bbf2/lib/python3.9/site-packages/gym/core.py:317: DeprecationWarning: [33mWARN: Initializing wrapper in old step API which returns one bool instead of two. It is recommended to set `new_step_api=True` to use new step API. This will be the default behaviour in future.[0m
  deprecation(
/nfs/nhome/live/rcdavis/.local/miniforge/envs/bbf2/lib/python3.9/site-packages/gym/wrappers/step_api_compatibility.py:39: DeprecationWarning: [33mWARN: Initializing environment in old step API which returns one bool instead of two. It is recommended to set `new_step_api=True` to use new step API. This will be the default behaviour in future.[0m
  deprecation(
I1128 23:17:48.990557 133024812349248 spr_agent.py:1123] Creating BBFAgent agent with the following parameters:
I1128 23:17:48.990752 133024812349248 spr_agent.py:1127] 	 double_dqn: True
I1128 23:17:48.990779 133024812349248 spr_agent.py:1128] 	 noisy_networks: False
I1128 23:17:48.990799 133024812349248 spr_agent.py:1129] 	 dueling_dqn: True
I1128 23:17:48.990817 133024812349248 spr_agent.py:1130] 	 distributional: True
I1128 23:17:48.990833 133024812349248 spr_agent.py:1131] 	 data_augmentation: True
I1128 23:17:48.990849 133024812349248 spr_agent.py:1132] 	 replay_scheme: prioritized
I1128 23:17:48.990865 133024812349248 spr_agent.py:1133] 	 num_updates_per_train_step: 1
I1128 23:17:48.992623 133024812349248 xla_bridge.py:355] Unable to initialize backend 'tpu_driver': NOT_FOUND: Unable to find driver in registry given worker: 
I1128 23:17:49.395898 133024812349248 xla_bridge.py:355] Unable to initialize backend 'rocm': NOT_FOUND: Could not find registered platform with name: "rocm". Available platform names are: Host Interpreter CUDA
I1128 23:17:49.396180 133024812349248 xla_bridge.py:355] Unable to initialize backend 'tpu': module 'jaxlib.xla_extension' has no attribute 'get_tpu_client'
I1128 23:17:49.396237 133024812349248 xla_bridge.py:355] Unable to initialize backend 'plugin': xla_extension has no attributes named get_plugin_device_client. Compile TensorFlow with //tensorflow/compiler/xla/python:enable_plugin_device set to true (defaults to false) to enable this.
I1128 23:17:50.264014 133024812349248 spr_agent.py:1218] 	 Found following local devices: [StreamExecutorGpuDevice(id=0, process_index=0, slice_index=0)]
I1128 23:17:50.264148 133024812349248 spr_agent.py:1233] 	 Running with dtype <class 'jax.numpy.float32'>
I1128 23:17:50.264237 133024812349248 dqn_agent.py:278] Creating BBFAgent agent with the following parameters:
I1128 23:17:50.264265 133024812349248 dqn_agent.py:280] 	 gamma: 0.997000
I1128 23:17:50.264288 133024812349248 dqn_agent.py:281] 	 update_horizon: 10.000000
I1128 23:17:50.264307 133024812349248 dqn_agent.py:282] 	 min_replay_history: 2000
I1128 23:17:50.264325 133024812349248 dqn_agent.py:283] 	 update_period: 1
I1128 23:17:50.264340 133024812349248 dqn_agent.py:284] 	 target_update_period: 1
I1128 23:17:50.264355 133024812349248 dqn_agent.py:285] 	 epsilon_train: 0.000000
I1128 23:17:50.264371 133024812349248 dqn_agent.py:286] 	 epsilon_eval: 0.001000
I1128 23:17:50.264400 133024812349248 dqn_agent.py:287] 	 epsilon_decay_period: 2001
I1128 23:17:50.264416 133024812349248 dqn_agent.py:288] 	 optimizer: adam
I1128 23:17:50.264431 133024812349248 dqn_agent.py:289] 	 seed: 1746913574
I1128 23:17:50.264446 133024812349248 dqn_agent.py:290] 	 loss_type: mse
I1128 23:17:50.264461 133024812349248 dqn_agent.py:291] 	 preprocess_fn: None
I1128 23:17:50.456983 133024812349248 subsequence_replay_buffer.py:159] Creating a PrioritizedJaxSubsequenceParallelEnvReplayBuffer replay memory with the following parameters:
I1128 23:17:50.457104 133024812349248 subsequence_replay_buffer.py:161] 	 observation_shape: (84, 84)
I1128 23:17:50.457133 133024812349248 subsequence_replay_buffer.py:162] 	 observation_dtype: <class 'jax.numpy.uint8'>
I1128 23:17:50.457156 133024812349248 subsequence_replay_buffer.py:163] 	 terminal_dtype: <class 'numpy.uint8'>
I1128 23:17:50.457173 133024812349248 subsequence_replay_buffer.py:164] 	 stack_size: 4
I1128 23:17:50.457190 133024812349248 subsequence_replay_buffer.py:165] 	 use_next_state: 1
I1128 23:17:50.457208 133024812349248 subsequence_replay_buffer.py:166] 	 replay_capacity: 200000
I1128 23:17:50.457224 133024812349248 subsequence_replay_buffer.py:167] 	 batch_size: 32
I1128 23:17:50.457240 133024812349248 subsequence_replay_buffer.py:168] 	 update_horizon: 10
I1128 23:17:50.457255 133024812349248 subsequence_replay_buffer.py:169] 	 gamma: 0.997000
I1128 23:17:53.315365 133024812349248 spr_networks.py:821] Spatial latent shape: (11, 11, 128)
I1128 23:17:53.326932 133024812349248 spr_networks.py:828] Flattened representation shape: (15488,)
I1128 23:17:54.761801 133024812349248 spr_networks.py:821] Spatial latent shape: (5, 11, 11, 128)
I1128 23:17:54.774053 133024812349248 spr_networks.py:828] Flattened representation shape: (5, 15488)
I1128 23:17:55.338095 133024812349248 spr_agent.py:933] Creating AdamW optimizer with settings lr=0.000100, beta1=0.900000, beta2=0.999000, eps=0.000150, wd=0.100000
I1128 23:17:55.338310 133024812349248 spr_agent.py:933] Creating AdamW optimizer with settings lr=0.000100, beta1=0.900000, beta2=0.999000, eps=0.000150, wd=0.100000
I1128 23:17:55.808890 133024812349248 spr_agent.py:1366] 	 Operating with 1 environments, batch size 32 and replay ratio 64
I1128 23:17:55.809007 133024812349248 spr_agent.py:1374] 	 Calculated 2 updates per update phase
I1128 23:17:55.809041 133024812349248 spr_agent.py:1378] 	 Calculated update frequency of 1 step
I1128 23:17:55.809062 133024812349248 spr_agent.py:1383] 	 Setting min_replay_history to 2000.0 from 2000
I1128 23:17:55.809082 133024812349248 spr_agent.py:1388] 	 Setting epsilon_decay_period to 2001.0 from 2001
I1128 23:17:55.809103 133024812349248 spr_agent.py:1401] 	 Running 1 groups of 2 batches per 1 env step
I1128 23:17:55.811567 133024812349248 eval_run_experiment.py:204] Num evaluation episodes: 100
/nfs/nhome/live/rcdavis/.local/miniforge/envs/bbf2/lib/python3.9/site-packages/gym/utils/passive_env_checker.py:227: DeprecationWarning: [33mWARN: Core environment is written in old step API which returns one bool instead of two. It is recommended to rewrite the environment with new step API. [0m
  logger.deprecation(
I1128 23:17:56.020763 133024812349248 eval_run_experiment.py:622] Beginning training...
I1128 23:17:56.020893 133024812349248 eval_run_experiment.py:553] Starting iteration 0
I1128 23:17:56.164855 133024812349248 spr_networks.py:821] Spatial latent shape: (11, 11, 128)
I1128 23:17:56.165102 133024812349248 spr_networks.py:828] Flattened representation shape: (15488,)
I1128 23:18:01.287216 133024812349248 spr_networks.py:821] Spatial latent shape: (11, 11, 128)
I1128 23:18:01.287581 133024812349248 spr_networks.py:828] Flattened representation shape: (15488,)
I1128 23:18:01.430635 133024812349248 spr_networks.py:821] Spatial latent shape: (11, 11, 128)
I1128 23:18:01.430882 133024812349248 spr_networks.py:828] Flattened representation shape: (15488,)
I1128 23:18:01.607288 133024812349248 spr_networks.py:821] Spatial latent shape: (11, 11, 128)
I1128 23:18:01.607595 133024812349248 spr_networks.py:828] Flattened representation shape: (15488,)
I1128 23:18:01.772171 133024812349248 spr_networks.py:821] Spatial latent shape: (11, 11, 128)
I1128 23:18:01.772475 133024812349248 spr_networks.py:828] Flattened representation shape: (15488,)
I1128 23:18:01.864161 133024812349248 spr_networks.py:821] Spatial latent shape: (5, 11, 11, 128)
I1128 23:18:01.864673 133024812349248 spr_networks.py:828] Flattened representation shape: (5, 15488)
I1128 23:18:15.604642 133024812349248 spr_networks.py:821] Spatial latent shape: (11, 11, 128)
I1128 23:18:15.604910 133024812349248 spr_networks.py:828] Flattened representation shape: (15488,)
I1128 23:32:15.252026 133024812349248 spr_agent.py:1473] 	 Resetting weights at step 20002.
I1128 23:32:15.358829 133024812349248 spr_networks.py:821] Spatial latent shape: (11, 11, 128)
I1128 23:32:15.359038 133024812349248 spr_networks.py:828] Flattened representation shape: (15488,)
I1128 23:32:15.412425 133024812349248 spr_networks.py:821] Spatial latent shape: (5, 11, 11, 128)
I1128 23:32:15.412657 133024812349248 spr_networks.py:828] Flattened representation shape: (5, 15488)
I1128 23:32:15.525613 133024812349248 spr_networks.py:821] Spatial latent shape: (11, 11, 128)
I1128 23:32:15.525819 133024812349248 spr_networks.py:828] Flattened representation shape: (15488,)
I1128 23:32:15.578863 133024812349248 spr_networks.py:821] Spatial latent shape: (5, 11, 11, 128)
I1128 23:32:15.579091 133024812349248 spr_networks.py:828] Flattened representation shape: (5, 15488)
I1128 23:32:17.062578 133024812349248 spr_agent.py:1537] Running 0 gradient steps after reset
I1128 23:47:51.690160 133024812349248 spr_agent.py:1473] 	 Resetting weights at step 40003.
I1128 23:47:51.696166 133024812349248 spr_agent.py:1537] Running 0 gradient steps after reset
I1129 00:03:26.264880 133024812349248 spr_agent.py:1473] 	 Resetting weights at step 60004.
I1129 00:03:26.270985 133024812349248 spr_agent.py:1537] Running 0 gradient steps after reset
I1129 00:19:00.655693 133024812349248 spr_agent.py:1466] 	 Not resetting at step 80005, as need at least 20000 before 100000 to recover.
I1129 00:34:33.074451 133024812349248 eval_run_experiment.py:493] Average undiscounted return per training episode: 826.72
I1129 00:34:33.074702 133024812349248 eval_run_experiment.py:496] Average normalized return per training episode: 0.07
I1129 00:34:33.074739 133024812349248 eval_run_experiment.py:499] Average training steps per second: 21.62
I1129 00:34:44.282599 133024812349248 spr_networks.py:821] Spatial latent shape: (11, 11, 128)
I1129 00:34:44.282953 133024812349248 spr_networks.py:828] Flattened representation shape: (15488,)
I1129 00:35:04.905055 133024812349248 spr_networks.py:821] Spatial latent shape: (11, 11, 128)
I1129 00:35:04.905424 133024812349248 spr_networks.py:828] Flattened representation shape: (15488,)
I1129 00:35:10.724940 133024812349248 spr_networks.py:821] Spatial latent shape: (11, 11, 128)
I1129 00:35:10.725213 133024812349248 spr_networks.py:828] Flattened representation shape: (15488,)
I1129 00:35:15.959867 133024812349248 spr_networks.py:821] Spatial latent shape: (11, 11, 128)
I1129 00:35:15.960128 133024812349248 spr_networks.py:828] Flattened representation shape: (15488,)
I1129 00:35:21.322527 133024812349248 spr_networks.py:821] Spatial latent shape: (11, 11, 128)
I1129 00:35:21.322798 133024812349248 spr_networks.py:828] Flattened representation shape: (15488,)
I1129 00:35:22.609676 133024812349248 spr_networks.py:821] Spatial latent shape: (11, 11, 128)
I1129 00:35:22.609945 133024812349248 spr_networks.py:828] Flattened representation shape: (15488,)
I1129 00:35:23.952100 133024812349248 spr_networks.py:821] Spatial latent shape: (11, 11, 128)
I1129 00:35:23.952368 133024812349248 spr_networks.py:828] Flattened representation shape: (15488,)
I1129 00:35:25.139144 133024812349248 spr_networks.py:821] Spatial latent shape: (11, 11, 128)
I1129 00:35:25.139424 133024812349248 spr_networks.py:828] Flattened representation shape: (15488,)
I1129 00:35:26.347381 133024812349248 spr_networks.py:821] Spatial latent shape: (11, 11, 128)
I1129 00:35:26.347660 133024812349248 spr_networks.py:828] Flattened representation shape: (15488,)
I1129 00:35:29.371554 133024812349248 spr_networks.py:821] Spatial latent shape: (11, 11, 128)
I1129 00:35:29.371829 133024812349248 spr_networks.py:828] Flattened representation shape: (15488,)
I1129 00:35:31.604620 133024812349248 spr_networks.py:821] Spatial latent shape: (11, 11, 128)
I1129 00:35:31.604885 133024812349248 spr_networks.py:828] Flattened representation shape: (15488,)
I1129 00:35:35.229972 133024812349248 spr_networks.py:821] Spatial latent shape: (11, 11, 128)
I1129 00:35:35.230320 133024812349248 spr_networks.py:828] Flattened representation shape: (15488,)
I1129 00:35:36.608556 133024812349248 spr_networks.py:821] Spatial latent shape: (11, 11, 128)
I1129 00:35:36.608826 133024812349248 spr_networks.py:828] Flattened representation shape: (15488,)
I1129 00:35:38.282964 133024812349248 spr_networks.py:821] Spatial latent shape: (11, 11, 128)
I1129 00:35:38.283242 133024812349248 spr_networks.py:828] Flattened representation shape: (15488,)
I1129 00:35:40.610782 133024812349248 spr_networks.py:821] Spatial latent shape: (11, 11, 128)
I1129 00:35:40.611062 133024812349248 spr_networks.py:828] Flattened representation shape: (15488,)
I1129 00:35:41.784312 133024812349248 spr_networks.py:821] Spatial latent shape: (11, 11, 128)
I1129 00:35:41.784587 133024812349248 spr_networks.py:828] Flattened representation shape: (15488,)
I1129 00:35:43.571302 133024812349248 spr_networks.py:821] Spatial latent shape: (11, 11, 128)
I1129 00:35:43.571590 133024812349248 spr_networks.py:828] Flattened representation shape: (15488,)
I1129 00:35:44.659979 133024812349248 spr_networks.py:821] Spatial latent shape: (11, 11, 128)
I1129 00:35:44.660249 133024812349248 spr_networks.py:828] Flattened representation shape: (15488,)
I1129 00:35:45.935467 133024812349248 spr_networks.py:821] Spatial latent shape: (11, 11, 128)
I1129 00:35:45.935733 133024812349248 spr_networks.py:828] Flattened representation shape: (15488,)
I1129 00:35:48.328635 133024812349248 spr_networks.py:821] Spatial latent shape: (11, 11, 128)
I1129 00:35:48.328910 133024812349248 spr_networks.py:828] Flattened representation shape: (15488,)
I1129 00:35:49.389930 133024812349248 spr_networks.py:821] Spatial latent shape: (11, 11, 128)
I1129 00:35:49.390207 133024812349248 spr_networks.py:828] Flattened representation shape: (15488,)
I1129 00:35:52.280095 133024812349248 spr_networks.py:821] Spatial latent shape: (11, 11, 128)
I1129 00:35:52.280391 133024812349248 spr_networks.py:828] Flattened representation shape: (15488,)
I1129 00:35:54.289108 133024812349248 spr_networks.py:821] Spatial latent shape: (11, 11, 128)
I1129 00:35:54.289381 133024812349248 spr_networks.py:828] Flattened representation shape: (15488,)
I1129 00:35:55.688305 133024812349248 spr_networks.py:821] Spatial latent shape: (11, 11, 128)
I1129 00:35:55.688619 133024812349248 spr_networks.py:828] Flattened representation shape: (15488,)
I1129 00:35:57.554621 133024812349248 spr_networks.py:821] Spatial latent shape: (11, 11, 128)
I1129 00:35:57.554889 133024812349248 spr_networks.py:828] Flattened representation shape: (15488,)
I1129 00:35:58.955392 133024812349248 spr_networks.py:821] Spatial latent shape: (11, 11, 128)
I1129 00:35:58.955662 133024812349248 spr_networks.py:828] Flattened representation shape: (15488,)
I1129 00:36:00.368844 133024812349248 spr_networks.py:821] Spatial latent shape: (11, 11, 128)
I1129 00:36:00.369121 133024812349248 spr_networks.py:828] Flattened representation shape: (15488,)
I1129 00:36:02.309049 133024812349248 spr_networks.py:821] Spatial latent shape: (11, 11, 128)
I1129 00:36:02.309317 133024812349248 spr_networks.py:828] Flattened representation shape: (15488,)
I1129 00:36:03.666247 133024812349248 spr_networks.py:821] Spatial latent shape: (11, 11, 128)
I1129 00:36:03.666539 133024812349248 spr_networks.py:828] Flattened representation shape: (15488,)
I1129 00:36:05.472556 133024812349248 spr_networks.py:821] Spatial latent shape: (11, 11, 128)
I1129 00:36:05.472824 133024812349248 spr_networks.py:828] Flattened representation shape: (15488,)
I1129 00:36:06.234916 133024812349248 spr_networks.py:821] Spatial latent shape: (11, 11, 128)
I1129 00:36:06.235177 133024812349248 spr_networks.py:828] Flattened representation shape: (15488,)
I1129 00:36:07.228077 133024812349248 spr_networks.py:821] Spatial latent shape: (11, 11, 128)
I1129 00:36:07.228338 133024812349248 spr_networks.py:828] Flattened representation shape: (15488,)
I1129 00:36:08.214545 133024812349248 spr_networks.py:821] Spatial latent shape: (11, 11, 128)
I1129 00:36:08.214809 133024812349248 spr_networks.py:828] Flattened representation shape: (15488,)
I1129 00:36:09.348119 133024812349248 spr_networks.py:821] Spatial latent shape: (11, 11, 128)
I1129 00:36:09.348388 133024812349248 spr_networks.py:828] Flattened representation shape: (15488,)
I1129 00:36:10.322040 133024812349248 spr_networks.py:821] Spatial latent shape: (11, 11, 128)
I1129 00:36:10.322296 133024812349248 spr_networks.py:828] Flattened representation shape: (15488,)
I1129 00:36:12.472546 133024812349248 spr_networks.py:821] Spatial latent shape: (11, 11, 128)
I1129 00:36:12.472820 133024812349248 spr_networks.py:828] Flattened representation shape: (15488,)
I1129 00:36:13.416515 133024812349248 spr_networks.py:821] Spatial latent shape: (11, 11, 128)
I1129 00:36:13.416784 133024812349248 spr_networks.py:828] Flattened representation shape: (15488,)
I1129 00:36:14.355428 133024812349248 spr_networks.py:821] Spatial latent shape: (11, 11, 128)
I1129 00:36:14.355693 133024812349248 spr_networks.py:828] Flattened representation shape: (15488,)
I1129 00:36:15.687360 133024812349248 spr_networks.py:821] Spatial latent shape: (11, 11, 128)
I1129 00:36:15.687626 133024812349248 spr_networks.py:828] Flattened representation shape: (15488,)
I1129 00:36:17.800624 133024812349248 spr_networks.py:821] Spatial latent shape: (11, 11, 128)
I1129 00:36:17.800874 133024812349248 spr_networks.py:828] Flattened representation shape: (15488,)
I1129 00:36:19.059505 133024812349248 spr_networks.py:821] Spatial latent shape: (11, 11, 128)
I1129 00:36:19.059776 133024812349248 spr_networks.py:828] Flattened representation shape: (15488,)
I1129 00:36:20.723903 133024812349248 spr_networks.py:821] Spatial latent shape: (11, 11, 128)
I1129 00:36:20.724186 133024812349248 spr_networks.py:828] Flattened representation shape: (15488,)
I1129 00:36:23.292351 133024812349248 spr_networks.py:821] Spatial latent shape: (11, 11, 128)
I1129 00:36:23.292631 133024812349248 spr_networks.py:828] Flattened representation shape: (15488,)
I1129 00:36:24.746448 133024812349248 spr_networks.py:821] Spatial latent shape: (11, 11, 128)
I1129 00:36:24.746719 133024812349248 spr_networks.py:828] Flattened representation shape: (15488,)
I1129 00:36:26.104738 133024812349248 spr_networks.py:821] Spatial latent shape: (11, 11, 128)
I1129 00:36:26.105013 133024812349248 spr_networks.py:828] Flattened representation shape: (15488,)
I1129 00:36:27.545212 133024812349248 spr_networks.py:821] Spatial latent shape: (11, 11, 128)
I1129 00:36:27.545487 133024812349248 spr_networks.py:828] Flattened representation shape: (15488,)
I1129 00:36:29.042212 133024812349248 spr_networks.py:821] Spatial latent shape: (11, 11, 128)
I1129 00:36:29.042561 133024812349248 spr_networks.py:828] Flattened representation shape: (15488,)
I1129 00:36:30.271276 133024812349248 eval_run_experiment.py:537] Average undiscounted return per evaluation episode: 1770.00
I1129 00:36:30.271417 133024812349248 eval_run_experiment.py:544] Average normalized return per evaluation episode: 0.19
/nfs/nhome/live/rcdavis/bbf_UPER/bbf/replay_memory/subsequence_replay_buffer.py:781: FutureWarning: GzipFile was opened for writing, but this will change in future Python releases.  Specify the mode argument for opening it for writing.
  with gzip.GzipFile(fileobj=f) as outfile:
