2024-11-29 01:59:21.979309: I tensorflow/core/platform/cpu_feature_guard.cc:193] This TensorFlow binary is optimized with oneAPI Deep Neural Network Library (oneDNN) to use the following CPU instructions in performance-critical operations:  AVX2 AVX512F AVX512_VNNI AVX512_BF16 AVX_VNNI AMX_TILE AMX_INT8 AMX_BF16 FMA
To enable them in other operations, rebuild TensorFlow with the appropriate compiler flags.
2024-11-29 01:59:22.062569: I tensorflow/core/util/port.cc:104] oneDNN custom operations are on. You may see slightly different numerical results due to floating-point round-off errors from different computation orders. To turn them off, set the environment variable `TF_ENABLE_ONEDNN_OPTS=0`.
2024-11-29 01:59:23.104852: W tensorflow/compiler/xla/stream_executor/platform/default/dso_loader.cc:64] Could not load dynamic library 'libnvinfer.so.7'; dlerror: libnvinfer.so.7: cannot open shared object file: No such file or directory; LD_LIBRARY_PATH: /nfs/nhome/live/rcdavis/.local/miniforge/envs/bbf2/lib/python3.9/site-packages/cv2/../../lib64:/ceph/apps/ubuntu-20/packages/cuda/11.8.0_520.61.05/lib64
2024-11-29 01:59:23.104908: W tensorflow/compiler/xla/stream_executor/platform/default/dso_loader.cc:64] Could not load dynamic library 'libnvinfer_plugin.so.7'; dlerror: libnvinfer_plugin.so.7: cannot open shared object file: No such file or directory; LD_LIBRARY_PATH: /nfs/nhome/live/rcdavis/.local/miniforge/envs/bbf2/lib/python3.9/site-packages/cv2/../../lib64:/ceph/apps/ubuntu-20/packages/cuda/11.8.0_520.61.05/lib64
2024-11-29 01:59:23.104914: W tensorflow/compiler/tf2tensorrt/utils/py_utils.cc:38] TF-TRT Warning: Cannot dlopen some TensorRT libraries. If you would like to use Nvidia GPU with TensorRT, please make sure the missing libraries mentioned above are installed properly.
/nfs/nhome/live/rcdavis/.local/miniforge/envs/bbf2/lib/python3.9/site-packages/gin/tf/__init__.py:48: DeprecationWarning: distutils Version classes are deprecated. Use packaging.version instead.
  if (distutils.version.LooseVersion(tf.__version__) <
2024-11-29 01:59:26.943790: W tensorflow/core/common_runtime/gpu/gpu_device.cc:2027] TensorFlow was not built with CUDA kernel binaries compatible with compute capability 9.0. CUDA kernels will be jit-compiled from PTX, which could take 30 minutes or longer.
I1129 01:59:26.944751 139216822916928 train.py:172] Setting random seed: 2091842094
I1129 01:59:27.077260 139216822916928 train.py:231] Using MaxEpisodeEvalRunner for evaluation.
W1129 01:59:27.077491 139216822916928 run_experiment.py:267] DEPRECATION WARNING: Logger is being deprecated. Please switch to CollectorDispatcher!
A.L.E: Arcade Learning Environment (version 0.7.5+db37282)
[Powered by Stella]
/nfs/nhome/live/rcdavis/.local/miniforge/envs/bbf2/lib/python3.9/site-packages/gym/core.py:317: DeprecationWarning: [33mWARN: Initializing wrapper in old step API which returns one bool instead of two. It is recommended to set `new_step_api=True` to use new step API. This will be the default behaviour in future.[0m
  deprecation(
/nfs/nhome/live/rcdavis/.local/miniforge/envs/bbf2/lib/python3.9/site-packages/gym/wrappers/step_api_compatibility.py:39: DeprecationWarning: [33mWARN: Initializing environment in old step API which returns one bool instead of two. It is recommended to set `new_step_api=True` to use new step API. This will be the default behaviour in future.[0m
  deprecation(
I1129 01:59:27.182296 139216822916928 spr_agent.py:1123] Creating BBFAgent agent with the following parameters:
I1129 01:59:27.182562 139216822916928 spr_agent.py:1127] 	 double_dqn: True
I1129 01:59:27.182589 139216822916928 spr_agent.py:1128] 	 noisy_networks: False
I1129 01:59:27.182610 139216822916928 spr_agent.py:1129] 	 dueling_dqn: True
I1129 01:59:27.182629 139216822916928 spr_agent.py:1130] 	 distributional: True
I1129 01:59:27.182646 139216822916928 spr_agent.py:1131] 	 data_augmentation: True
I1129 01:59:27.182661 139216822916928 spr_agent.py:1132] 	 replay_scheme: prioritized
I1129 01:59:27.182677 139216822916928 spr_agent.py:1133] 	 num_updates_per_train_step: 1
I1129 01:59:27.184867 139216822916928 xla_bridge.py:355] Unable to initialize backend 'tpu_driver': NOT_FOUND: Unable to find driver in registry given worker: 
I1129 01:59:27.332606 139216822916928 xla_bridge.py:355] Unable to initialize backend 'rocm': NOT_FOUND: Could not find registered platform with name: "rocm". Available platform names are: Interpreter Host CUDA
I1129 01:59:27.332910 139216822916928 xla_bridge.py:355] Unable to initialize backend 'tpu': module 'jaxlib.xla_extension' has no attribute 'get_tpu_client'
I1129 01:59:27.332968 139216822916928 xla_bridge.py:355] Unable to initialize backend 'plugin': xla_extension has no attributes named get_plugin_device_client. Compile TensorFlow with //tensorflow/compiler/xla/python:enable_plugin_device set to true (defaults to false) to enable this.
I1129 01:59:28.220800 139216822916928 spr_agent.py:1218] 	 Found following local devices: [StreamExecutorGpuDevice(id=0, process_index=0, slice_index=0)]
I1129 01:59:28.220947 139216822916928 spr_agent.py:1233] 	 Running with dtype <class 'jax.numpy.float32'>
I1129 01:59:28.221036 139216822916928 dqn_agent.py:278] Creating BBFAgent agent with the following parameters:
I1129 01:59:28.221065 139216822916928 dqn_agent.py:280] 	 gamma: 0.997000
I1129 01:59:28.221087 139216822916928 dqn_agent.py:281] 	 update_horizon: 10.000000
I1129 01:59:28.221107 139216822916928 dqn_agent.py:282] 	 min_replay_history: 2000
I1129 01:59:28.221124 139216822916928 dqn_agent.py:283] 	 update_period: 1
I1129 01:59:28.221140 139216822916928 dqn_agent.py:284] 	 target_update_period: 1
I1129 01:59:28.221155 139216822916928 dqn_agent.py:285] 	 epsilon_train: 0.000000
I1129 01:59:28.221170 139216822916928 dqn_agent.py:286] 	 epsilon_eval: 0.001000
I1129 01:59:28.221186 139216822916928 dqn_agent.py:287] 	 epsilon_decay_period: 2001
I1129 01:59:28.221201 139216822916928 dqn_agent.py:288] 	 optimizer: adam
I1129 01:59:28.221216 139216822916928 dqn_agent.py:289] 	 seed: 2091842094
I1129 01:59:28.221230 139216822916928 dqn_agent.py:290] 	 loss_type: mse
I1129 01:59:28.221244 139216822916928 dqn_agent.py:291] 	 preprocess_fn: None
I1129 01:59:28.430568 139216822916928 subsequence_replay_buffer.py:159] Creating a PrioritizedJaxSubsequenceParallelEnvReplayBuffer replay memory with the following parameters:
I1129 01:59:28.430703 139216822916928 subsequence_replay_buffer.py:161] 	 observation_shape: (84, 84)
I1129 01:59:28.430732 139216822916928 subsequence_replay_buffer.py:162] 	 observation_dtype: <class 'jax.numpy.uint8'>
I1129 01:59:28.430755 139216822916928 subsequence_replay_buffer.py:163] 	 terminal_dtype: <class 'numpy.uint8'>
I1129 01:59:28.430773 139216822916928 subsequence_replay_buffer.py:164] 	 stack_size: 4
I1129 01:59:28.430792 139216822916928 subsequence_replay_buffer.py:165] 	 use_next_state: 1
I1129 01:59:28.430809 139216822916928 subsequence_replay_buffer.py:166] 	 replay_capacity: 200000
I1129 01:59:28.430825 139216822916928 subsequence_replay_buffer.py:167] 	 batch_size: 32
I1129 01:59:28.430840 139216822916928 subsequence_replay_buffer.py:168] 	 update_horizon: 10
I1129 01:59:28.430856 139216822916928 subsequence_replay_buffer.py:169] 	 gamma: 0.997000
I1129 01:59:31.370606 139216822916928 spr_networks.py:821] Spatial latent shape: (11, 11, 128)
I1129 01:59:31.383747 139216822916928 spr_networks.py:828] Flattened representation shape: (15488,)
I1129 01:59:32.844491 139216822916928 spr_networks.py:821] Spatial latent shape: (5, 11, 11, 128)
I1129 01:59:32.857463 139216822916928 spr_networks.py:828] Flattened representation shape: (5, 15488)
I1129 01:59:33.444993 139216822916928 spr_agent.py:933] Creating AdamW optimizer with settings lr=0.000100, beta1=0.900000, beta2=0.999000, eps=0.000150, wd=0.100000
I1129 01:59:33.445225 139216822916928 spr_agent.py:933] Creating AdamW optimizer with settings lr=0.000100, beta1=0.900000, beta2=0.999000, eps=0.000150, wd=0.100000
I1129 01:59:33.952824 139216822916928 spr_agent.py:1366] 	 Operating with 1 environments, batch size 32 and replay ratio 64
I1129 01:59:33.952955 139216822916928 spr_agent.py:1374] 	 Calculated 2 updates per update phase
I1129 01:59:33.952993 139216822916928 spr_agent.py:1378] 	 Calculated update frequency of 1 step
I1129 01:59:33.953016 139216822916928 spr_agent.py:1383] 	 Setting min_replay_history to 2000.0 from 2000
I1129 01:59:33.953036 139216822916928 spr_agent.py:1388] 	 Setting epsilon_decay_period to 2001.0 from 2001
I1129 01:59:33.953060 139216822916928 spr_agent.py:1401] 	 Running 1 groups of 2 batches per 1 env step
I1129 01:59:33.955852 139216822916928 eval_run_experiment.py:204] Num evaluation episodes: 100
/nfs/nhome/live/rcdavis/.local/miniforge/envs/bbf2/lib/python3.9/site-packages/gym/utils/passive_env_checker.py:227: DeprecationWarning: [33mWARN: Core environment is written in old step API which returns one bool instead of two. It is recommended to rewrite the environment with new step API. [0m
  logger.deprecation(
I1129 01:59:34.175664 139216822916928 eval_run_experiment.py:622] Beginning training...
I1129 01:59:34.175796 139216822916928 eval_run_experiment.py:553] Starting iteration 0
I1129 01:59:34.316945 139216822916928 spr_networks.py:821] Spatial latent shape: (11, 11, 128)
I1129 01:59:34.317213 139216822916928 spr_networks.py:828] Flattened representation shape: (15488,)
I1129 01:59:39.628981 139216822916928 spr_networks.py:821] Spatial latent shape: (11, 11, 128)
I1129 01:59:39.629345 139216822916928 spr_networks.py:828] Flattened representation shape: (15488,)
I1129 01:59:39.772788 139216822916928 spr_networks.py:821] Spatial latent shape: (11, 11, 128)
I1129 01:59:39.773050 139216822916928 spr_networks.py:828] Flattened representation shape: (15488,)
I1129 01:59:39.950162 139216822916928 spr_networks.py:821] Spatial latent shape: (11, 11, 128)
I1129 01:59:39.950494 139216822916928 spr_networks.py:828] Flattened representation shape: (15488,)
I1129 01:59:40.115617 139216822916928 spr_networks.py:821] Spatial latent shape: (11, 11, 128)
I1129 01:59:40.115945 139216822916928 spr_networks.py:828] Flattened representation shape: (15488,)
I1129 01:59:40.208553 139216822916928 spr_networks.py:821] Spatial latent shape: (5, 11, 11, 128)
I1129 01:59:40.209109 139216822916928 spr_networks.py:828] Flattened representation shape: (5, 15488)
I1129 01:59:54.131093 139216822916928 spr_networks.py:821] Spatial latent shape: (11, 11, 128)
I1129 01:59:54.131372 139216822916928 spr_networks.py:828] Flattened representation shape: (15488,)
I1129 02:13:41.378200 139216822916928 spr_agent.py:1473] 	 Resetting weights at step 20002.
I1129 02:13:41.484177 139216822916928 spr_networks.py:821] Spatial latent shape: (11, 11, 128)
I1129 02:13:41.484389 139216822916928 spr_networks.py:828] Flattened representation shape: (15488,)
I1129 02:13:41.537387 139216822916928 spr_networks.py:821] Spatial latent shape: (5, 11, 11, 128)
I1129 02:13:41.537622 139216822916928 spr_networks.py:828] Flattened representation shape: (5, 15488)
I1129 02:13:41.649673 139216822916928 spr_networks.py:821] Spatial latent shape: (11, 11, 128)
I1129 02:13:41.649877 139216822916928 spr_networks.py:828] Flattened representation shape: (15488,)
I1129 02:13:41.702586 139216822916928 spr_networks.py:821] Spatial latent shape: (5, 11, 11, 128)
I1129 02:13:41.702816 139216822916928 spr_networks.py:828] Flattened representation shape: (5, 15488)
I1129 02:13:43.173668 139216822916928 spr_agent.py:1537] Running 0 gradient steps after reset
I1129 02:28:54.659686 139216822916928 spr_agent.py:1473] 	 Resetting weights at step 40003.
I1129 02:28:54.665620 139216822916928 spr_agent.py:1537] Running 0 gradient steps after reset
I1129 02:44:05.125464 139216822916928 spr_agent.py:1473] 	 Resetting weights at step 60004.
I1129 02:44:05.131247 139216822916928 spr_agent.py:1537] Running 0 gradient steps after reset
I1129 02:59:15.224842 139216822916928 spr_agent.py:1466] 	 Not resetting at step 80005, as need at least 20000 before 100000 to recover.
I1129 03:14:22.648537 139216822916928 eval_run_experiment.py:493] Average undiscounted return per training episode: 146.17
I1129 03:14:22.649421 139216822916928 eval_run_experiment.py:496] Average normalized return per training episode: 0.08
I1129 03:14:22.649496 139216822916928 eval_run_experiment.py:499] Average training steps per second: 22.03
I1129 03:14:33.909279 139216822916928 spr_networks.py:821] Spatial latent shape: (11, 11, 128)
I1129 03:14:33.909660 139216822916928 spr_networks.py:828] Flattened representation shape: (15488,)
I1129 03:15:57.163830 139216822916928 spr_networks.py:821] Spatial latent shape: (11, 11, 128)
I1129 03:15:57.165156 139216822916928 spr_networks.py:828] Flattened representation shape: (15488,)
I1129 03:15:59.761430 139216822916928 spr_networks.py:821] Spatial latent shape: (11, 11, 128)
I1129 03:15:59.761703 139216822916928 spr_networks.py:828] Flattened representation shape: (15488,)
I1129 03:16:01.240142 139216822916928 spr_networks.py:821] Spatial latent shape: (11, 11, 128)
I1129 03:16:01.240410 139216822916928 spr_networks.py:828] Flattened representation shape: (15488,)
I1129 03:16:02.520965 139216822916928 spr_networks.py:821] Spatial latent shape: (11, 11, 128)
I1129 03:16:02.521230 139216822916928 spr_networks.py:828] Flattened representation shape: (15488,)
I1129 03:16:03.711480 139216822916928 spr_networks.py:821] Spatial latent shape: (11, 11, 128)
I1129 03:16:03.711749 139216822916928 spr_networks.py:828] Flattened representation shape: (15488,)
I1129 03:16:18.330742 139216822916928 spr_networks.py:821] Spatial latent shape: (11, 11, 128)
I1129 03:16:18.331045 139216822916928 spr_networks.py:828] Flattened representation shape: (15488,)
I1129 03:16:20.057391 139216822916928 spr_networks.py:821] Spatial latent shape: (11, 11, 128)
I1129 03:16:20.057669 139216822916928 spr_networks.py:828] Flattened representation shape: (15488,)
I1129 03:16:21.384306 139216822916928 spr_networks.py:821] Spatial latent shape: (11, 11, 128)
I1129 03:16:21.384574 139216822916928 spr_networks.py:828] Flattened representation shape: (15488,)
I1129 03:16:28.907328 139216822916928 spr_networks.py:821] Spatial latent shape: (11, 11, 128)
I1129 03:16:28.907673 139216822916928 spr_networks.py:828] Flattened representation shape: (15488,)
I1129 03:16:30.092597 139216822916928 spr_networks.py:821] Spatial latent shape: (11, 11, 128)
I1129 03:16:30.092870 139216822916928 spr_networks.py:828] Flattened representation shape: (15488,)
I1129 03:16:31.266027 139216822916928 spr_networks.py:821] Spatial latent shape: (11, 11, 128)
I1129 03:16:31.266296 139216822916928 spr_networks.py:828] Flattened representation shape: (15488,)
I1129 03:16:32.457165 139216822916928 spr_networks.py:821] Spatial latent shape: (11, 11, 128)
I1129 03:16:32.457435 139216822916928 spr_networks.py:828] Flattened representation shape: (15488,)
I1129 03:16:33.631725 139216822916928 spr_networks.py:821] Spatial latent shape: (11, 11, 128)
I1129 03:16:33.631989 139216822916928 spr_networks.py:828] Flattened representation shape: (15488,)
I1129 03:16:34.803406 139216822916928 spr_networks.py:821] Spatial latent shape: (11, 11, 128)
I1129 03:16:34.803675 139216822916928 spr_networks.py:828] Flattened representation shape: (15488,)
I1129 03:16:36.064117 139216822916928 spr_networks.py:821] Spatial latent shape: (11, 11, 128)
I1129 03:16:36.064382 139216822916928 spr_networks.py:828] Flattened representation shape: (15488,)
I1129 03:16:37.179788 139216822916928 spr_networks.py:821] Spatial latent shape: (11, 11, 128)
I1129 03:16:37.180053 139216822916928 spr_networks.py:828] Flattened representation shape: (15488,)
I1129 03:16:38.295178 139216822916928 spr_networks.py:821] Spatial latent shape: (11, 11, 128)
I1129 03:16:38.295450 139216822916928 spr_networks.py:828] Flattened representation shape: (15488,)
I1129 03:16:39.444198 139216822916928 spr_networks.py:821] Spatial latent shape: (11, 11, 128)
I1129 03:16:39.444473 139216822916928 spr_networks.py:828] Flattened representation shape: (15488,)
I1129 03:16:40.554522 139216822916928 spr_networks.py:821] Spatial latent shape: (11, 11, 128)
I1129 03:16:40.554790 139216822916928 spr_networks.py:828] Flattened representation shape: (15488,)
I1129 03:16:41.632440 139216822916928 spr_networks.py:821] Spatial latent shape: (11, 11, 128)
I1129 03:16:41.632724 139216822916928 spr_networks.py:828] Flattened representation shape: (15488,)
I1129 03:16:42.716067 139216822916928 spr_networks.py:821] Spatial latent shape: (11, 11, 128)
I1129 03:16:42.716333 139216822916928 spr_networks.py:828] Flattened representation shape: (15488,)
I1129 03:16:43.790083 139216822916928 spr_networks.py:821] Spatial latent shape: (11, 11, 128)
I1129 03:16:43.790350 139216822916928 spr_networks.py:828] Flattened representation shape: (15488,)
I1129 03:16:44.852543 139216822916928 spr_networks.py:821] Spatial latent shape: (11, 11, 128)
I1129 03:16:44.852822 139216822916928 spr_networks.py:828] Flattened representation shape: (15488,)
I1129 03:16:45.896675 139216822916928 spr_networks.py:821] Spatial latent shape: (11, 11, 128)
I1129 03:16:45.896939 139216822916928 spr_networks.py:828] Flattened representation shape: (15488,)
I1129 03:16:46.934082 139216822916928 spr_networks.py:821] Spatial latent shape: (11, 11, 128)
I1129 03:16:46.934354 139216822916928 spr_networks.py:828] Flattened representation shape: (15488,)
I1129 03:16:47.960596 139216822916928 spr_networks.py:821] Spatial latent shape: (11, 11, 128)
I1129 03:16:47.960872 139216822916928 spr_networks.py:828] Flattened representation shape: (15488,)
I1129 03:16:48.971769 139216822916928 spr_networks.py:821] Spatial latent shape: (11, 11, 128)
I1129 03:16:48.972044 139216822916928 spr_networks.py:828] Flattened representation shape: (15488,)
I1129 03:16:49.993976 139216822916928 spr_networks.py:821] Spatial latent shape: (11, 11, 128)
I1129 03:16:49.994244 139216822916928 spr_networks.py:828] Flattened representation shape: (15488,)
I1129 03:16:50.758268 139216822916928 spr_networks.py:821] Spatial latent shape: (11, 11, 128)
I1129 03:16:50.758543 139216822916928 spr_networks.py:828] Flattened representation shape: (15488,)
I1129 03:16:51.825430 139216822916928 spr_networks.py:821] Spatial latent shape: (11, 11, 128)
I1129 03:16:51.825685 139216822916928 spr_networks.py:828] Flattened representation shape: (15488,)
I1129 03:16:52.787076 139216822916928 spr_networks.py:821] Spatial latent shape: (11, 11, 128)
I1129 03:16:52.787347 139216822916928 spr_networks.py:828] Flattened representation shape: (15488,)
I1129 03:16:53.720801 139216822916928 spr_networks.py:821] Spatial latent shape: (11, 11, 128)
I1129 03:16:53.721053 139216822916928 spr_networks.py:828] Flattened representation shape: (15488,)
I1129 03:16:54.674578 139216822916928 spr_networks.py:821] Spatial latent shape: (11, 11, 128)
I1129 03:16:54.674835 139216822916928 spr_networks.py:828] Flattened representation shape: (15488,)
I1129 03:16:55.595770 139216822916928 spr_networks.py:821] Spatial latent shape: (11, 11, 128)
I1129 03:16:55.596031 139216822916928 spr_networks.py:828] Flattened representation shape: (15488,)
I1129 03:16:56.505215 139216822916928 spr_networks.py:821] Spatial latent shape: (11, 11, 128)
I1129 03:16:56.505478 139216822916928 spr_networks.py:828] Flattened representation shape: (15488,)
I1129 03:16:57.483691 139216822916928 spr_networks.py:821] Spatial latent shape: (11, 11, 128)
I1129 03:16:57.483952 139216822916928 spr_networks.py:828] Flattened representation shape: (15488,)
I1129 03:16:58.742208 139216822916928 spr_networks.py:821] Spatial latent shape: (11, 11, 128)
I1129 03:16:58.742480 139216822916928 spr_networks.py:828] Flattened representation shape: (15488,)
I1129 03:17:00.012876 139216822916928 spr_networks.py:821] Spatial latent shape: (11, 11, 128)
I1129 03:17:00.013132 139216822916928 spr_networks.py:828] Flattened representation shape: (15488,)
I1129 03:17:01.732559 139216822916928 spr_networks.py:821] Spatial latent shape: (11, 11, 128)
I1129 03:17:01.732848 139216822916928 spr_networks.py:828] Flattened representation shape: (15488,)
I1129 03:17:03.053884 139216822916928 spr_networks.py:821] Spatial latent shape: (11, 11, 128)
I1129 03:17:03.054153 139216822916928 spr_networks.py:828] Flattened representation shape: (15488,)
I1129 03:17:04.308258 139216822916928 spr_networks.py:821] Spatial latent shape: (11, 11, 128)
I1129 03:17:04.308561 139216822916928 spr_networks.py:828] Flattened representation shape: (15488,)
I1129 03:17:05.586210 139216822916928 spr_networks.py:821] Spatial latent shape: (11, 11, 128)
I1129 03:17:05.586482 139216822916928 spr_networks.py:828] Flattened representation shape: (15488,)
I1129 03:17:06.925757 139216822916928 spr_networks.py:821] Spatial latent shape: (11, 11, 128)
I1129 03:17:06.926033 139216822916928 spr_networks.py:828] Flattened representation shape: (15488,)
I1129 03:17:08.061970 139216822916928 spr_networks.py:821] Spatial latent shape: (11, 11, 128)
I1129 03:17:08.062241 139216822916928 spr_networks.py:828] Flattened representation shape: (15488,)
I1129 03:17:09.152991 139216822916928 spr_networks.py:821] Spatial latent shape: (11, 11, 128)
I1129 03:17:09.153258 139216822916928 spr_networks.py:828] Flattened representation shape: (15488,)
I1129 03:17:10.338668 139216822916928 spr_networks.py:821] Spatial latent shape: (11, 11, 128)
I1129 03:17:10.338933 139216822916928 spr_networks.py:828] Flattened representation shape: (15488,)
I1129 03:17:11.773251 139216822916928 spr_networks.py:821] Spatial latent shape: (11, 11, 128)
I1129 03:17:11.773523 139216822916928 spr_networks.py:828] Flattened representation shape: (15488,)
I1129 03:17:12.963299 139216822916928 spr_networks.py:821] Spatial latent shape: (11, 11, 128)
I1129 03:17:12.963578 139216822916928 spr_networks.py:828] Flattened representation shape: (15488,)
I1129 03:17:14.115433 139216822916928 eval_run_experiment.py:537] Average undiscounted return per evaluation episode: 384.56
I1129 03:17:14.115571 139216822916928 eval_run_experiment.py:544] Average normalized return per evaluation episode: 0.22
/nfs/nhome/live/rcdavis/bbf_UPER/bbf/replay_memory/subsequence_replay_buffer.py:781: FutureWarning: GzipFile was opened for writing, but this will change in future Python releases.  Specify the mode argument for opening it for writing.
  with gzip.GzipFile(fileobj=f) as outfile:
