Fri Nov 29 00:38:09 2024       
+-----------------------------------------------------------------------------------------+
| NVIDIA-SMI 560.35.03              Driver Version: 560.35.03      CUDA Version: 12.6     |
|-----------------------------------------+------------------------+----------------------+
| GPU  Name                 Persistence-M | Bus-Id          Disp.A | Volatile Uncorr. ECC |
| Fan  Temp   Perf          Pwr:Usage/Cap |           Memory-Usage | GPU-Util  Compute M. |
|                                         |                        |               MIG M. |
|=========================================+========================+======================|
|   0  NVIDIA H100 80GB HBM3          Off |   00000000:45:00.0 Off |                    0 |
| N/A   32C    P0            129W /  700W |       1MiB /  81559MiB |      0%      Default |
|                                         |                        |             Disabled |
+-----------------------------------------+------------------------+----------------------+
                                                                                         
+-----------------------------------------------------------------------------------------+
| Processes:                                                                              |
|  GPU   GI   CI        PID   Type   Process name                              GPU Memory |
|        ID   ID                                                               Usage      |
|=========================================================================================|
|  No running processes found                                                             |
+-----------------------------------------------------------------------------------------+
gpu
Got gin bindings:
[]
Sanitized gin bindings to:
[]
Found devices [StreamExecutorGpuDevice(id=0, process_index=0, slice_index=0)]

Steps executed: 569 Num episodes: 1 Episode length: 569 Return: 0.0 Normalized Return: -0.003

Steps executed: 1223 Num episodes: 2 Episode length: 654 Return: 1.0 Normalized Return: -0.003

Steps executed: 1794 Num episodes: 3 Episode length: 571 Return: 5.0 Normalized Return: -0.0

Steps executed: 2304 Num episodes: 4 Episode length: 510 Return: 0.0 Normalized Return: -0.003

Steps executed: 2926 Num episodes: 5 Episode length: 622 Return: 14.0 Normalized Return: 0.005

Steps executed: 3723 Num episodes: 6 Episode length: 797 Return: 32.0 Normalized Return: 0.015

Steps executed: 4464 Num episodes: 7 Episode length: 741 Return: 92.0 Normalized Return: 0.05

Steps executed: 5026 Num episodes: 8 Episode length: 562 Return: 36.0 Normalized Return: 0.018

Steps executed: 5445 Num episodes: 9 Episode length: 419 Return: 34.0 Normalized Return: 0.016

Steps executed: 5863 Num episodes: 10 Episode length: 418 Return: 39.0 Normalized Return: 0.019

Steps executed: 6380 Num episodes: 11 Episode length: 517 Return: 39.0 Normalized Return: 0.019

Steps executed: 7047 Num episodes: 12 Episode length: 667 Return: 50.0 Normalized Return: 0.026

Steps executed: 7593 Num episodes: 13 Episode length: 546 Return: 87.0 Normalized Return: 0.047

Steps executed: 8122 Num episodes: 14 Episode length: 529 Return: 32.0 Normalized Return: 0.015

Steps executed: 8893 Num episodes: 15 Episode length: 771 Return: 73.0 Normalized Return: 0.039

Steps executed: 9717 Num episodes: 16 Episode length: 824 Return: 81.0 Normalized Return: 0.044

Steps executed: 10675 Num episodes: 17 Episode length: 958 Return: 81.0 Normalized Return: 0.044

Steps executed: 11471 Num episodes: 18 Episode length: 796 Return: 46.0 Normalized Return: 0.023

Steps executed: 12278 Num episodes: 19 Episode length: 807 Return: 74.0 Normalized Return: 0.04

Steps executed: 13194 Num episodes: 20 Episode length: 916 Return: 163.0 Normalized Return: 0.092

Steps executed: 14176 Num episodes: 21 Episode length: 982 Return: 137.0 Normalized Return: 0.077

Steps executed: 15091 Num episodes: 22 Episode length: 915 Return: 90.0 Normalized Return: 0.049

Steps executed: 15837 Num episodes: 23 Episode length: 746 Return: 83.0 Normalized Return: 0.045

Steps executed: 16591 Num episodes: 24 Episode length: 754 Return: 83.0 Normalized Return: 0.045

Steps executed: 17629 Num episodes: 25 Episode length: 1038 Return: 141.0 Normalized Return: 0.079

Steps executed: 18694 Num episodes: 26 Episode length: 1065 Return: 73.0 Normalized Return: 0.039

Steps executed: 19602 Num episodes: 27 Episode length: 908 Return: 148.0 Normalized Return: 0.083

Steps executed: 20187 Num episodes: 28 Episode length: 585 Return: 57.0 Normalized Return: 0.03

Steps executed: 20734 Num episodes: 29 Episode length: 547 Return: 34.0 Normalized Return: 0.016

Steps executed: 21129 Num episodes: 30 Episode length: 395 Return: 23.0 Normalized Return: 0.01

Steps executed: 21650 Num episodes: 31 Episode length: 521 Return: 17.0 Normalized Return: 0.007

Steps executed: 22387 Num episodes: 32 Episode length: 737 Return: 93.0 Normalized Return: 0.051

Steps executed: 23317 Num episodes: 33 Episode length: 930 Return: 105.0 Normalized Return: 0.058

Steps executed: 24242 Num episodes: 34 Episode length: 925 Return: 168.0 Normalized Return: 0.095

Steps executed: 25178 Num episodes: 35 Episode length: 936 Return: 84.0 Normalized Return: 0.046

Steps executed: 26327 Num episodes: 36 Episode length: 1149 Return: 124.0 Normalized Return: 0.069

Steps executed: 27455 Num episodes: 37 Episode length: 1128 Return: 151.0 Normalized Return: 0.085

Steps executed: 28269 Num episodes: 38 Episode length: 814 Return: 95.0 Normalized Return: 0.052

Steps executed: 29208 Num episodes: 39 Episode length: 939 Return: 217.0 Normalized Return: 0.123

Steps executed: 30647 Num episodes: 40 Episode length: 1439 Return: 195.0 Normalized Return: 0.11

Steps executed: 31751 Num episodes: 41 Episode length: 1104 Return: 138.0 Normalized Return: 0.077

Steps executed: 32778 Num episodes: 42 Episode length: 1027 Return: 123.0 Normalized Return: 0.068

Steps executed: 33427 Num episodes: 43 Episode length: 649 Return: 55.0 Normalized Return: 0.029

Steps executed: 34501 Num episodes: 44 Episode length: 1074 Return: 240.0 Normalized Return: 0.137

Steps executed: 35166 Num episodes: 45 Episode length: 665 Return: 65.0 Normalized Return: 0.035

Steps executed: 36075 Num episodes: 46 Episode length: 909 Return: 130.0 Normalized Return: 0.072

Steps executed: 36906 Num episodes: 47 Episode length: 831 Return: 92.0 Normalized Return: 0.05

Steps executed: 37663 Num episodes: 48 Episode length: 757 Return: 177.0 Normalized Return: 0.1

Steps executed: 38738 Num episodes: 49 Episode length: 1075 Return: 195.0 Normalized Return: 0.11

Steps executed: 39992 Num episodes: 50 Episode length: 1254 Return: 167.0 Normalized Return: 0.094

Steps executed: 40732 Num episodes: 51 Episode length: 740 Return: 34.0 Normalized Return: 0.016

Steps executed: 41559 Num episodes: 52 Episode length: 827 Return: 141.0 Normalized Return: 0.079

Steps executed: 42281 Num episodes: 53 Episode length: 722 Return: 137.0 Normalized Return: 0.077

Steps executed: 43188 Num episodes: 54 Episode length: 907 Return: 98.0 Normalized Return: 0.054

Steps executed: 44009 Num episodes: 55 Episode length: 821 Return: 97.0 Normalized Return: 0.053

Steps executed: 45214 Num episodes: 56 Episode length: 1205 Return: 166.0 Normalized Return: 0.093

Steps executed: 46235 Num episodes: 57 Episode length: 1021 Return: 105.0 Normalized Return: 0.058

Steps executed: 46955 Num episodes: 58 Episode length: 720 Return: 96.0 Normalized Return: 0.053

Steps executed: 47972 Num episodes: 59 Episode length: 1017 Return: 105.0 Normalized Return: 0.058

Steps executed: 48876 Num episodes: 60 Episode length: 904 Return: 99.0 Normalized Return: 0.054

Steps executed: 49449 Num episodes: 61 Episode length: 573 Return: 116.0 Normalized Return: 0.064

Steps executed: 50336 Num episodes: 62 Episode length: 887 Return: 91.0 Normalized Return: 0.05

Steps executed: 51436 Num episodes: 63 Episode length: 1100 Return: 127.0 Normalized Return: 0.071

Steps executed: 52741 Num episodes: 64 Episode length: 1305 Return: 242.0 Normalized Return: 0.138

Steps executed: 53703 Num episodes: 65 Episode length: 962 Return: 126.0 Normalized Return: 0.07

Steps executed: 55122 Num episodes: 66 Episode length: 1419 Return: 158.0 Normalized Return: 0.089

Steps executed: 56268 Num episodes: 67 Episode length: 1146 Return: 132.0 Normalized Return: 0.074

Steps executed: 57412 Num episodes: 68 Episode length: 1144 Return: 124.0 Normalized Return: 0.069

Steps executed: 58339 Num episodes: 69 Episode length: 927 Return: 123.0 Normalized Return: 0.068

Steps executed: 59748 Num episodes: 70 Episode length: 1409 Return: 266.0 Normalized Return: 0.152

Steps executed: 60770 Num episodes: 71 Episode length: 1022 Return: 71.0 Normalized Return: 0.038

Steps executed: 61420 Num episodes: 72 Episode length: 650 Return: 101.0 Normalized Return: 0.056

Steps executed: 62135 Num episodes: 73 Episode length: 715 Return: 99.0 Normalized Return: 0.054

Steps executed: 62924 Num episodes: 74 Episode length: 789 Return: 97.0 Normalized Return: 0.053

Steps executed: 63976 Num episodes: 75 Episode length: 1052 Return: 77.0 Normalized Return: 0.042

Steps executed: 65058 Num episodes: 76 Episode length: 1082 Return: 195.0 Normalized Return: 0.11

Steps executed: 66205 Num episodes: 77 Episode length: 1147 Return: 264.0 Normalized Return: 0.151

Steps executed: 67043 Num episodes: 78 Episode length: 838 Return: 108.0 Normalized Return: 0.06

Steps executed: 68069 Num episodes: 79 Episode length: 1026 Return: 155.0 Normalized Return: 0.087

Steps executed: 69077 Num episodes: 80 Episode length: 1008 Return: 248.0 Normalized Return: 0.141

Steps executed: 69963 Num episodes: 81 Episode length: 886 Return: 209.0 Normalized Return: 0.119

Steps executed: 70916 Num episodes: 82 Episode length: 953 Return: 100.0 Normalized Return: 0.055

Steps executed: 72027 Num episodes: 83 Episode length: 1111 Return: 147.0 Normalized Return: 0.082

Steps executed: 72897 Num episodes: 84 Episode length: 870 Return: 268.0 Normalized Return: 0.153

Steps executed: 73985 Num episodes: 85 Episode length: 1088 Return: 261.0 Normalized Return: 0.149

Steps executed: 75479 Num episodes: 86 Episode length: 1494 Return: 264.0 Normalized Return: 0.151

Steps executed: 76550 Num episodes: 87 Episode length: 1071 Return: 186.0 Normalized Return: 0.105

Steps executed: 77671 Num episodes: 88 Episode length: 1121 Return: 216.0 Normalized Return: 0.123

Steps executed: 78989 Num episodes: 89 Episode length: 1318 Return: 236.0 Normalized Return: 0.134

Steps executed: 80265 Num episodes: 90 Episode length: 1276 Return: 293.0 Normalized Return: 0.168

Steps executed: 81824 Num episodes: 91 Episode length: 1559 Return: 196.0 Normalized Return: 0.111

Steps executed: 82812 Num episodes: 92 Episode length: 988 Return: 159.0 Normalized Return: 0.089

Steps executed: 83690 Num episodes: 93 Episode length: 878 Return: 117.0 Normalized Return: 0.065

Steps executed: 85268 Num episodes: 94 Episode length: 1578 Return: 169.0 Normalized Return: 0.095

Steps executed: 86751 Num episodes: 95 Episode length: 1483 Return: 288.0 Normalized Return: 0.165

Steps executed: 87778 Num episodes: 96 Episode length: 1027 Return: 202.0 Normalized Return: 0.114

Steps executed: 89245 Num episodes: 97 Episode length: 1467 Return: 311.0 Normalized Return: 0.178

Steps executed: 90384 Num episodes: 98 Episode length: 1139 Return: 297.0 Normalized Return: 0.17

Steps executed: 91754 Num episodes: 99 Episode length: 1370 Return: 136.0 Normalized Return: 0.076

Steps executed: 92738 Num episodes: 100 Episode length: 984 Return: 137.0 Normalized Return: 0.077

Steps executed: 93753 Num episodes: 101 Episode length: 1015 Return: 216.0 Normalized Return: 0.123

Steps executed: 95683 Num episodes: 102 Episode length: 1930 Return: 399.0 Normalized Return: 0.229

Steps executed: 96887 Num episodes: 103 Episode length: 1204 Return: 187.0 Normalized Return: 0.106

Steps executed: 98222 Num episodes: 104 Episode length: 1335 Return: 348.0 Normalized Return: 0.2

Steps executed: 99374 Num episodes: 105 Episode length: 1152 Return: 182.0 Normalized Return: 0.103

Steps executed: 94900 Num episodes: 1 Episode length: 949 Return: 187.0 Normalized Return: 0.106

Steps executed: 95692 Num episodes: 2 Episode length: 957 Return: 191.0 Normalized Return: 0.108

Steps executed: 96476 Num episodes: 3 Episode length: 965 Return: 191.0 Normalized Return: 0.108

Steps executed: 97058 Num episodes: 4 Episode length: 971 Return: 187.0 Normalized Return: 0.106

Steps executed: 97346 Num episodes: 5 Episode length: 974 Return: 191.0 Normalized Return: 0.108

Steps executed: 97346 Num episodes: 6 Episode length: 974 Return: 187.0 Normalized Return: 0.106

Steps executed: 103080 Num episodes: 7 Episode length: 1035 Return: 195.0 Normalized Return: 0.11

Steps executed: 103917 Num episodes: 8 Episode length: 1044 Return: 194.0 Normalized Return: 0.11

Steps executed: 104285 Num episodes: 9 Episode length: 1048 Return: 194.0 Normalized Return: 0.11

Steps executed: 104649 Num episodes: 10 Episode length: 1052 Return: 186.0 Normalized Return: 0.105

Steps executed: 107889 Num episodes: 11 Episode length: 1088 Return: 228.0 Normalized Return: 0.13

Steps executed: 109847 Num episodes: 12 Episode length: 1110 Return: 249.0 Normalized Return: 0.142

Steps executed: 111607 Num episodes: 13 Episode length: 1130 Return: 201.0 Normalized Return: 0.114

Steps executed: 111694 Num episodes: 14 Episode length: 1131 Return: 201.0 Normalized Return: 0.114

Steps executed: 113672 Num episodes: 15 Episode length: 1154 Return: 201.0 Normalized Return: 0.114

Steps executed: 123787 Num episodes: 16 Episode length: 1273 Return: 200.0 Normalized Return: 0.113

Steps executed: 130003 Num episodes: 17 Episode length: 1347 Return: 253.0 Normalized Return: 0.144

Steps executed: 135647 Num episodes: 18 Episode length: 1415 Return: 293.0 Normalized Return: 0.168

Steps executed: 138107 Num episodes: 19 Episode length: 1445 Return: 339.0 Normalized Return: 0.194

Steps executed: 138107 Num episodes: 20 Episode length: 1445 Return: 339.0 Normalized Return: 0.194

Steps executed: 138587 Num episodes: 21 Episode length: 1451 Return: 339.0 Normalized Return: 0.194

Steps executed: 140009 Num episodes: 22 Episode length: 1469 Return: 338.0 Normalized Return: 0.194

Steps executed: 140009 Num episodes: 23 Episode length: 1469 Return: 338.0 Normalized Return: 0.194

Steps executed: 140009 Num episodes: 24 Episode length: 1469 Return: 338.0 Normalized Return: 0.194

Steps executed: 140009 Num episodes: 25 Episode length: 1469 Return: 338.0 Normalized Return: 0.194

Steps executed: 140009 Num episodes: 26 Episode length: 1469 Return: 338.0 Normalized Return: 0.194

Steps executed: 140009 Num episodes: 27 Episode length: 1469 Return: 338.0 Normalized Return: 0.194

Steps executed: 140009 Num episodes: 28 Episode length: 1469 Return: 338.0 Normalized Return: 0.194

Steps executed: 140009 Num episodes: 29 Episode length: 1469 Return: 338.0 Normalized Return: 0.194

Steps executed: 140080 Num episodes: 30 Episode length: 1470 Return: 338.0 Normalized Return: 0.194

Steps executed: 140080 Num episodes: 31 Episode length: 1470 Return: 338.0 Normalized Return: 0.194

Steps executed: 140080 Num episodes: 32 Episode length: 1470 Return: 338.0 Normalized Return: 0.194

Steps executed: 140148 Num episodes: 33 Episode length: 1471 Return: 338.0 Normalized Return: 0.194

Steps executed: 140215 Num episodes: 34 Episode length: 1472 Return: 338.0 Normalized Return: 0.194

Steps executed: 140281 Num episodes: 35 Episode length: 1473 Return: 338.0 Normalized Return: 0.194

Steps executed: 140281 Num episodes: 36 Episode length: 1473 Return: 338.0 Normalized Return: 0.194

Steps executed: 140281 Num episodes: 37 Episode length: 1473 Return: 338.0 Normalized Return: 0.194

Steps executed: 140281 Num episodes: 38 Episode length: 1473 Return: 338.0 Normalized Return: 0.194

Steps executed: 140343 Num episodes: 39 Episode length: 1474 Return: 338.0 Normalized Return: 0.194

Steps executed: 140404 Num episodes: 40 Episode length: 1475 Return: 338.0 Normalized Return: 0.194

Steps executed: 140404 Num episodes: 41 Episode length: 1475 Return: 338.0 Normalized Return: 0.194

Steps executed: 140463 Num episodes: 42 Episode length: 1476 Return: 338.0 Normalized Return: 0.194

Steps executed: 140463 Num episodes: 43 Episode length: 1476 Return: 338.0 Normalized Return: 0.194

Steps executed: 140463 Num episodes: 44 Episode length: 1476 Return: 338.0 Normalized Return: 0.194

Steps executed: 140463 Num episodes: 45 Episode length: 1476 Return: 338.0 Normalized Return: 0.194

Steps executed: 140518 Num episodes: 46 Episode length: 1477 Return: 338.0 Normalized Return: 0.194

Steps executed: 140518 Num episodes: 47 Episode length: 1477 Return: 338.0 Normalized Return: 0.194

Steps executed: 140571 Num episodes: 48 Episode length: 1478 Return: 338.0 Normalized Return: 0.194

Steps executed: 140571 Num episodes: 49 Episode length: 1478 Return: 338.0 Normalized Return: 0.194

Steps executed: 140622 Num episodes: 50 Episode length: 1479 Return: 338.0 Normalized Return: 0.194

Steps executed: 140622 Num episodes: 51 Episode length: 1479 Return: 338.0 Normalized Return: 0.194

Steps executed: 140671 Num episodes: 52 Episode length: 1480 Return: 338.0 Normalized Return: 0.194

Steps executed: 140671 Num episodes: 53 Episode length: 1480 Return: 338.0 Normalized Return: 0.194

Steps executed: 140671 Num episodes: 54 Episode length: 1480 Return: 338.0 Normalized Return: 0.194

Steps executed: 140671 Num episodes: 55 Episode length: 1480 Return: 338.0 Normalized Return: 0.194

Steps executed: 140716 Num episodes: 56 Episode length: 1481 Return: 338.0 Normalized Return: 0.194

Steps executed: 140716 Num episodes: 57 Episode length: 1481 Return: 338.0 Normalized Return: 0.194

Steps executed: 140716 Num episodes: 58 Episode length: 1481 Return: 338.0 Normalized Return: 0.194

Steps executed: 140758 Num episodes: 59 Episode length: 1482 Return: 338.0 Normalized Return: 0.194

Steps executed: 140799 Num episodes: 60 Episode length: 1483 Return: 338.0 Normalized Return: 0.194

Steps executed: 140839 Num episodes: 61 Episode length: 1484 Return: 338.0 Normalized Return: 0.194

Steps executed: 140878 Num episodes: 62 Episode length: 1485 Return: 338.0 Normalized Return: 0.194

Steps executed: 140878 Num episodes: 63 Episode length: 1485 Return: 338.0 Normalized Return: 0.194

Steps executed: 140878 Num episodes: 64 Episode length: 1485 Return: 338.0 Normalized Return: 0.194

Steps executed: 140878 Num episodes: 65 Episode length: 1485 Return: 338.0 Normalized Return: 0.194

Steps executed: 140878 Num episodes: 66 Episode length: 1485 Return: 338.0 Normalized Return: 0.194

Steps executed: 140912 Num episodes: 67 Episode length: 1486 Return: 338.0 Normalized Return: 0.194

Steps executed: 140912 Num episodes: 68 Episode length: 1486 Return: 338.0 Normalized Return: 0.194

Steps executed: 140912 Num episodes: 69 Episode length: 1486 Return: 338.0 Normalized Return: 0.194

Steps executed: 140912 Num episodes: 70 Episode length: 1486 Return: 338.0 Normalized Return: 0.194

Steps executed: 140942 Num episodes: 71 Episode length: 1487 Return: 338.0 Normalized Return: 0.194

Steps executed: 140942 Num episodes: 72 Episode length: 1487 Return: 338.0 Normalized Return: 0.194

Steps executed: 140942 Num episodes: 73 Episode length: 1487 Return: 338.0 Normalized Return: 0.194

Steps executed: 140969 Num episodes: 74 Episode length: 1488 Return: 338.0 Normalized Return: 0.194

Steps executed: 140995 Num episodes: 75 Episode length: 1489 Return: 338.0 Normalized Return: 0.194

Steps executed: 140995 Num episodes: 76 Episode length: 1489 Return: 338.0 Normalized Return: 0.194

Steps executed: 141019 Num episodes: 77 Episode length: 1490 Return: 338.0 Normalized Return: 0.194

Steps executed: 141019 Num episodes: 78 Episode length: 1490 Return: 338.0 Normalized Return: 0.194

Steps executed: 141041 Num episodes: 79 Episode length: 1491 Return: 338.0 Normalized Return: 0.194

Steps executed: 141041 Num episodes: 80 Episode length: 1491 Return: 338.0 Normalized Return: 0.194

Steps executed: 141061 Num episodes: 81 Episode length: 1492 Return: 338.0 Normalized Return: 0.194

Steps executed: 141061 Num episodes: 82 Episode length: 1492 Return: 338.0 Normalized Return: 0.194

Steps executed: 141079 Num episodes: 83 Episode length: 1493 Return: 338.0 Normalized Return: 0.194

Steps executed: 141079 Num episodes: 84 Episode length: 1493 Return: 338.0 Normalized Return: 0.194

Steps executed: 141079 Num episodes: 85 Episode length: 1493 Return: 338.0 Normalized Return: 0.194

Steps executed: 141079 Num episodes: 86 Episode length: 1493 Return: 338.0 Normalized Return: 0.194

Steps executed: 141079 Num episodes: 87 Episode length: 1493 Return: 338.0 Normalized Return: 0.194

Steps executed: 141092 Num episodes: 88 Episode length: 1494 Return: 338.0 Normalized Return: 0.194

Steps executed: 141092 Num episodes: 89 Episode length: 1494 Return: 338.0 Normalized Return: 0.194

Steps executed: 141092 Num episodes: 90 Episode length: 1494 Return: 338.0 Normalized Return: 0.194

Steps executed: 141102 Num episodes: 91 Episode length: 1495 Return: 338.0 Normalized Return: 0.194

Steps executed: 141102 Num episodes: 92 Episode length: 1495 Return: 338.0 Normalized Return: 0.194

Steps executed: 141102 Num episodes: 93 Episode length: 1495 Return: 338.0 Normalized Return: 0.194

Steps executed: 141102 Num episodes: 94 Episode length: 1495 Return: 338.0 Normalized Return: 0.194

Steps executed: 141102 Num episodes: 95 Episode length: 1495 Return: 338.0 Normalized Return: 0.194

Steps executed: 141107 Num episodes: 96 Episode length: 1496 Return: 338.0 Normalized Return: 0.194

Steps executed: 141107 Num episodes: 97 Episode length: 1496 Return: 338.0 Normalized Return: 0.194

Steps executed: 141110 Num episodes: 98 Episode length: 1497 Return: 338.0 Normalized Return: 0.194

Steps executed: 141112 Num episodes: 99 Episode length: 1498 Return: 338.0 Normalized Return: 0.194

Steps executed: 141139 Num episodes: 100 Episode length: 1525 Return: 298.0 Normalized Return: 0.171
