Thu Nov 28 23:17:34 2024       
+-----------------------------------------------------------------------------------------+
| NVIDIA-SMI 560.35.03              Driver Version: 560.35.03      CUDA Version: 12.6     |
|-----------------------------------------+------------------------+----------------------+
| GPU  Name                 Persistence-M | Bus-Id          Disp.A | Volatile Uncorr. ECC |
| Fan  Temp   Perf          Pwr:Usage/Cap |           Memory-Usage | GPU-Util  Compute M. |
|                                         |                        |               MIG M. |
|=========================================+========================+======================|
|   0  NVIDIA H100 80GB HBM3          Off |   00000000:29:00.0 Off |                    0 |
| N/A   29C    P0             71W /  700W |       1MiB /  81559MiB |      0%      Default |
|                                         |                        |             Disabled |
+-----------------------------------------+------------------------+----------------------+
                                                                                         
+-----------------------------------------------------------------------------------------+
| Processes:                                                                              |
|  GPU   GI   CI        PID   Type   Process name                              GPU Memory |
|        ID   ID                                                               Usage      |
|=========================================================================================|
|  No running processes found                                                             |
+-----------------------------------------------------------------------------------------+
gpu
Got gin bindings:
[]
Sanitized gin bindings to:
[]
Found devices [StreamExecutorGpuDevice(id=0, process_index=0, slice_index=0)]

Steps executed: 2417 Num episodes: 1 Episode length: 2417 Return: 1300.0 Normalized Return: 0.074

Steps executed: 2805 Num episodes: 2 Episode length: 388 Return: 700.0 Normalized Return: -0.017

Steps executed: 3597 Num episodes: 3 Episode length: 792 Return: 700.0 Normalized Return: -0.017

Steps executed: 6157 Num episodes: 4 Episode length: 2560 Return: 1000.0 Normalized Return: 0.029

Steps executed: 6395 Num episodes: 5 Episode length: 238 Return: 700.0 Normalized Return: -0.017

Steps executed: 6798 Num episodes: 6 Episode length: 403 Return: 900.0 Normalized Return: 0.014

Steps executed: 7005 Num episodes: 7 Episode length: 207 Return: 300.0 Normalized Return: -0.078

Steps executed: 7541 Num episodes: 8 Episode length: 536 Return: 800.0 Normalized Return: -0.002

Steps executed: 7881 Num episodes: 9 Episode length: 340 Return: 600.0 Normalized Return: -0.032

Steps executed: 8676 Num episodes: 10 Episode length: 795 Return: 800.0 Normalized Return: -0.002

Steps executed: 9539 Num episodes: 11 Episode length: 863 Return: 1700.0 Normalized Return: 0.135

Steps executed: 9962 Num episodes: 12 Episode length: 423 Return: 1300.0 Normalized Return: 0.074

Steps executed: 10203 Num episodes: 13 Episode length: 241 Return: 600.0 Normalized Return: -0.032

Steps executed: 11036 Num episodes: 14 Episode length: 833 Return: 1600.0 Normalized Return: 0.12

Steps executed: 11977 Num episodes: 15 Episode length: 941 Return: 1200.0 Normalized Return: 0.059

Steps executed: 12474 Num episodes: 16 Episode length: 497 Return: 700.0 Normalized Return: -0.017

Steps executed: 13098 Num episodes: 17 Episode length: 624 Return: 900.0 Normalized Return: 0.014

Steps executed: 13637 Num episodes: 18 Episode length: 539 Return: 700.0 Normalized Return: -0.017

Steps executed: 14216 Num episodes: 19 Episode length: 579 Return: 1200.0 Normalized Return: 0.059

Steps executed: 15383 Num episodes: 20 Episode length: 1167 Return: 1300.0 Normalized Return: 0.074

Steps executed: 17037 Num episodes: 21 Episode length: 1654 Return: 1200.0 Normalized Return: 0.059

Steps executed: 17362 Num episodes: 22 Episode length: 325 Return: 700.0 Normalized Return: -0.017

Steps executed: 18161 Num episodes: 23 Episode length: 799 Return: 1100.0 Normalized Return: 0.044

Steps executed: 18705 Num episodes: 24 Episode length: 544 Return: 1400.0 Normalized Return: 0.09

Steps executed: 19506 Num episodes: 25 Episode length: 801 Return: 700.0 Normalized Return: -0.017

Steps executed: 20681 Num episodes: 26 Episode length: 1175 Return: 1100.0 Normalized Return: 0.044

Steps executed: 20934 Num episodes: 27 Episode length: 253 Return: 600.0 Normalized Return: -0.032

Steps executed: 21301 Num episodes: 28 Episode length: 367 Return: 700.0 Normalized Return: -0.017

Steps executed: 21818 Num episodes: 29 Episode length: 517 Return: 1300.0 Normalized Return: 0.074

Steps executed: 22453 Num episodes: 30 Episode length: 635 Return: 1300.0 Normalized Return: 0.074

Steps executed: 22869 Num episodes: 31 Episode length: 416 Return: 1200.0 Normalized Return: 0.059

Steps executed: 23898 Num episodes: 32 Episode length: 1029 Return: 1700.0 Normalized Return: 0.135

Steps executed: 24263 Num episodes: 33 Episode length: 365 Return: 1000.0 Normalized Return: 0.029

Steps executed: 25458 Num episodes: 34 Episode length: 1195 Return: 3100.0 Normalized Return: 0.348

Steps executed: 26022 Num episodes: 35 Episode length: 564 Return: 1200.0 Normalized Return: 0.059

Steps executed: 26534 Num episodes: 36 Episode length: 512 Return: 1200.0 Normalized Return: 0.059

Steps executed: 27572 Num episodes: 37 Episode length: 1038 Return: 1300.0 Normalized Return: 0.074

Steps executed: 30012 Num episodes: 38 Episode length: 2440 Return: 3100.0 Normalized Return: 0.348

Steps executed: 30448 Num episodes: 39 Episode length: 436 Return: 1000.0 Normalized Return: 0.029

Steps executed: 30985 Num episodes: 40 Episode length: 537 Return: 1100.0 Normalized Return: 0.044

Steps executed: 31341 Num episodes: 41 Episode length: 356 Return: 1000.0 Normalized Return: 0.029

Steps executed: 31797 Num episodes: 42 Episode length: 456 Return: 900.0 Normalized Return: 0.014

Steps executed: 32148 Num episodes: 43 Episode length: 351 Return: 900.0 Normalized Return: 0.014

Steps executed: 32609 Num episodes: 44 Episode length: 461 Return: 1200.0 Normalized Return: 0.059

Steps executed: 33305 Num episodes: 45 Episode length: 696 Return: 1300.0 Normalized Return: 0.074

Steps executed: 33700 Num episodes: 46 Episode length: 395 Return: 1000.0 Normalized Return: 0.029

Steps executed: 35173 Num episodes: 47 Episode length: 1473 Return: 1300.0 Normalized Return: 0.074

Steps executed: 36295 Num episodes: 48 Episode length: 1122 Return: 1400.0 Normalized Return: 0.09

Steps executed: 38479 Num episodes: 49 Episode length: 2184 Return: 2600.0 Normalized Return: 0.272

Steps executed: 38828 Num episodes: 50 Episode length: 349 Return: 800.0 Normalized Return: -0.002

Steps executed: 39157 Num episodes: 51 Episode length: 329 Return: 1300.0 Normalized Return: 0.074

Steps executed: 40078 Num episodes: 52 Episode length: 921 Return: 1400.0 Normalized Return: 0.09

Steps executed: 40740 Num episodes: 53 Episode length: 662 Return: 1200.0 Normalized Return: 0.059

Steps executed: 41192 Num episodes: 54 Episode length: 452 Return: 1200.0 Normalized Return: 0.059

Steps executed: 41935 Num episodes: 55 Episode length: 743 Return: 3900.0 Normalized Return: 0.47

Steps executed: 42458 Num episodes: 56 Episode length: 523 Return: 2800.0 Normalized Return: 0.302

Steps executed: 43208 Num episodes: 57 Episode length: 750 Return: 3400.0 Normalized Return: 0.394

Steps executed: 43769 Num episodes: 58 Episode length: 561 Return: 1400.0 Normalized Return: 0.09

Steps executed: 44297 Num episodes: 59 Episode length: 528 Return: 1500.0 Normalized Return: 0.105

Steps executed: 45245 Num episodes: 60 Episode length: 948 Return: 3500.0 Normalized Return: 0.409

Steps executed: 45687 Num episodes: 61 Episode length: 442 Return: 700.0 Normalized Return: -0.017

Steps executed: 45922 Num episodes: 62 Episode length: 235 Return: 700.0 Normalized Return: -0.017

Steps executed: 46408 Num episodes: 63 Episode length: 486 Return: 1400.0 Normalized Return: 0.09

Steps executed: 46691 Num episodes: 64 Episode length: 283 Return: 700.0 Normalized Return: -0.017

Steps executed: 47125 Num episodes: 65 Episode length: 434 Return: 1200.0 Normalized Return: 0.059

Steps executed: 47573 Num episodes: 66 Episode length: 448 Return: 1500.0 Normalized Return: 0.105

Steps executed: 47781 Num episodes: 67 Episode length: 208 Return: 700.0 Normalized Return: -0.017

Steps executed: 48227 Num episodes: 68 Episode length: 446 Return: 1100.0 Normalized Return: 0.044

Steps executed: 49352 Num episodes: 69 Episode length: 1125 Return: 2400.0 Normalized Return: 0.242

Steps executed: 51886 Num episodes: 70 Episode length: 2534 Return: 2700.0 Normalized Return: 0.287

Steps executed: 52581 Num episodes: 71 Episode length: 695 Return: 900.0 Normalized Return: 0.014

Steps executed: 52860 Num episodes: 72 Episode length: 279 Return: 900.0 Normalized Return: 0.014

Steps executed: 53161 Num episodes: 73 Episode length: 301 Return: 1300.0 Normalized Return: 0.074

Steps executed: 53951 Num episodes: 74 Episode length: 790 Return: 1600.0 Normalized Return: 0.12

Steps executed: 54698 Num episodes: 75 Episode length: 747 Return: 2600.0 Normalized Return: 0.272

Steps executed: 55682 Num episodes: 76 Episode length: 984 Return: 1900.0 Normalized Return: 0.166

Steps executed: 55975 Num episodes: 77 Episode length: 293 Return: 500.0 Normalized Return: -0.047

Steps executed: 56720 Num episodes: 78 Episode length: 745 Return: 2800.0 Normalized Return: 0.302

Steps executed: 58021 Num episodes: 79 Episode length: 1301 Return: 3400.0 Normalized Return: 0.394

Steps executed: 60034 Num episodes: 80 Episode length: 2013 Return: 7300.0 Normalized Return: 0.987

Steps executed: 60494 Num episodes: 81 Episode length: 460 Return: 500.0 Normalized Return: -0.047

Steps executed: 61080 Num episodes: 82 Episode length: 586 Return: 300.0 Normalized Return: -0.078

Steps executed: 61418 Num episodes: 83 Episode length: 338 Return: 1300.0 Normalized Return: 0.074

Steps executed: 63452 Num episodes: 84 Episode length: 2034 Return: 2500.0 Normalized Return: 0.257

Steps executed: 64155 Num episodes: 85 Episode length: 703 Return: 1200.0 Normalized Return: 0.059

Steps executed: 65201 Num episodes: 86 Episode length: 1046 Return: 2600.0 Normalized Return: 0.272

Steps executed: 65991 Num episodes: 87 Episode length: 790 Return: 3400.0 Normalized Return: 0.394

Steps executed: 66721 Num episodes: 88 Episode length: 730 Return: 1500.0 Normalized Return: 0.105

Steps executed: 67492 Num episodes: 89 Episode length: 771 Return: 1400.0 Normalized Return: 0.09

Steps executed: 67849 Num episodes: 90 Episode length: 357 Return: 1000.0 Normalized Return: 0.029

Steps executed: 68191 Num episodes: 91 Episode length: 342 Return: 800.0 Normalized Return: -0.002

Steps executed: 68472 Num episodes: 92 Episode length: 281 Return: 1200.0 Normalized Return: 0.059

Steps executed: 68703 Num episodes: 93 Episode length: 231 Return: 600.0 Normalized Return: -0.032

Steps executed: 68953 Num episodes: 94 Episode length: 250 Return: 700.0 Normalized Return: -0.017

Steps executed: 69594 Num episodes: 95 Episode length: 641 Return: 1500.0 Normalized Return: 0.105

Steps executed: 70403 Num episodes: 96 Episode length: 809 Return: 1500.0 Normalized Return: 0.105

Steps executed: 70788 Num episodes: 97 Episode length: 385 Return: 800.0 Normalized Return: -0.002

Steps executed: 71603 Num episodes: 98 Episode length: 815 Return: 1500.0 Normalized Return: 0.105

Steps executed: 71891 Num episodes: 99 Episode length: 288 Return: 800.0 Normalized Return: -0.002

Steps executed: 72391 Num episodes: 100 Episode length: 500 Return: 2600.0 Normalized Return: 0.272

Steps executed: 73478 Num episodes: 101 Episode length: 1087 Return: 3200.0 Normalized Return: 0.363

Steps executed: 73729 Num episodes: 102 Episode length: 251 Return: 1000.0 Normalized Return: 0.029

Steps executed: 74762 Num episodes: 103 Episode length: 1033 Return: 2400.0 Normalized Return: 0.242

Steps executed: 75476 Num episodes: 104 Episode length: 714 Return: 1400.0 Normalized Return: 0.09

Steps executed: 76453 Num episodes: 105 Episode length: 977 Return: 3400.0 Normalized Return: 0.394

Steps executed: 77098 Num episodes: 106 Episode length: 645 Return: 1100.0 Normalized Return: 0.044

Steps executed: 78054 Num episodes: 107 Episode length: 956 Return: 1700.0 Normalized Return: 0.135

Steps executed: 79244 Num episodes: 108 Episode length: 1190 Return: 2600.0 Normalized Return: 0.272

Steps executed: 80246 Num episodes: 109 Episode length: 1002 Return: 1400.0 Normalized Return: 0.09

Steps executed: 81480 Num episodes: 110 Episode length: 1234 Return: 2900.0 Normalized Return: 0.318

Steps executed: 85643 Num episodes: 111 Episode length: 4163 Return: 6500.0 Normalized Return: 0.865

Steps executed: 87789 Num episodes: 112 Episode length: 2146 Return: 11600.0 Normalized Return: 1.64

Steps executed: 88749 Num episodes: 113 Episode length: 960 Return: 2600.0 Normalized Return: 0.272

Steps executed: 89832 Num episodes: 114 Episode length: 1083 Return: 3600.0 Normalized Return: 0.424

Steps executed: 91213 Num episodes: 115 Episode length: 1381 Return: 3100.0 Normalized Return: 0.348

Steps executed: 92174 Num episodes: 116 Episode length: 961 Return: 3200.0 Normalized Return: 0.363

Steps executed: 98195 Num episodes: 117 Episode length: 6021 Return: 3300.0 Normalized Return: 0.378

Steps executed: 26700 Num episodes: 1 Episode length: 267 Return: 1100.0 Normalized Return: 0.044

Steps executed: 26700 Num episodes: 2 Episode length: 267 Return: 1100.0 Normalized Return: 0.044

Steps executed: 26700 Num episodes: 3 Episode length: 267 Return: 1100.0 Normalized Return: 0.044

Steps executed: 28737 Num episodes: 4 Episode length: 288 Return: 1100.0 Normalized Return: 0.044

Steps executed: 31425 Num episodes: 5 Episode length: 316 Return: 1000.0 Normalized Return: 0.029

Steps executed: 80065 Num episodes: 6 Episode length: 828 Return: 1200.0 Normalized Return: 0.059

Steps executed: 80159 Num episodes: 7 Episode length: 829 Return: 1200.0 Normalized Return: 0.059

Steps executed: 80438 Num episodes: 8 Episode length: 832 Return: 2800.0 Normalized Return: 0.302

Steps executed: 81634 Num episodes: 9 Episode length: 845 Return: 2600.0 Normalized Return: 0.272

Steps executed: 84728 Num episodes: 10 Episode length: 879 Return: 3300.0 Normalized Return: 0.378

Steps executed: 85988 Num episodes: 11 Episode length: 893 Return: 2600.0 Normalized Return: 0.272

Steps executed: 86255 Num episodes: 12 Episode length: 896 Return: 2600.0 Normalized Return: 0.272

Steps executed: 86343 Num episodes: 13 Episode length: 897 Return: 2900.0 Normalized Return: 0.318

Steps executed: 86343 Num episodes: 14 Episode length: 897 Return: 2900.0 Normalized Return: 0.318

Steps executed: 86515 Num episodes: 15 Episode length: 899 Return: 2500.0 Normalized Return: 0.257

Steps executed: 86515 Num episodes: 16 Episode length: 899 Return: 2500.0 Normalized Return: 0.257

Steps executed: 86599 Num episodes: 17 Episode length: 900 Return: 2500.0 Normalized Return: 0.257

Steps executed: 86599 Num episodes: 18 Episode length: 900 Return: 2500.0 Normalized Return: 0.257

Steps executed: 86599 Num episodes: 19 Episode length: 900 Return: 2500.0 Normalized Return: 0.257

Steps executed: 86680 Num episodes: 20 Episode length: 901 Return: 2500.0 Normalized Return: 0.257

Steps executed: 86680 Num episodes: 21 Episode length: 901 Return: 2500.0 Normalized Return: 0.257

Steps executed: 86759 Num episodes: 22 Episode length: 902 Return: 2500.0 Normalized Return: 0.257

Steps executed: 86759 Num episodes: 23 Episode length: 902 Return: 2500.0 Normalized Return: 0.257

Steps executed: 86836 Num episodes: 24 Episode length: 903 Return: 2500.0 Normalized Return: 0.257

Steps executed: 86836 Num episodes: 25 Episode length: 903 Return: 2500.0 Normalized Return: 0.257

Steps executed: 86911 Num episodes: 26 Episode length: 904 Return: 2500.0 Normalized Return: 0.257

Steps executed: 86911 Num episodes: 27 Episode length: 904 Return: 2500.0 Normalized Return: 0.257

Steps executed: 86911 Num episodes: 28 Episode length: 904 Return: 2500.0 Normalized Return: 0.257

Steps executed: 86911 Num episodes: 29 Episode length: 904 Return: 2500.0 Normalized Return: 0.257

Steps executed: 86911 Num episodes: 30 Episode length: 904 Return: 2500.0 Normalized Return: 0.257

Steps executed: 86981 Num episodes: 31 Episode length: 905 Return: 2500.0 Normalized Return: 0.257

Steps executed: 87050 Num episodes: 32 Episode length: 906 Return: 2500.0 Normalized Return: 0.257

Steps executed: 87118 Num episodes: 33 Episode length: 907 Return: 2500.0 Normalized Return: 0.257

Steps executed: 87185 Num episodes: 34 Episode length: 908 Return: 2500.0 Normalized Return: 0.257

Steps executed: 87185 Num episodes: 35 Episode length: 908 Return: 2500.0 Normalized Return: 0.257

Steps executed: 87315 Num episodes: 36 Episode length: 910 Return: 2500.0 Normalized Return: 0.257

Steps executed: 87315 Num episodes: 37 Episode length: 910 Return: 2500.0 Normalized Return: 0.257

Steps executed: 87378 Num episodes: 38 Episode length: 911 Return: 2500.0 Normalized Return: 0.257

Steps executed: 87502 Num episodes: 39 Episode length: 913 Return: 2500.0 Normalized Return: 0.257

Steps executed: 87502 Num episodes: 40 Episode length: 913 Return: 2500.0 Normalized Return: 0.257

Steps executed: 87502 Num episodes: 41 Episode length: 913 Return: 2500.0 Normalized Return: 0.257

Steps executed: 87561 Num episodes: 42 Episode length: 914 Return: 2500.0 Normalized Return: 0.257

Steps executed: 87677 Num episodes: 43 Episode length: 916 Return: 2500.0 Normalized Return: 0.257

Steps executed: 87677 Num episodes: 44 Episode length: 916 Return: 2500.0 Normalized Return: 0.257

Steps executed: 87677 Num episodes: 45 Episode length: 916 Return: 2500.0 Normalized Return: 0.257

Steps executed: 87787 Num episodes: 46 Episode length: 918 Return: 2500.0 Normalized Return: 0.257

Steps executed: 87787 Num episodes: 47 Episode length: 918 Return: 2500.0 Normalized Return: 0.257

Steps executed: 87787 Num episodes: 48 Episode length: 918 Return: 2500.0 Normalized Return: 0.257

Steps executed: 87787 Num episodes: 49 Episode length: 918 Return: 2500.0 Normalized Return: 0.257

Steps executed: 87838 Num episodes: 50 Episode length: 919 Return: 2500.0 Normalized Return: 0.257

Steps executed: 87888 Num episodes: 51 Episode length: 920 Return: 2500.0 Normalized Return: 0.257

Steps executed: 89211 Num episodes: 52 Episode length: 947 Return: 1700.0 Normalized Return: 0.135

Steps executed: 90027 Num episodes: 53 Episode length: 964 Return: 2900.0 Normalized Return: 0.318

Steps executed: 90215 Num episodes: 54 Episode length: 968 Return: 3200.0 Normalized Return: 0.363

Steps executed: 90859 Num episodes: 55 Episode length: 982 Return: 2900.0 Normalized Return: 0.318

Steps executed: 91579 Num episodes: 56 Episode length: 998 Return: 3700.0 Normalized Return: 0.439

Steps executed: 91843 Num episodes: 57 Episode length: 1004 Return: 2700.0 Normalized Return: 0.287

Steps executed: 92316 Num episodes: 58 Episode length: 1015 Return: 2900.0 Normalized Return: 0.318

Steps executed: 93156 Num episodes: 59 Episode length: 1035 Return: 2800.0 Normalized Return: 0.302

Steps executed: 93402 Num episodes: 60 Episode length: 1041 Return: 1600.0 Normalized Return: 0.12

Steps executed: 93522 Num episodes: 61 Episode length: 1044 Return: 2400.0 Normalized Return: 0.242

Steps executed: 97227 Num episodes: 62 Episode length: 1139 Return: 3000.0 Normalized Return: 0.333

Steps executed: 97417 Num episodes: 63 Episode length: 1144 Return: 3100.0 Normalized Return: 0.348

Steps executed: 97750 Num episodes: 64 Episode length: 1153 Return: 2800.0 Normalized Return: 0.302

Steps executed: 97966 Num episodes: 65 Episode length: 1159 Return: 3700.0 Normalized Return: 0.439

Steps executed: 98456 Num episodes: 66 Episode length: 1173 Return: 6500.0 Normalized Return: 0.865

Steps executed: 101210 Num episodes: 67 Episode length: 1254 Return: 2500.0 Normalized Return: 0.257

Steps executed: 101507 Num episodes: 68 Episode length: 1263 Return: 2700.0 Normalized Return: 0.287

Steps executed: 101635 Num episodes: 69 Episode length: 1267 Return: 3900.0 Normalized Return: 0.47

Steps executed: 101728 Num episodes: 70 Episode length: 1270 Return: 5600.0 Normalized Return: 0.728

Steps executed: 101728 Num episodes: 71 Episode length: 1270 Return: 3800.0 Normalized Return: 0.454

Steps executed: 102569 Num episodes: 72 Episode length: 1299 Return: 2700.0 Normalized Return: 0.287

Steps executed: 102961 Num episodes: 73 Episode length: 1313 Return: 4000.0 Normalized Return: 0.485

Steps executed: 104527 Num episodes: 74 Episode length: 1371 Return: 2500.0 Normalized Return: 0.257

Steps executed: 104943 Num episodes: 75 Episode length: 1387 Return: 3200.0 Normalized Return: 0.363

Steps executed: 105393 Num episodes: 76 Episode length: 1405 Return: 3300.0 Normalized Return: 0.378

Steps executed: 105705 Num episodes: 77 Episode length: 1418 Return: 7000.0 Normalized Return: 0.941

Steps executed: 106579 Num episodes: 78 Episode length: 1456 Return: 5800.0 Normalized Return: 0.759

Steps executed: 107217 Num episodes: 79 Episode length: 1485 Return: 3700.0 Normalized Return: 0.439

Steps executed: 107973 Num episodes: 80 Episode length: 1521 Return: 3900.0 Normalized Return: 0.47

Steps executed: 109933 Num episodes: 81 Episode length: 1619 Return: 3200.0 Normalized Return: 0.363

Steps executed: 110123 Num episodes: 82 Episode length: 1629 Return: 6600.0 Normalized Return: 0.88

Steps executed: 110591 Num episodes: 83 Episode length: 1655 Return: 5800.0 Normalized Return: 0.759

Steps executed: 112189 Num episodes: 84 Episode length: 1749 Return: 5300.0 Normalized Return: 0.683

Steps executed: 112525 Num episodes: 85 Episode length: 1770 Return: 6000.0 Normalized Return: 0.789

Steps executed: 112555 Num episodes: 86 Episode length: 1772 Return: 7200.0 Normalized Return: 0.971

Steps executed: 112989 Num episodes: 87 Episode length: 1803 Return: 5700.0 Normalized Return: 0.743

Steps executed: 113795 Num episodes: 88 Episode length: 1865 Return: 7000.0 Normalized Return: 0.941

Steps executed: 117191 Num episodes: 89 Episode length: 2148 Return: 6300.0 Normalized Return: 0.835

Steps executed: 128873 Num episodes: 90 Episode length: 3210 Return: 2800.0 Normalized Return: 0.302

Steps executed: 131773 Num episodes: 91 Episode length: 3500 Return: 10900.0 Normalized Return: 1.534

Steps executed: 153481 Num episodes: 92 Episode length: 5912 Return: 3100.0 Normalized Return: 0.348

Steps executed: 190073 Num episodes: 93 Episode length: 10486 Return: 3800.0 Normalized Return: 0.454

Steps executed: 191998 Num episodes: 94 Episode length: 10761 Return: 2800.0 Normalized Return: 0.302

Steps executed: 221440 Num episodes: 95 Episode length: 15668 Return: 3400.0 Normalized Return: 0.394

Steps executed: 222175 Num episodes: 96 Episode length: 15815 Return: 3100.0 Normalized Return: 0.348

Steps executed: 250811 Num episodes: 97 Episode length: 22974 Return: 2900.0 Normalized Return: 0.318

Steps executed: 262889 Num episodes: 98 Episode length: 27000 Return: 1500.0 Normalized Return: 0.105

Steps executed: 262889 Num episodes: 99 Episode length: 27000 Return: 1500.0 Normalized Return: 0.105

Steps executed: 262889 Num episodes: 100 Episode length: 27000 Return: 1500.0 Normalized Return: 0.105
